2018-04-05 16:29:29.277498 +0000 > starting log
2018-04-05 16:29:29.279506 +0000 build-fedora3: > starting build with log
2018-04-05 16:29:29.279571 +0000 build-fedora3: >> make args: DISTS_VM= fc25 DIST_DOM0= BUILD_LOGS_URL= mgmt-salt-base-overrides-vm-fc25=https://github.com/QubesOS/build-logs/tree/master/build-fedora3/log_2018-04-05_16-29-00 GIT_URL_mgmt_salt_base_overrides=https://github.com/QubesOS/qubes-mgmt-salt-base-overrides sign-all update-repo-current-testing
2018-04-05 16:29:29.279605 +0000 build-fedora3: >> MAKEFLAGS=
2018-04-05 16:29:29.279632 +0000 build-fedora3: >> COMPONENTS=mgmt-salt-base-overrides
2018-04-05 16:29:29.279654 +0000 build-fedora3: >> DISTS_VM=
2018-04-05 16:29:29.279674 +0000 build-fedora3: >> DIST_DOM0=
2018-04-05 16:29:29.279698 +0000 build-fedora3: >> qubes-builder 3ac168dc07d3411a6308a3ce2a4db7d0098a3b92
2018-04-05 16:29:29.279726 +0000 build-fedora3: >> qubes-builder/qubes-src/mgmt-salt-base-overrides a0e693c2a6a90712aaa703933ed2e2e2c1d666b4
2018-04-05 16:29:29.279751 +0000 build-fedora3: !! pkgs/fc23/noarch/qubes-mgmt-salt-base-overrides-3.2.1-1.fc23.noarch.rpm
2018-04-05 16:29:29.279778 +0000 build-fedora3: !! pkgs/fc23/noarch/qubes-mgmt-salt-base-overrides-libs-3.2.1-1.fc23.noarch.rpm
2018-04-05 16:29:29.279806 +0000 build-fedora3: !! pkgs/fc24/noarch/qubes-mgmt-salt-base-overrides-3.2.1-1.fc24.noarch.rpm
2018-04-05 16:29:29.279834 +0000 build-fedora3: !! pkgs/fc24/noarch/qubes-mgmt-salt-base-overrides-libs-3.2.1-1.fc24.noarch.rpm
2018-04-05 16:29:29.279860 +0000 build-fedora3: !! pkgs/fc25/noarch/qubes-mgmt-salt-base-overrides-3.2.1-1.fc25.noarch.rpm
2018-04-05 16:29:29.279887 +0000 build-fedora3: !! pkgs/fc25/noarch/qubes-mgmt-salt-base-overrides-libs-3.2.1-1.fc25.noarch.rpm
2018-04-05 16:29:29.279913 +0000 build-fedora3: !! pkgs/fc25/qubes-mgmt-salt-base-overrides.spec.list
2018-04-05 16:29:29.279941 +0000 build-fedora3: !! pkgs/fc26/noarch/qubes-mgmt-salt-base-overrides-3.2.1-1.fc26.noarch.rpm
2018-04-05 16:29:29.279970 +0000 build-fedora3: !! pkgs/fc26/noarch/qubes-mgmt-salt-base-overrides-libs-3.2.1-1.fc26.noarch.rpm
2018-04-05 16:29:29.279996 +0000 build-fedora3: !! pkgs/fc26/qubes-mgmt-salt-base-overrides.spec.list
2018-04-05 16:29:29.305601 +0000 build-fedora3: f8d56539efdcb3aa360fc5220579c8ece1ea04677c35db81593bddcd3c63b0c4ccc22b704181135fe84ccedd2681877c1e92475ad314dfba0e45ad79b77ca056  pkgs/fc23/noarch/qubes-mgmt-salt-base-overrides-3.2.1-1.fc23.noarch.rpm
2018-04-05 16:29:29.305675 +0000 build-fedora3: bbc696264add93a4d4bf9f2ea8564865f87c97f300ec60abae1b9ad31f0cc03eb51930e0eb4afeac9cfe31f222912489fe72b388eefa3f6d4a009a44df7c700c  pkgs/fc23/noarch/qubes-mgmt-salt-base-overrides-libs-3.2.1-1.fc23.noarch.rpm
2018-04-05 16:29:29.305890 +0000 build-fedora3: 0af2c1d1c36afc69f13d928a731e073de6738644c2fef9c9dd2d5c203b0d614d170f6e1c442908df72a943368daf6412dddfdad4cd089a219d66615f9332c2f3  pkgs/fc24/noarch/qubes-mgmt-salt-base-overrides-3.2.1-1.fc24.noarch.rpm
2018-04-05 16:29:29.305939 +0000 build-fedora3: f43efe22e24c643d7e365ba0487324481642b0af575b8439c198e59319dce820dfa83be606f7967d4759212f0b918fe202f92614b90c286c7d65634a1921732b  pkgs/fc24/noarch/qubes-mgmt-salt-base-overrides-libs-3.2.1-1.fc24.noarch.rpm
2018-04-05 16:29:29.305983 +0000 build-fedora3: 64323904cabedc420ce98fb88d305c8325c0105cf4ca4433429efad72f44475bf39cdca1f8ad40991349032e42e9290150064c7604d6b01189c4ff79a73ac6f1  pkgs/fc25/noarch/qubes-mgmt-salt-base-overrides-3.2.1-1.fc25.noarch.rpm
2018-04-05 16:29:29.306027 +0000 build-fedora3: 76d1bcdc18544acb22676b58a827bdb375083ea8707d97bfe1feda6cd7c6436b8ef5d0bec03d886e9221cbed1e84e805b0451a3456357f31c02d2b9ab98b2f39  pkgs/fc25/noarch/qubes-mgmt-salt-base-overrides-libs-3.2.1-1.fc25.noarch.rpm
2018-04-05 16:29:29.306178 +0000 build-fedora3: e4a7239c8d8c202880628435669d89a080bcbb2536356a84e44354e277a7e7bf521fa7fa7fb41980166e0f6c109d76b74882410daa04ff362def99747f25e514  pkgs/fc25/qubes-mgmt-salt-base-overrides.spec.list
2018-04-05 16:29:29.306225 +0000 build-fedora3: 70e73d6d254379b834daab0c6eb65f0b5bbb90ce583d6d372b15fb9edb43b3f45d2b84aef555b4c816a8285d0b9d81b4f1bafe517d88b7d1abb80e95b77e9413  pkgs/fc26/noarch/qubes-mgmt-salt-base-overrides-3.2.1-1.fc26.noarch.rpm
2018-04-05 16:29:29.306307 +0000 build-fedora3: 037d57811b8dc2d374fff74b943c351359b9c5f2ccb55343e4153f58f4f011399a63917ba500fbc3495a900fe6063347801f10eb91a49869e82cd2815419d868  pkgs/fc26/noarch/qubes-mgmt-salt-base-overrides-libs-3.2.1-1.fc26.noarch.rpm
2018-04-05 16:29:29.306349 +0000 build-fedora3: 1329f6b2e8631ade3ea7b7bda68c0688e64354d22489750b92172c22613553aef825ede7a544802e503cc85dede22c5a3cbffe78886c55cf2766c14ccd41ebb5  pkgs/fc26/qubes-mgmt-salt-base-overrides.spec.list
2018-04-05 16:29:29.826222 +0000 build-fedora3: ================================================================================
2018-04-05 16:29:29.830428 +0000 build-fedora3:                            B U I L D   I N F O                                  
2018-04-05 16:29:29.831048 +0000 build-fedora3: Items in red indicate it was automatically generated by configuration file(s)
2018-04-05 16:29:29.831106 +0000 build-fedora3: Items in white indicate it was automatically removed by configuration file(s)
2018-04-05 16:29:29.831140 +0000 build-fedora3: ================================================================================
2018-04-05 16:29:29.831187 +0000 build-fedora3: DISTS_VM:
2018-04-05 16:29:29.851970 +0000 build-fedora3:      fc25, fc26,
2018-04-05 16:29:29.854604 +0000 build-fedora3: DISTS_ALL:
2018-04-05 16:29:29.887099 +0000 build-fedora3:      fc25, fc26,
2018-04-05 16:29:29.888525 +0000 build-fedora3: DIST_DOM0:
2018-04-05 16:29:29.919435 +0000 build-fedora3:     
2018-04-05 16:29:29.922893 +0000 build-fedora3: BUILDER_PLUGINS:
2018-04-05 16:29:29.933680 +0000 build-fedora3:      builder-fedora, mgmt-salt, builder-github,
2018-04-05 16:29:29.936113 +0000 build-fedora3: COMPONENTS:
2018-04-05 16:29:29.949472 +0000 build-fedora3:      mgmt-salt-base-overrides,
2018-04-05 16:29:29.950715 +0000 build-fedora3: GIT_REPOS:
2018-04-05 16:29:29.968084 +0000 build-fedora3:      qubes-src/mgmt-salt-base-overrides,
2018-04-05 16:29:29.971274 +0000 build-fedora3: TEMPLATE:
2018-04-05 16:29:29.992609 +0000 build-fedora3:     
2018-04-05 16:29:29.998634 +0000 build-fedora3: TEMPLATE_FLAVOR_DIR:
2018-04-05 16:29:30.018354 +0000 build-fedora3:     
2018-04-05 16:29:30.043068 +0000 build-fedora3: TEMPLATE_ALIAS:
2018-04-05 16:29:30.075867 +0000 build-fedora3:      jessie:jessie+standard, jessie+gnome:jessie+gnome+standard, jessie+minimal:jessie+minimal+no-recommends,
2018-04-05 16:29:30.075930 +0000 build-fedora3:      stretch:stretch+standard, stretch+gnome:stretch+gnome+standard,
2018-04-05 16:29:30.075961 +0000 build-fedora3:      stretch+minimal:stretch+minimal+no-recommends,
2018-04-05 16:29:30.081461 +0000 build-fedora3: TEMPLATE_LABEL:
2018-04-05 16:29:30.102884 +0000 build-fedora3:      fc25:fedora-25, fc26:fedora-26, fc20:fedora-20 fc21:fedora-21 fc22:fedora-22 fc23:fedora-23 fc24:fedora-24
2018-04-05 16:29:30.102945 +0000 build-fedora3:      fc20+minimal:fedora-20-minimal fc21+minimal:fedora-21-minimal fc23+minimal:fedora-23-minimal
2018-04-05 16:29:30.102979 +0000 build-fedora3:      fc24+minimal:fedora-24-minimal fc25+minimal:fedora-25-minimal fc26+minimal:fedora-26-minimal
2018-04-05 16:29:30.103011 +0000 build-fedora3:      fc25+xfce:fedora-25-xfce fc26+xfce:fedora-26-xfce wheezy:debian-7 wheezy+standard:debian-7
2018-04-05 16:29:30.103044 +0000 build-fedora3:      jessie:debian-8 jessie+standard:debian-8 stretch:debian-9 stretch+standard:debian-9 centos7:centos-7
2018-04-05 16:29:30.103069 +0000 build-fedora3:      centos7+minimal:centos-7-minimal
2018-04-05 16:29:30.344596 +0000 build-fedora3: > running make
2018-04-05 16:29:30.491659 +0000 build-fedora3: Makefile:250: target 'sign-vm-fc25-mgmt-salt-base-overrides' does not exist
2018-04-05 16:29:30.491755 +0000 build-fedora3: if [ -n "mgmt-salt-base-overrides" -a "0" -ne 0 ]; then BRANCH=release3.2; branch_var="BRANCH_mgmt_salt_base_overrides"; [ -n "${!branch_var}" ] && BRANCH="${!branch_var}"; pushd qubes-src/mgmt-salt-base-overrides > /dev/null; CURRENT_BRANCH=`git symbolic-ref --short HEAD 2>/dev/null || git describe --tags --exact-match HEAD`; if [ "$BRANCH" != "$CURRENT_BRANCH" ]; then echo "-> ERROR: Wrong branch $branch_var=$CURRENT_BRANCH (expected $BRANCH)"; exit 1; fi; popd > /dev/null; fi
2018-04-05 16:29:30.491807 +0000 build-fedora3: SIGN_KEY=C52261BE0A823221D94CA1D1CB11CA1D03FA5082; \
2018-04-05 16:29:30.491835 +0000 build-fedora3: sign_key_var="SIGN_KEY_fc25"; \
2018-04-05 16:29:30.491861 +0000 build-fedora3: [ -n "${!sign_key_var}" ] && SIGN_KEY="${!sign_key_var}"; \
2018-04-05 16:29:30.491889 +0000 build-fedora3: if [ -r qubes-src/mgmt-salt-base-overrides/Makefile.builder ]; then \
2018-04-05 16:29:30.491916 +0000 build-fedora3: .make --no-print-directory -f Makefile.generic \
2018-04-05 16:29:30.491939 +0000 build-fedora3: ..DIST=fc25 \
2018-04-05 16:29:30.491962 +0000 build-fedora3: ..PACKAGE_SET=vm \
2018-04-05 16:29:30.491985 +0000 build-fedora3: ..COMPONENT=mgmt-salt-base-overrides \
2018-04-05 16:29:30.492008 +0000 build-fedora3: ..SIGN_KEY=$SIGN_KEY \
2018-04-05 16:29:30.492030 +0000 build-fedora3: ..sign || exit 1; \
2018-04-05 16:29:30.492056 +0000 build-fedora3: elif [ -d qubes-src/mgmt-salt-base-overrides/rpm ]; then \
2018-04-05 16:29:30.492081 +0000 build-fedora3: .# Old mechanism supported only for RPM
2018-04-05 16:29:30.492115 +0000 build-fedora3: FILE_LIST=""; for RPM in qubes-src/mgmt-salt-base-overrides/rpm/*/*.rpm; do \
2018-04-05 16:29:30.492144 +0000 build-fedora3: ..if ! qubes-src/installer-qubes-os/rpm_verify $RPM > /dev/null; then \
2018-04-05 16:29:30.492200 +0000 build-fedora3: ...FILE_LIST="$FILE_LIST $RPM" ;\
2018-04-05 16:29:30.492224 +0000 build-fedora3: ..fi ;\
2018-04-05 16:29:30.492246 +0000 build-fedora3: .done ; \
2018-04-05 16:29:30.492269 +0000 build-fedora3: .if [ -n "$FILE_LIST" ]; then \
2018-04-05 16:29:30.492292 +0000 build-fedora3: ..echo "--> Signing..."; \
2018-04-05 16:29:30.492315 +0000 build-fedora3: ..RPMSIGN_OPTS=--digest-algo=sha256; \
2018-04-05 16:29:30.492339 +0000 build-fedora3: ..if [ -n "$SIGN_KEY" ]; then \
2018-04-05 16:29:30.492365 +0000 build-fedora3: ...RPMSIGN_OPTS="--key-id=$SIGN_KEY"; \
2018-04-05 16:29:30.492388 +0000 build-fedora3: ..fi; \
2018-04-05 16:29:30.492416 +0000 build-fedora3: ..setsid -w rpmsign "$RPMSIGN_OPTS" --addsign $FILE_LIST </dev/null ;\
2018-04-05 16:29:30.492437 +0000 build-fedora3: .fi; \
2018-04-05 16:29:30.492463 +0000 build-fedora3: fi
2018-04-05 16:29:30.597857 +0000 build-fedora3: + ERR_OUTPUT=/dev/stderr
2018-04-05 16:29:30.605893 +0000 build-fedora3: + '[' 2 -lt 2 ']'
2018-04-05 16:29:30.605951 +0000 build-fedora3: + '[' -r qubes-src/mgmt-salt-base-overrides/rpm_spec/qubes-mgmt-salt-base-overrides.spec.in ']'
2018-04-05 16:29:30.605990 +0000 build-fedora3: + rpm -q --qf '%{NAME}-%{VERSION}.tar.gz\n' --specfile qubes-src/mgmt-salt-base-overrides/rpm_spec/qubes-mgmt-salt-base-overrides.spec
2018-04-05 16:29:30.720948 +0000 build-fedora3: warning: Macro %version defined but not used within scope
2018-04-05 16:29:30.742176 +0000 build-fedora3: cat: version: No such file or directory
2018-04-05 16:29:30.743443 +0000 build-fedora3: error: line 6: Empty tag: Version:
2018-04-05 16:29:30.743508 +0000 build-fedora3: error: query of specfile qubes-src/mgmt-salt-base-overrides/rpm_spec/qubes-mgmt-salt-base-overrides.spec failed, can't parse
2018-04-05 16:29:30.840169 +0000 build-fedora3: /home/user/builder-r3.2/qubes-src/builder-fedora/Makefile.fedora:145: target 'sign' does not exist
2018-04-05 16:29:30.840265 +0000 build-fedora3: cd qubes-src/mgmt-salt-base-overrides && for pkg in pkgs/fc25/noarch/qubes-mgmt-salt-base-overrides-3.2.1-1.fc25.noarch.rpm pkgs/fc25/noarch/qubes-mgmt-salt-base-overrides-libs-3.2.1-1.fc25.noarch.rpm ; do \
2018-04-05 16:29:30.840299 +0000 build-fedora3: .if ! rpm -K $pkg | grep -qi pgp; then \
2018-04-05 16:29:30.840339 +0000 build-fedora3: ..setsid -w rpmsign  --digest-algo=sha256 --key-id=C52261BE0A823221D94CA1D1CB11CA1D03FA5082 --addsign $pkg </dev/null || exit 1; \
2018-04-05 16:29:30.840365 +0000 build-fedora3: .fi; \
2018-04-05 16:29:30.840388 +0000 build-fedora3: done
2018-04-05 16:29:30.989020 +0000 build-fedora3: + ERR_OUTPUT=/dev/stderr
2018-04-05 16:29:31.004060 +0000 build-fedora3: + '[' 2 -lt 2 ']'
2018-04-05 16:29:31.004223 +0000 build-fedora3: + '[' -r qubes-src/mgmt-salt-base-overrides/rpm_spec/qubes-mgmt-salt-base-overrides.spec.in ']'
2018-04-05 16:29:31.005285 +0000 build-fedora3: + rpm -q --qf '%{NAME}-%{VERSION}.tar.gz\n' --specfile qubes-src/mgmt-salt-base-overrides/rpm_spec/qubes-mgmt-salt-base-overrides.spec
2018-04-05 16:29:31.132163 +0000 build-fedora3: warning: Macro %version defined but not used within scope
2018-04-05 16:29:31.161198 +0000 build-fedora3: cat: version: No such file or directory
2018-04-05 16:29:31.166868 +0000 build-fedora3: error: line 6: Empty tag: Version:
2018-04-05 16:29:31.166929 +0000 build-fedora3: error: query of specfile qubes-src/mgmt-salt-base-overrides/rpm_spec/qubes-mgmt-salt-base-overrides.spec failed, can't parse
2018-04-05 16:29:32.864006 +0000 build-fedora3: pkgs/fc25/noarch/qubes-mgmt-salt-base-overrides-3.2.1-1.fc25.noarch.rpm:
2018-04-05 16:29:34.611206 +0000 build-fedora3: pkgs/fc25/noarch/qubes-mgmt-salt-base-overrides-libs-3.2.1-1.fc25.noarch.rpm:
2018-04-05 16:29:34.611302 +0000 build-fedora3: Makefile:721: target 'internal-update-repo-current-testing.vm.fc25.mgmt-salt-base-overrides' does not exist
2018-04-05 16:29:34.611335 +0000 build-fedora3: repo_base_var="LINUX_REPO_fc25_BASEDIR"; \
2018-04-05 16:29:34.611361 +0000 build-fedora3: if [ -n "${!repo_base_var}" ]; then \
2018-04-05 16:29:34.611387 +0000 build-fedora3: .repo_basedir="${!repo_base_var}"; \
2018-04-05 16:29:34.611409 +0000 build-fedora3: else \
2018-04-05 16:29:34.611436 +0000 build-fedora3: .repo_basedir="qubes-src/linux-yum/r3.2"; \
2018-04-05 16:29:34.611459 +0000 build-fedora3: fi; \
2018-04-05 16:29:34.611489 +0000 build-fedora3: if [ -r qubes-src/mgmt-salt-base-overrides/Makefile.builder ]; then \
2018-04-05 16:29:34.611516 +0000 build-fedora3: .echo -n "Updating qubes-src/mgmt-salt-base-overrides... "; \
2018-04-05 16:29:34.611540 +0000 build-fedora3: .if [ "0" -eq 1 ]; then \
2018-04-05 16:29:34.611567 +0000 build-fedora3: ..vtag=`git -C qubes-src/mgmt-salt-base-overrides tag --points-at HEAD --list v*`; \
2018-04-05 16:29:34.611591 +0000 build-fedora3: ..if [ -z "$vtag" ]; then \
2018-04-05 16:29:34.611614 +0000 build-fedora3: ...echo "no version tag"; \
2018-04-05 16:29:34.611635 +0000 build-fedora3: ...exit 0; \
2018-04-05 16:29:34.611657 +0000 build-fedora3: ..fi; \
2018-04-05 16:29:34.611678 +0000 build-fedora3: .fi; \
2018-04-05 16:29:34.611721 +0000 build-fedora3: .component_packages=$(MAKEFLAGS= make -s -f Makefile.generic DIST=fc25 PACKAGE_SET=vm COMPONENT=`basename qubes-src/mgmt-salt-base-overrides` UPDATE_REPO=/home/user/builder-r3.2/$repo_basedir/current-testing/vm/fc25 get-var GET_VAR=PACKAGE_LIST); \
2018-04-05 16:29:34.611745 +0000 build-fedora3: .if [ -z "$component_packages" ]; then \
2018-04-05 16:29:34.611769 +0000 build-fedora3: ..echo "no packages."; \
2018-04-05 16:29:34.611790 +0000 build-fedora3: ..exit 0; \
2018-04-05 16:29:34.611809 +0000 build-fedora3: .fi; \
2018-04-05 16:29:34.611833 +0000 build-fedora3: .make -s -f Makefile.generic DIST=fc25 PACKAGE_SET=vm \
2018-04-05 16:29:34.611858 +0000 build-fedora3: ..COMPONENT=`basename qubes-src/mgmt-salt-base-overrides` \
2018-04-05 16:29:34.611879 +0000 build-fedora3: ..SNAPSHOT_REPO=current-testing \
2018-04-05 16:29:34.611903 +0000 build-fedora3: ..TARGET_REPO=current-testing \
2018-04-05 16:29:34.611931 +0000 build-fedora3: ..UPDATE_REPO=/home/user/builder-r3.2/$repo_basedir/current-testing/vm/fc25 \
2018-04-05 16:29:34.611963 +0000 build-fedora3: ..SNAPSHOT_FILE=/home/user/builder-r3.2/repo-latest-snapshot/current-testing-vm-fc25-`basename qubes-src/mgmt-salt-base-overrides` \
2018-04-05 16:29:34.611994 +0000 build-fedora3: ..BUILD_LOG_URL=https://github.com/QubesOS/build-logs/tree/master/build-fedora3/log_2018-04-05_16-29-00 \
2018-04-05 16:29:34.612017 +0000 build-fedora3: ..update-repo || exit 1; \
2018-04-05 16:29:34.612050 +0000 build-fedora3: elif make -C qubes-src/mgmt-salt-base-overrides -n update-repo-current-testing >/dev/null 2>/dev/null; then \
2018-04-05 16:29:34.612099 +0000 build-fedora3: .echo "Updating qubes-src/mgmt-salt-base-overrides... "; \
2018-04-05 16:29:34.612127 +0000 build-fedora3: .make -s -C qubes-src/mgmt-salt-base-overrides update-repo-current-testing || exit 1; \
2018-04-05 16:29:34.612168 +0000 build-fedora3: else \
2018-04-05 16:29:34.612195 +0000 build-fedora3: .echo -n "Updating qubes-src/mgmt-salt-base-overrides... skipping."; \
2018-04-05 16:29:34.612215 +0000 build-fedora3: fi; \
2018-04-05 16:29:34.612235 +0000 build-fedora3: echo
2018-04-05 16:29:34.721311 +0000 build-fedora3: Updating qubes-src/mgmt-salt-base-overrides... + ERR_OUTPUT=/dev/stderr
2018-04-05 16:29:34.721366 +0000 build-fedora3: + '[' 2 -lt 2 ']'
2018-04-05 16:29:34.721401 +0000 build-fedora3: + '[' -r qubes-src/mgmt-salt-base-overrides/rpm_spec/qubes-mgmt-salt-base-overrides.spec.in ']'
2018-04-05 16:29:34.721439 +0000 build-fedora3: + rpm -q --qf '%{NAME}-%{VERSION}.tar.gz\n' --specfile qubes-src/mgmt-salt-base-overrides/rpm_spec/qubes-mgmt-salt-base-overrides.spec
2018-04-05 16:29:34.888117 +0000 build-fedora3: warning: Macro %version defined but not used within scope
2018-04-05 16:29:34.945414 +0000 build-fedora3: cat: version: No such file or directory
2018-04-05 16:29:34.945469 +0000 build-fedora3: error: line 6: Empty tag: Version:
2018-04-05 16:29:34.945507 +0000 build-fedora3: error: query of specfile qubes-src/mgmt-salt-base-overrides/rpm_spec/qubes-mgmt-salt-base-overrides.spec failed, can't parse
2018-04-05 16:29:35.015975 +0000 build-fedora3: + ERR_OUTPUT=/dev/stderr
2018-04-05 16:29:35.071454 +0000 build-fedora3: + '[' 2 -lt 2 ']'
2018-04-05 16:29:35.071512 +0000 build-fedora3: + '[' -r qubes-src/mgmt-salt-base-overrides/rpm_spec/qubes-mgmt-salt-base-overrides.spec.in ']'
2018-04-05 16:29:35.071550 +0000 build-fedora3: + rpm -q --qf '%{NAME}-%{VERSION}.tar.gz\n' --specfile qubes-src/mgmt-salt-base-overrides/rpm_spec/qubes-mgmt-salt-base-overrides.spec
2018-04-05 16:29:35.239701 +0000 build-fedora3: warning: Macro %version defined but not used within scope
2018-04-05 16:29:35.348130 +0000 build-fedora3: cat: version: No such file or directory
2018-04-05 16:29:35.348312 +0000 build-fedora3: error: line 6: Empty tag: Version:
2018-04-05 16:29:35.348355 +0000 build-fedora3: error: query of specfile qubes-src/mgmt-salt-base-overrides/rpm_spec/qubes-mgmt-salt-base-overrides.spec failed, can't parse
2018-04-05 16:29:35.645127 +0000 build-fedora3: + ERR_OUTPUT=/dev/stderr
2018-04-05 16:29:35.645208 +0000 build-fedora3: + '[' 2 -lt 2 ']'
2018-04-05 16:29:35.645246 +0000 build-fedora3: + '[' -r qubes-src/mgmt-salt-base-overrides/rpm_spec/qubes-mgmt-salt-base-overrides.spec.in ']'
2018-04-05 16:29:35.645289 +0000 build-fedora3: + rpm -q --qf '%{NAME}-%{VERSION}.tar.gz\n' --specfile qubes-src/mgmt-salt-base-overrides/rpm_spec/qubes-mgmt-salt-base-overrides.spec
2018-04-05 16:29:35.745020 +0000 build-fedora3: warning: Macro %version defined but not used within scope
2018-04-05 16:29:35.766768 +0000 build-fedora3: cat: version: No such file or directory
2018-04-05 16:29:35.770965 +0000 build-fedora3: error: line 6: Empty tag: Version:
2018-04-05 16:29:35.771034 +0000 build-fedora3: error: query of specfile qubes-src/mgmt-salt-base-overrides/rpm_spec/qubes-mgmt-salt-base-overrides.spec failed, can't parse
2018-04-05 16:29:36.038960 +0000 build-fedora3: /home/user/builder-r3.2/qubes-src/builder-fedora/Makefile.fedora:121: target 'update-repo-do' does not exist
2018-04-05 16:29:36.039021 +0000 build-fedora3: mkdir -p /home/user/builder-r3.2/qubes-src/linux-yum/r3.2/current-testing/vm/fc25/rpm
2018-04-05 16:29:36.184782 +0000 build-fedora3: + ERR_OUTPUT=/dev/stderr
2018-04-05 16:29:36.184837 +0000 build-fedora3: + '[' 2 -lt 2 ']'
2018-04-05 16:29:36.184998 +0000 build-fedora3: + '[' -r qubes-src/mgmt-salt-base-overrides/rpm_spec/qubes-mgmt-salt-base-overrides.spec.in ']'
2018-04-05 16:29:36.185041 +0000 build-fedora3: + rpm -q --qf '%{NAME}-%{VERSION}.tar.gz\n' --specfile qubes-src/mgmt-salt-base-overrides/rpm_spec/qubes-mgmt-salt-base-overrides.spec
2018-04-05 16:29:36.260194 +0000 build-fedora3: warning: Macro %version defined but not used within scope
2018-04-05 16:29:36.273330 +0000 build-fedora3: cat: version: No such file or directory
2018-04-05 16:29:36.274573 +0000 build-fedora3: error: line 6: Empty tag: Version:
2018-04-05 16:29:36.274634 +0000 build-fedora3: error: query of specfile qubes-src/mgmt-salt-base-overrides/rpm_spec/qubes-mgmt-salt-base-overrides.spec failed, can't parse
2018-04-05 16:29:36.297115 +0000 build-fedora3: cd qubes-src/mgmt-salt-base-overrides && ln -f pkgs/fc25/noarch/qubes-mgmt-salt-base-overrides-3.2.1-1.fc25.noarch.rpm pkgs/fc25/noarch/qubes-mgmt-salt-base-overrides-libs-3.2.1-1.fc25.noarch.rpm  /home/user/builder-r3.2/qubes-src/linux-yum/r3.2/current-testing/vm/fc25/rpm/
2018-04-05 16:29:36.331822 +0000 build-fedora3: cd qubes-src/mgmt-salt-base-overrides && echo pkgs/fc25/noarch/qubes-mgmt-salt-base-overrides-3.2.1-1.fc25.noarch.rpm pkgs/fc25/noarch/qubes-mgmt-salt-base-overrides-libs-3.2.1-1.fc25.noarch.rpm  > /home/user/builder-r3.2/repo-latest-snapshot/current-testing-vm-fc25-mgmt-salt-base-overrides
2018-04-05 16:29:36.517793 +0000 build-fedora3: /home/user/builder-r3.2/qubes-src/builder-github//Makefile.github:21: target 'notify-github' does not exist
2018-04-05 16:29:36.517861 +0000 build-fedora3: [ -z "qubes-mgmt-salt-base-overrides-3.2.1-1.fc25" ] || /home/user/builder-r3.2/qubes-src/builder-github//notify-issues \
2018-04-05 16:29:36.517899 +0000 build-fedora3: .--build-log="https://github.com/QubesOS/build-logs/tree/master/build-fedora3/log_2018-04-05_16-29-00" \
2018-04-05 16:29:36.517929 +0000 build-fedora3: ."r3.2" \
2018-04-05 16:29:36.517955 +0000 build-fedora3: ."current-testing" \
2018-04-05 16:29:36.517980 +0000 build-fedora3: ."qubes-src/mgmt-salt-base-overrides" \
2018-04-05 16:29:36.518005 +0000 build-fedora3: ."qubes-mgmt-salt-base-overrides-3.2.1-1.fc25" \
2018-04-05 16:29:36.518028 +0000 build-fedora3: ."fc25" \
2018-04-05 16:29:36.518053 +0000 build-fedora3: ."vm" \
2018-04-05 16:29:36.518084 +0000 build-fedora3: ."/home/user/github-notify-state/r3.2-mgmt-salt-base-overrides-vm-fc25-current-testing"
2018-04-05 16:29:36.618766 +0000 build-fedora3: + ERR_OUTPUT=/dev/stderr
2018-04-05 16:29:36.619911 +0000 build-fedora3: + '[' 2 -lt 2 ']'
2018-04-05 16:29:36.619971 +0000 build-fedora3: + '[' -r qubes-src/mgmt-salt-base-overrides/rpm_spec/qubes-mgmt-salt-base-overrides.spec.in ']'
2018-04-05 16:29:36.620016 +0000 build-fedora3: + rpm -q --qf '%{NAME}-%{VERSION}.tar.gz\n' --specfile qubes-src/mgmt-salt-base-overrides/rpm_spec/qubes-mgmt-salt-base-overrides.spec
2018-04-05 16:29:36.714685 +0000 build-fedora3: warning: Macro %version defined but not used within scope
2018-04-05 16:29:36.722338 +0000 build-fedora3: cat: version: No such file or directory
2018-04-05 16:29:36.723491 +0000 build-fedora3: error: line 6: Empty tag: Version:
2018-04-05 16:29:36.723554 +0000 build-fedora3: error: query of specfile qubes-src/mgmt-salt-base-overrides/rpm_spec/qubes-mgmt-salt-base-overrides.spec failed, can't parse
2018-04-05 16:29:40.561223 +0000 build-fedora3: WARNING: /home/user/github-notify-state/r3.2-mgmt-salt-base-overrides-vm-fc25-current-testing does not exist, initializing with the current state
2018-04-05 16:29:40.567167 +0000 build-fedora3: 
2018-04-05 16:29:40.567254 +0000 build-fedora3: Makefile:702: update target 'internal-update-repo-current-testing.vm.fc25' due to: internal-update-repo-current-testing.vm.fc25.mgmt-salt-base-overrides
2018-04-05 16:29:40.567284 +0000 build-fedora3: true
2018-04-05 16:29:40.571983 +0000 build-fedora3: Makefile:764: target 'post-update-repo-current-testing' does not exist
2018-04-05 16:29:40.572044 +0000 build-fedora3: for dist in  fc25; do \
2018-04-05 16:29:40.572076 +0000 build-fedora3: .repo_base_var="LINUX_REPO_${dist}_BASEDIR"; \
2018-04-05 16:29:40.572102 +0000 build-fedora3: .if [ -n "${!repo_base_var}" ]; then \
2018-04-05 16:29:40.572131 +0000 build-fedora3: ..repo_basedir="${!repo_base_var}"; \
2018-04-05 16:29:40.572191 +0000 build-fedora3: .else \
2018-04-05 16:29:40.572217 +0000 build-fedora3: ..repo_basedir="qubes-src/linux-yum/r3.2"; \
2018-04-05 16:29:40.572238 +0000 build-fedora3: .fi; \
2018-04-05 16:29:40.572263 +0000 build-fedora3: .repos_to_update="$repos_to_update $repo_basedir"; \
2018-04-05 16:29:40.572283 +0000 build-fedora3: done; \
2018-04-05 16:29:40.572308 +0000 build-fedora3: for repo in `echo $repos_to_update|tr ' ' '\n'|sort|uniq`; do \
2018-04-05 16:29:40.572330 +0000 build-fedora3: .[ -z "$repo" ] && continue; \
2018-04-05 16:29:40.572358 +0000 build-fedora3: .(cd $repo/.. && ./update_repo-current-testing.sh `basename $repo`); \
2018-04-05 16:29:40.572377 +0000 build-fedora3: done
2018-04-05 16:29:40.614454 +0000 build-fedora3: --> Processing repo: r3.2/current-testing/dom0/fc20...
2018-04-05 16:29:41.139900 +0000 build-fedora3: --> Processing repo: r3.2/current-testing/dom0/fc23...
2018-04-05 16:29:45.293291 +0000 build-fedora3: --> Processing repo: r3.2/current-testing/vm/fc22...
2018-04-05 16:29:46.414440 +0000 build-fedora3: --> Processing repo: r3.2/current-testing/vm/fc23...
2018-04-05 16:29:58.625042 +0000 build-fedora3: --> Processing repo: r3.2/current-testing/vm/fc24...
2018-04-05 16:30:11.969223 +0000 build-fedora3: --> Processing repo: r3.2/current-testing/vm/fc25...
2018-04-05 16:30:17.566370 +0000 build-fedora3: --> Processing repo: r3.2/current-testing/vm/fc26...
2018-04-05 16:30:20.009398 +0000 build-fedora3: Done.
2018-04-05 16:30:20.023891 +0000 build-fedora3: ~/builder-r3.2/qubes-src/linux-yum ~/builder-r3.2/qubes-src/linux-yum
2018-04-05 16:30:20.028142 +0000 build-fedora3: Syncing r3.2...
2018-04-05 16:30:21.062618 +0000 build-fedora3: sending incremental file list
2018-04-05 16:30:21.267214 +0000 build-fedora3: rsync: failed to set times on "/pub/qubes/repo/yum/r3.2/current-testing": Operation not permitted (1)
2018-04-05 16:30:21.267299 +0000 build-fedora3: rsync: failed to set times on "/pub/qubes/repo/yum/r3.2/current-testing/dom0": Operation not permitted (1)
2018-04-05 16:30:21.267337 +0000 build-fedora3: rsync: failed to set times on "/pub/qubes/repo/yum/r3.2/current-testing/dom0/fc20": Operation not permitted (1)
2018-04-05 16:30:21.267374 +0000 build-fedora3: rsync: failed to set times on "/pub/qubes/repo/yum/r3.2/current-testing/dom0/fc20/rpm": Operation not permitted (1)
2018-04-05 16:30:21.267409 +0000 build-fedora3: rsync: failed to set times on "/pub/qubes/repo/yum/r3.2/current-testing/dom0/fc23": Operation not permitted (1)
2018-04-05 16:30:21.267442 +0000 build-fedora3: rsync: failed to set times on "/pub/qubes/repo/yum/r3.2/current-testing/dom0/fc23/rpm": Operation not permitted (1)
2018-04-05 16:30:21.267474 +0000 build-fedora3: rsync: failed to set times on "/pub/qubes/repo/yum/r3.2/current-testing/vm": Operation not permitted (1)
2018-04-05 16:30:21.267507 +0000 build-fedora3: rsync: failed to set times on "/pub/qubes/repo/yum/r3.2/current-testing/vm/fc22": Operation not permitted (1)
2018-04-05 16:30:21.267541 +0000 build-fedora3: rsync: failed to set times on "/pub/qubes/repo/yum/r3.2/current-testing/vm/fc22/rpm": Operation not permitted (1)
2018-04-05 16:30:21.267573 +0000 build-fedora3: rsync: failed to set times on "/pub/qubes/repo/yum/r3.2/current-testing/vm/fc23": Operation not permitted (1)
2018-04-05 16:30:21.267608 +0000 build-fedora3: rsync: failed to set times on "/pub/qubes/repo/yum/r3.2/current-testing/vm/fc23/rpm": Operation not permitted (1)
2018-04-05 16:30:21.267641 +0000 build-fedora3: rsync: failed to set times on "/pub/qubes/repo/yum/r3.2/current-testing/vm/fc24": Operation not permitted (1)
2018-04-05 16:30:21.267666 +0000 build-fedora3: .d..t...... current-testing/
2018-04-05 16:30:21.267691 +0000 build-fedora3: .d..t...... current-testing/dom0/
2018-04-05 16:30:21.267719 +0000 build-fedora3: .d..t...... current-testing/dom0/fc20/
2018-04-05 16:30:21.267745 +0000 build-fedora3: .d..t...... current-testing/dom0/fc20/rpm/
2018-04-05 16:30:21.267770 +0000 build-fedora3: .d..t...... current-testing/dom0/fc23/
2018-04-05 16:30:21.267810 +0000 build-fedora3: .d..t...... current-testing/dom0/fc23/rpm/
2018-04-05 16:30:21.267864 +0000 build-fedora3: .d..t...... current-testing/vm/
2018-04-05 16:30:21.267890 +0000 build-fedora3: .d..t...... current-testing/vm/fc22/
2018-04-05 16:30:21.267915 +0000 build-fedora3: .d..t...... current-testing/vm/fc22/rpm/
2018-04-05 16:30:21.267941 +0000 build-fedora3: .d..t...... current-testing/vm/fc23/
2018-04-05 16:30:21.277608 +0000 build-fedora3: .d..t...... current-testing/vm/fc23/rpm/
2018-04-05 16:30:21.277666 +0000 build-fedora3: .d..t...... current-testing/vm/fc24/
2018-04-05 16:30:21.278181 +0000 build-fedora3: rsync: failed to set times on "/pub/qubes/repo/yum/r3.2/current-testing/vm/fc24/rpm": Operation not permitted (1)
2018-04-05 16:30:21.278255 +0000 build-fedora3: rsync: failed to set times on "/pub/qubes/repo/yum/r3.2/current-testing/vm/fc25": Operation not permitted (1)
2018-04-05 16:30:21.289415 +0000 build-fedora3: .d..t...... current-testing/vm/fc24/rpm/
2018-04-05 16:30:21.289473 +0000 build-fedora3: .d..t...... current-testing/vm/fc25/
2018-04-05 16:30:21.337370 +0000 build-fedora3: rsync: failed to set times on "/pub/qubes/repo/yum/r3.2/current-testing/vm/fc25/rpm": Operation not permitted (1)
2018-04-05 16:30:21.337437 +0000 build-fedora3: rsync: failed to set times on "/pub/qubes/repo/yum/r3.2/current-testing/vm/fc26": Operation not permitted (1)
2018-04-05 16:30:21.337481 +0000 build-fedora3: rsync: failed to set times on "/pub/qubes/repo/yum/r3.2/current-testing/vm/fc26/comps.xml": Operation not permitted (1)
2018-04-05 16:30:21.337519 +0000 build-fedora3: rsync: failed to set times on "/pub/qubes/repo/yum/r3.2/current-testing/vm/fc26/rpm": Operation not permitted (1)
2018-04-05 16:30:21.337555 +0000 build-fedora3: rsync: failed to set times on "/pub/qubes/repo/yum/r3.2/current": Operation not permitted (1)
2018-04-05 16:30:21.337592 +0000 build-fedora3: rsync: failed to set times on "/pub/qubes/repo/yum/r3.2/current/dom0": Operation not permitted (1)
2018-04-05 16:30:21.337628 +0000 build-fedora3: rsync: failed to set times on "/pub/qubes/repo/yum/r3.2/current/dom0/fc20": Operation not permitted (1)
2018-04-05 16:30:21.337666 +0000 build-fedora3: rsync: failed to set times on "/pub/qubes/repo/yum/r3.2/current/dom0/fc20/rpm": Operation not permitted (1)
2018-04-05 16:30:21.337701 +0000 build-fedora3: rsync: failed to set times on "/pub/qubes/repo/yum/r3.2/current/dom0/fc23": Operation not permitted (1)
2018-04-05 16:30:21.337735 +0000 build-fedora3: rsync: failed to set times on "/pub/qubes/repo/yum/r3.2/current/dom0/fc23/rpm": Operation not permitted (1)
2018-04-05 16:30:21.337767 +0000 build-fedora3: rsync: failed to set times on "/pub/qubes/repo/yum/r3.2/current/vm": Operation not permitted (1)
2018-04-05 16:30:21.337799 +0000 build-fedora3: rsync: failed to set times on "/pub/qubes/repo/yum/r3.2/current/vm/fc22": Operation not permitted (1)
2018-04-05 16:30:21.337832 +0000 build-fedora3: rsync: failed to set times on "/pub/qubes/repo/yum/r3.2/current/vm/fc22/rpm": Operation not permitted (1)
2018-04-05 16:30:21.337863 +0000 build-fedora3: rsync: failed to set times on "/pub/qubes/repo/yum/r3.2/current/vm/fc23": Operation not permitted (1)
2018-04-05 16:30:21.349392 +0000 build-fedora3: .d..t...... current-testing/vm/fc25/rpm/
2018-04-05 16:30:21.349456 +0000 build-fedora3: <f.st...... current-testing/vm/fc25/rpm/qubes-mgmt-salt-base-overrides-3.2.1-1.fc25.noarch.rpm
2018-04-05 16:30:21.349500 +0000 build-fedora3: .          2,140  16%    0.00kB/s    0:00:00  .         12,618 100%    9.99MB/s    0:00:00 (xfr#1, ir-chk=1224/2061)
2018-04-05 16:30:21.349541 +0000 build-fedora3: <f.st...... current-testing/vm/fc25/rpm/qubes-mgmt-salt-base-overrides-libs-3.2.1-1.fc25.noarch.rpm
2018-04-05 16:30:21.349715 +0000 build-fedora3: .          2,140  16%    2.04MB/s    0:00:00  .         13,134 100%   12.53MB/s    0:00:00 (xfr#2, ir-chk=1223/2061)
2018-04-05 16:30:21.349752 +0000 build-fedora3: .d..t...... current-testing/vm/fc26/
2018-04-05 16:30:21.349786 +0000 build-fedora3: .L..t...... current-testing/vm/fc26/comps.xml -> ../../../comps-vm.xml
2018-04-05 16:30:21.357878 +0000 build-fedora3: .d..t...... current-testing/vm/fc26/rpm/
2018-04-05 16:30:21.357946 +0000 build-fedora3: .f...p..... current-testing/vm/fc26/rpm/qubes-mgmt-salt-base-overrides-3.2.1-1.fc26.noarch.rpm
2018-04-05 16:30:21.357989 +0000 build-fedora3: .f...p..... current-testing/vm/fc26/rpm/qubes-mgmt-salt-base-overrides-libs-3.2.1-1.fc26.noarch.rpm
2018-04-05 16:30:21.358020 +0000 build-fedora3: .d..t...... current/
2018-04-05 16:30:21.358048 +0000 build-fedora3: .d..t...... current/dom0/
2018-04-05 16:30:21.358078 +0000 build-fedora3: .d..t...... current/dom0/fc20/
2018-04-05 16:30:21.358108 +0000 build-fedora3: .d..t...... current/dom0/fc20/rpm/
2018-04-05 16:30:21.358136 +0000 build-fedora3: .d..t...... current/dom0/fc23/
2018-04-05 16:30:21.358192 +0000 build-fedora3: .d..t...... current/dom0/fc23/rpm/
2018-04-05 16:30:21.358220 +0000 build-fedora3: .d..t...... current/vm/
2018-04-05 16:30:21.358248 +0000 build-fedora3: .d..t...... current/vm/fc22/
2018-04-05 16:30:21.358275 +0000 build-fedora3: .d..t...... current/vm/fc22/rpm/
2018-04-05 16:30:21.358302 +0000 build-fedora3: .d..t...... current/vm/fc23/
2018-04-05 16:30:21.358335 +0000 build-fedora3: rsync: failed to set times on "/pub/qubes/repo/yum/r3.2/current/vm/fc23/rpm": Operation not permitted (1)
2018-04-05 16:30:21.358370 +0000 build-fedora3: rsync: failed to set times on "/pub/qubes/repo/yum/r3.2/current/vm/fc24": Operation not permitted (1)
2018-04-05 16:30:21.358406 +0000 build-fedora3: rsync: failed to set times on "/pub/qubes/repo/yum/r3.2/current/vm/fc24/rpm": Operation not permitted (1)
2018-04-05 16:30:21.360959 +0000 build-fedora3: .d..t...... current/vm/fc23/rpm/
2018-04-05 16:30:21.361028 +0000 build-fedora3: .d..t...... current/vm/fc24/
2018-04-05 16:30:21.361192 +0000 build-fedora3: .d..t...... current/vm/fc24/rpm/
2018-04-05 16:30:21.391778 +0000 build-fedora3: rsync: failed to set times on "/pub/qubes/repo/yum/r3.2/current/vm/fc25": Operation not permitted (1)
2018-04-05 16:30:21.396439 +0000 build-fedora3: rsync: failed to set times on "/pub/qubes/repo/yum/r3.2/current/vm/fc25/rpm": Operation not permitted (1)
2018-04-05 16:30:21.396486 +0000 build-fedora3: rsync: failed to set times on "/pub/qubes/repo/yum/r3.2/current/vm/fc26": Operation not permitted (1)
2018-04-05 16:30:21.396509 +0000 build-fedora3: rsync: failed to set times on "/pub/qubes/repo/yum/r3.2/current/vm/fc26/comps.xml": Operation not permitted (1)
2018-04-05 16:30:21.398758 +0000 build-fedora3: rsync: failed to set times on "/pub/qubes/repo/yum/r3.2/current/vm/fc26/rpm": Operation not permitted (1)
2018-04-05 16:30:21.398813 +0000 build-fedora3: .d..t...... current/vm/fc25/
2018-04-05 16:30:21.398843 +0000 build-fedora3: .d..t...... current/vm/fc25/rpm/
2018-04-05 16:30:21.398866 +0000 build-fedora3: .d..t...... current/vm/fc26/
2018-04-05 16:30:21.398885 +0000 build-fedora3: .L..t...... current/vm/fc26/comps.xml -> ../../../comps-vm.xml
2018-04-05 16:30:21.398900 +0000 build-fedora3: .d..t...... current/vm/fc26/rpm/
2018-04-05 16:30:21.424460 +0000 build-fedora3: rsync: failed to set times on "/pub/qubes/repo/yum/r3.2/security-testing": Operation not permitted (1)
2018-04-05 16:30:21.426904 +0000 build-fedora3: rsync: failed to set times on "/pub/qubes/repo/yum/r3.2/security-testing/dom0": Operation not permitted (1)
2018-04-05 16:30:21.426967 +0000 build-fedora3: rsync: failed to set times on "/pub/qubes/repo/yum/r3.2/security-testing/dom0/fc20": Operation not permitted (1)
2018-04-05 16:30:21.427006 +0000 build-fedora3: rsync: failed to set times on "/pub/qubes/repo/yum/r3.2/security-testing/dom0/fc20/rpm": Operation not permitted (1)
2018-04-05 16:30:21.427038 +0000 build-fedora3: rsync: failed to set times on "/pub/qubes/repo/yum/r3.2/security-testing/dom0/fc23": Operation not permitted (1)
2018-04-05 16:30:21.427069 +0000 build-fedora3: rsync: failed to set times on "/pub/qubes/repo/yum/r3.2/security-testing/dom0/fc23/rpm": Operation not permitted (1)
2018-04-05 16:30:21.427099 +0000 build-fedora3: rsync: failed to set times on "/pub/qubes/repo/yum/r3.2/security-testing/vm": Operation not permitted (1)
2018-04-05 16:30:21.427178 +0000 build-fedora3: rsync: failed to set times on "/pub/qubes/repo/yum/r3.2/security-testing/vm/fc22": Operation not permitted (1)
2018-04-05 16:30:21.427211 +0000 build-fedora3: rsync: failed to set times on "/pub/qubes/repo/yum/r3.2/security-testing/vm/fc22/rpm": Operation not permitted (1)
2018-04-05 16:30:21.427240 +0000 build-fedora3: rsync: failed to set times on "/pub/qubes/repo/yum/r3.2/security-testing/vm/fc23": Operation not permitted (1)
2018-04-05 16:30:21.427270 +0000 build-fedora3: rsync: failed to set times on "/pub/qubes/repo/yum/r3.2/security-testing/vm/fc23/rpm": Operation not permitted (1)
2018-04-05 16:30:21.427293 +0000 build-fedora3: .d..t...... security-testing/
2018-04-05 16:30:21.427316 +0000 build-fedora3: .d..t...... security-testing/dom0/
2018-04-05 16:30:21.427340 +0000 build-fedora3: .d..t...... security-testing/dom0/fc20/
2018-04-05 16:30:21.427364 +0000 build-fedora3: .d..t...... security-testing/dom0/fc20/rpm/
2018-04-05 16:30:21.427391 +0000 build-fedora3: .d..t...... security-testing/dom0/fc23/
2018-04-05 16:30:21.427417 +0000 build-fedora3: .d..t...... security-testing/dom0/fc23/rpm/
2018-04-05 16:30:21.427441 +0000 build-fedora3: .d..t...... security-testing/vm/
2018-04-05 16:30:21.427463 +0000 build-fedora3: .d..t...... security-testing/vm/fc22/
2018-04-05 16:30:21.427489 +0000 build-fedora3: .d..t...... security-testing/vm/fc22/rpm/
2018-04-05 16:30:21.427515 +0000 build-fedora3: .d..t...... security-testing/vm/fc23/
2018-04-05 16:30:21.427540 +0000 build-fedora3: .d..t...... security-testing/vm/fc23/rpm/
2018-04-05 16:30:21.430238 +0000 build-fedora3: rsync: failed to set times on "/pub/qubes/repo/yum/r3.2/security-testing/vm/fc24": Operation not permitted (1)
2018-04-05 16:30:21.430308 +0000 build-fedora3: rsync: failed to set times on "/pub/qubes/repo/yum/r3.2/security-testing/vm/fc24/rpm": Operation not permitted (1)
2018-04-05 16:30:21.430360 +0000 build-fedora3: rsync: failed to set times on "/pub/qubes/repo/yum/r3.2/security-testing/vm/fc25": Operation not permitted (1)
2018-04-05 16:30:21.430398 +0000 build-fedora3: rsync: failed to set times on "/pub/qubes/repo/yum/r3.2/security-testing/vm/fc25/rpm": Operation not permitted (1)
2018-04-05 16:30:21.430416 +0000 build-fedora3: .d..t...... security-testing/vm/fc24/
2018-04-05 16:30:21.430432 +0000 build-fedora3: .d..t...... security-testing/vm/fc24/rpm/
2018-04-05 16:30:21.430447 +0000 build-fedora3: .d..t...... security-testing/vm/fc25/
2018-04-05 16:30:21.430461 +0000 build-fedora3: .d..t...... security-testing/vm/fc25/rpm/
2018-04-05 16:30:21.433525 +0000 build-fedora3: rsync: failed to set times on "/pub/qubes/repo/yum/r3.2/security-testing/vm/fc26": Operation not permitted (1)
2018-04-05 16:30:21.433595 +0000 build-fedora3: rsync: failed to set times on "/pub/qubes/repo/yum/r3.2/security-testing/vm/fc26/comps.xml": Operation not permitted (1)
2018-04-05 16:30:21.433635 +0000 build-fedora3: rsync: failed to set times on "/pub/qubes/repo/yum/r3.2/security-testing/vm/fc26/rpm": Operation not permitted (1)
2018-04-05 16:30:21.433664 +0000 build-fedora3: .d..t...... security-testing/vm/fc26/
2018-04-05 16:30:21.433693 +0000 build-fedora3: .L..t...... security-testing/vm/fc26/comps.xml -> ../../../comps-vm.xml
2018-04-05 16:30:21.433714 +0000 build-fedora3: .d..t...... security-testing/vm/fc26/rpm/
2018-04-05 16:30:21.612269 +0000 build-fedora3: rsync error: some files/attrs were not transferred (see previous errors) (code 23) at main.c(1189) [sender=3.1.3]
2018-04-05 16:30:22.096639 +0000 build-fedora3: --> Processing repo: /pub/qubes/repo/yum/r3.2/current/dom0/fc20...
2018-04-05 16:30:22.284460 +0000 build-fedora3: Warning: Requested more delta workers than workers. This is insane. Limiting.
2018-04-05 16:30:22.847204 +0000 build-fedora3: --> Processing repo: /pub/qubes/repo/yum/r3.2/current/dom0/fc23...
2018-04-05 16:30:22.949720 +0000 build-fedora3: Warning: Requested more delta workers than workers. This is insane. Limiting.
2018-04-05 16:31:22.437854 +0000 build-fedora3: I/O error : No such file or directory
2018-04-05 16:31:22.474062 +0000 build-fedora3: 
2018-04-05 16:31:22.474278 +0000 build-fedora3: (process:62008): GLib-WARNING **: GError set over the top of a previous GError or uninitialized memory.
2018-04-05 16:31:22.474376 +0000 build-fedora3: This indicates a bug in someone's code. You must ensure an error is NULL before it's set.
2018-04-05 16:31:22.474463 +0000 build-fedora3: The overwriting error message was: Parsing filelists.xml error: Premature end of data in tag package line 204786
2018-04-05 16:31:22.474521 +0000 build-fedora3: 
2018-04-05 16:31:22.474572 +0000 build-fedora3: 
2018-04-05 16:31:22.474647 +0000 build-fedora3: (process:62008): GLib-WARNING **: GError set over the top of a previous GError or uninitialized memory.
2018-04-05 16:31:22.474720 +0000 build-fedora3: This indicates a bug in someone's code. You must ensure an error is NULL before it's set.
2018-04-05 16:31:22.474799 +0000 build-fedora3: The overwriting error message was: Parsing filelists.xml error: Premature end of data in tag filelists line 2
2018-04-05 16:31:22.474853 +0000 build-fedora3: 
2018-04-05 16:31:22.487591 +0000 build-fedora3: Traceback (most recent call last):
2018-04-05 16:31:22.487718 +0000 build-fedora3:   File "/usr/local/share/createrepo/genpkgmetadata.py", line 320, in <module>
2018-04-05 16:31:22.487790 +0000 build-fedora3:     main(sys.argv[1:])
2018-04-05 16:31:22.487864 +0000 build-fedora3:   File "/usr/local/share/createrepo/genpkgmetadata.py", line 292, in main
2018-04-05 16:31:22.487926 +0000 build-fedora3:     mdgen.doRepoMetadata()
2018-04-05 16:31:22.488001 +0000 build-fedora3:   File "/usr/local/lib/python2.7/site-packages/createrepo/__init__.py", line 1254, in doRepoMetadata
2018-04-05 16:31:22.488065 +0000 build-fedora3:     rp.getFilelists(complete_path, csum)
2018-04-05 16:31:22.488138 +0000 build-fedora3:   File "/usr/local/lib/python2.7/site-packages/sqlitecachec.py", line 54, in getFilelists
2018-04-05 16:31:22.501798 +0000 build-fedora3:     self.repoid))
2018-04-05 16:31:22.501934 +0000 build-fedora3: TypeError: Parsing filelists.xml error: Premature end of data in tag file line 204909
2018-04-05 16:31:22.502006 +0000 build-fedora3: 
2018-04-05 16:31:22.725547 +0000 build-fedora3: --> Processing repo: /pub/qubes/repo/yum/r3.2/current-testing/dom0/fc20...
2018-04-05 16:31:22.814956 +0000 build-fedora3: Warning: Requested more delta workers than workers. This is insane. Limiting.
2018-04-05 16:31:23.308533 +0000 build-fedora3: --> Processing repo: /pub/qubes/repo/yum/r3.2/current-testing/dom0/fc23...
2018-04-05 16:31:23.407532 +0000 build-fedora3: Warning: Requested more delta workers than workers. This is insane. Limiting.
2018-04-05 16:33:34.579510 +0000 build-fedora3: Traceback (most recent call last):
2018-04-05 16:33:34.579581 +0000 build-fedora3:   File "/usr/local/share/createrepo/genpkgmetadata.py", line 320, in <module>
2018-04-05 16:33:34.579721 +0000 build-fedora3:     main(sys.argv[1:])
2018-04-05 16:33:34.579769 +0000 build-fedora3:   File "/usr/local/share/createrepo/genpkgmetadata.py", line 292, in main
2018-04-05 16:33:34.579798 +0000 build-fedora3:     mdgen.doRepoMetadata()
2018-04-05 16:33:34.579830 +0000 build-fedora3:   File "/usr/local/lib/python2.7/site-packages/createrepo/__init__.py", line 1250, in doRepoMetadata
2018-04-05 16:33:34.580029 +0000 build-fedora3:     rp.getPrimary(complete_path, csum)
2018-04-05 16:33:34.580058 +0000 build-fedora3:   File "/usr/local/lib/python2.7/site-packages/sqlitecachec.py", line 46, in getPrimary
2018-04-05 16:33:34.580076 +0000 build-fedora3:     self.repoid))
2018-04-05 16:33:34.652560 +0000 build-fedora3: TypeError: Parsing primary.xml error: Document is empty
2018-04-05 16:33:34.652609 +0000 build-fedora3: 
2018-04-05 16:33:34.864895 +0000 build-fedora3: --> Processing repo: /pub/qubes/repo/yum/r3.2/security-testing/dom0/fc20...
2018-04-05 16:33:34.955415 +0000 build-fedora3: Warning: Requested more delta workers than workers. This is insane. Limiting.
2018-04-05 16:33:36.291760 +0000 build-fedora3: --> Processing repo: /pub/qubes/repo/yum/r3.2/security-testing/dom0/fc23...
2018-04-05 16:33:36.385851 +0000 build-fedora3: Warning: Requested more delta workers than workers. This is insane. Limiting.
2018-04-05 16:33:54.856130 +0000 build-fedora3: --> Processing repo: /pub/qubes/repo/yum/r3.2/security-testing/vm/fc22...
2018-04-05 16:33:54.945303 +0000 build-fedora3: Warning: Requested more delta workers than workers. This is insane. Limiting.
2018-04-05 16:33:55.922366 +0000 build-fedora3: --> Processing repo: /pub/qubes/repo/yum/r3.2/security-testing/vm/fc23...
2018-04-05 16:33:56.014168 +0000 build-fedora3: Warning: Requested more delta workers than workers. This is insane. Limiting.
2018-04-05 16:34:05.871349 +0000 build-fedora3: --> Processing repo: /pub/qubes/repo/yum/r3.2/security-testing/vm/fc24...
2018-04-05 16:34:05.963605 +0000 build-fedora3: Warning: Requested more delta workers than workers. This is insane. Limiting.
2018-04-05 16:34:15.828564 +0000 build-fedora3: --> Processing repo: /pub/qubes/repo/yum/r3.2/security-testing/vm/fc25...
2018-04-05 16:34:15.919710 +0000 build-fedora3: Warning: Requested more delta workers than workers. This is insane. Limiting.
2018-04-05 16:34:25.906948 +0000 build-fedora3: --> Processing repo: /pub/qubes/repo/yum/r3.2/security-testing/vm/fc26...
2018-04-05 16:34:25.999815 +0000 build-fedora3: Warning: Requested more delta workers than workers. This is insane. Limiting.
2018-04-05 16:34:30.991683 +0000 build-fedora3: Done.
2018-04-05 16:34:30.998306 +0000 build-fedora3: ~/builder-r3.2/qubes-src/linux-yum
2018-04-05 16:34:31.004142 +0000 build-fedora3: Makefile:689: update target 'update-repo-current-testing' due to: internal-update-repo-current-testing.vm.fc25 post-update-repo-current-testing
2018-04-05 16:34:31.004191 +0000 build-fedora3: true
2018-04-05 16:34:31.007896 +0000 build-fedora3: > done
2018-04-05 16:37:17.093707 +0000 > closing log
