2018-05-07 11:53:58.011817 +0000 > starting log
2018-05-07 11:53:58.013874 +0000 build-fedora3: > starting build with log
2018-05-07 11:53:58.013937 +0000 build-fedora3: >> make args: DISTS_VM= DIST_DOM0=fc23 BUILD_LOGS_URL= artwork-dom0-fc23=https://github.com/QubesOS/build-logs/tree/master/build-fedora3/log_2018-05-07_11-51-22 GIT_URL_artwork=https://github.com/QubesOS/qubes-artwork sign-all update-repo-current-testing
2018-05-07 11:53:58.013966 +0000 build-fedora3: >> MAKEFLAGS=
2018-05-07 11:53:58.013990 +0000 build-fedora3: >> COMPONENTS=artwork
2018-05-07 11:53:58.014013 +0000 build-fedora3: >> DISTS_VM=
2018-05-07 11:53:58.014035 +0000 build-fedora3: >> DIST_DOM0=
2018-05-07 11:53:58.014063 +0000 build-fedora3: >> qubes-builder 0bc5e662e9738136d6482e44c083a8f215c58ceb
2018-05-07 11:53:58.014094 +0000 build-fedora3: >> qubes-builder/qubes-src/artwork ce212c704e3aece28e2b76318b9bb6708b252fc3
2018-05-07 11:53:58.014122 +0000 build-fedora3: !! pkgs/fc23/noarch/qubes-artwork-3.2.0-2.fc23.noarch.rpm
2018-05-07 11:53:58.014149 +0000 build-fedora3: !! pkgs/fc23/noarch/qubes-artwork-efi-3.2.0-2.fc23.noarch.rpm
2018-05-07 11:53:58.014175 +0000 build-fedora3: !! pkgs/fc23/qubes-artwork.spec.list
2018-05-07 11:53:58.014215 +0000 build-fedora3: c150a9a05abd3794083565aec923cea3047ac9cfc17a1ddf266d6c930d6d0bc96bd08f77caf078b78db3f0d38d68b176881395aa5af2c1d4fd8858101fcfc593  pkgs/fc23/noarch/qubes-artwork-3.2.0-2.fc23.noarch.rpm
2018-05-07 11:53:58.014263 +0000 build-fedora3: 3edc8631feb9c2bfbe961c20f6e3ca7ef272e7c404ceb8e852299ee9349e1ff29c0624f3bb748c0a2b6e3b4ebc446412c4cdb87a4813d7a30aea78e52fdb42b3  pkgs/fc23/noarch/qubes-artwork-efi-3.2.0-2.fc23.noarch.rpm
2018-05-07 11:53:58.014301 +0000 build-fedora3: c3702c775906438af8140600a17fc559399f11e0cf9eda03dac95ece4a53c7a9844acad03925c7685092edcb0d46ecf727107cd996d665db0a163adf1a53cc24  pkgs/fc23/qubes-artwork.spec.list
2018-05-07 11:53:58.014330 +0000 build-fedora3: ================================================================================
2018-05-07 11:53:58.014359 +0000 build-fedora3:                            B U I L D   I N F O                                  
2018-05-07 11:53:58.014386 +0000 build-fedora3: Items in red indicate it was automatically generated by configuration file(s)
2018-05-07 11:53:58.014415 +0000 build-fedora3: Items in white indicate it was automatically removed by configuration file(s)
2018-05-07 11:53:58.014445 +0000 build-fedora3: ================================================================================
2018-05-07 11:53:58.014469 +0000 build-fedora3: DISTS_VM:
2018-05-07 11:53:58.014491 +0000 build-fedora3:     
2018-05-07 11:53:58.014512 +0000 build-fedora3: DISTS_ALL:
2018-05-07 11:53:58.014535 +0000 build-fedora3:      fc23,
2018-05-07 11:53:58.014571 +0000 build-fedora3: DIST_DOM0:
2018-05-07 11:53:58.018587 +0000 build-fedora3:      fc23,
2018-05-07 11:53:58.019189 +0000 build-fedora3: BUILDER_PLUGINS:
2018-05-07 11:53:58.025777 +0000 build-fedora3:      builder-fedora, mgmt-salt, builder-github,
2018-05-07 11:53:58.027600 +0000 build-fedora3: COMPONENTS:
2018-05-07 11:53:58.031940 +0000 build-fedora3:      artwork,
2018-05-07 11:53:58.032359 +0000 build-fedora3: GIT_REPOS:
2018-05-07 11:53:58.037784 +0000 build-fedora3:      qubes-src/artwork,
2018-05-07 11:53:58.038372 +0000 build-fedora3: TEMPLATE:
2018-05-07 11:53:58.043754 +0000 build-fedora3:     
2018-05-07 11:53:58.044372 +0000 build-fedora3: TEMPLATE_FLAVOR_DIR:
2018-05-07 11:53:58.049921 +0000 build-fedora3:     
2018-05-07 11:53:58.050604 +0000 build-fedora3: TEMPLATE_ALIAS:
2018-05-07 11:53:58.057047 +0000 build-fedora3:      jessie:jessie+standard, jessie+gnome:jessie+gnome+standard,
2018-05-07 11:53:58.057110 +0000 build-fedora3:      jessie+minimal:jessie+minimal+no-recommends, stretch:stretch+standard, stretch+gnome:stretch+gnome+standard,
2018-05-07 11:53:58.057146 +0000 build-fedora3:      stretch+minimal:stretch+minimal+no-recommends, jessie:jessie+standard, jessie+gnome:jessie+gnome+standard,
2018-05-07 11:53:58.057178 +0000 build-fedora3:      jessie+minimal:jessie+minimal+no-recommends, stretch:stretch+standard, stretch+gnome:stretch+gnome+standard,
2018-05-07 11:53:58.057227 +0000 build-fedora3:      stretch+minimal:stretch+minimal+no-recommends,
2018-05-07 11:53:58.057843 +0000 build-fedora3: TEMPLATE_LABEL:
2018-05-07 11:53:58.065673 +0000 build-fedora3:      fc20:fedora-20 fc21:fedora-21 fc22:fedora-22 fc23:fedora-23 fc24:fedora-24 fc25:fedora-25 fc26:fedora-26
2018-05-07 11:53:58.065749 +0000 build-fedora3:      fc20+minimal:fedora-20-minimal fc21+minimal:fedora-21-minimal fc23+minimal:fedora-23-minimal
2018-05-07 11:53:58.065782 +0000 build-fedora3:      fc24+minimal:fedora-24-minimal fc25+minimal:fedora-25-minimal fc26+minimal:fedora-26-minimal
2018-05-07 11:53:58.065812 +0000 build-fedora3:      fc25+xfce:fedora-25-xfce fc26+xfce:fedora-26-xfce wheezy:debian-7 wheezy+standard:debian-7
2018-05-07 11:53:58.065846 +0000 build-fedora3:      jessie:debian-8 jessie+standard:debian-8 stretch:debian-9 stretch+standard:debian-9 centos7:centos-7
2018-05-07 11:53:58.065879 +0000 build-fedora3:      centos7+minimal:centos-7-minimal fc20:fedora-20 fc21:fedora-21 fc22:fedora-22 fc23:fedora-23 fc24:fedora-24
2018-05-07 11:53:58.065902 +0000 build-fedora3:      fc25:fedora-25 fc26:fedora-26 fc20+minimal:fedora-20-minimal fc21+minimal:fedora-21-minimal
2018-05-07 11:53:58.065921 +0000 build-fedora3:      fc23+minimal:fedora-23-minimal fc24+minimal:fedora-24-minimal fc25+minimal:fedora-25-minimal
2018-05-07 11:53:58.065938 +0000 build-fedora3:      fc26+minimal:fedora-26-minimal wheezy:debian-7 wheezy+standard:debian-7 jessie:debian-8
2018-05-07 11:53:58.065955 +0000 build-fedora3:      jessie+standard:debian-8 stretch:debian-9 stretch+standard:debian-9
2018-05-07 11:53:58.117905 +0000 build-fedora3: > running make
2018-05-07 11:53:58.158591 +0000 build-fedora3: Makefile:250: target 'sign-dom0-fc23-artwork' does not exist
2018-05-07 11:53:58.158687 +0000 build-fedora3: if [ -n "artwork" -a "0" -ne 0 ]; then BRANCH=release3.2; branch_var="BRANCH_artwork"; [ -n "${!branch_var}" ] && BRANCH="${!branch_var}"; pushd qubes-src/artwork > /dev/null; CURRENT_BRANCH=`git symbolic-ref --short HEAD 2>/dev/null || git describe --tags --exact-match HEAD`; if [ "$BRANCH" != "$CURRENT_BRANCH" ]; then echo "-> ERROR: Wrong branch $branch_var=$CURRENT_BRANCH (expected $BRANCH)"; exit 1; fi; popd > /dev/null; fi
2018-05-07 11:53:58.158721 +0000 build-fedora3: SIGN_KEY=C52261BE0A823221D94CA1D1CB11CA1D03FA5082; \
2018-05-07 11:53:58.158743 +0000 build-fedora3: sign_key_var="SIGN_KEY_fc23"; \
2018-05-07 11:53:58.158762 +0000 build-fedora3: [ -n "${!sign_key_var}" ] && SIGN_KEY="${!sign_key_var}"; \
2018-05-07 11:53:58.158780 +0000 build-fedora3: if [ -r qubes-src/artwork/Makefile.builder ]; then \
2018-05-07 11:53:58.158798 +0000 build-fedora3: .make --no-print-directory -f Makefile.generic \
2018-05-07 11:53:58.158812 +0000 build-fedora3: ..DIST=fc23 \
2018-05-07 11:53:58.158827 +0000 build-fedora3: ..PACKAGE_SET=dom0 \
2018-05-07 11:53:58.158841 +0000 build-fedora3: ..COMPONENT=artwork \
2018-05-07 11:53:58.158855 +0000 build-fedora3: ..SIGN_KEY=$SIGN_KEY \
2018-05-07 11:53:58.158869 +0000 build-fedora3: ..sign || exit 1; \
2018-05-07 11:53:58.158884 +0000 build-fedora3: elif [ -d qubes-src/artwork/rpm ]; then \
2018-05-07 11:53:58.158898 +0000 build-fedora3: .# Old mechanism supported only for RPM
2018-05-07 11:53:58.158914 +0000 build-fedora3: FILE_LIST=""; for RPM in qubes-src/artwork/rpm/*/*.rpm; do \
2018-05-07 11:53:58.158931 +0000 build-fedora3: ..if ! qubes-src/installer-qubes-os/rpm_verify $RPM > /dev/null; then \
2018-05-07 11:53:58.158945 +0000 build-fedora3: ...FILE_LIST="$FILE_LIST $RPM" ;\
2018-05-07 11:53:58.158958 +0000 build-fedora3: ..fi ;\
2018-05-07 11:53:58.158972 +0000 build-fedora3: .done ; \
2018-05-07 11:53:58.158986 +0000 build-fedora3: .if [ -n "$FILE_LIST" ]; then \
2018-05-07 11:53:58.158999 +0000 build-fedora3: ..echo "--> Signing..."; \
2018-05-07 11:53:58.159013 +0000 build-fedora3: ..RPMSIGN_OPTS=--digest-algo=sha256; \
2018-05-07 11:53:58.159027 +0000 build-fedora3: ..if [ -n "$SIGN_KEY" ]; then \
2018-05-07 11:53:58.159057 +0000 build-fedora3: ...RPMSIGN_OPTS="--key-id=$SIGN_KEY"; \
2018-05-07 11:53:58.159071 +0000 build-fedora3: ..fi; \
2018-05-07 11:53:58.159087 +0000 build-fedora3: ..setsid -w rpmsign "$RPMSIGN_OPTS" --addsign $FILE_LIST </dev/null ;\
2018-05-07 11:53:58.159100 +0000 build-fedora3: .fi; \
2018-05-07 11:53:58.159113 +0000 build-fedora3: fi
2018-05-07 11:53:58.189449 +0000 build-fedora3: + ERR_OUTPUT=/dev/stderr
2018-05-07 11:53:58.189520 +0000 build-fedora3: + '[' 2 -lt 2 ']'
2018-05-07 11:53:58.191657 +0000 build-fedora3: ++ basename qubes-src/artwork/qubes-artwork.spec.in
2018-05-07 11:53:58.195324 +0000 build-fedora3: + [[ xqubes-artwork.spec.in == \x\.\i\n ]]
2018-05-07 11:53:58.195380 +0000 build-fedora3: + '[' -r qubes-src/artwork/qubes-artwork.spec.in ']'
2018-05-07 11:53:58.195414 +0000 build-fedora3: + rpm -q --qf '%{NAME}-%{VERSION}.tar.gz\n' --specfile qubes-src/artwork/qubes-artwork.spec
2018-05-07 11:53:58.238075 +0000 build-fedora3: warning: Macro %version defined but not used within scope
2018-05-07 11:53:58.247694 +0000 build-fedora3: cat: version: No such file or directory
2018-05-07 11:53:58.249909 +0000 build-fedora3: error: line 6: Empty tag: Version:
2018-05-07 11:53:58.249966 +0000 build-fedora3: error: query of specfile qubes-src/artwork/qubes-artwork.spec failed, can't parse
2018-05-07 11:53:58.276306 +0000 build-fedora3: /home/user/builder-r3.2-dom0/qubes-src/builder-fedora/Makefile.rpmbuilder:164: target 'sign' does not exist
2018-05-07 11:53:58.276376 +0000 build-fedora3: cd qubes-src/artwork && for pkg in pkgs/fc23/noarch/qubes-artwork-3.2.0-2.fc23.noarch.rpm pkgs/fc23/noarch/qubes-artwork-efi-3.2.0-2.fc23.noarch.rpm ; do \
2018-05-07 11:53:58.276410 +0000 build-fedora3: .if ! rpm -K $pkg | grep -qi pgp; then \
2018-05-07 11:53:58.276449 +0000 build-fedora3: ..setsid -w rpmsign  --digest-algo=sha256 --key-id=C52261BE0A823221D94CA1D1CB11CA1D03FA5082 --addsign $pkg </dev/null || exit 1; \
2018-05-07 11:53:58.276474 +0000 build-fedora3: .fi; \
2018-05-07 11:53:58.276496 +0000 build-fedora3: done
2018-05-07 11:53:58.311759 +0000 build-fedora3: + ERR_OUTPUT=/dev/stderr
2018-05-07 11:53:58.311818 +0000 build-fedora3: + '[' 2 -lt 2 ']'
2018-05-07 11:53:58.313289 +0000 build-fedora3: ++ basename qubes-src/artwork/qubes-artwork.spec.in
2018-05-07 11:53:58.315725 +0000 build-fedora3: + [[ xqubes-artwork.spec.in == \x\.\i\n ]]
2018-05-07 11:53:58.315793 +0000 build-fedora3: + '[' -r qubes-src/artwork/qubes-artwork.spec.in ']'
2018-05-07 11:53:58.315836 +0000 build-fedora3: + rpm -q --qf '%{NAME}-%{VERSION}.tar.gz\n' --specfile qubes-src/artwork/qubes-artwork.spec
2018-05-07 11:53:58.354709 +0000 build-fedora3: warning: Macro %version defined but not used within scope
2018-05-07 11:53:58.361888 +0000 build-fedora3: cat: version: No such file or directory
2018-05-07 11:53:58.363323 +0000 build-fedora3: error: line 6: Empty tag: Version:
2018-05-07 11:53:58.363387 +0000 build-fedora3: error: query of specfile qubes-src/artwork/qubes-artwork.spec failed, can't parse
2018-05-07 11:53:59.345764 +0000 build-fedora3: pkgs/fc23/noarch/qubes-artwork-3.2.0-2.fc23.noarch.rpm:
2018-05-07 11:54:00.149749 +0000 build-fedora3: pkgs/fc23/noarch/qubes-artwork-efi-3.2.0-2.fc23.noarch.rpm:
2018-05-07 11:54:00.153400 +0000 build-fedora3: Makefile:721: target 'internal-update-repo-current-testing.dom0.fc23.artwork' does not exist
2018-05-07 11:54:00.153458 +0000 build-fedora3: repo_base_var="LINUX_REPO_fc23_BASEDIR"; \
2018-05-07 11:54:00.153489 +0000 build-fedora3: if [ -n "${!repo_base_var}" ]; then \
2018-05-07 11:54:00.153517 +0000 build-fedora3: .repo_basedir="${!repo_base_var}"; \
2018-05-07 11:54:00.153541 +0000 build-fedora3: else \
2018-05-07 11:54:00.153568 +0000 build-fedora3: .repo_basedir="qubes-src/linux-yum/r3.2"; \
2018-05-07 11:54:00.153591 +0000 build-fedora3: fi; \
2018-05-07 11:54:00.153617 +0000 build-fedora3: if [ -r qubes-src/artwork/Makefile.builder ]; then \
2018-05-07 11:54:00.153687 +0000 build-fedora3: .echo -n "Updating qubes-src/artwork... "; \
2018-05-07 11:54:00.153728 +0000 build-fedora3: .if [ "0" -eq 1 ]; then \
2018-05-07 11:54:00.153757 +0000 build-fedora3: ..vtag=`git -C qubes-src/artwork tag --points-at HEAD --list v*`; \
2018-05-07 11:54:00.153781 +0000 build-fedora3: ..if [ -z "$vtag" ]; then \
2018-05-07 11:54:00.153803 +0000 build-fedora3: ...echo "no version tag"; \
2018-05-07 11:54:00.153823 +0000 build-fedora3: ...exit 0; \
2018-05-07 11:54:00.153844 +0000 build-fedora3: ..fi; \
2018-05-07 11:54:00.153866 +0000 build-fedora3: .fi; \
2018-05-07 11:54:00.153909 +0000 build-fedora3: .component_packages=$(MAKEFLAGS= make -s -f Makefile.generic DIST=fc23 PACKAGE_SET=dom0 COMPONENT=`basename qubes-src/artwork` UPDATE_REPO=/home/user/builder-r3.2-dom0/$repo_basedir/current-testing/dom0/fc23 get-var GET_VAR=PACKAGE_LIST); \
2018-05-07 11:54:00.153942 +0000 build-fedora3: .if [ -z "$component_packages" ]; then \
2018-05-07 11:54:00.153965 +0000 build-fedora3: ..echo "no packages."; \
2018-05-07 11:54:00.153988 +0000 build-fedora3: ..exit 0; \
2018-05-07 11:54:00.154010 +0000 build-fedora3: .fi; \
2018-05-07 11:54:00.154036 +0000 build-fedora3: .make -s -f Makefile.generic DIST=fc23 PACKAGE_SET=dom0 \
2018-05-07 11:54:00.154061 +0000 build-fedora3: ..COMPONENT=`basename qubes-src/artwork` \
2018-05-07 11:54:00.154085 +0000 build-fedora3: ..SNAPSHOT_REPO=current-testing \
2018-05-07 11:54:00.154110 +0000 build-fedora3: ..TARGET_REPO=current-testing \
2018-05-07 11:54:00.154139 +0000 build-fedora3: ..UPDATE_REPO=/home/user/builder-r3.2-dom0/$repo_basedir/current-testing/dom0/fc23 \
2018-05-07 11:54:00.154174 +0000 build-fedora3: ..SNAPSHOT_FILE=/home/user/builder-r3.2-dom0/repo-latest-snapshot/current-testing-dom0-fc23-`basename qubes-src/artwork` \
2018-05-07 11:54:00.154207 +0000 build-fedora3: ..BUILD_LOG_URL=https://github.com/QubesOS/build-logs/tree/master/build-fedora3/log_2018-05-07_11-51-22 \
2018-05-07 11:54:00.154232 +0000 build-fedora3: ..update-repo || exit 1; \
2018-05-07 11:54:00.154264 +0000 build-fedora3: elif make -C qubes-src/artwork -n update-repo-current-testing >/dev/null 2>/dev/null; then \
2018-05-07 11:54:00.154290 +0000 build-fedora3: .echo "Updating qubes-src/artwork... "; \
2018-05-07 11:54:00.154318 +0000 build-fedora3: .make -s -C qubes-src/artwork update-repo-current-testing || exit 1; \
2018-05-07 11:54:00.154338 +0000 build-fedora3: else \
2018-05-07 11:54:00.154362 +0000 build-fedora3: .echo -n "Updating qubes-src/artwork... skipping."; \
2018-05-07 11:54:00.154382 +0000 build-fedora3: fi; \
2018-05-07 11:54:00.154402 +0000 build-fedora3: echo
2018-05-07 11:54:00.179548 +0000 build-fedora3: Updating qubes-src/artwork... + ERR_OUTPUT=/dev/stderr
2018-05-07 11:54:00.179612 +0000 build-fedora3: + '[' 2 -lt 2 ']'
2018-05-07 11:54:00.181203 +0000 build-fedora3: ++ basename qubes-src/artwork/qubes-artwork.spec.in
2018-05-07 11:54:00.184310 +0000 build-fedora3: + [[ xqubes-artwork.spec.in == \x\.\i\n ]]
2018-05-07 11:54:00.184366 +0000 build-fedora3: + '[' -r qubes-src/artwork/qubes-artwork.spec.in ']'
2018-05-07 11:54:00.184402 +0000 build-fedora3: + rpm -q --qf '%{NAME}-%{VERSION}.tar.gz\n' --specfile qubes-src/artwork/qubes-artwork.spec
2018-05-07 11:54:00.222155 +0000 build-fedora3: warning: Macro %version defined but not used within scope
2018-05-07 11:54:00.229508 +0000 build-fedora3: cat: version: No such file or directory
2018-05-07 11:54:00.231290 +0000 build-fedora3: error: line 6: Empty tag: Version:
2018-05-07 11:54:00.231343 +0000 build-fedora3: error: query of specfile qubes-src/artwork/qubes-artwork.spec failed, can't parse
2018-05-07 11:54:00.247886 +0000 build-fedora3: + ERR_OUTPUT=/dev/stderr
2018-05-07 11:54:00.247940 +0000 build-fedora3: + '[' 2 -lt 2 ']'
2018-05-07 11:54:00.249713 +0000 build-fedora3: ++ basename qubes-src/artwork/qubes-artwork.spec.in
2018-05-07 11:54:00.253234 +0000 build-fedora3: + [[ xqubes-artwork.spec.in == \x\.\i\n ]]
2018-05-07 11:54:00.253281 +0000 build-fedora3: + '[' -r qubes-src/artwork/qubes-artwork.spec.in ']'
2018-05-07 11:54:00.253315 +0000 build-fedora3: + rpm -q --qf '%{NAME}-%{VERSION}.tar.gz\n' --specfile qubes-src/artwork/qubes-artwork.spec
2018-05-07 11:54:00.290378 +0000 build-fedora3: warning: Macro %version defined but not used within scope
2018-05-07 11:54:00.300181 +0000 build-fedora3: cat: version: No such file or directory
2018-05-07 11:54:00.304537 +0000 build-fedora3: error: line 6: Empty tag: Version:
2018-05-07 11:54:00.304590 +0000 build-fedora3: error: query of specfile qubes-src/artwork/qubes-artwork.spec failed, can't parse
2018-05-07 11:54:00.339605 +0000 build-fedora3: + ERR_OUTPUT=/dev/stderr
2018-05-07 11:54:00.339693 +0000 build-fedora3: + '[' 2 -lt 2 ']'
2018-05-07 11:54:00.341251 +0000 build-fedora3: ++ basename qubes-src/artwork/qubes-artwork.spec.in
2018-05-07 11:54:00.344273 +0000 build-fedora3: + [[ xqubes-artwork.spec.in == \x\.\i\n ]]
2018-05-07 11:54:00.344328 +0000 build-fedora3: + '[' -r qubes-src/artwork/qubes-artwork.spec.in ']'
2018-05-07 11:54:00.344365 +0000 build-fedora3: + rpm -q --qf '%{NAME}-%{VERSION}.tar.gz\n' --specfile qubes-src/artwork/qubes-artwork.spec
2018-05-07 11:54:00.381403 +0000 build-fedora3: warning: Macro %version defined but not used within scope
2018-05-07 11:54:00.388659 +0000 build-fedora3: cat: version: No such file or directory
2018-05-07 11:54:00.390762 +0000 build-fedora3: error: line 6: Empty tag: Version:
2018-05-07 11:54:00.390813 +0000 build-fedora3: error: query of specfile qubes-src/artwork/qubes-artwork.spec failed, can't parse
2018-05-07 11:54:00.434261 +0000 build-fedora3: /home/user/builder-r3.2-dom0/qubes-src/builder-fedora/Makefile.rpmbuilder:140: target 'update-repo-do' does not exist
2018-05-07 11:54:00.434324 +0000 build-fedora3: mkdir -p /home/user/builder-r3.2-dom0/qubes-src/linux-yum/r3.2/current-testing/dom0/fc23/rpm
2018-05-07 11:54:00.466450 +0000 build-fedora3: + ERR_OUTPUT=/dev/stderr
2018-05-07 11:54:00.466505 +0000 build-fedora3: + '[' 2 -lt 2 ']'
2018-05-07 11:54:00.468117 +0000 build-fedora3: ++ basename qubes-src/artwork/qubes-artwork.spec.in
2018-05-07 11:54:00.471240 +0000 build-fedora3: + [[ xqubes-artwork.spec.in == \x\.\i\n ]]
2018-05-07 11:54:00.471293 +0000 build-fedora3: + '[' -r qubes-src/artwork/qubes-artwork.spec.in ']'
2018-05-07 11:54:00.471326 +0000 build-fedora3: + rpm -q --qf '%{NAME}-%{VERSION}.tar.gz\n' --specfile qubes-src/artwork/qubes-artwork.spec
2018-05-07 11:54:00.508546 +0000 build-fedora3: warning: Macro %version defined but not used within scope
2018-05-07 11:54:00.515994 +0000 build-fedora3: cat: version: No such file or directory
2018-05-07 11:54:00.517226 +0000 build-fedora3: error: line 6: Empty tag: Version:
2018-05-07 11:54:00.517275 +0000 build-fedora3: error: query of specfile qubes-src/artwork/qubes-artwork.spec failed, can't parse
2018-05-07 11:54:00.534761 +0000 build-fedora3: cd qubes-src/artwork && ln -f pkgs/fc23/noarch/qubes-artwork-3.2.0-2.fc23.noarch.rpm pkgs/fc23/noarch/qubes-artwork-efi-3.2.0-2.fc23.noarch.rpm  /home/user/builder-r3.2-dom0/qubes-src/linux-yum/r3.2/current-testing/dom0/fc23/rpm/
2018-05-07 11:54:00.541489 +0000 build-fedora3: cd qubes-src/artwork && echo pkgs/fc23/noarch/qubes-artwork-3.2.0-2.fc23.noarch.rpm pkgs/fc23/noarch/qubes-artwork-efi-3.2.0-2.fc23.noarch.rpm  > /home/user/builder-r3.2-dom0/repo-latest-snapshot/current-testing-dom0-fc23-artwork
2018-05-07 11:54:00.609294 +0000 build-fedora3: /home/user/builder-r3.2-dom0/qubes-src/builder-github//Makefile.github:21: target 'notify-github' does not exist
2018-05-07 11:54:00.609360 +0000 build-fedora3: [ -z "qubes-artwork-3.2.0-2.fc23" ] || /home/user/builder-r3.2-dom0/qubes-src/builder-github//notify-issues \
2018-05-07 11:54:00.609399 +0000 build-fedora3: .--build-log="https://github.com/QubesOS/build-logs/tree/master/build-fedora3/log_2018-05-07_11-51-22" \
2018-05-07 11:54:00.609430 +0000 build-fedora3: ."r3.2" \
2018-05-07 11:54:00.609454 +0000 build-fedora3: ."current-testing" \
2018-05-07 11:54:00.609478 +0000 build-fedora3: ."qubes-src/artwork" \
2018-05-07 11:54:00.609503 +0000 build-fedora3: ."qubes-artwork-3.2.0-2.fc23" \
2018-05-07 11:54:00.609524 +0000 build-fedora3: ."fc23" \
2018-05-07 11:54:00.609562 +0000 build-fedora3: ."dom0" \
2018-05-07 11:54:00.609589 +0000 build-fedora3: ."/home/user/github-notify-state/r3.2-artwork-dom0-fc23-current-testing"
2018-05-07 11:54:00.664973 +0000 build-fedora3: + ERR_OUTPUT=/dev/stderr
2018-05-07 11:54:00.665025 +0000 build-fedora3: + '[' 2 -lt 2 ']'
2018-05-07 11:54:00.669295 +0000 build-fedora3: ++ basename qubes-src/artwork/qubes-artwork.spec.in
2018-05-07 11:54:00.672817 +0000 build-fedora3: + [[ xqubes-artwork.spec.in == \x\.\i\n ]]
2018-05-07 11:54:00.672870 +0000 build-fedora3: + '[' -r qubes-src/artwork/qubes-artwork.spec.in ']'
2018-05-07 11:54:00.672905 +0000 build-fedora3: + rpm -q --qf '%{NAME}-%{VERSION}.tar.gz\n' --specfile qubes-src/artwork/qubes-artwork.spec
2018-05-07 11:54:00.710973 +0000 build-fedora3: warning: Macro %version defined but not used within scope
2018-05-07 11:54:00.719352 +0000 build-fedora3: cat: version: No such file or directory
2018-05-07 11:54:00.719405 +0000 build-fedora3: error: line 6: Empty tag: Version:
2018-05-07 11:54:00.719435 +0000 build-fedora3: error: query of specfile qubes-src/artwork/qubes-artwork.spec failed, can't parse
2018-05-07 11:54:06.456025 +0000 build-fedora3: WARNING: /home/user/github-notify-state/r3.2-artwork-dom0-fc23-current-testing does not exist, initializing with the current state
2018-05-07 11:54:06.467319 +0000 build-fedora3: 
2018-05-07 11:54:06.467383 +0000 build-fedora3: Makefile:764: target 'post-update-repo-current-testing' does not exist
2018-05-07 11:54:06.467415 +0000 build-fedora3: for dist in fc23 ; do \
2018-05-07 11:54:06.467445 +0000 build-fedora3: .repo_base_var="LINUX_REPO_${dist}_BASEDIR"; \
2018-05-07 11:54:06.467472 +0000 build-fedora3: .if [ -n "${!repo_base_var}" ]; then \
2018-05-07 11:54:06.467498 +0000 build-fedora3: ..repo_basedir="${!repo_base_var}"; \
2018-05-07 11:54:06.467524 +0000 build-fedora3: .else \
2018-05-07 11:54:06.467550 +0000 build-fedora3: ..repo_basedir="qubes-src/linux-yum/r3.2"; \
2018-05-07 11:54:06.467572 +0000 build-fedora3: .fi; \
2018-05-07 11:54:06.467599 +0000 build-fedora3: .repos_to_update="$repos_to_update $repo_basedir"; \
2018-05-07 11:54:06.467622 +0000 build-fedora3: done; \
2018-05-07 11:54:06.467674 +0000 build-fedora3: for repo in `echo $repos_to_update|tr ' ' '\n'|sort|uniq`; do \
2018-05-07 11:54:06.467700 +0000 build-fedora3: .[ -z "$repo" ] && continue; \
2018-05-07 11:54:06.467730 +0000 build-fedora3: .(cd $repo/.. && ./update_repo-current-testing.sh `basename $repo`); \
2018-05-07 11:54:06.467755 +0000 build-fedora3: done
2018-05-07 11:54:06.819778 +0000 build-fedora3: --> Processing repo: r3.2/current-testing/dom0/fc20...
2018-05-07 11:54:07.374691 +0000 build-fedora3: --> Processing repo: r3.2/current-testing/dom0/fc23...
2018-05-07 11:55:03.242476 +0000 build-fedora3: --> Processing repo: r3.2/current-testing/vm/centos7...
2018-05-07 11:55:03.817489 +0000 build-fedora3: --> Processing repo: r3.2/current-testing/vm/fc22...
2018-05-07 11:55:04.656726 +0000 build-fedora3: --> Processing repo: r3.2/current-testing/vm/fc23...
2018-05-07 11:55:05.444511 +0000 build-fedora3: --> Processing repo: r3.2/current-testing/vm/fc24...
2018-05-07 11:55:06.331960 +0000 build-fedora3: --> Processing repo: r3.2/current-testing/vm/fc25...
2018-05-07 11:55:07.292049 +0000 build-fedora3: --> Processing repo: r3.2/current-testing/vm/fc26...
2018-05-07 11:55:07.839703 +0000 build-fedora3: Done.
2018-05-07 11:55:07.851603 +0000 build-fedora3: ~/builder-r3.2-dom0/qubes-src/linux-yum ~/builder-r3.2-dom0/qubes-src/linux-yum
2018-05-07 11:55:07.855397 +0000 build-fedora3: Syncing r3.2...
2018-05-07 11:55:07.999268 +0000 build-fedora3: sending incremental file list
2018-05-07 11:55:08.274908 +0000 build-fedora3: rsync: failed to set times on "/pub/qubes/repo/yum/r3.2/current-testing": Operation not permitted (1)
2018-05-07 11:55:08.275166 +0000 build-fedora3: rsync: failed to set times on "/pub/qubes/repo/yum/r3.2/current-testing/dom0": Operation not permitted (1)
2018-05-07 11:55:08.275309 +0000 build-fedora3: rsync: failed to set times on "/pub/qubes/repo/yum/r3.2/current-testing/dom0/fc20": Operation not permitted (1)
2018-05-07 11:55:08.275542 +0000 build-fedora3: rsync: failed to set times on "/pub/qubes/repo/yum/r3.2/current-testing/dom0/fc20/rpm": Operation not permitted (1)
2018-05-07 11:55:08.275842 +0000 build-fedora3: rsync: failed to set times on "/pub/qubes/repo/yum/r3.2/current-testing/dom0/fc23": Operation not permitted (1)
2018-05-07 11:55:08.276365 +0000 build-fedora3: rsync: failed to set times on "/pub/qubes/repo/yum/r3.2/current-testing/dom0/fc23/rpm": Operation not permitted (1)
2018-05-07 11:55:08.276585 +0000 build-fedora3: rsync: failed to set times on "/pub/qubes/repo/yum/r3.2/current-testing/vm": Operation not permitted (1)
2018-05-07 11:55:08.276801 +0000 build-fedora3: rsync: failed to set times on "/pub/qubes/repo/yum/r3.2/current-testing/vm/fc22": Operation not permitted (1)
2018-05-07 11:55:08.276949 +0000 build-fedora3: rsync: failed to set times on "/pub/qubes/repo/yum/r3.2/current-testing/vm/fc22/rpm": Operation not permitted (1)
2018-05-07 11:55:08.277094 +0000 build-fedora3: rsync: failed to set times on "/pub/qubes/repo/yum/r3.2/current-testing/vm/fc23": Operation not permitted (1)
2018-05-07 11:55:08.277236 +0000 build-fedora3: rsync: failed to set times on "/pub/qubes/repo/yum/r3.2/current-testing/vm/fc23/rpm": Operation not permitted (1)
2018-05-07 11:55:08.277416 +0000 build-fedora3: rsync: failed to set times on "/pub/qubes/repo/yum/r3.2/current-testing/vm/fc24": Operation not permitted (1)
2018-05-07 11:55:08.277546 +0000 build-fedora3: rsync: failed to set times on "/pub/qubes/repo/yum/r3.2/current-testing/vm/fc24/rpm": Operation not permitted (1)
2018-05-07 11:55:08.277737 +0000 build-fedora3: rsync: failed to set times on "/pub/qubes/repo/yum/r3.2/current-testing/vm/fc25": Operation not permitted (1)
2018-05-07 11:55:08.277928 +0000 build-fedora3: rsync: failed to set times on "/pub/qubes/repo/yum/r3.2/current-testing/vm/fc25/rpm": Operation not permitted (1)
2018-05-07 11:55:08.278018 +0000 build-fedora3: rsync: failed to set times on "/pub/qubes/repo/yum/r3.2/current-testing/vm/fc26": Operation not permitted (1)
2018-05-07 11:55:08.278099 +0000 build-fedora3: rsync: failed to set times on "/pub/qubes/repo/yum/r3.2/current-testing/vm/fc26/comps.xml": Operation not permitted (1)
2018-05-07 11:55:08.278179 +0000 build-fedora3: rsync: failed to set times on "/pub/qubes/repo/yum/r3.2/current-testing/vm/fc26/rpm": Operation not permitted (1)
2018-05-07 11:55:08.278253 +0000 build-fedora3: rsync: failed to set times on "/pub/qubes/repo/yum/r3.2/current": Operation not permitted (1)
2018-05-07 11:55:08.278328 +0000 build-fedora3: rsync: failed to set times on "/pub/qubes/repo/yum/r3.2/current/dom0": Operation not permitted (1)
2018-05-07 11:55:08.278403 +0000 build-fedora3: rsync: failed to set times on "/pub/qubes/repo/yum/r3.2/current/dom0/fc20": Operation not permitted (1)
2018-05-07 11:55:08.278479 +0000 build-fedora3: rsync: failed to set times on "/pub/qubes/repo/yum/r3.2/current/dom0/fc20/rpm": Operation not permitted (1)
2018-05-07 11:55:08.278554 +0000 build-fedora3: rsync: failed to set times on "/pub/qubes/repo/yum/r3.2/current/dom0/fc23": Operation not permitted (1)
2018-05-07 11:55:08.328481 +0000 build-fedora3: .d..t...... current-testing/
2018-05-07 11:55:08.328813 +0000 build-fedora3: .d..t...... current-testing/dom0/
2018-05-07 11:55:08.328954 +0000 build-fedora3: .d..t...... current-testing/dom0/fc20/
2018-05-07 11:55:08.329093 +0000 build-fedora3: .L..t...... current-testing/dom0/fc20/comps.xml -> ../../../comps-dom0.xml
2018-05-07 11:55:08.329209 +0000 build-fedora3: .d..t...... current-testing/dom0/fc20/rpm/
2018-05-07 11:55:08.329325 +0000 build-fedora3: .d..t...... current-testing/dom0/fc23/
2018-05-07 11:55:08.329397 +0000 build-fedora3: .L..t...... current-testing/dom0/fc23/comps.xml -> ../../../comps-dom0.xml
2018-05-07 11:55:08.343751 +0000 build-fedora3: .d..t...... current-testing/dom0/fc23/rpm/
2018-05-07 11:55:08.345167 +0000 build-fedora3: <f.st...... current-testing/dom0/fc23/rpm/qubes-artwork-3.2.0-2.fc23.noarch.rpm
2018-05-07 11:55:12.185483 +0000 build-fedora3: .          8,552   0%    0.00kB/s    0:00:00  .      3,913,206  47%    3.57MB/s    0:00:01  .      5,486,070  67%    2.50MB/s    0:00:01  .      7,058,934  86%    2.14MB/s    0:00:00  .      8,152,682 100%    2.02MB/s    0:00:03 (xfr#1, to-chk=1016/1174)
2018-05-07 11:55:12.185760 +0000 build-fedora3: <f.st...... current-testing/dom0/fc23/rpm/qubes-artwork-efi-3.2.0-2.fc23.noarch.rpm
2018-05-07 11:55:12.190692 +0000 build-fedora3: .          2,140   2%    2.99kB/s    0:00:30  .         93,426 100%  129.78kB/s    0:00:00 (xfr#2, to-chk=1015/1174)
2018-05-07 11:55:12.190882 +0000 build-fedora3: <f..t...... current-testing/dom0/fc23/rpm/qubes-core-dom0-vaio-fixes-1.6.1-1.fc23.x86_64.rpm
2018-05-07 11:55:12.191367 +0000 build-fedora3: .          2,140  29%    2.97kB/s    0:00:01  .          7,170 100%    9.95kB/s    0:00:00 (xfr#3, to-chk=988/1174)
2018-05-07 11:55:12.191516 +0000 build-fedora3: .d..t...... current-testing/vm/
2018-05-07 11:55:12.191699 +0000 build-fedora3: .d..t...... current-testing/vm/centos7/
2018-05-07 11:55:12.191803 +0000 build-fedora3: .L..t...... current-testing/vm/centos7/comps.xml -> ../../../comps-vm.xml
2018-05-07 11:55:12.191873 +0000 build-fedora3: .d..t...... current-testing/vm/centos7/rpm/
2018-05-07 11:55:12.191939 +0000 build-fedora3: <f..t...... current-testing/vm/centos7/rpm/.gitignore
2018-05-07 11:55:12.192773 +0000 build-fedora3: .              6 100%    0.01kB/s    0:00:00  .              6 100%    0.01kB/s    0:00:00 (xfr#4, to-chk=687/1174)
2018-05-07 11:55:12.192900 +0000 build-fedora3: .d..t...... current-testing/vm/fc22/
2018-05-07 11:55:12.193084 +0000 build-fedora3: .L..t...... current-testing/vm/fc22/comps.xml -> ../../../comps-vm.xml
2018-05-07 11:55:12.193196 +0000 build-fedora3: .d..t...... current-testing/vm/fc22/rpm/
2018-05-07 11:55:12.193303 +0000 build-fedora3: .d..t...... current-testing/vm/fc23/
2018-05-07 11:55:12.193458 +0000 build-fedora3: .L..t...... current-testing/vm/fc23/comps.xml -> ../../../comps-vm.xml
2018-05-07 11:55:12.193565 +0000 build-fedora3: .d..t...... current-testing/vm/fc23/rpm/
2018-05-07 11:55:12.193733 +0000 build-fedora3: .d..t...... current-testing/vm/fc24/
2018-05-07 11:55:12.193871 +0000 build-fedora3: .L..t...... current-testing/vm/fc24/comps.xml -> ../../../comps-vm.xml
2018-05-07 11:55:12.193987 +0000 build-fedora3: .d..t...... current-testing/vm/fc24/rpm/
2018-05-07 11:55:12.194092 +0000 build-fedora3: .d..t...... current-testing/vm/fc25/
2018-05-07 11:55:12.194213 +0000 build-fedora3: .L..t...... current-testing/vm/fc25/comps.xml -> ../../../comps-vm.xml
2018-05-07 11:55:12.194320 +0000 build-fedora3: .d..t...... current-testing/vm/fc25/rpm/
2018-05-07 11:55:12.194443 +0000 build-fedora3: .f...p..... current-testing/vm/fc25/rpm/python2-dnf-plugins-qubes-hooks-3.2.17-1.fc25.x86_64.rpm
2018-05-07 11:55:12.194622 +0000 build-fedora3: .f...p..... current-testing/vm/fc25/rpm/python3-dnf-plugins-qubes-hooks-3.2.17-1.fc25.x86_64.rpm
2018-05-07 11:55:12.194809 +0000 build-fedora3: .f...p..... current-testing/vm/fc25/rpm/qubes-core-vm-3.2.17-1.fc25.x86_64.rpm
2018-05-07 11:55:12.194934 +0000 build-fedora3: .f...p..... current-testing/vm/fc25/rpm/qubes-core-vm-debuginfo-3.2.17-1.fc25.x86_64.rpm
2018-05-07 11:55:12.195058 +0000 build-fedora3: .f...p..... current-testing/vm/fc25/rpm/qubes-core-vm-doc-3.2.17-1.noarch.rpm
2018-05-07 11:55:12.195187 +0000 build-fedora3: .f...p..... current-testing/vm/fc25/rpm/qubes-core-vm-systemd-3.2.17-1.fc25.x86_64.rpm
2018-05-07 11:55:12.195308 +0000 build-fedora3: .f...p..... current-testing/vm/fc25/rpm/qubes-core-vm-sysvinit-3.2.17-1.fc25.x86_64.rpm
2018-05-07 11:55:12.195430 +0000 build-fedora3: .f...p..... current-testing/vm/fc25/rpm/qubes-gui-vm-3.2.16-1.fc25.x86_64.rpm
2018-05-07 11:55:12.195556 +0000 build-fedora3: .f...p..... current-testing/vm/fc25/rpm/qubes-gui-vm-debuginfo-3.2.16-1.fc25.x86_64.rpm
2018-05-07 11:55:12.195741 +0000 build-fedora3: .f...p..... current-testing/vm/fc25/rpm/qubes-kernel-vm-support-3.2.4-1.fc25.x86_64.rpm
2018-05-07 11:55:12.195888 +0000 build-fedora3: .f...p..... current-testing/vm/fc25/rpm/qubes-utils-3.2.4-1.fc25.x86_64.rpm
2018-05-07 11:55:12.196015 +0000 build-fedora3: .f...p..... current-testing/vm/fc25/rpm/qubes-utils-debuginfo-3.2.4-1.fc25.x86_64.rpm
2018-05-07 11:55:12.196143 +0000 build-fedora3: .f...p..... current-testing/vm/fc25/rpm/qubes-utils-devel-3.2.4-1.fc25.x86_64.rpm
2018-05-07 11:55:12.196265 +0000 build-fedora3: .f...p..... current-testing/vm/fc25/rpm/qubes-utils-libs-3.2.4-1.fc25.x86_64.rpm
2018-05-07 11:55:12.196374 +0000 build-fedora3: .d..t...... current-testing/vm/fc26/
2018-05-07 11:55:12.196495 +0000 build-fedora3: .L..t...... current-testing/vm/fc26/comps.xml -> ../../../comps-vm.xml
2018-05-07 11:55:12.196599 +0000 build-fedora3: .d..t...... current-testing/vm/fc26/rpm/
2018-05-07 11:55:12.196763 +0000 build-fedora3: <f..t...... current-testing/vm/fc26/rpm/.gitignore
2018-05-07 11:55:12.196959 +0000 build-fedora3: .              6 100%    0.01kB/s    0:00:00  .              6 100%    0.01kB/s    0:00:00 (xfr#5, to-chk=566/1174)
2018-05-07 11:55:12.197064 +0000 build-fedora3: .d..t...... current/
2018-05-07 11:55:12.197175 +0000 build-fedora3: .d..t...... current/dom0/
2018-05-07 11:55:12.197280 +0000 build-fedora3: .d..t...... current/dom0/fc20/
2018-05-07 11:55:12.197398 +0000 build-fedora3: .L..t...... current/dom0/fc20/comps.xml -> ../../../comps-dom0.xml
2018-05-07 11:55:12.197503 +0000 build-fedora3: .d..t...... current/dom0/fc20/rpm/
2018-05-07 11:55:12.197603 +0000 build-fedora3: .d..t...... current/dom0/fc23/
2018-05-07 11:55:12.197758 +0000 build-fedora3: .L..t...... current/dom0/fc23/comps.xml -> ../../../comps-dom0.xml
2018-05-07 11:55:12.197838 +0000 build-fedora3: rsync: failed to set times on "/pub/qubes/repo/yum/r3.2/current/dom0/fc23/rpm": Operation not permitted (1)
2018-05-07 11:55:12.197914 +0000 build-fedora3: rsync: failed to set times on "/pub/qubes/repo/yum/r3.2/current/vm": Operation not permitted (1)
2018-05-07 11:55:12.197989 +0000 build-fedora3: rsync: failed to set times on "/pub/qubes/repo/yum/r3.2/current/vm/fc22": Operation not permitted (1)
2018-05-07 11:55:12.198064 +0000 build-fedora3: rsync: failed to set times on "/pub/qubes/repo/yum/r3.2/current/vm/fc22/rpm": Operation not permitted (1)
2018-05-07 11:55:12.198136 +0000 build-fedora3: rsync: failed to set times on "/pub/qubes/repo/yum/r3.2/current/vm/fc23": Operation not permitted (1)
2018-05-07 11:55:12.198210 +0000 build-fedora3: rsync: failed to set times on "/pub/qubes/repo/yum/r3.2/current/vm/fc23/rpm": Operation not permitted (1)
2018-05-07 11:55:12.198328 +0000 build-fedora3: rsync: failed to set times on "/pub/qubes/repo/yum/r3.2/current/vm/fc24": Operation not permitted (1)
2018-05-07 11:55:12.198463 +0000 build-fedora3: rsync: failed to set times on "/pub/qubes/repo/yum/r3.2/current/vm/fc24/rpm": Operation not permitted (1)
2018-05-07 11:55:12.198594 +0000 build-fedora3: rsync: failed to set times on "/pub/qubes/repo/yum/r3.2/current/vm/fc25": Operation not permitted (1)
2018-05-07 11:55:12.198778 +0000 build-fedora3: rsync: failed to set times on "/pub/qubes/repo/yum/r3.2/current/vm/fc25/rpm": Operation not permitted (1)
2018-05-07 11:55:12.198917 +0000 build-fedora3: rsync: failed to set times on "/pub/qubes/repo/yum/r3.2/current/vm/fc26": Operation not permitted (1)
2018-05-07 11:55:12.199054 +0000 build-fedora3: rsync: failed to set times on "/pub/qubes/repo/yum/r3.2/current/vm/fc26/comps.xml": Operation not permitted (1)
2018-05-07 11:55:12.199194 +0000 build-fedora3: rsync: failed to set times on "/pub/qubes/repo/yum/r3.2/current/vm/fc26/rpm": Operation not permitted (1)
2018-05-07 11:55:12.199316 +0000 build-fedora3: rsync: failed to set times on "/pub/qubes/repo/yum/r3.2/security-testing": Operation not permitted (1)
2018-05-07 11:55:12.199441 +0000 build-fedora3: rsync: failed to set times on "/pub/qubes/repo/yum/r3.2/security-testing/dom0": Operation not permitted (1)
2018-05-07 11:55:12.199525 +0000 build-fedora3: rsync: failed to set times on "/pub/qubes/repo/yum/r3.2/security-testing/dom0/fc20": Operation not permitted (1)
2018-05-07 11:55:12.199688 +0000 build-fedora3: rsync: failed to set times on "/pub/qubes/repo/yum/r3.2/security-testing/dom0/fc20/rpm": Operation not permitted (1)
2018-05-07 11:55:12.199774 +0000 build-fedora3: rsync: failed to set times on "/pub/qubes/repo/yum/r3.2/security-testing/dom0/fc23": Operation not permitted (1)
2018-05-07 11:55:12.199853 +0000 build-fedora3: rsync: failed to set times on "/pub/qubes/repo/yum/r3.2/security-testing/dom0/fc23/rpm": Operation not permitted (1)
2018-05-07 11:55:12.199915 +0000 build-fedora3: .d..t...... current/dom0/fc23/rpm/
2018-05-07 11:55:12.199970 +0000 build-fedora3: .d..t...... current/vm/
2018-05-07 11:55:12.200035 +0000 build-fedora3: .d..t...... current/vm/centos7/
2018-05-07 11:55:12.200102 +0000 build-fedora3: .L..t...... current/vm/centos7/comps.xml -> ../../../comps-vm.xml
2018-05-07 11:55:12.200169 +0000 build-fedora3: .d..t...... current/vm/centos7/rpm/
2018-05-07 11:55:12.200278 +0000 build-fedora3: <f..t...... current/vm/centos7/rpm/.gitignore
2018-05-07 11:55:12.200419 +0000 build-fedora3: .              6 100%    0.01kB/s    0:00:00  .              6 100%    0.01kB/s    0:00:00 (xfr#6, to-chk=266/1174)
2018-05-07 11:55:12.200525 +0000 build-fedora3: .d..t...... current/vm/fc22/
2018-05-07 11:55:12.200602 +0000 build-fedora3: .L..t...... current/vm/fc22/comps.xml -> ../../../comps-vm.xml
2018-05-07 11:55:12.200731 +0000 build-fedora3: .d..t...... current/vm/fc22/rpm/
2018-05-07 11:55:12.200837 +0000 build-fedora3: .d..t...... current/vm/fc23/
2018-05-07 11:55:12.200941 +0000 build-fedora3: .L..t...... current/vm/fc23/comps.xml -> ../../../comps-vm.xml
2018-05-07 11:55:12.201026 +0000 build-fedora3: .d..t...... current/vm/fc23/rpm/
2018-05-07 11:55:12.201128 +0000 build-fedora3: .d..t...... current/vm/fc24/
2018-05-07 11:55:12.201195 +0000 build-fedora3: .L..t...... current/vm/fc24/comps.xml -> ../../../comps-vm.xml
2018-05-07 11:55:12.201254 +0000 build-fedora3: .d..t...... current/vm/fc24/rpm/
2018-05-07 11:55:12.201321 +0000 build-fedora3: .d..t...... current/vm/fc25/
2018-05-07 11:55:12.201434 +0000 build-fedora3: .L..t...... current/vm/fc25/comps.xml -> ../../../comps-vm.xml
2018-05-07 11:55:12.201535 +0000 build-fedora3: .d..t...... current/vm/fc25/rpm/
2018-05-07 11:55:12.201609 +0000 build-fedora3: .d..t...... current/vm/fc26/
2018-05-07 11:55:12.201727 +0000 build-fedora3: .L..t...... current/vm/fc26/comps.xml -> ../../../comps-vm.xml
2018-05-07 11:55:12.201790 +0000 build-fedora3: .d..t...... current/vm/fc26/rpm/
2018-05-07 11:55:12.201850 +0000 build-fedora3: <f..t...... current/vm/fc26/rpm/.gitignore
2018-05-07 11:55:12.201928 +0000 build-fedora3: .              6 100%    0.01kB/s    0:00:00  .              6 100%    0.01kB/s    0:00:00 (xfr#7, to-chk=194/1174)
2018-05-07 11:55:12.201989 +0000 build-fedora3: .d..t...... security-testing/
2018-05-07 11:55:12.202047 +0000 build-fedora3: .d..t...... security-testing/dom0/
2018-05-07 11:55:12.202109 +0000 build-fedora3: .d..t...... security-testing/dom0/fc20/
2018-05-07 11:55:12.202176 +0000 build-fedora3: .L..t...... security-testing/dom0/fc20/comps.xml -> ../../../comps-dom0.xml
2018-05-07 11:55:12.202236 +0000 build-fedora3: .d..t...... security-testing/dom0/fc20/rpm/
2018-05-07 11:55:12.202295 +0000 build-fedora3: .d..t...... security-testing/dom0/fc23/
2018-05-07 11:55:12.202361 +0000 build-fedora3: .L..t...... security-testing/dom0/fc23/comps.xml -> ../../../comps-dom0.xml
2018-05-07 11:55:12.202422 +0000 build-fedora3: .d..t...... security-testing/dom0/fc23/rpm/
2018-05-07 11:55:12.202494 +0000 build-fedora3: rsync: failed to set times on "/pub/qubes/repo/yum/r3.2/security-testing/vm": Operation not permitted (1)
2018-05-07 11:55:12.202571 +0000 build-fedora3: rsync: failed to set times on "/pub/qubes/repo/yum/r3.2/security-testing/vm/fc22": Operation not permitted (1)
2018-05-07 11:55:12.202702 +0000 build-fedora3: rsync: failed to set times on "/pub/qubes/repo/yum/r3.2/security-testing/vm/fc22/rpm": Operation not permitted (1)
2018-05-07 11:55:12.202837 +0000 build-fedora3: rsync: failed to set times on "/pub/qubes/repo/yum/r3.2/security-testing/vm/fc23": Operation not permitted (1)
2018-05-07 11:55:12.202978 +0000 build-fedora3: rsync: failed to set times on "/pub/qubes/repo/yum/r3.2/security-testing/vm/fc23/rpm": Operation not permitted (1)
2018-05-07 11:55:12.203059 +0000 build-fedora3: rsync: failed to set times on "/pub/qubes/repo/yum/r3.2/security-testing/vm/fc24": Operation not permitted (1)
2018-05-07 11:55:12.203143 +0000 build-fedora3: rsync: failed to set times on "/pub/qubes/repo/yum/r3.2/security-testing/vm/fc24/rpm": Operation not permitted (1)
2018-05-07 11:55:12.203220 +0000 build-fedora3: rsync: failed to set times on "/pub/qubes/repo/yum/r3.2/security-testing/vm/fc25": Operation not permitted (1)
2018-05-07 11:55:12.203297 +0000 build-fedora3: rsync: failed to set times on "/pub/qubes/repo/yum/r3.2/security-testing/vm/fc25/rpm": Operation not permitted (1)
2018-05-07 11:55:12.203386 +0000 build-fedora3: rsync: failed to set times on "/pub/qubes/repo/yum/r3.2/security-testing/vm/fc26": Operation not permitted (1)
2018-05-07 11:55:12.203417 +0000 build-fedora3: rsync: failed to set times on "/pub/qubes/repo/yum/r3.2/security-testing/vm/fc26/comps.xml": Operation not permitted (1)
2018-05-07 11:55:12.203439 +0000 build-fedora3: rsync: failed to set times on "/pub/qubes/repo/yum/r3.2/security-testing/vm/fc26/rpm": Operation not permitted (1)
2018-05-07 11:55:12.203453 +0000 build-fedora3: .d..t...... security-testing/vm/
2018-05-07 11:55:12.203467 +0000 build-fedora3: .d..t...... security-testing/vm/centos7/
2018-05-07 11:55:12.203483 +0000 build-fedora3: .L..t...... security-testing/vm/centos7/comps.xml -> ../../../comps-vm.xml
2018-05-07 11:55:12.203497 +0000 build-fedora3: .d..t...... security-testing/vm/centos7/rpm/
2018-05-07 11:55:12.203512 +0000 build-fedora3: <f..t...... security-testing/vm/centos7/rpm/.gitignore
2018-05-07 11:55:12.203530 +0000 build-fedora3: .              6 100%    0.01kB/s    0:00:00  .              6 100%    0.01kB/s    0:00:00 (xfr#8, to-chk=48/1174)
2018-05-07 11:55:12.203545 +0000 build-fedora3: .d..t...... security-testing/vm/fc22/
2018-05-07 11:55:12.203561 +0000 build-fedora3: .L..t...... security-testing/vm/fc22/comps.xml -> ../../../comps-vm.xml
2018-05-07 11:55:12.203575 +0000 build-fedora3: .d..t...... security-testing/vm/fc22/rpm/
2018-05-07 11:55:12.203589 +0000 build-fedora3: .d..t...... security-testing/vm/fc23/
2018-05-07 11:55:12.203604 +0000 build-fedora3: .L..t...... security-testing/vm/fc23/comps.xml -> ../../../comps-vm.xml
2018-05-07 11:55:12.203618 +0000 build-fedora3: .d..t...... security-testing/vm/fc23/rpm/
2018-05-07 11:55:12.203641 +0000 build-fedora3: .d..t...... security-testing/vm/fc24/
2018-05-07 11:55:12.203658 +0000 build-fedora3: .L..t...... security-testing/vm/fc24/comps.xml -> ../../../comps-vm.xml
2018-05-07 11:55:12.203673 +0000 build-fedora3: .d..t...... security-testing/vm/fc24/rpm/
2018-05-07 11:55:12.203687 +0000 build-fedora3: .d..t...... security-testing/vm/fc25/
2018-05-07 11:55:12.203702 +0000 build-fedora3: .L..t...... security-testing/vm/fc25/comps.xml -> ../../../comps-vm.xml
2018-05-07 11:55:12.203716 +0000 build-fedora3: .d..t...... security-testing/vm/fc25/rpm/
2018-05-07 11:55:12.203729 +0000 build-fedora3: .d..t...... security-testing/vm/fc26/
2018-05-07 11:55:12.203745 +0000 build-fedora3: .L..t...... security-testing/vm/fc26/comps.xml -> ../../../comps-vm.xml
2018-05-07 11:55:12.203759 +0000 build-fedora3: .d..t...... security-testing/vm/fc26/rpm/
2018-05-07 11:55:12.203774 +0000 build-fedora3: <f..t...... security-testing/vm/fc26/rpm/.gitignore
2018-05-07 11:55:12.203801 +0000 build-fedora3: .              6 100%    0.01kB/s    0:00:00  .              6 100%    0.01kB/s    0:00:00 (xfr#9, to-chk=0/1174)
2018-05-07 11:55:13.672964 +0000 build-fedora3: hf..t...... current/dom0/fc23/rpm/qubes-core-dom0-vaio-fixes-1.6.1-1.fc23.x86_64.rpm => current-testing/dom0/fc23/rpm/qubes-core-dom0-vaio-fixes-1.6.1-1.fc23.x86_64.rpm
2018-05-07 11:55:13.673211 +0000 build-fedora3: hf          security-testing/dom0/fc23/rpm/qubes-core-dom0-vaio-fixes-1.6.1-1.fc23.x86_64.rpm => current-testing/dom0/fc23/rpm/qubes-core-dom0-vaio-fixes-1.6.1-1.fc23.x86_64.rpm
2018-05-07 11:55:13.741931 +0000 build-fedora3: rsync error: some files/attrs were not transferred (see previous errors) (code 23) at main.c(1189) [sender=3.1.3]
2018-05-07 11:55:14.230454 +0000 build-fedora3: --> Processing repo: /pub/qubes/repo/yum/r3.2/current/dom0/fc20...
2018-05-07 11:55:14.328049 +0000 build-fedora3: Warning: Requested more delta workers than workers. This is insane. Limiting.
2018-05-07 11:55:14.936555 +0000 build-fedora3: --> Processing repo: /pub/qubes/repo/yum/r3.2/current/dom0/fc23...
2018-05-07 11:55:15.038535 +0000 build-fedora3: Warning: Requested more delta workers than workers. This is insane. Limiting.
2018-05-07 11:56:31.821478 +0000 build-fedora3: --> Processing repo: /pub/qubes/repo/yum/r3.2/current/vm/centos7...
2018-05-07 11:56:31.851294 +0000 build-fedora3: Warning: Requested more delta workers than workers. This is insane. Limiting.
2018-05-07 11:56:32.370744 +0000 build-fedora3: --> Processing repo: /pub/qubes/repo/yum/r3.2/current/vm/fc22...
2018-05-07 11:56:32.466206 +0000 build-fedora3: Warning: Requested more delta workers than workers. This is insane. Limiting.
2018-05-07 11:56:32.932013 +0000 build-fedora3: --> Processing repo: /pub/qubes/repo/yum/r3.2/current/vm/fc23...
2018-05-07 11:56:33.032898 +0000 build-fedora3: Warning: Requested more delta workers than workers. This is insane. Limiting.
2018-05-07 11:56:54.100567 +0000 build-fedora3: --> Processing repo: /pub/qubes/repo/yum/r3.2/current/vm/fc24...
2018-05-07 11:56:54.201556 +0000 build-fedora3: Warning: Requested more delta workers than workers. This is insane. Limiting.
2018-05-07 11:57:15.152052 +0000 build-fedora3: --> Processing repo: /pub/qubes/repo/yum/r3.2/current/vm/fc25...
2018-05-07 11:57:15.249253 +0000 build-fedora3: Warning: Requested more delta workers than workers. This is insane. Limiting.
2018-05-07 11:57:29.706214 +0000 build-fedora3: --> Processing repo: /pub/qubes/repo/yum/r3.2/current/vm/fc26...
2018-05-07 11:57:29.804189 +0000 build-fedora3: Warning: Requested more delta workers than workers. This is insane. Limiting.
2018-05-07 11:57:34.187134 +0000 build-fedora3: --> Processing repo: /pub/qubes/repo/yum/r3.2/current/vm/fc27...
2018-05-07 11:57:34.541085 +0000 build-fedora3: Warning: Requested more delta workers than workers. This is insane. Limiting.
2018-05-07 11:57:34.769963 +0000 build-fedora3: --> Processing repo: /pub/qubes/repo/yum/r3.2/current/vm/fc28...
2018-05-07 11:57:34.864082 +0000 build-fedora3: Warning: Requested more delta workers than workers. This is insane. Limiting.
2018-05-07 11:57:35.406862 +0000 build-fedora3: Done.
2018-05-07 11:57:35.590445 +0000 build-fedora3: --> Processing repo: /pub/qubes/repo/yum/r3.2/current-testing/dom0/fc20...
2018-05-07 11:57:35.685380 +0000 build-fedora3: Warning: Requested more delta workers than workers. This is insane. Limiting.
2018-05-07 11:57:36.151887 +0000 build-fedora3: --> Processing repo: /pub/qubes/repo/yum/r3.2/current-testing/dom0/fc23...
2018-05-07 11:57:36.258870 +0000 build-fedora3: Warning: Requested more delta workers than workers. This is insane. Limiting.
2018-05-07 12:00:05.233485 +0000 build-fedora3: Traceback (most recent call last):
2018-05-07 12:00:05.233807 +0000 build-fedora3:   File "/usr/local/share/createrepo/genpkgmetadata.py", line 320, in <module>
2018-05-07 12:00:05.233976 +0000 build-fedora3:     main(sys.argv[1:])
2018-05-07 12:00:05.234128 +0000 build-fedora3:   File "/usr/local/share/createrepo/genpkgmetadata.py", line 292, in main
2018-05-07 12:00:05.234202 +0000 build-fedora3:     mdgen.doRepoMetadata()
2018-05-07 12:00:05.234293 +0000 build-fedora3:   File "/usr/local/lib/python2.7/site-packages/createrepo/__init__.py", line 1227, in doRepoMetadata
2018-05-07 12:00:05.234731 +0000 build-fedora3:     zfo = compressOpen(complete_path)
2018-05-07 12:00:05.234869 +0000 build-fedora3:   File "/usr/local/lib/python2.7/site-packages/createrepo/utils.py", line 135, in compressOpen
2018-05-07 12:00:05.247114 +0000 build-fedora3:     return _gzipOpen(fn, mode)
2018-05-07 12:00:05.247278 +0000 build-fedora3:   File "/usr/local/lib/python2.7/site-packages/createrepo/utils.py", line 53, in _gzipOpen
2018-05-07 12:00:05.247367 +0000 build-fedora3:     return GzipFile(filename, mode, compresslevel)
2018-05-07 12:00:05.247468 +0000 build-fedora3:   File "/usr/local/lib/python2.7/gzip.py", line 94, in __init__
2018-05-07 12:00:05.247683 +0000 build-fedora3:     fileobj = self.myfileobj = __builtin__.open(filename, mode or 'rb')
2018-05-07 12:00:05.247829 +0000 build-fedora3: IOError: [Errno 2] No such file or directory: '/pub/qubes/repo/yum/r3.2/current-testing/dom0/fc23/.repodata/other.xml.gz'
2018-05-07 12:00:05.497173 +0000 build-fedora3: --> Processing repo: /pub/qubes/repo/yum/r3.2/security-testing/dom0/fc20...
2018-05-07 12:00:05.592935 +0000 build-fedora3: Warning: Requested more delta workers than workers. This is insane. Limiting.
2018-05-07 12:00:06.066123 +0000 build-fedora3: --> Processing repo: /pub/qubes/repo/yum/r3.2/security-testing/dom0/fc23...
2018-05-07 12:00:06.162473 +0000 build-fedora3: Warning: Requested more delta workers than workers. This is insane. Limiting.
2018-05-07 12:00:26.968392 +0000 build-fedora3: --> Processing repo: /pub/qubes/repo/yum/r3.2/security-testing/vm/centos7...
2018-05-07 12:00:27.062960 +0000 build-fedora3: Warning: Requested more delta workers than workers. This is insane. Limiting.
2018-05-07 12:00:27.541432 +0000 build-fedora3: --> Processing repo: /pub/qubes/repo/yum/r3.2/security-testing/vm/fc22...
2018-05-07 12:00:27.636086 +0000 build-fedora3: Warning: Requested more delta workers than workers. This is insane. Limiting.
2018-05-07 12:00:28.688983 +0000 build-fedora3: --> Processing repo: /pub/qubes/repo/yum/r3.2/security-testing/vm/fc23...
2018-05-07 12:00:28.788843 +0000 build-fedora3: Warning: Requested more delta workers than workers. This is insane. Limiting.
2018-05-07 12:00:39.779558 +0000 build-fedora3: --> Processing repo: /pub/qubes/repo/yum/r3.2/security-testing/vm/fc24...
2018-05-07 12:00:39.874279 +0000 build-fedora3: Warning: Requested more delta workers than workers. This is insane. Limiting.
2018-05-07 12:00:50.795282 +0000 build-fedora3: --> Processing repo: /pub/qubes/repo/yum/r3.2/security-testing/vm/fc25...
2018-05-07 12:00:50.892128 +0000 build-fedora3: Warning: Requested more delta workers than workers. This is insane. Limiting.
2018-05-07 12:01:01.781045 +0000 build-fedora3: --> Processing repo: /pub/qubes/repo/yum/r3.2/security-testing/vm/fc26...
2018-05-07 12:01:01.875404 +0000 build-fedora3: Warning: Requested more delta workers than workers. This is insane. Limiting.
2018-05-07 12:01:06.607012 +0000 build-fedora3: --> Processing repo: /pub/qubes/repo/yum/r3.2/security-testing/vm/fc27...
2018-05-07 12:01:06.704785 +0000 build-fedora3: Warning: Requested more delta workers than workers. This is insane. Limiting.
2018-05-07 12:01:07.196863 +0000 build-fedora3: --> Processing repo: /pub/qubes/repo/yum/r3.2/security-testing/vm/fc28...
2018-05-07 12:01:07.295364 +0000 build-fedora3: Warning: Requested more delta workers than workers. This is insane. Limiting.
2018-05-07 12:01:07.748054 +0000 build-fedora3: Done.
2018-05-07 12:01:07.753220 +0000 build-fedora3: ~/builder-r3.2-dom0/qubes-src/linux-yum
2018-05-07 12:01:07.759857 +0000 build-fedora3: Makefile:689: update target 'update-repo-current-testing' due to: internal-update-repo-current-testing.dom0.fc23.artwork post-update-repo-current-testing
2018-05-07 12:01:07.759995 +0000 build-fedora3: true
2018-05-07 12:01:07.768328 +0000 build-fedora3: > done
2018-05-07 12:01:07.769055 +0000 > closing log
