2018-05-14 19:29:05.142093 +0000 > starting log
2018-05-14 19:29:05.144293 +0000 build-fedora3: > starting build with log
2018-05-14 19:29:05.144340 +0000 build-fedora3: >> make args: update-repo-current
2018-05-14 19:29:05.144371 +0000 build-fedora3: >> MAKEFLAGS=
2018-05-14 19:29:05.144400 +0000 build-fedora3: >> COMPONENTS=mgmt-salt-dom0-virtual-machines
2018-05-14 19:29:05.144468 +0000 build-fedora3: >> DISTS_VM=
2018-05-14 19:29:05.144495 +0000 build-fedora3: >> DIST_DOM0=
2018-05-14 19:29:05.144524 +0000 build-fedora3: >> qubes-builder 87e3d6a4f31e6ba10a9a59a5bfeac108af709658
2018-05-14 19:29:05.144559 +0000 build-fedora3: >> qubes-builder/qubes-src/mgmt-salt-dom0-virtual-machines 04d979a2f0622c0275b41a56b75700cddcab18d6
2018-05-14 19:29:05.144592 +0000 build-fedora3: !! pkgs/fc23/noarch/qubes-mgmt-salt-dom0-virtual-machines-3.2.3-1.fc23.noarch.rpm
2018-05-14 19:29:05.144621 +0000 build-fedora3: !! pkgs/fc23/qubes-mgmt-salt-dom0-virtual-machines-dom0.spec.list
2018-05-14 19:29:05.144666 +0000 build-fedora3: 9c95063a09d2b85c7add9962ccd677228a0fdc483ed62bc27b5f168a86552ad23e067498f7e0d1bfbdb9824fc85d52c3959298e5e2fc8c51051ecdab6ae11a9a  pkgs/fc23/noarch/qubes-mgmt-salt-dom0-virtual-machines-3.2.3-1.fc23.noarch.rpm
2018-05-14 19:29:05.144708 +0000 build-fedora3: 8483adf520c485ab262de7ad6492c74b9f06d9c1a7707b266dedb75f96ea967c482fb7a6d192361d642428c5348b97b1daa6f4aceb3eb5348fe6bee101678ba7  pkgs/fc23/qubes-mgmt-salt-dom0-virtual-machines-dom0.spec.list
2018-05-14 19:29:05.225114 +0000 build-fedora3: ================================================================================
2018-05-14 19:29:05.225180 +0000 build-fedora3:                            B U I L D   I N F O                                  
2018-05-14 19:29:05.225460 +0000 build-fedora3: Items in red indicate it was automatically generated by configuration file(s)
2018-05-14 19:29:05.225499 +0000 build-fedora3: Items in white indicate it was automatically removed by configuration file(s)
2018-05-14 19:29:05.225676 +0000 build-fedora3: ================================================================================
2018-05-14 19:29:05.225705 +0000 build-fedora3: DISTS_VM:
2018-05-14 19:29:05.233795 +0000 build-fedora3:     
2018-05-14 19:29:05.236023 +0000 build-fedora3: DISTS_ALL:
2018-05-14 19:29:05.245068 +0000 build-fedora3:      fc23,
2018-05-14 19:29:05.245752 +0000 build-fedora3: DIST_DOM0:
2018-05-14 19:29:05.261274 +0000 build-fedora3:      fc23,
2018-05-14 19:29:05.262073 +0000 build-fedora3: BUILDER_PLUGINS:
2018-05-14 19:29:05.274535 +0000 build-fedora3:      builder-fedora, mgmt-salt, builder-github,
2018-05-14 19:29:05.275518 +0000 build-fedora3: COMPONENTS:
2018-05-14 19:29:05.287681 +0000 build-fedora3:      mgmt-salt-dom0-virtual-machines,
2018-05-14 19:29:05.289856 +0000 build-fedora3: GIT_REPOS:
2018-05-14 19:29:05.299733 +0000 build-fedora3:      qubes-src/mgmt-salt-dom0-virtual-machines,
2018-05-14 19:29:05.302349 +0000 build-fedora3: TEMPLATE:
2018-05-14 19:29:05.312545 +0000 build-fedora3:     
2018-05-14 19:29:05.314718 +0000 build-fedora3: TEMPLATE_FLAVOR_DIR:
2018-05-14 19:29:05.324510 +0000 build-fedora3:     
2018-05-14 19:29:05.328156 +0000 build-fedora3: TEMPLATE_ALIAS:
2018-05-14 19:29:05.338010 +0000 build-fedora3:      jessie:jessie+standard, jessie+gnome:jessie+gnome+standard,
2018-05-14 19:29:05.338070 +0000 build-fedora3:      jessie+minimal:jessie+minimal+no-recommends, stretch:stretch+standard, stretch+gnome:stretch+gnome+standard,
2018-05-14 19:29:05.338105 +0000 build-fedora3:      stretch+minimal:stretch+minimal+no-recommends, jessie:jessie+standard, jessie+gnome:jessie+gnome+standard,
2018-05-14 19:29:05.338142 +0000 build-fedora3:      jessie+minimal:jessie+minimal+no-recommends, stretch:stretch+standard, stretch+gnome:stretch+gnome+standard,
2018-05-14 19:29:05.338169 +0000 build-fedora3:      stretch+minimal:stretch+minimal+no-recommends,
2018-05-14 19:29:05.340447 +0000 build-fedora3: TEMPLATE_LABEL:
2018-05-14 19:29:05.349934 +0000 build-fedora3:      fc20:fedora-20 fc21:fedora-21 fc22:fedora-22 fc23:fedora-23 fc24:fedora-24 fc25:fedora-25 fc26:fedora-26
2018-05-14 19:29:05.350024 +0000 build-fedora3:      fc20+minimal:fedora-20-minimal fc21+minimal:fedora-21-minimal fc23+minimal:fedora-23-minimal
2018-05-14 19:29:05.350067 +0000 build-fedora3:      fc24+minimal:fedora-24-minimal fc25+minimal:fedora-25-minimal fc26+minimal:fedora-26-minimal
2018-05-14 19:29:05.350102 +0000 build-fedora3:      fc25+xfce:fedora-25-xfce fc26+xfce:fedora-26-xfce wheezy:debian-7 wheezy+standard:debian-7
2018-05-14 19:29:05.350139 +0000 build-fedora3:      jessie:debian-8 jessie+standard:debian-8 stretch:debian-9 stretch+standard:debian-9 centos7:centos-7
2018-05-14 19:29:05.350176 +0000 build-fedora3:      centos7+minimal:centos-7-minimal fc20:fedora-20 fc21:fedora-21 fc22:fedora-22 fc23:fedora-23 fc24:fedora-24
2018-05-14 19:29:05.350212 +0000 build-fedora3:      fc25:fedora-25 fc26:fedora-26 fc20+minimal:fedora-20-minimal fc21+minimal:fedora-21-minimal
2018-05-14 19:29:05.350249 +0000 build-fedora3:      fc23+minimal:fedora-23-minimal fc24+minimal:fedora-24-minimal fc25+minimal:fedora-25-minimal
2018-05-14 19:29:05.350283 +0000 build-fedora3:      fc26+minimal:fedora-26-minimal wheezy:debian-7 wheezy+standard:debian-7 jessie:debian-8
2018-05-14 19:29:05.350314 +0000 build-fedora3:      jessie+standard:debian-8 stretch:debian-9 stretch+standard:debian-9
2018-05-14 19:29:05.413037 +0000 build-fedora3: > running make
2018-05-14 19:29:05.457572 +0000 build-fedora3: Makefile:721: target 'internal-update-repo-current.dom0.fc23.mgmt-salt-dom0-virtual-machines' does not exist
2018-05-14 19:29:05.457656 +0000 build-fedora3: repo_base_var="LINUX_REPO_fc23_BASEDIR"; \
2018-05-14 19:29:05.457698 +0000 build-fedora3: if [ -n "${!repo_base_var}" ]; then \
2018-05-14 19:29:05.457731 +0000 build-fedora3: .repo_basedir="${!repo_base_var}"; \
2018-05-14 19:29:05.457759 +0000 build-fedora3: else \
2018-05-14 19:29:05.457795 +0000 build-fedora3: .repo_basedir="qubes-src/linux-yum/r3.2"; \
2018-05-14 19:29:05.457822 +0000 build-fedora3: fi; \
2018-05-14 19:29:05.457854 +0000 build-fedora3: if [ -r qubes-src/mgmt-salt-dom0-virtual-machines/Makefile.builder ]; then \
2018-05-14 19:29:05.457886 +0000 build-fedora3: .echo -n "Updating qubes-src/mgmt-salt-dom0-virtual-machines... "; \
2018-05-14 19:29:05.457913 +0000 build-fedora3: .if [ "0" -eq 1 ]; then \
2018-05-14 19:29:05.457946 +0000 build-fedora3: ..vtag=`git -C qubes-src/mgmt-salt-dom0-virtual-machines tag --points-at HEAD --list v*`; \
2018-05-14 19:29:05.457974 +0000 build-fedora3: ..if [ -z "$vtag" ]; then \
2018-05-14 19:29:05.457999 +0000 build-fedora3: ...echo "no version tag"; \
2018-05-14 19:29:05.458022 +0000 build-fedora3: ...exit 0; \
2018-05-14 19:29:05.458046 +0000 build-fedora3: ..fi; \
2018-05-14 19:29:05.458070 +0000 build-fedora3: .fi; \
2018-05-14 19:29:05.458117 +0000 build-fedora3: .component_packages=$(MAKEFLAGS= make -s -f Makefile.generic DIST=fc23 PACKAGE_SET=dom0 COMPONENT=`basename qubes-src/mgmt-salt-dom0-virtual-machines` UPDATE_REPO=/home/user/builder-r3.2-dom0/$repo_basedir/current/dom0/fc23 get-var GET_VAR=PACKAGE_LIST); \
2018-05-14 19:29:05.458146 +0000 build-fedora3: .if [ -z "$component_packages" ]; then \
2018-05-14 19:29:05.458173 +0000 build-fedora3: ..echo "no packages."; \
2018-05-14 19:29:05.458196 +0000 build-fedora3: ..exit 0; \
2018-05-14 19:29:05.458219 +0000 build-fedora3: .fi; \
2018-05-14 19:29:05.458247 +0000 build-fedora3: .make -s -f Makefile.generic DIST=fc23 PACKAGE_SET=dom0 \
2018-05-14 19:29:05.458275 +0000 build-fedora3: ..COMPONENT=`basename qubes-src/mgmt-salt-dom0-virtual-machines` \
2018-05-14 19:29:05.458302 +0000 build-fedora3: ..SNAPSHOT_REPO=current-testing \
2018-05-14 19:29:05.458327 +0000 build-fedora3: ..TARGET_REPO=current \
2018-05-14 19:29:05.458356 +0000 build-fedora3: ..UPDATE_REPO=/home/user/builder-r3.2-dom0/$repo_basedir/current/dom0/fc23 \
2018-05-14 19:29:05.458394 +0000 build-fedora3: ..SNAPSHOT_FILE=/home/user/builder-r3.2-dom0/repo-latest-snapshot/current-testing-dom0-fc23-`basename qubes-src/mgmt-salt-dom0-virtual-machines` \
2018-05-14 19:29:05.458448 +0000 build-fedora3: ..BUILD_LOG_URL= \
2018-05-14 19:29:05.458509 +0000 build-fedora3: ..update-repo-from-snapshot || exit 1; \
2018-05-14 19:29:05.458544 +0000 build-fedora3: elif make -C qubes-src/mgmt-salt-dom0-virtual-machines -n update-repo-current >/dev/null 2>/dev/null; then \
2018-05-14 19:29:05.458573 +0000 build-fedora3: .echo "Updating qubes-src/mgmt-salt-dom0-virtual-machines... "; \
2018-05-14 19:29:05.458605 +0000 build-fedora3: .make -s -C qubes-src/mgmt-salt-dom0-virtual-machines update-repo-current || exit 1; \
2018-05-14 19:29:05.458629 +0000 build-fedora3: else \
2018-05-14 19:29:05.458659 +0000 build-fedora3: .echo -n "Updating qubes-src/mgmt-salt-dom0-virtual-machines... skipping."; \
2018-05-14 19:29:05.458682 +0000 build-fedora3: fi; \
2018-05-14 19:29:05.458704 +0000 build-fedora3: echo
2018-05-14 19:29:05.499406 +0000 build-fedora3: Updating qubes-src/mgmt-salt-dom0-virtual-machines... + ERR_OUTPUT=/dev/stderr
2018-05-14 19:29:05.501509 +0000 build-fedora3: + '[' 2 -lt 2 ']'
2018-05-14 19:29:05.503673 +0000 build-fedora3: ++ basename qubes-src/mgmt-salt-dom0-virtual-machines/rpm_spec/qubes-mgmt-salt-dom0-virtual-machines-dom0.spec.in
2018-05-14 19:29:05.507112 +0000 build-fedora3: + [[ xqubes-mgmt-salt-dom0-virtual-machines-dom0.spec.in == \x\.\i\n ]]
2018-05-14 19:29:05.507176 +0000 build-fedora3: + '[' -r qubes-src/mgmt-salt-dom0-virtual-machines/rpm_spec/qubes-mgmt-salt-dom0-virtual-machines-dom0.spec.in ']'
2018-05-14 19:29:05.507215 +0000 build-fedora3: + rpm -q --qf '%{NAME}-%{VERSION}.tar.gz\n' --specfile qubes-src/mgmt-salt-dom0-virtual-machines/rpm_spec/qubes-mgmt-salt-dom0-virtual-machines-dom0.spec
2018-05-14 19:29:05.555095 +0000 build-fedora3: warning: Macro %version defined but not used within scope
2018-05-14 19:29:05.564066 +0000 build-fedora3: cat: version: No such file or directory
2018-05-14 19:29:05.564483 +0000 build-fedora3: error: line 4: Empty tag: Version:
2018-05-14 19:29:05.564614 +0000 build-fedora3: error: query of specfile qubes-src/mgmt-salt-dom0-virtual-machines/rpm_spec/qubes-mgmt-salt-dom0-virtual-machines-dom0.spec failed, can't parse
2018-05-14 19:29:05.632306 +0000 build-fedora3: + ERR_OUTPUT=/dev/stderr
2018-05-14 19:29:05.632363 +0000 build-fedora3: + '[' 2 -lt 2 ']'
2018-05-14 19:29:05.635681 +0000 build-fedora3: ++ basename qubes-src/mgmt-salt-dom0-virtual-machines/rpm_spec/qubes-mgmt-salt-dom0-virtual-machines-dom0.spec.in
2018-05-14 19:29:05.640121 +0000 build-fedora3: + [[ xqubes-mgmt-salt-dom0-virtual-machines-dom0.spec.in == \x\.\i\n ]]
2018-05-14 19:29:05.640183 +0000 build-fedora3: + '[' -r qubes-src/mgmt-salt-dom0-virtual-machines/rpm_spec/qubes-mgmt-salt-dom0-virtual-machines-dom0.spec.in ']'
2018-05-14 19:29:05.640223 +0000 build-fedora3: + rpm -q --qf '%{NAME}-%{VERSION}.tar.gz\n' --specfile qubes-src/mgmt-salt-dom0-virtual-machines/rpm_spec/qubes-mgmt-salt-dom0-virtual-machines-dom0.spec
2018-05-14 19:29:05.804101 +0000 build-fedora3: warning: Macro %version defined but not used within scope
2018-05-14 19:29:05.822110 +0000 build-fedora3: cat: version: No such file or directory
2018-05-14 19:29:05.826187 +0000 build-fedora3: error: line 4: Empty tag: Version:
2018-05-14 19:29:05.826243 +0000 build-fedora3: error: query of specfile qubes-src/mgmt-salt-dom0-virtual-machines/rpm_spec/qubes-mgmt-salt-dom0-virtual-machines-dom0.spec failed, can't parse
2018-05-14 19:29:05.982469 +0000 build-fedora3: + ERR_OUTPUT=/dev/stderr
2018-05-14 19:29:05.982527 +0000 build-fedora3: + '[' 2 -lt 2 ']'
2018-05-14 19:29:05.982565 +0000 build-fedora3: ++ basename qubes-src/mgmt-salt-dom0-virtual-machines/rpm_spec/qubes-mgmt-salt-dom0-virtual-machines-dom0.spec.in
2018-05-14 19:29:05.992672 +0000 build-fedora3: + [[ xqubes-mgmt-salt-dom0-virtual-machines-dom0.spec.in == \x\.\i\n ]]
2018-05-14 19:29:05.992735 +0000 build-fedora3: + '[' -r qubes-src/mgmt-salt-dom0-virtual-machines/rpm_spec/qubes-mgmt-salt-dom0-virtual-machines-dom0.spec.in ']'
2018-05-14 19:29:05.992775 +0000 build-fedora3: + rpm -q --qf '%{NAME}-%{VERSION}.tar.gz\n' --specfile qubes-src/mgmt-salt-dom0-virtual-machines/rpm_spec/qubes-mgmt-salt-dom0-virtual-machines-dom0.spec
2018-05-14 19:29:06.042810 +0000 build-fedora3: warning: Macro %version defined but not used within scope
2018-05-14 19:29:06.076756 +0000 build-fedora3: cat: version: No such file or directory
2018-05-14 19:29:06.076811 +0000 build-fedora3: error: line 4: Empty tag: Version:
2018-05-14 19:29:06.076852 +0000 build-fedora3: error: query of specfile qubes-src/mgmt-salt-dom0-virtual-machines/rpm_spec/qubes-mgmt-salt-dom0-virtual-machines-dom0.spec failed, can't parse
2018-05-14 19:29:06.076883 +0000 build-fedora3: Makefile.generic:198: target 'update-repo-date-check' does not exist
2018-05-14 19:29:06.076918 +0000 build-fedora3: if ! [ -r /home/user/builder-r3.2-dom0/repo-latest-snapshot/current-testing-dom0-fc23-mgmt-salt-dom0-virtual-machines ]; then \
2018-05-14 19:29:06.076950 +0000 build-fedora3: .echo "`tput bold`*** Packages weren't uploaded to current-testing! ***`tput sgr0`"; \
2018-05-14 19:29:06.076974 +0000 build-fedora3: .exit 1; \
2018-05-14 19:29:06.076997 +0000 build-fedora3: fi
2018-05-14 19:29:06.125983 +0000 build-fedora3: + ERR_OUTPUT=/dev/stderr
2018-05-14 19:29:06.126047 +0000 build-fedora3: + '[' 2 -lt 2 ']'
2018-05-14 19:29:06.126115 +0000 build-fedora3: ++ basename qubes-src/mgmt-salt-dom0-virtual-machines/rpm_spec/qubes-mgmt-salt-dom0-virtual-machines-dom0.spec.in
2018-05-14 19:29:06.130489 +0000 build-fedora3: + [[ xqubes-mgmt-salt-dom0-virtual-machines-dom0.spec.in == \x\.\i\n ]]
2018-05-14 19:29:06.130551 +0000 build-fedora3: + '[' -r qubes-src/mgmt-salt-dom0-virtual-machines/rpm_spec/qubes-mgmt-salt-dom0-virtual-machines-dom0.spec.in ']'
2018-05-14 19:29:06.130597 +0000 build-fedora3: + rpm -q --qf '%{NAME}-%{VERSION}.tar.gz\n' --specfile qubes-src/mgmt-salt-dom0-virtual-machines/rpm_spec/qubes-mgmt-salt-dom0-virtual-machines-dom0.spec
2018-05-14 19:29:06.212167 +0000 build-fedora3: warning: Macro %version defined but not used within scope
2018-05-14 19:29:06.229396 +0000 build-fedora3: cat: version: No such file or directory
2018-05-14 19:29:06.233150 +0000 build-fedora3: error: line 4: Empty tag: Version:
2018-05-14 19:29:06.233214 +0000 build-fedora3: error: query of specfile qubes-src/mgmt-salt-dom0-virtual-machines/rpm_spec/qubes-mgmt-salt-dom0-virtual-machines-dom0.spec failed, can't parse
2018-05-14 19:29:06.245582 +0000 build-fedora3: touch -t `date -d "7 days ago" +%Y%m%d%H%M` /tmp/age-compare-file
2018-05-14 19:29:06.261628 +0000 build-fedora3: if ! [ /home/user/builder-r3.2-dom0/repo-latest-snapshot/current-testing-dom0-fc23-mgmt-salt-dom0-virtual-machines -ot /tmp/age-compare-file ]; then \
2018-05-14 19:29:06.261690 +0000 build-fedora3: .echo "`tput bold`*** Packages weren't in current-testing for at least 7 days! ***`tput sgr0`"; \
2018-05-14 19:29:06.261718 +0000 build-fedora3: .exit 1; \
2018-05-14 19:29:06.261741 +0000 build-fedora3: fi
2018-05-14 19:29:06.265878 +0000 build-fedora3: rm -f /tmp/age-compare-file
2018-05-14 19:29:06.360682 +0000 build-fedora3: /home/user/builder-r3.2-dom0/qubes-src/builder-fedora/Makefile.rpmbuilder:154: target 'update-repo-from-snapshot-do' does not exist
2018-05-14 19:29:06.360748 +0000 build-fedora3: for f in pkgs/fc23/noarch/qubes-mgmt-salt-dom0-virtual-machines-3.2.3-1.fc23.noarch.rpm; do \
2018-05-14 19:29:06.360800 +0000 build-fedora3: .ln -f /home/user/builder-r3.2-dom0/qubes-src/linux-yum/r3.2/current-testing/dom0/fc23/rpm/`basename $f` /home/user/builder-r3.2-dom0/qubes-src/linux-yum/r3.2/current/dom0/fc23/rpm/ || exit 1; \
2018-05-14 19:29:06.360829 +0000 build-fedora3: done
2018-05-14 19:29:06.404366 +0000 build-fedora3: + ERR_OUTPUT=/dev/stderr
2018-05-14 19:29:06.404470 +0000 build-fedora3: + '[' 2 -lt 2 ']'
2018-05-14 19:29:06.408641 +0000 build-fedora3: ++ basename qubes-src/mgmt-salt-dom0-virtual-machines/rpm_spec/qubes-mgmt-salt-dom0-virtual-machines-dom0.spec.in
2018-05-14 19:29:06.412899 +0000 build-fedora3: + [[ xqubes-mgmt-salt-dom0-virtual-machines-dom0.spec.in == \x\.\i\n ]]
2018-05-14 19:29:06.412962 +0000 build-fedora3: + '[' -r qubes-src/mgmt-salt-dom0-virtual-machines/rpm_spec/qubes-mgmt-salt-dom0-virtual-machines-dom0.spec.in ']'
2018-05-14 19:29:06.413215 +0000 build-fedora3: + rpm -q --qf '%{NAME}-%{VERSION}.tar.gz\n' --specfile qubes-src/mgmt-salt-dom0-virtual-machines/rpm_spec/qubes-mgmt-salt-dom0-virtual-machines-dom0.spec
2018-05-14 19:29:06.473698 +0000 build-fedora3: warning: Macro %version defined but not used within scope
2018-05-14 19:29:06.498380 +0000 build-fedora3: cat: version: No such file or directory
2018-05-14 19:29:06.498460 +0000 build-fedora3: error: line 4: Empty tag: Version:
2018-05-14 19:29:06.498507 +0000 build-fedora3: error: query of specfile qubes-src/mgmt-salt-dom0-virtual-machines/rpm_spec/qubes-mgmt-salt-dom0-virtual-machines-dom0.spec failed, can't parse
2018-05-14 19:29:06.597172 +0000 build-fedora3: /home/user/builder-r3.2-dom0/qubes-src/builder-github//Makefile.github:21: target 'notify-github' does not exist
2018-05-14 19:29:06.597237 +0000 build-fedora3: [ -z "qubes-mgmt-salt-dom0-virtual-machines-3.2.3-1.fc23" ] || /home/user/builder-r3.2-dom0/qubes-src/builder-github//notify-issues \
2018-05-14 19:29:06.597263 +0000 build-fedora3: .--build-log="" \
2018-05-14 19:29:06.597284 +0000 build-fedora3: ."r3.2" \
2018-05-14 19:29:06.597304 +0000 build-fedora3: ."current" \
2018-05-14 19:29:06.597327 +0000 build-fedora3: ."qubes-src/mgmt-salt-dom0-virtual-machines" \
2018-05-14 19:29:06.597351 +0000 build-fedora3: ."qubes-mgmt-salt-dom0-virtual-machines-3.2.3-1.fc23" \
2018-05-14 19:29:06.597369 +0000 build-fedora3: ."fc23" \
2018-05-14 19:29:06.597388 +0000 build-fedora3: ."dom0" \
2018-05-14 19:29:06.597414 +0000 build-fedora3: ."/home/user/github-notify-state/r3.2-mgmt-salt-dom0-virtual-machines-dom0-fc23-current"
2018-05-14 19:29:06.654293 +0000 build-fedora3: + ERR_OUTPUT=/dev/stderr
2018-05-14 19:29:06.654347 +0000 build-fedora3: + '[' 2 -lt 2 ']'
2018-05-14 19:29:06.654380 +0000 build-fedora3: ++ basename qubes-src/mgmt-salt-dom0-virtual-machines/rpm_spec/qubes-mgmt-salt-dom0-virtual-machines-dom0.spec.in
2018-05-14 19:29:06.656680 +0000 build-fedora3: + [[ xqubes-mgmt-salt-dom0-virtual-machines-dom0.spec.in == \x\.\i\n ]]
2018-05-14 19:29:06.656744 +0000 build-fedora3: + '[' -r qubes-src/mgmt-salt-dom0-virtual-machines/rpm_spec/qubes-mgmt-salt-dom0-virtual-machines-dom0.spec.in ']'
2018-05-14 19:29:06.656785 +0000 build-fedora3: + rpm -q --qf '%{NAME}-%{VERSION}.tar.gz\n' --specfile qubes-src/mgmt-salt-dom0-virtual-machines/rpm_spec/qubes-mgmt-salt-dom0-virtual-machines-dom0.spec
2018-05-14 19:29:06.730060 +0000 build-fedora3: warning: Macro %version defined but not used within scope
2018-05-14 19:29:06.740056 +0000 build-fedora3: cat: version: No such file or directory
2018-05-14 19:29:06.741468 +0000 build-fedora3: error: line 4: Empty tag: Version:
2018-05-14 19:29:06.741564 +0000 build-fedora3: error: query of specfile qubes-src/mgmt-salt-dom0-virtual-machines/rpm_spec/qubes-mgmt-salt-dom0-virtual-machines-dom0.spec failed, can't parse
2018-05-14 19:29:16.634227 +0000 build-fedora3: WARNING: /home/user/github-notify-state/r3.2-mgmt-salt-dom0-virtual-machines-dom0-fc23-current does not exist, initializing with the current state
2018-05-14 19:29:16.640806 +0000 build-fedora3: 
2018-05-14 19:29:16.641776 +0000 build-fedora3: Makefile:764: target 'post-update-repo-current' does not exist
2018-05-14 19:29:16.641825 +0000 build-fedora3: for dist in fc23 ; do \
2018-05-14 19:29:16.641856 +0000 build-fedora3: .repo_base_var="LINUX_REPO_${dist}_BASEDIR"; \
2018-05-14 19:29:16.641882 +0000 build-fedora3: .if [ -n "${!repo_base_var}" ]; then \
2018-05-14 19:29:16.641906 +0000 build-fedora3: ..repo_basedir="${!repo_base_var}"; \
2018-05-14 19:29:16.641927 +0000 build-fedora3: .else \
2018-05-14 19:29:16.641952 +0000 build-fedora3: ..repo_basedir="qubes-src/linux-yum/r3.2"; \
2018-05-14 19:29:16.641974 +0000 build-fedora3: .fi; \
2018-05-14 19:29:16.642002 +0000 build-fedora3: .repos_to_update="$repos_to_update $repo_basedir"; \
2018-05-14 19:29:16.642024 +0000 build-fedora3: done; \
2018-05-14 19:29:16.642050 +0000 build-fedora3: for repo in `echo $repos_to_update|tr ' ' '\n'|sort|uniq`; do \
2018-05-14 19:29:16.642090 +0000 build-fedora3: .[ -z "$repo" ] && continue; \
2018-05-14 19:29:16.642116 +0000 build-fedora3: .(cd $repo/.. && ./update_repo-current.sh `basename $repo`); \
2018-05-14 19:29:16.642137 +0000 build-fedora3: done
2018-05-14 19:29:16.705631 +0000 build-fedora3: --> Processing repo: r3.2/current/dom0/fc20...
2018-05-14 19:29:17.392345 +0000 build-fedora3: --> Processing repo: r3.2/current/dom0/fc23...
2018-05-14 19:29:49.020898 +0000 build-fedora3: --> Processing repo: r3.2/current/vm/centos7...
2018-05-14 19:29:49.626544 +0000 build-fedora3: --> Processing repo: r3.2/current/vm/fc22...
2018-05-14 19:29:50.183202 +0000 build-fedora3: --> Processing repo: r3.2/current/vm/fc23...
2018-05-14 19:29:51.030580 +0000 build-fedora3: --> Processing repo: r3.2/current/vm/fc24...
2018-05-14 19:29:51.971720 +0000 build-fedora3: --> Processing repo: r3.2/current/vm/fc25...
2018-05-14 19:29:52.793435 +0000 build-fedora3: --> Processing repo: r3.2/current/vm/fc26...
2018-05-14 19:29:53.244199 +0000 build-fedora3: Done.
2018-05-14 19:29:53.256122 +0000 build-fedora3: ~/builder-r3.2-dom0/qubes-src/linux-yum ~/builder-r3.2-dom0/qubes-src/linux-yum
2018-05-14 19:29:53.259860 +0000 build-fedora3: Syncing r3.2...
2018-05-14 19:29:53.358599 +0000 build-fedora3: sending incremental file list
2018-05-14 19:29:53.442370 +0000 build-fedora3: rsync: failed to set times on "/pub/qubes/repo/yum/r3.2/current-testing": Operation not permitted (1)
2018-05-14 19:29:53.442665 +0000 build-fedora3: rsync: failed to set times on "/pub/qubes/repo/yum/r3.2/current-testing/dom0": Operation not permitted (1)
2018-05-14 19:29:53.442827 +0000 build-fedora3: rsync: failed to set times on "/pub/qubes/repo/yum/r3.2/current-testing/dom0/fc20": Operation not permitted (1)
2018-05-14 19:29:53.442985 +0000 build-fedora3: rsync: failed to set times on "/pub/qubes/repo/yum/r3.2/current-testing/dom0/fc20/rpm": Operation not permitted (1)
2018-05-14 19:29:53.443130 +0000 build-fedora3: rsync: failed to set times on "/pub/qubes/repo/yum/r3.2/current-testing/dom0/fc23": Operation not permitted (1)
2018-05-14 19:29:53.443275 +0000 build-fedora3: rsync: failed to set times on "/pub/qubes/repo/yum/r3.2/current-testing/dom0/fc23/rpm": Operation not permitted (1)
2018-05-14 19:29:53.443416 +0000 build-fedora3: rsync: failed to set times on "/pub/qubes/repo/yum/r3.2/current-testing/vm": Operation not permitted (1)
2018-05-14 19:29:53.443615 +0000 build-fedora3: rsync: failed to set times on "/pub/qubes/repo/yum/r3.2/current-testing/vm/fc22": Operation not permitted (1)
2018-05-14 19:29:53.443754 +0000 build-fedora3: rsync: failed to set times on "/pub/qubes/repo/yum/r3.2/current-testing/vm/fc22/rpm": Operation not permitted (1)
2018-05-14 19:29:53.443897 +0000 build-fedora3: rsync: failed to set times on "/pub/qubes/repo/yum/r3.2/current-testing/vm/fc23": Operation not permitted (1)
2018-05-14 19:29:53.444037 +0000 build-fedora3: rsync: failed to set times on "/pub/qubes/repo/yum/r3.2/current-testing/vm/fc23/rpm": Operation not permitted (1)
2018-05-14 19:29:53.444176 +0000 build-fedora3: rsync: failed to set times on "/pub/qubes/repo/yum/r3.2/current-testing/vm/fc24": Operation not permitted (1)
2018-05-14 19:29:53.444281 +0000 build-fedora3: .d..t...... current-testing/
2018-05-14 19:29:53.444495 +0000 build-fedora3: .d..t...... current-testing/dom0/
2018-05-14 19:29:53.444607 +0000 build-fedora3: .d..t...... current-testing/dom0/fc20/
2018-05-14 19:29:53.444729 +0000 build-fedora3: .L..t...... current-testing/dom0/fc20/comps.xml -> ../../../comps-dom0.xml
2018-05-14 19:29:53.444838 +0000 build-fedora3: .d..t...... current-testing/dom0/fc20/rpm/
2018-05-14 19:29:53.444945 +0000 build-fedora3: .d..t...... current-testing/dom0/fc23/
2018-05-14 19:29:53.445064 +0000 build-fedora3: .L..t...... current-testing/dom0/fc23/comps.xml -> ../../../comps-dom0.xml
2018-05-14 19:29:53.450398 +0000 build-fedora3: .d..t...... current-testing/dom0/fc23/rpm/
2018-05-14 19:29:53.450436 +0000 build-fedora3: <f..t...... current-testing/dom0/fc23/rpm/qubes-core-dom0-vaio-fixes-1.6.1-1.fc23.x86_64.rpm
2018-05-14 19:29:53.450891 +0000 build-fedora3: .          2,140  29%    0.00kB/s    0:00:00  .          7,170 100%    4.80MB/s    0:00:00 (xfr#1, to-chk=1048/1276)
2018-05-14 19:29:53.450927 +0000 build-fedora3: .d..t...... current-testing/vm/
2018-05-14 19:29:53.450949 +0000 build-fedora3: .d..t...... current-testing/vm/centos7/
2018-05-14 19:29:53.450968 +0000 build-fedora3: .L..t...... current-testing/vm/centos7/comps.xml -> ../../../comps-vm.xml
2018-05-14 19:29:53.450983 +0000 build-fedora3: .d..t...... current-testing/vm/centos7/rpm/
2018-05-14 19:29:53.450999 +0000 build-fedora3: <f..t...... current-testing/vm/centos7/rpm/.gitignore
2018-05-14 19:29:53.451532 +0000 build-fedora3: .              6 100%    5.86kB/s    0:00:00  .              6 100%    5.86kB/s    0:00:00 (xfr#2, to-chk=727/1276)
2018-05-14 19:29:53.451555 +0000 build-fedora3: .d..t...... current-testing/vm/fc22/
2018-05-14 19:29:53.451573 +0000 build-fedora3: .L..t...... current-testing/vm/fc22/comps.xml -> ../../../comps-vm.xml
2018-05-14 19:29:53.451588 +0000 build-fedora3: .d..t...... current-testing/vm/fc22/rpm/
2018-05-14 19:29:53.451607 +0000 build-fedora3: .d..t...... current-testing/vm/fc23/
2018-05-14 19:29:53.451624 +0000 build-fedora3: .L..t...... current-testing/vm/fc23/comps.xml -> ../../../comps-vm.xml
2018-05-14 19:29:53.451639 +0000 build-fedora3: .d..t...... current-testing/vm/fc23/rpm/
2018-05-14 19:29:53.451653 +0000 build-fedora3: .d..t...... current-testing/vm/fc24/
2018-05-14 19:29:53.451669 +0000 build-fedora3: .L..t...... current-testing/vm/fc24/comps.xml -> ../../../comps-vm.xml
2018-05-14 19:29:53.474240 +0000 build-fedora3: rsync: failed to set times on "/pub/qubes/repo/yum/r3.2/current-testing/vm/fc24/rpm": Operation not permitted (1)
2018-05-14 19:29:53.474516 +0000 build-fedora3: rsync: failed to set times on "/pub/qubes/repo/yum/r3.2/current-testing/vm/fc25": Operation not permitted (1)
2018-05-14 19:29:53.474682 +0000 build-fedora3: rsync: failed to set times on "/pub/qubes/repo/yum/r3.2/current-testing/vm/fc25/rpm": Operation not permitted (1)
2018-05-14 19:29:53.474828 +0000 build-fedora3: rsync: failed to set times on "/pub/qubes/repo/yum/r3.2/current-testing/vm/fc26": Operation not permitted (1)
2018-05-14 19:29:53.474921 +0000 build-fedora3: rsync: failed to set times on "/pub/qubes/repo/yum/r3.2/current-testing/vm/fc26/comps.xml": Operation not permitted (1)
2018-05-14 19:29:53.475019 +0000 build-fedora3: rsync: failed to set times on "/pub/qubes/repo/yum/r3.2/current-testing/vm/fc26/rpm": Operation not permitted (1)
2018-05-14 19:29:53.475149 +0000 build-fedora3: rsync: failed to set times on "/pub/qubes/repo/yum/r3.2/current": Operation not permitted (1)
2018-05-14 19:29:53.475287 +0000 build-fedora3: rsync: failed to set times on "/pub/qubes/repo/yum/r3.2/current/dom0": Operation not permitted (1)
2018-05-14 19:29:53.475475 +0000 build-fedora3: rsync: failed to set times on "/pub/qubes/repo/yum/r3.2/current/dom0/fc20": Operation not permitted (1)
2018-05-14 19:29:53.475623 +0000 build-fedora3: rsync: failed to set times on "/pub/qubes/repo/yum/r3.2/current/dom0/fc20/rpm": Operation not permitted (1)
2018-05-14 19:29:53.475762 +0000 build-fedora3: rsync: failed to set times on "/pub/qubes/repo/yum/r3.2/current/dom0/fc23": Operation not permitted (1)
2018-05-14 19:29:53.475872 +0000 build-fedora3: .d..t...... current-testing/vm/fc24/rpm/
2018-05-14 19:29:53.475981 +0000 build-fedora3: .d..t...... current-testing/vm/fc25/
2018-05-14 19:29:53.476070 +0000 build-fedora3: .L..t...... current-testing/vm/fc25/comps.xml -> ../../../comps-vm.xml
2018-05-14 19:29:53.476136 +0000 build-fedora3: .d..t...... current-testing/vm/fc25/rpm/
2018-05-14 19:29:53.476211 +0000 build-fedora3: .f...p..... current-testing/vm/fc25/rpm/python2-dnf-plugins-qubes-hooks-3.2.17-1.fc25.x86_64.rpm
2018-05-14 19:29:53.476315 +0000 build-fedora3: .f...p..... current-testing/vm/fc25/rpm/python3-dnf-plugins-qubes-hooks-3.2.17-1.fc25.x86_64.rpm
2018-05-14 19:29:53.476542 +0000 build-fedora3: .f...p..... current-testing/vm/fc25/rpm/qubes-core-vm-3.2.17-1.fc25.x86_64.rpm
2018-05-14 19:29:53.476654 +0000 build-fedora3: .f...p..... current-testing/vm/fc25/rpm/qubes-core-vm-debuginfo-3.2.17-1.fc25.x86_64.rpm
2018-05-14 19:29:53.476731 +0000 build-fedora3: .f...p..... current-testing/vm/fc25/rpm/qubes-core-vm-doc-3.2.17-1.noarch.rpm
2018-05-14 19:29:53.476804 +0000 build-fedora3: .f...p..... current-testing/vm/fc25/rpm/qubes-core-vm-systemd-3.2.17-1.fc25.x86_64.rpm
2018-05-14 19:29:53.476877 +0000 build-fedora3: .f...p..... current-testing/vm/fc25/rpm/qubes-core-vm-sysvinit-3.2.17-1.fc25.x86_64.rpm
2018-05-14 19:29:53.476946 +0000 build-fedora3: .f...p..... current-testing/vm/fc25/rpm/qubes-gui-vm-3.2.16-1.fc25.x86_64.rpm
2018-05-14 19:29:53.477016 +0000 build-fedora3: .f...p..... current-testing/vm/fc25/rpm/qubes-gui-vm-debuginfo-3.2.16-1.fc25.x86_64.rpm
2018-05-14 19:29:53.477087 +0000 build-fedora3: .f...p..... current-testing/vm/fc25/rpm/qubes-kernel-vm-support-3.2.4-1.fc25.x86_64.rpm
2018-05-14 19:29:53.477157 +0000 build-fedora3: .f...p..... current-testing/vm/fc25/rpm/qubes-utils-3.2.4-1.fc25.x86_64.rpm
2018-05-14 19:29:53.477227 +0000 build-fedora3: .f...p..... current-testing/vm/fc25/rpm/qubes-utils-debuginfo-3.2.4-1.fc25.x86_64.rpm
2018-05-14 19:29:53.477332 +0000 build-fedora3: .f...p..... current-testing/vm/fc25/rpm/qubes-utils-devel-3.2.4-1.fc25.x86_64.rpm
2018-05-14 19:29:53.477507 +0000 build-fedora3: .f...p..... current-testing/vm/fc25/rpm/qubes-utils-libs-3.2.4-1.fc25.x86_64.rpm
2018-05-14 19:29:53.477621 +0000 build-fedora3: .d..t...... current-testing/vm/fc26/
2018-05-14 19:29:53.477738 +0000 build-fedora3: .L..t...... current-testing/vm/fc26/comps.xml -> ../../../comps-vm.xml
2018-05-14 19:29:53.477847 +0000 build-fedora3: .d..t...... current-testing/vm/fc26/rpm/
2018-05-14 19:29:53.477959 +0000 build-fedora3: <f..t...... current-testing/vm/fc26/rpm/.gitignore
2018-05-14 19:29:53.478105 +0000 build-fedora3: .              6 100%    0.24kB/s    0:00:00  .              6 100%    0.24kB/s    0:00:00 (xfr#3, to-chk=606/1276)
2018-05-14 19:29:53.478172 +0000 build-fedora3: .d..t...... current/
2018-05-14 19:29:53.478233 +0000 build-fedora3: .d..t...... current/dom0/
2018-05-14 19:29:53.478309 +0000 build-fedora3: .d..t...... current/dom0/fc20/
2018-05-14 19:29:53.478474 +0000 build-fedora3: .L..t...... current/dom0/fc20/comps.xml -> ../../../comps-dom0.xml
2018-05-14 19:29:53.478582 +0000 build-fedora3: .d..t...... current/dom0/fc20/rpm/
2018-05-14 19:29:53.478684 +0000 build-fedora3: .d..t...... current/dom0/fc23/
2018-05-14 19:29:53.478800 +0000 build-fedora3: .L..t...... current/dom0/fc23/comps.xml -> ../../../comps-dom0.xml
2018-05-14 19:29:53.478938 +0000 build-fedora3: rsync: failed to set times on "/pub/qubes/repo/yum/r3.2/current/dom0/fc23/rpm": Operation not permitted (1)
2018-05-14 19:29:53.479073 +0000 build-fedora3: rsync: failed to set times on "/pub/qubes/repo/yum/r3.2/current/vm": Operation not permitted (1)
2018-05-14 19:29:53.479223 +0000 build-fedora3: rsync: failed to set times on "/pub/qubes/repo/yum/r3.2/current/vm/fc22": Operation not permitted (1)
2018-05-14 19:29:53.479360 +0000 build-fedora3: rsync: failed to set times on "/pub/qubes/repo/yum/r3.2/current/vm/fc22/rpm": Operation not permitted (1)
2018-05-14 19:29:53.479492 +0000 build-fedora3: rsync: failed to set times on "/pub/qubes/repo/yum/r3.2/current/vm/fc23": Operation not permitted (1)
2018-05-14 19:29:53.479575 +0000 build-fedora3: rsync: failed to set times on "/pub/qubes/repo/yum/r3.2/current/vm/fc23/rpm": Operation not permitted (1)
2018-05-14 19:29:53.479638 +0000 build-fedora3: .d..t...... current/dom0/fc23/rpm/
2018-05-14 19:29:53.479732 +0000 build-fedora3: hf.st...... current/dom0/fc23/rpm/qubes-mgmt-salt-dom0-virtual-machines-3.2.3-1.fc23.noarch.rpm => current-testing/dom0/fc23/rpm/qubes-mgmt-salt-dom0-virtual-machines-3.2.3-1.fc23.noarch.rpm
2018-05-14 19:29:53.479807 +0000 build-fedora3: .d..t...... current/vm/
2018-05-14 19:29:53.479908 +0000 build-fedora3: .d..t...... current/vm/centos7/
2018-05-14 19:29:53.480018 +0000 build-fedora3: .L..t...... current/vm/centos7/comps.xml -> ../../../comps-vm.xml
2018-05-14 19:29:53.480083 +0000 build-fedora3: .d..t...... current/vm/centos7/rpm/
2018-05-14 19:29:53.480146 +0000 build-fedora3: <f..t...... current/vm/centos7/rpm/.gitignore
2018-05-14 19:29:53.480258 +0000 build-fedora3: .              6 100%    0.22kB/s    0:00:00  .              6 100%    0.22kB/s    0:00:00 (xfr#4, to-chk=279/1276)
2018-05-14 19:29:53.480321 +0000 build-fedora3: .d..t...... current/vm/fc22/
2018-05-14 19:29:53.480387 +0000 build-fedora3: .L..t...... current/vm/fc22/comps.xml -> ../../../comps-vm.xml
2018-05-14 19:29:53.480515 +0000 build-fedora3: .d..t...... current/vm/fc22/rpm/
2018-05-14 19:29:53.480617 +0000 build-fedora3: .d..t...... current/vm/fc23/
2018-05-14 19:29:53.480707 +0000 build-fedora3: .L..t...... current/vm/fc23/comps.xml -> ../../../comps-vm.xml
2018-05-14 19:29:53.480770 +0000 build-fedora3: .d..t...... current/vm/fc23/rpm/
2018-05-14 19:29:53.499000 +0000 build-fedora3: hf..t...... current/dom0/fc23/rpm/qubes-core-dom0-vaio-fixes-1.6.1-1.fc23.x86_64.rpm => current-testing/dom0/fc23/rpm/qubes-core-dom0-vaio-fixes-1.6.1-1.fc23.x86_64.rpm
2018-05-14 19:29:53.503150 +0000 build-fedora3: rsync: failed to set times on "/pub/qubes/repo/yum/r3.2/current/vm/fc24": Operation not permitted (1)
2018-05-14 19:29:53.503312 +0000 build-fedora3: rsync: failed to set times on "/pub/qubes/repo/yum/r3.2/current/vm/fc24/rpm": Operation not permitted (1)
2018-05-14 19:29:53.503407 +0000 build-fedora3: rsync: failed to set times on "/pub/qubes/repo/yum/r3.2/current/vm/fc25": Operation not permitted (1)
2018-05-14 19:29:53.503650 +0000 build-fedora3: rsync: failed to set times on "/pub/qubes/repo/yum/r3.2/current/vm/fc25/rpm": Operation not permitted (1)
2018-05-14 19:29:53.503748 +0000 build-fedora3: rsync: failed to set times on "/pub/qubes/repo/yum/r3.2/current/vm/fc26": Operation not permitted (1)
2018-05-14 19:29:53.503829 +0000 build-fedora3: rsync: failed to set times on "/pub/qubes/repo/yum/r3.2/current/vm/fc26/comps.xml": Operation not permitted (1)
2018-05-14 19:29:53.503907 +0000 build-fedora3: rsync: failed to set times on "/pub/qubes/repo/yum/r3.2/current/vm/fc26/rpm": Operation not permitted (1)
2018-05-14 19:29:53.503984 +0000 build-fedora3: rsync: failed to set times on "/pub/qubes/repo/yum/r3.2/security-testing": Operation not permitted (1)
2018-05-14 19:29:53.504062 +0000 build-fedora3: rsync: failed to set times on "/pub/qubes/repo/yum/r3.2/security-testing/dom0": Operation not permitted (1)
2018-05-14 19:29:53.504141 +0000 build-fedora3: rsync: failed to set times on "/pub/qubes/repo/yum/r3.2/security-testing/dom0/fc20": Operation not permitted (1)
2018-05-14 19:29:53.504221 +0000 build-fedora3: rsync: failed to set times on "/pub/qubes/repo/yum/r3.2/security-testing/dom0/fc20/rpm": Operation not permitted (1)
2018-05-14 19:29:53.504299 +0000 build-fedora3: rsync: failed to set times on "/pub/qubes/repo/yum/r3.2/security-testing/dom0/fc23": Operation not permitted (1)
2018-05-14 19:29:53.504378 +0000 build-fedora3: rsync: failed to set times on "/pub/qubes/repo/yum/r3.2/security-testing/dom0/fc23/rpm": Operation not permitted (1)
2018-05-14 19:29:53.504539 +0000 build-fedora3: rsync: failed to set times on "/pub/qubes/repo/yum/r3.2/security-testing/vm": Operation not permitted (1)
2018-05-14 19:29:53.504681 +0000 build-fedora3: rsync: failed to set times on "/pub/qubes/repo/yum/r3.2/security-testing/vm/fc22": Operation not permitted (1)
2018-05-14 19:29:53.504778 +0000 build-fedora3: rsync: failed to set times on "/pub/qubes/repo/yum/r3.2/security-testing/vm/fc22/rpm": Operation not permitted (1)
2018-05-14 19:29:53.504858 +0000 build-fedora3: rsync: failed to set times on "/pub/qubes/repo/yum/r3.2/security-testing/vm/fc23": Operation not permitted (1)
2018-05-14 19:29:53.504937 +0000 build-fedora3: rsync: failed to set times on "/pub/qubes/repo/yum/r3.2/security-testing/vm/fc23/rpm": Operation not permitted (1)
2018-05-14 19:29:53.505031 +0000 build-fedora3: rsync: failed to set times on "/pub/qubes/repo/yum/r3.2/security-testing/vm/fc24": Operation not permitted (1)
2018-05-14 19:29:53.505210 +0000 build-fedora3: rsync: failed to set times on "/pub/qubes/repo/yum/r3.2/security-testing/vm/fc24/rpm": Operation not permitted (1)
2018-05-14 19:29:53.505310 +0000 build-fedora3: rsync: failed to set times on "/pub/qubes/repo/yum/r3.2/security-testing/vm/fc25": Operation not permitted (1)
2018-05-14 19:29:53.505391 +0000 build-fedora3: rsync: failed to set times on "/pub/qubes/repo/yum/r3.2/security-testing/vm/fc25/rpm": Operation not permitted (1)
2018-05-14 19:29:53.505519 +0000 build-fedora3: rsync: failed to set times on "/pub/qubes/repo/yum/r3.2/security-testing/vm/fc26": Operation not permitted (1)
2018-05-14 19:29:53.505604 +0000 build-fedora3: rsync: failed to set times on "/pub/qubes/repo/yum/r3.2/security-testing/vm/fc26/comps.xml": Operation not permitted (1)
2018-05-14 19:29:53.505684 +0000 build-fedora3: rsync: failed to set times on "/pub/qubes/repo/yum/r3.2/security-testing/vm/fc26/rpm": Operation not permitted (1)
2018-05-14 19:29:53.505744 +0000 build-fedora3: .d..t...... current/vm/fc24/
2018-05-14 19:29:53.505811 +0000 build-fedora3: .L..t...... current/vm/fc24/comps.xml -> ../../../comps-vm.xml
2018-05-14 19:29:53.505870 +0000 build-fedora3: .d..t...... current/vm/fc24/rpm/
2018-05-14 19:29:53.505928 +0000 build-fedora3: .d..t...... current/vm/fc25/
2018-05-14 19:29:53.505992 +0000 build-fedora3: .L..t...... current/vm/fc25/comps.xml -> ../../../comps-vm.xml
2018-05-14 19:29:53.506077 +0000 build-fedora3: .d..t...... current/vm/fc25/rpm/
2018-05-14 19:29:53.506184 +0000 build-fedora3: .d..t...... current/vm/fc26/
2018-05-14 19:29:53.506294 +0000 build-fedora3: .L..t...... current/vm/fc26/comps.xml -> ../../../comps-vm.xml
2018-05-14 19:29:53.506398 +0000 build-fedora3: .d..t...... current/vm/fc26/rpm/
2018-05-14 19:29:53.506562 +0000 build-fedora3: <f..t...... current/vm/fc26/rpm/.gitignore
2018-05-14 19:29:53.506726 +0000 build-fedora3: .              6 100%    0.11kB/s    0:00:00  .              6 100%    0.11kB/s    0:00:00 (xfr#5, to-chk=207/1276)
2018-05-14 19:29:53.506836 +0000 build-fedora3: .d..t...... security-testing/
2018-05-14 19:29:53.506909 +0000 build-fedora3: .d..t...... security-testing/dom0/
2018-05-14 19:29:53.506989 +0000 build-fedora3: .d..t...... security-testing/dom0/fc20/
2018-05-14 19:29:53.507109 +0000 build-fedora3: .L..t...... security-testing/dom0/fc20/comps.xml -> ../../../comps-dom0.xml
2018-05-14 19:29:53.507216 +0000 build-fedora3: .d..t...... security-testing/dom0/fc20/rpm/
2018-05-14 19:29:53.507320 +0000 build-fedora3: .d..t...... security-testing/dom0/fc23/
2018-05-14 19:29:53.507492 +0000 build-fedora3: .L..t...... security-testing/dom0/fc23/comps.xml -> ../../../comps-dom0.xml
2018-05-14 19:29:53.507606 +0000 build-fedora3: .d..t...... security-testing/dom0/fc23/rpm/
2018-05-14 19:29:53.507769 +0000 build-fedora3: hf          security-testing/dom0/fc23/rpm/qubes-core-dom0-vaio-fixes-1.6.1-1.fc23.x86_64.rpm => current-testing/dom0/fc23/rpm/qubes-core-dom0-vaio-fixes-1.6.1-1.fc23.x86_64.rpm
2018-05-14 19:29:53.507878 +0000 build-fedora3: .d..t...... security-testing/vm/
2018-05-14 19:29:53.507969 +0000 build-fedora3: .d..t...... security-testing/vm/centos7/
2018-05-14 19:29:53.508043 +0000 build-fedora3: .L..t...... security-testing/vm/centos7/comps.xml -> ../../../comps-vm.xml
2018-05-14 19:29:53.508106 +0000 build-fedora3: .d..t...... security-testing/vm/centos7/rpm/
2018-05-14 19:29:53.508169 +0000 build-fedora3: <f..t...... security-testing/vm/centos7/rpm/.gitignore
2018-05-14 19:29:53.508248 +0000 build-fedora3: .              6 100%    0.11kB/s    0:00:00  .              6 100%    0.11kB/s    0:00:00 (xfr#6, to-chk=48/1276)
2018-05-14 19:29:53.508310 +0000 build-fedora3: .d..t...... security-testing/vm/fc22/
2018-05-14 19:29:53.508378 +0000 build-fedora3: .L..t...... security-testing/vm/fc22/comps.xml -> ../../../comps-vm.xml
2018-05-14 19:29:53.508482 +0000 build-fedora3: .d..t...... security-testing/vm/fc22/rpm/
2018-05-14 19:29:53.508595 +0000 build-fedora3: .d..t...... security-testing/vm/fc23/
2018-05-14 19:29:53.508712 +0000 build-fedora3: .L..t...... security-testing/vm/fc23/comps.xml -> ../../../comps-vm.xml
2018-05-14 19:29:53.508806 +0000 build-fedora3: .d..t...... security-testing/vm/fc23/rpm/
2018-05-14 19:29:53.508871 +0000 build-fedora3: .d..t...... security-testing/vm/fc24/
2018-05-14 19:29:53.508939 +0000 build-fedora3: .L..t...... security-testing/vm/fc24/comps.xml -> ../../../comps-vm.xml
2018-05-14 19:29:53.508999 +0000 build-fedora3: .d..t...... security-testing/vm/fc24/rpm/
2018-05-14 19:29:53.509059 +0000 build-fedora3: .d..t...... security-testing/vm/fc25/
2018-05-14 19:29:53.509126 +0000 build-fedora3: .L..t...... security-testing/vm/fc25/comps.xml -> ../../../comps-vm.xml
2018-05-14 19:29:53.509204 +0000 build-fedora3: .d..t...... security-testing/vm/fc25/rpm/
2018-05-14 19:29:53.509264 +0000 build-fedora3: .d..t...... security-testing/vm/fc26/
2018-05-14 19:29:53.509330 +0000 build-fedora3: .L..t...... security-testing/vm/fc26/comps.xml -> ../../../comps-vm.xml
2018-05-14 19:29:53.509390 +0000 build-fedora3: .d..t...... security-testing/vm/fc26/rpm/
2018-05-14 19:29:53.509496 +0000 build-fedora3: <f..t...... security-testing/vm/fc26/rpm/.gitignore
2018-05-14 19:29:53.509610 +0000 build-fedora3: .              6 100%    0.10kB/s    0:00:00  .              6 100%    0.10kB/s    0:00:00 (xfr#7, to-chk=0/1276)
2018-05-14 19:29:53.729677 +0000 build-fedora3: rsync error: some files/attrs were not transferred (see previous errors) (code 23) at main.c(1189) [sender=3.1.3]
2018-05-14 19:29:54.215904 +0000 build-fedora3: --> Processing repo: /pub/qubes/repo/yum/r3.2/current/dom0/fc20...
2018-05-14 19:29:54.318775 +0000 build-fedora3: Warning: Requested more delta workers than workers. This is insane. Limiting.
2018-05-14 19:29:54.865852 +0000 build-fedora3: --> Processing repo: /pub/qubes/repo/yum/r3.2/current/dom0/fc23...
2018-05-14 19:29:54.972870 +0000 build-fedora3: Warning: Requested more delta workers than workers. This is insane. Limiting.
2018-05-14 19:31:14.427111 +0000 build-fedora3: Traceback (most recent call last):
2018-05-14 19:31:14.427512 +0000 build-fedora3:   File "/usr/local/share/createrepo/genpkgmetadata.py", line 320, in <module>
2018-05-14 19:31:14.427661 +0000 build-fedora3:     main(sys.argv[1:])
2018-05-14 19:31:14.428261 +0000 build-fedora3:   File "/usr/local/share/createrepo/genpkgmetadata.py", line 292, in main
2018-05-14 19:31:14.428774 +0000 build-fedora3:     mdgen.doRepoMetadata()
2018-05-14 19:31:14.428944 +0000 build-fedora3:   File "/usr/local/lib/python2.7/site-packages/createrepo/__init__.py", line 1227, in doRepoMetadata
2018-05-14 19:31:14.429063 +0000 build-fedora3:     zfo = compressOpen(complete_path)
2018-05-14 19:31:14.429218 +0000 build-fedora3:   File "/usr/local/lib/python2.7/site-packages/createrepo/utils.py", line 135, in compressOpen
2018-05-14 19:31:14.429367 +0000 build-fedora3:     return _gzipOpen(fn, mode)
2018-05-14 19:31:14.429565 +0000 build-fedora3:   File "/usr/local/lib/python2.7/site-packages/createrepo/utils.py", line 53, in _gzipOpen
2018-05-14 19:31:14.429685 +0000 build-fedora3:     return GzipFile(filename, mode, compresslevel)
2018-05-14 19:31:14.430169 +0000 build-fedora3:   File "/usr/local/lib/python2.7/gzip.py", line 94, in __init__
2018-05-14 19:31:14.430264 +0000 build-fedora3:     fileobj = self.myfileobj = __builtin__.open(filename, mode or 'rb')
2018-05-14 19:31:14.430346 +0000 build-fedora3: IOError: [Errno 2] No such file or directory: '/pub/qubes/repo/yum/r3.2/current/dom0/fc23/.repodata/other.xml.gz'
2018-05-14 19:31:14.647283 +0000 build-fedora3: --> Processing repo: /pub/qubes/repo/yum/r3.2/current-testing/dom0/fc20...
2018-05-14 19:31:14.751823 +0000 build-fedora3: Warning: Requested more delta workers than workers. This is insane. Limiting.
2018-05-14 19:31:15.277627 +0000 build-fedora3: --> Processing repo: /pub/qubes/repo/yum/r3.2/current-testing/dom0/fc23...
2018-05-14 19:31:15.392980 +0000 build-fedora3: Warning: Requested more delta workers than workers. This is insane. Limiting.
2018-05-14 19:34:24.439870 +0000 build-fedora3: --> Processing repo: /pub/qubes/repo/yum/r3.2/current-testing/vm/centos7...
2018-05-14 19:34:24.545055 +0000 build-fedora3: Warning: Requested more delta workers than workers. This is insane. Limiting.
2018-05-14 19:34:29.946356 +0000 build-fedora3: --> Processing repo: /pub/qubes/repo/yum/r3.2/current-testing/vm/fc22...
2018-05-14 19:34:30.047005 +0000 build-fedora3: Warning: Requested more delta workers than workers. This is insane. Limiting.
2018-05-14 19:34:30.545965 +0000 build-fedora3: --> Processing repo: /pub/qubes/repo/yum/r3.2/current-testing/vm/fc23...
2018-05-14 19:34:30.656865 +0000 build-fedora3: Warning: Requested more delta workers than workers. This is insane. Limiting.
2018-05-14 19:35:12.814574 +0000 build-fedora3: --> Processing repo: /pub/qubes/repo/yum/r3.2/current-testing/vm/fc24...
2018-05-14 19:35:12.921943 +0000 build-fedora3: Warning: Requested more delta workers than workers. This is insane. Limiting.
2018-05-14 19:35:51.153095 +0000 build-fedora3: --> Processing repo: /pub/qubes/repo/yum/r3.2/current-testing/vm/fc25...
2018-05-14 19:35:51.262263 +0000 build-fedora3: Warning: Requested more delta workers than workers. This is insane. Limiting.
2018-05-14 19:36:13.305574 +0000 build-fedora3: --> Processing repo: /pub/qubes/repo/yum/r3.2/current-testing/vm/fc26...
2018-05-14 19:36:13.405549 +0000 build-fedora3: Warning: Requested more delta workers than workers. This is insane. Limiting.
2018-05-14 19:36:23.296819 +0000 build-fedora3: --> Processing repo: /pub/qubes/repo/yum/r3.2/current-testing/vm/fc27...
2018-05-14 19:36:23.400314 +0000 build-fedora3: Warning: Requested more delta workers than workers. This is insane. Limiting.
2018-05-14 19:36:27.125085 +0000 build-fedora3: --> Processing repo: /pub/qubes/repo/yum/r3.2/current-testing/vm/fc28...
2018-05-14 19:36:27.219467 +0000 build-fedora3: Warning: Requested more delta workers than workers. This is insane. Limiting.
2018-05-14 19:36:30.967076 +0000 build-fedora3: Done.
2018-05-14 19:36:31.159528 +0000 build-fedora3: --> Processing repo: /pub/qubes/repo/yum/r3.2/security-testing/dom0/fc20...
2018-05-14 19:36:31.255376 +0000 build-fedora3: Warning: Requested more delta workers than workers. This is insane. Limiting.
2018-05-14 19:36:31.734982 +0000 build-fedora3: --> Processing repo: /pub/qubes/repo/yum/r3.2/security-testing/dom0/fc23...
2018-05-14 19:36:31.831851 +0000 build-fedora3: Warning: Requested more delta workers than workers. This is insane. Limiting.
2018-05-14 19:36:54.357825 +0000 build-fedora3: --> Processing repo: /pub/qubes/repo/yum/r3.2/security-testing/vm/centos7...
2018-05-14 19:36:54.453573 +0000 build-fedora3: Warning: Requested more delta workers than workers. This is insane. Limiting.
2018-05-14 19:36:56.205724 +0000 build-fedora3: --> Processing repo: /pub/qubes/repo/yum/r3.2/security-testing/vm/fc22...
2018-05-14 19:36:56.302460 +0000 build-fedora3: Warning: Requested more delta workers than workers. This is insane. Limiting.
2018-05-14 19:36:56.764959 +0000 build-fedora3: --> Processing repo: /pub/qubes/repo/yum/r3.2/security-testing/vm/fc23...
2018-05-14 19:36:56.862947 +0000 build-fedora3: Warning: Requested more delta workers than workers. This is insane. Limiting.
2018-05-14 19:37:08.140090 +0000 build-fedora3: --> Processing repo: /pub/qubes/repo/yum/r3.2/security-testing/vm/fc24...
2018-05-14 19:37:08.242314 +0000 build-fedora3: Warning: Requested more delta workers than workers. This is insane. Limiting.
2018-05-14 19:37:19.826964 +0000 build-fedora3: --> Processing repo: /pub/qubes/repo/yum/r3.2/security-testing/vm/fc25...
2018-05-14 19:37:19.927756 +0000 build-fedora3: Warning: Requested more delta workers than workers. This is insane. Limiting.
2018-05-14 19:37:32.568720 +0000 build-fedora3: --> Processing repo: /pub/qubes/repo/yum/r3.2/security-testing/vm/fc26...
2018-05-14 19:37:32.669002 +0000 build-fedora3: Warning: Requested more delta workers than workers. This is insane. Limiting.
2018-05-14 19:37:39.124286 +0000 build-fedora3: --> Processing repo: /pub/qubes/repo/yum/r3.2/security-testing/vm/fc27...
2018-05-14 19:37:39.135826 +0000 build-fedora3: Warning: Requested more delta workers than workers. This is insane. Limiting.
2018-05-14 19:37:41.173708 +0000 build-fedora3: --> Processing repo: /pub/qubes/repo/yum/r3.2/security-testing/vm/fc28...
2018-05-14 19:37:41.274185 +0000 build-fedora3: Warning: Requested more delta workers than workers. This is insane. Limiting.
2018-05-14 19:37:43.343179 +0000 build-fedora3: Done.
2018-05-14 19:37:43.345261 +0000 build-fedora3: ~/builder-r3.2-dom0/qubes-src/linux-yum
2018-05-14 19:37:43.347336 +0000 build-fedora3: Makefile:689: update target 'update-repo-current' due to: internal-update-repo-current.dom0.fc23.mgmt-salt-dom0-virtual-machines post-update-repo-current
2018-05-14 19:37:43.347405 +0000 build-fedora3: true
2018-05-14 19:37:43.352292 +0000 build-fedora3: > done
2018-05-14 19:37:43.353096 +0000 > closing log
