2018-04-05 21:18:35.314379 +0000 > starting log
2018-04-05 21:18:35.316373 +0000 build-fedora3: > starting build with log
2018-04-05 21:18:35.316435 +0000 build-fedora3: >> make args: DISTS_VM= fc25 DIST_DOM0= BUILD_LOGS_URL= gui-common-vm-fc25=https://github.com/QubesOS/build-logs/tree/master/build-fedora3/log_2018-04-05_21-18-00 GIT_URL_gui_common=https://github.com/QubesOS/qubes-gui-common sign-all update-repo-current-testing
2018-04-05 21:18:35.316462 +0000 build-fedora3: >> MAKEFLAGS=
2018-04-05 21:18:35.316486 +0000 build-fedora3: >> COMPONENTS=gui-common
2018-04-05 21:18:35.316508 +0000 build-fedora3: >> DISTS_VM=
2018-04-05 21:18:35.316530 +0000 build-fedora3: >> DIST_DOM0=
2018-04-05 21:18:35.316554 +0000 build-fedora3: >> qubes-builder 3ac168dc07d3411a6308a3ce2a4db7d0098a3b92
2018-04-05 21:18:35.316582 +0000 build-fedora3: >> qubes-builder/qubes-src/gui-common 86efcce2f7ec4c4fdfa0693a3dfa1ee20bb775ca
2018-04-05 21:18:35.316608 +0000 build-fedora3: !! pkgs/fc23/x86_64/qubes-gui-common-devel-3.2.0-1.fc23.x86_64.rpm
2018-04-05 21:18:35.316636 +0000 build-fedora3: !! pkgs/fc24/x86_64/qubes-gui-common-devel-3.2.0-1.fc24.x86_64.rpm
2018-04-05 21:18:35.316660 +0000 build-fedora3: !! pkgs/fc25/gui-common.spec.list
2018-04-05 21:18:35.316689 +0000 build-fedora3: !! pkgs/fc25/x86_64/qubes-gui-common-devel-3.2.0-1.fc25.x86_64.rpm
2018-04-05 21:18:35.316716 +0000 build-fedora3: !! pkgs/fc26/gui-common.spec.list
2018-04-05 21:18:35.316746 +0000 build-fedora3: !! pkgs/fc26/x86_64/qubes-gui-common-devel-3.2.0-1.fc26.x86_64.rpm
2018-04-05 21:18:35.316785 +0000 build-fedora3: c79b5136bf2083b20e398c00aaafcfdc0b801ecfd3500a1b33b64ff9bd4670f272e403139930a1237b8b4bba22fa088838e079a84584d5896b61b7fb5c8674a4  pkgs/fc23/x86_64/qubes-gui-common-devel-3.2.0-1.fc23.x86_64.rpm
2018-04-05 21:18:35.316831 +0000 build-fedora3: d1161623cde881da5c5a02d6a8d80579b924fa378790a57db67cfaadf2ff6a381ff06f514497a8bdaf7384cb3752388698d7862398af71d4ab8988291890df8f  pkgs/fc24/x86_64/qubes-gui-common-devel-3.2.0-1.fc24.x86_64.rpm
2018-04-05 21:18:35.316913 +0000 build-fedora3: 85bea2b340b575cf7a64b72a791616ec3c8397909372e03a4de1e08cf86835515f69d6f7661c51531adec2bfde9c472168a3e8153a7c273bc37eeff578288ceb  pkgs/fc25/gui-common.spec.list
2018-04-05 21:18:35.316955 +0000 build-fedora3: 6917db0c26339d08640051df1cf80b4ca49e10f0b90f2a1c8ed9cc2892e8b83cd86f7c791555a3d2af973e2deb827b63dc5df045d6d49a18973c14504a4db061  pkgs/fc25/x86_64/qubes-gui-common-devel-3.2.0-1.fc25.x86_64.rpm
2018-04-05 21:18:35.316990 +0000 build-fedora3: 3357f621e612cfd108fa812ecf9294fc67f0b3bc481f7a6fd2bd9b3cfab0a66bfefc74162c366d680412924c542b52aa0850c6cb0a6fe096298de45bd8735e1b  pkgs/fc26/gui-common.spec.list
2018-04-05 21:18:35.317029 +0000 build-fedora3: 687fd45e46ebc3cbed93fa16ba961565ee9e9f79089898261e8682f400c718cd0ddf5a69484aff1e46587e89fa27b4d743acd3507c9187ecbcffbaf88ca1d620  pkgs/fc26/x86_64/qubes-gui-common-devel-3.2.0-1.fc26.x86_64.rpm
2018-04-05 21:18:35.317061 +0000 build-fedora3: ================================================================================
2018-04-05 21:18:35.317090 +0000 build-fedora3:                            B U I L D   I N F O                                  
2018-04-05 21:18:35.317118 +0000 build-fedora3: Items in red indicate it was automatically generated by configuration file(s)
2018-04-05 21:18:35.317172 +0000 build-fedora3: Items in white indicate it was automatically removed by configuration file(s)
2018-04-05 21:18:35.317199 +0000 build-fedora3: ================================================================================
2018-04-05 21:18:35.317222 +0000 build-fedora3: DISTS_VM:
2018-04-05 21:18:35.317243 +0000 build-fedora3:      fc25, fc26,
2018-04-05 21:18:35.317263 +0000 build-fedora3: DISTS_ALL:
2018-04-05 21:18:35.317284 +0000 build-fedora3:      fc25, fc26,
2018-04-05 21:18:35.317306 +0000 build-fedora3: DIST_DOM0:
2018-04-05 21:18:35.317328 +0000 build-fedora3:     
2018-04-05 21:18:35.317353 +0000 build-fedora3: BUILDER_PLUGINS:
2018-04-05 21:18:35.317378 +0000 build-fedora3:      builder-fedora, mgmt-salt, builder-github,
2018-04-05 21:18:35.317398 +0000 build-fedora3: COMPONENTS:
2018-04-05 21:18:35.317436 +0000 build-fedora3:      gui-common,
2018-04-05 21:18:35.317459 +0000 build-fedora3: GIT_REPOS:
2018-04-05 21:18:35.317483 +0000 build-fedora3:      qubes-src/gui-common,
2018-04-05 21:18:35.317504 +0000 build-fedora3: TEMPLATE:
2018-04-05 21:18:35.317525 +0000 build-fedora3:     
2018-04-05 21:18:35.317548 +0000 build-fedora3: TEMPLATE_FLAVOR_DIR:
2018-04-05 21:18:35.330069 +0000 build-fedora3:     
2018-04-05 21:18:35.330125 +0000 build-fedora3: TEMPLATE_ALIAS:
2018-04-05 21:18:35.340247 +0000 build-fedora3:      jessie:jessie+standard, jessie+gnome:jessie+gnome+standard, jessie+minimal:jessie+minimal+no-recommends,
2018-04-05 21:18:35.340305 +0000 build-fedora3:      stretch:stretch+standard, stretch+gnome:stretch+gnome+standard,
2018-04-05 21:18:35.340336 +0000 build-fedora3:      stretch+minimal:stretch+minimal+no-recommends,
2018-04-05 21:18:35.343324 +0000 build-fedora3: TEMPLATE_LABEL:
2018-04-05 21:18:35.352801 +0000 build-fedora3:      fc25:fedora-25, fc26:fedora-26, fc20:fedora-20 fc21:fedora-21 fc22:fedora-22 fc23:fedora-23 fc24:fedora-24
2018-04-05 21:18:35.352863 +0000 build-fedora3:      fc20+minimal:fedora-20-minimal fc21+minimal:fedora-21-minimal fc23+minimal:fedora-23-minimal
2018-04-05 21:18:35.352898 +0000 build-fedora3:      fc24+minimal:fedora-24-minimal fc25+minimal:fedora-25-minimal fc26+minimal:fedora-26-minimal
2018-04-05 21:18:35.352931 +0000 build-fedora3:      fc25+xfce:fedora-25-xfce fc26+xfce:fedora-26-xfce wheezy:debian-7 wheezy+standard:debian-7
2018-04-05 21:18:35.352964 +0000 build-fedora3:      jessie:debian-8 jessie+standard:debian-8 stretch:debian-9 stretch+standard:debian-9 centos7:centos-7
2018-04-05 21:18:35.352991 +0000 build-fedora3:      centos7+minimal:centos-7-minimal
2018-04-05 21:18:35.424388 +0000 build-fedora3: > running make
2018-04-05 21:18:35.485173 +0000 build-fedora3: Makefile:250: target 'sign-vm-fc25-gui-common' does not exist
2018-04-05 21:18:35.485296 +0000 build-fedora3: if [ -n "gui-common" -a "0" -ne 0 ]; then BRANCH=release3.2; branch_var="BRANCH_gui_common"; [ -n "${!branch_var}" ] && BRANCH="${!branch_var}"; pushd qubes-src/gui-common > /dev/null; CURRENT_BRANCH=`git symbolic-ref --short HEAD 2>/dev/null || git describe --tags --exact-match HEAD`; if [ "$BRANCH" != "$CURRENT_BRANCH" ]; then echo "-> ERROR: Wrong branch $branch_var=$CURRENT_BRANCH (expected $BRANCH)"; exit 1; fi; popd > /dev/null; fi
2018-04-05 21:18:35.485335 +0000 build-fedora3: SIGN_KEY=C52261BE0A823221D94CA1D1CB11CA1D03FA5082; \
2018-04-05 21:18:35.485363 +0000 build-fedora3: sign_key_var="SIGN_KEY_fc25"; \
2018-04-05 21:18:35.485392 +0000 build-fedora3: [ -n "${!sign_key_var}" ] && SIGN_KEY="${!sign_key_var}"; \
2018-04-05 21:18:35.485421 +0000 build-fedora3: if [ -r qubes-src/gui-common/Makefile.builder ]; then \
2018-04-05 21:18:35.485449 +0000 build-fedora3: .make --no-print-directory -f Makefile.generic \
2018-04-05 21:18:35.485473 +0000 build-fedora3: ..DIST=fc25 \
2018-04-05 21:18:35.485496 +0000 build-fedora3: ..PACKAGE_SET=vm \
2018-04-05 21:18:35.485520 +0000 build-fedora3: ..COMPONENT=gui-common \
2018-04-05 21:18:35.485544 +0000 build-fedora3: ..SIGN_KEY=$SIGN_KEY \
2018-04-05 21:18:35.485567 +0000 build-fedora3: ..sign || exit 1; \
2018-04-05 21:18:35.485592 +0000 build-fedora3: elif [ -d qubes-src/gui-common/rpm ]; then \
2018-04-05 21:18:35.485618 +0000 build-fedora3: .# Old mechanism supported only for RPM
2018-04-05 21:18:35.485645 +0000 build-fedora3: FILE_LIST=""; for RPM in qubes-src/gui-common/rpm/*/*.rpm; do \
2018-04-05 21:18:35.485675 +0000 build-fedora3: ..if ! qubes-src/installer-qubes-os/rpm_verify $RPM > /dev/null; then \
2018-04-05 21:18:35.485702 +0000 build-fedora3: ...FILE_LIST="$FILE_LIST $RPM" ;\
2018-04-05 21:18:35.485724 +0000 build-fedora3: ..fi ;\
2018-04-05 21:18:35.485745 +0000 build-fedora3: .done ; \
2018-04-05 21:18:35.485769 +0000 build-fedora3: .if [ -n "$FILE_LIST" ]; then \
2018-04-05 21:18:35.485792 +0000 build-fedora3: ..echo "--> Signing..."; \
2018-04-05 21:18:35.485814 +0000 build-fedora3: ..RPMSIGN_OPTS=--digest-algo=sha256; \
2018-04-05 21:18:35.485856 +0000 build-fedora3: ..if [ -n "$SIGN_KEY" ]; then \
2018-04-05 21:18:35.485880 +0000 build-fedora3: ...RPMSIGN_OPTS="--key-id=$SIGN_KEY"; \
2018-04-05 21:18:35.485900 +0000 build-fedora3: ..fi; \
2018-04-05 21:18:35.485927 +0000 build-fedora3: ..setsid -w rpmsign "$RPMSIGN_OPTS" --addsign $FILE_LIST </dev/null ;\
2018-04-05 21:18:35.485949 +0000 build-fedora3: .fi; \
2018-04-05 21:18:35.485970 +0000 build-fedora3: fi
2018-04-05 21:18:35.527758 +0000 build-fedora3: + ERR_OUTPUT=/dev/stderr
2018-04-05 21:18:35.527813 +0000 build-fedora3: + '[' 2 -lt 2 ']'
2018-04-05 21:18:35.527845 +0000 build-fedora3: + '[' -r qubes-src/gui-common/rpm_spec/gui-common.spec.in ']'
2018-04-05 21:18:35.527876 +0000 build-fedora3: + rpm -q --qf '%{NAME}-%{VERSION}.tar.gz\n' --specfile qubes-src/gui-common/rpm_spec/gui-common.spec
2018-04-05 21:18:35.586700 +0000 build-fedora3: warning: Macro %version defined but not used within scope
2018-04-05 21:18:35.596389 +0000 build-fedora3: cat: version: No such file or directory
2018-04-05 21:18:35.597648 +0000 build-fedora3: error: line 28: Empty tag: Version:
2018-04-05 21:18:35.597708 +0000 build-fedora3: error: query of specfile qubes-src/gui-common/rpm_spec/gui-common.spec failed, can't parse
2018-04-05 21:18:35.629679 +0000 build-fedora3: /home/user/builder-r3.2/qubes-src/builder-fedora/Makefile.fedora:145: target 'sign' does not exist
2018-04-05 21:18:35.629745 +0000 build-fedora3: cd qubes-src/gui-common && for pkg in pkgs/fc25/x86_64/qubes-gui-common-devel-3.2.0-1.fc25.x86_64.rpm ; do \
2018-04-05 21:18:35.629777 +0000 build-fedora3: .if ! rpm -K $pkg | grep -qi pgp; then \
2018-04-05 21:18:35.629815 +0000 build-fedora3: ..setsid -w rpmsign  --digest-algo=sha256 --key-id=C52261BE0A823221D94CA1D1CB11CA1D03FA5082 --addsign $pkg </dev/null || exit 1; \
2018-04-05 21:18:35.629841 +0000 build-fedora3: .fi; \
2018-04-05 21:18:35.629865 +0000 build-fedora3: done
2018-04-05 21:18:35.675341 +0000 build-fedora3: + ERR_OUTPUT=/dev/stderr
2018-04-05 21:18:35.675399 +0000 build-fedora3: + '[' 2 -lt 2 ']'
2018-04-05 21:18:35.675432 +0000 build-fedora3: + '[' -r qubes-src/gui-common/rpm_spec/gui-common.spec.in ']'
2018-04-05 21:18:35.675464 +0000 build-fedora3: + rpm -q --qf '%{NAME}-%{VERSION}.tar.gz\n' --specfile qubes-src/gui-common/rpm_spec/gui-common.spec
2018-04-05 21:18:35.733710 +0000 build-fedora3: warning: Macro %version defined but not used within scope
2018-04-05 21:18:35.743027 +0000 build-fedora3: cat: version: No such file or directory
2018-04-05 21:18:35.745624 +0000 build-fedora3: error: line 28: Empty tag: Version:
2018-04-05 21:18:35.745689 +0000 build-fedora3: error: query of specfile qubes-src/gui-common/rpm_spec/gui-common.spec failed, can't parse
2018-04-05 21:18:36.875231 +0000 build-fedora3: pkgs/fc25/x86_64/qubes-gui-common-devel-3.2.0-1.fc25.x86_64.rpm:
2018-04-05 21:18:36.877570 +0000 build-fedora3: Makefile:721: target 'internal-update-repo-current-testing.vm.fc25.gui-common' does not exist
2018-04-05 21:18:36.877630 +0000 build-fedora3: repo_base_var="LINUX_REPO_fc25_BASEDIR"; \
2018-04-05 21:18:36.877663 +0000 build-fedora3: if [ -n "${!repo_base_var}" ]; then \
2018-04-05 21:18:36.877694 +0000 build-fedora3: .repo_basedir="${!repo_base_var}"; \
2018-04-05 21:18:36.877719 +0000 build-fedora3: else \
2018-04-05 21:18:36.877748 +0000 build-fedora3: .repo_basedir="qubes-src/linux-yum/r3.2"; \
2018-04-05 21:18:36.877772 +0000 build-fedora3: fi; \
2018-04-05 21:18:36.877799 +0000 build-fedora3: if [ -r qubes-src/gui-common/Makefile.builder ]; then \
2018-04-05 21:18:36.877828 +0000 build-fedora3: .echo -n "Updating qubes-src/gui-common... "; \
2018-04-05 21:18:36.877852 +0000 build-fedora3: .if [ "0" -eq 1 ]; then \
2018-04-05 21:18:36.877880 +0000 build-fedora3: ..vtag=`git -C qubes-src/gui-common tag --points-at HEAD --list v*`; \
2018-04-05 21:18:36.877903 +0000 build-fedora3: ..if [ -z "$vtag" ]; then \
2018-04-05 21:18:36.877927 +0000 build-fedora3: ...echo "no version tag"; \
2018-04-05 21:18:36.877968 +0000 build-fedora3: ...exit 0; \
2018-04-05 21:18:36.877990 +0000 build-fedora3: ..fi; \
2018-04-05 21:18:36.878013 +0000 build-fedora3: .fi; \
2018-04-05 21:18:36.878055 +0000 build-fedora3: .component_packages=$(MAKEFLAGS= make -s -f Makefile.generic DIST=fc25 PACKAGE_SET=vm COMPONENT=`basename qubes-src/gui-common` UPDATE_REPO=/home/user/builder-r3.2/$repo_basedir/current-testing/vm/fc25 get-var GET_VAR=PACKAGE_LIST); \
2018-04-05 21:18:36.878085 +0000 build-fedora3: .if [ -z "$component_packages" ]; then \
2018-04-05 21:18:36.878108 +0000 build-fedora3: ..echo "no packages."; \
2018-04-05 21:18:36.878130 +0000 build-fedora3: ..exit 0; \
2018-04-05 21:18:36.878190 +0000 build-fedora3: .fi; \
2018-04-05 21:18:36.878218 +0000 build-fedora3: .make -s -f Makefile.generic DIST=fc25 PACKAGE_SET=vm \
2018-04-05 21:18:36.878242 +0000 build-fedora3: ..COMPONENT=`basename qubes-src/gui-common` \
2018-04-05 21:18:36.878266 +0000 build-fedora3: ..SNAPSHOT_REPO=current-testing \
2018-04-05 21:18:36.878290 +0000 build-fedora3: ..TARGET_REPO=current-testing \
2018-04-05 21:18:36.878316 +0000 build-fedora3: ..UPDATE_REPO=/home/user/builder-r3.2/$repo_basedir/current-testing/vm/fc25 \
2018-04-05 21:18:36.878348 +0000 build-fedora3: ..SNAPSHOT_FILE=/home/user/builder-r3.2/repo-latest-snapshot/current-testing-vm-fc25-`basename qubes-src/gui-common` \
2018-04-05 21:18:36.878383 +0000 build-fedora3: ..BUILD_LOG_URL=https://github.com/QubesOS/build-logs/tree/master/build-fedora3/log_2018-04-05_21-18-00 \
2018-04-05 21:18:36.878408 +0000 build-fedora3: ..update-repo || exit 1; \
2018-04-05 21:18:36.878437 +0000 build-fedora3: elif make -C qubes-src/gui-common -n update-repo-current-testing >/dev/null 2>/dev/null; then \
2018-04-05 21:18:36.878463 +0000 build-fedora3: .echo "Updating qubes-src/gui-common... "; \
2018-04-05 21:18:36.878490 +0000 build-fedora3: .make -s -C qubes-src/gui-common update-repo-current-testing || exit 1; \
2018-04-05 21:18:36.878513 +0000 build-fedora3: else \
2018-04-05 21:18:36.878540 +0000 build-fedora3: .echo -n "Updating qubes-src/gui-common... skipping."; \
2018-04-05 21:18:36.878562 +0000 build-fedora3: fi; \
2018-04-05 21:18:36.878583 +0000 build-fedora3: echo
2018-04-05 21:18:36.929529 +0000 build-fedora3: Updating qubes-src/gui-common... + ERR_OUTPUT=/dev/stderr
2018-04-05 21:18:36.929582 +0000 build-fedora3: + '[' 2 -lt 2 ']'
2018-04-05 21:18:36.929613 +0000 build-fedora3: + '[' -r qubes-src/gui-common/rpm_spec/gui-common.spec.in ']'
2018-04-05 21:18:36.929745 +0000 build-fedora3: + rpm -q --qf '%{NAME}-%{VERSION}.tar.gz\n' --specfile qubes-src/gui-common/rpm_spec/gui-common.spec
2018-04-05 21:18:36.984878 +0000 build-fedora3: warning: Macro %version defined but not used within scope
2018-04-05 21:18:36.997304 +0000 build-fedora3: cat: version: No such file or directory
2018-04-05 21:18:37.000449 +0000 build-fedora3: error: line 28: Empty tag: Version:
2018-04-05 21:18:37.000505 +0000 build-fedora3: error: query of specfile qubes-src/gui-common/rpm_spec/gui-common.spec failed, can't parse
2018-04-05 21:18:37.023462 +0000 build-fedora3: + ERR_OUTPUT=/dev/stderr
2018-04-05 21:18:37.023513 +0000 build-fedora3: + '[' 2 -lt 2 ']'
2018-04-05 21:18:37.023541 +0000 build-fedora3: + '[' -r qubes-src/gui-common/rpm_spec/gui-common.spec.in ']'
2018-04-05 21:18:37.024644 +0000 build-fedora3: + rpm -q --qf '%{NAME}-%{VERSION}.tar.gz\n' --specfile qubes-src/gui-common/rpm_spec/gui-common.spec
2018-04-05 21:18:37.081402 +0000 build-fedora3: warning: Macro %version defined but not used within scope
2018-04-05 21:18:37.090796 +0000 build-fedora3: cat: version: No such file or directory
2018-04-05 21:18:37.091635 +0000 build-fedora3: error: line 28: Empty tag: Version:
2018-04-05 21:18:37.091698 +0000 build-fedora3: error: query of specfile qubes-src/gui-common/rpm_spec/gui-common.spec failed, can't parse
2018-04-05 21:18:37.160186 +0000 build-fedora3: + ERR_OUTPUT=/dev/stderr
2018-04-05 21:18:37.160259 +0000 build-fedora3: + '[' 2 -lt 2 ']'
2018-04-05 21:18:37.160444 +0000 build-fedora3: + '[' -r qubes-src/gui-common/rpm_spec/gui-common.spec.in ']'
2018-04-05 21:18:37.160498 +0000 build-fedora3: + rpm -q --qf '%{NAME}-%{VERSION}.tar.gz\n' --specfile qubes-src/gui-common/rpm_spec/gui-common.spec
2018-04-05 21:18:37.216880 +0000 build-fedora3: warning: Macro %version defined but not used within scope
2018-04-05 21:18:37.228085 +0000 build-fedora3: cat: version: No such file or directory
2018-04-05 21:18:37.230607 +0000 build-fedora3: error: line 28: Empty tag: Version:
2018-04-05 21:18:37.230674 +0000 build-fedora3: error: query of specfile qubes-src/gui-common/rpm_spec/gui-common.spec failed, can't parse
2018-04-05 21:18:37.291768 +0000 build-fedora3: /home/user/builder-r3.2/qubes-src/builder-fedora/Makefile.fedora:121: target 'update-repo-do' does not exist
2018-04-05 21:18:37.291828 +0000 build-fedora3: mkdir -p /home/user/builder-r3.2/qubes-src/linux-yum/r3.2/current-testing/vm/fc25/rpm
2018-04-05 21:18:37.335038 +0000 build-fedora3: + ERR_OUTPUT=/dev/stderr
2018-04-05 21:18:37.335095 +0000 build-fedora3: + '[' 2 -lt 2 ']'
2018-04-05 21:18:37.335131 +0000 build-fedora3: + '[' -r qubes-src/gui-common/rpm_spec/gui-common.spec.in ']'
2018-04-05 21:18:37.335185 +0000 build-fedora3: + rpm -q --qf '%{NAME}-%{VERSION}.tar.gz\n' --specfile qubes-src/gui-common/rpm_spec/gui-common.spec
2018-04-05 21:18:37.393825 +0000 build-fedora3: warning: Macro %version defined but not used within scope
2018-04-05 21:18:37.404137 +0000 build-fedora3: cat: version: No such file or directory
2018-04-05 21:18:37.405545 +0000 build-fedora3: error: line 28: Empty tag: Version:
2018-04-05 21:18:37.405609 +0000 build-fedora3: error: query of specfile qubes-src/gui-common/rpm_spec/gui-common.spec failed, can't parse
2018-04-05 21:18:37.423361 +0000 build-fedora3: cd qubes-src/gui-common && ln -f pkgs/fc25/x86_64/qubes-gui-common-devel-3.2.0-1.fc25.x86_64.rpm  /home/user/builder-r3.2/qubes-src/linux-yum/r3.2/current-testing/vm/fc25/rpm/
2018-04-05 21:18:37.431362 +0000 build-fedora3: cd qubes-src/gui-common && echo pkgs/fc25/x86_64/qubes-gui-common-devel-3.2.0-1.fc25.x86_64.rpm  > /home/user/builder-r3.2/repo-latest-snapshot/current-testing-vm-fc25-gui-common
2018-04-05 21:18:37.522586 +0000 build-fedora3: /home/user/builder-r3.2/qubes-src/builder-github//Makefile.github:21: target 'notify-github' does not exist
2018-04-05 21:18:37.522651 +0000 build-fedora3: [ -z "qubes-gui-common-devel-3.2.0-1.fc25" ] || /home/user/builder-r3.2/qubes-src/builder-github//notify-issues \
2018-04-05 21:18:37.522692 +0000 build-fedora3: .--build-log="https://github.com/QubesOS/build-logs/tree/master/build-fedora3/log_2018-04-05_21-18-00" \
2018-04-05 21:18:37.522719 +0000 build-fedora3: ."r3.2" \
2018-04-05 21:18:37.522747 +0000 build-fedora3: ."current-testing" \
2018-04-05 21:18:37.522775 +0000 build-fedora3: ."qubes-src/gui-common" \
2018-04-05 21:18:37.522802 +0000 build-fedora3: ."qubes-gui-common-devel-3.2.0-1.fc25" \
2018-04-05 21:18:37.522826 +0000 build-fedora3: ."fc25" \
2018-04-05 21:18:37.522849 +0000 build-fedora3: ."vm" \
2018-04-05 21:18:37.522878 +0000 build-fedora3: ."/home/user/github-notify-state/r3.2-gui-common-vm-fc25-current-testing"
2018-04-05 21:18:37.597700 +0000 build-fedora3: + ERR_OUTPUT=/dev/stderr
2018-04-05 21:18:37.597756 +0000 build-fedora3: + '[' 2 -lt 2 ']'
2018-04-05 21:18:37.597788 +0000 build-fedora3: + '[' -r qubes-src/gui-common/rpm_spec/gui-common.spec.in ']'
2018-04-05 21:18:37.597821 +0000 build-fedora3: + rpm -q --qf '%{NAME}-%{VERSION}.tar.gz\n' --specfile qubes-src/gui-common/rpm_spec/gui-common.spec
2018-04-05 21:18:37.657763 +0000 build-fedora3: warning: Macro %version defined but not used within scope
2018-04-05 21:18:37.666694 +0000 build-fedora3: cat: version: No such file or directory
2018-04-05 21:18:37.666748 +0000 build-fedora3: error: line 28: Empty tag: Version:
2018-04-05 21:18:37.667962 +0000 build-fedora3: error: query of specfile qubes-src/gui-common/rpm_spec/gui-common.spec failed, can't parse
2018-04-05 21:18:42.152685 +0000 build-fedora3: WARNING: /home/user/github-notify-state/r3.2-gui-common-vm-fc25-current-testing does not exist, initializing with the current state
2018-04-05 21:18:42.157251 +0000 build-fedora3: 
2018-04-05 21:18:42.157810 +0000 build-fedora3: Makefile:702: update target 'internal-update-repo-current-testing.vm.fc25' due to: internal-update-repo-current-testing.vm.fc25.gui-common
2018-04-05 21:18:42.157857 +0000 build-fedora3: true
2018-04-05 21:18:42.162118 +0000 build-fedora3: Makefile:764: target 'post-update-repo-current-testing' does not exist
2018-04-05 21:18:42.162190 +0000 build-fedora3: for dist in  fc25; do \
2018-04-05 21:18:42.162223 +0000 build-fedora3: .repo_base_var="LINUX_REPO_${dist}_BASEDIR"; \
2018-04-05 21:18:42.162250 +0000 build-fedora3: .if [ -n "${!repo_base_var}" ]; then \
2018-04-05 21:18:42.162276 +0000 build-fedora3: ..repo_basedir="${!repo_base_var}"; \
2018-04-05 21:18:42.162299 +0000 build-fedora3: .else \
2018-04-05 21:18:42.162326 +0000 build-fedora3: ..repo_basedir="qubes-src/linux-yum/r3.2"; \
2018-04-05 21:18:42.162349 +0000 build-fedora3: .fi; \
2018-04-05 21:18:42.162375 +0000 build-fedora3: .repos_to_update="$repos_to_update $repo_basedir"; \
2018-04-05 21:18:42.162402 +0000 build-fedora3: done; \
2018-04-05 21:18:42.162419 +0000 build-fedora3: for repo in `echo $repos_to_update|tr ' ' '\n'|sort|uniq`; do \
2018-04-05 21:18:42.162434 +0000 build-fedora3: .[ -z "$repo" ] && continue; \
2018-04-05 21:18:42.162450 +0000 build-fedora3: .(cd $repo/.. && ./update_repo-current-testing.sh `basename $repo`); \
2018-04-05 21:18:42.162463 +0000 build-fedora3: done
2018-04-05 21:18:42.191344 +0000 build-fedora3: --> Processing repo: r3.2/current-testing/dom0/fc20...
2018-04-05 21:18:42.596342 +0000 build-fedora3: --> Processing repo: r3.2/current-testing/dom0/fc23...
2018-04-05 21:18:45.025056 +0000 build-fedora3: --> Processing repo: r3.2/current-testing/vm/fc22...
2018-04-05 21:18:45.478049 +0000 build-fedora3: --> Processing repo: r3.2/current-testing/vm/fc23...
2018-04-05 21:18:50.544127 +0000 build-fedora3: --> Processing repo: r3.2/current-testing/vm/fc24...
2018-04-05 21:18:55.591916 +0000 build-fedora3: --> Processing repo: r3.2/current-testing/vm/fc25...
2018-04-05 21:19:00.570896 +0000 build-fedora3: --> Processing repo: r3.2/current-testing/vm/fc26...
2018-04-05 21:19:02.841803 +0000 build-fedora3: Done.
2018-04-05 21:19:02.852794 +0000 build-fedora3: ~/builder-r3.2/qubes-src/linux-yum ~/builder-r3.2/qubes-src/linux-yum
2018-04-05 21:19:02.856343 +0000 build-fedora3: Syncing r3.2...
2018-04-05 21:19:04.049347 +0000 build-fedora3: sending incremental file list
2018-04-05 21:19:04.177740 +0000 build-fedora3: rsync: failed to set times on "/pub/qubes/repo/yum/r3.2/current-testing": Operation not permitted (1)
2018-04-05 21:19:04.177889 +0000 build-fedora3: rsync: failed to set times on "/pub/qubes/repo/yum/r3.2/current-testing/dom0": Operation not permitted (1)
2018-04-05 21:19:04.177985 +0000 build-fedora3: rsync: failed to set times on "/pub/qubes/repo/yum/r3.2/current-testing/dom0/fc20": Operation not permitted (1)
2018-04-05 21:19:04.178072 +0000 build-fedora3: rsync: failed to set times on "/pub/qubes/repo/yum/r3.2/current-testing/dom0/fc20/rpm": Operation not permitted (1)
2018-04-05 21:19:04.178212 +0000 build-fedora3: rsync: failed to set times on "/pub/qubes/repo/yum/r3.2/current-testing/dom0/fc23": Operation not permitted (1)
2018-04-05 21:19:04.178298 +0000 build-fedora3: rsync: failed to set times on "/pub/qubes/repo/yum/r3.2/current-testing/dom0/fc23/rpm": Operation not permitted (1)
2018-04-05 21:19:04.178377 +0000 build-fedora3: rsync: failed to set times on "/pub/qubes/repo/yum/r3.2/current-testing/vm": Operation not permitted (1)
2018-04-05 21:19:04.178455 +0000 build-fedora3: rsync: failed to set times on "/pub/qubes/repo/yum/r3.2/current-testing/vm/fc22": Operation not permitted (1)
2018-04-05 21:19:04.178532 +0000 build-fedora3: rsync: failed to set times on "/pub/qubes/repo/yum/r3.2/current-testing/vm/fc22/rpm": Operation not permitted (1)
2018-04-05 21:19:04.178609 +0000 build-fedora3: rsync: failed to set times on "/pub/qubes/repo/yum/r3.2/current-testing/vm/fc23": Operation not permitted (1)
2018-04-05 21:19:04.178735 +0000 build-fedora3: rsync: failed to set times on "/pub/qubes/repo/yum/r3.2/current-testing/vm/fc23/rpm": Operation not permitted (1)
2018-04-05 21:19:04.178816 +0000 build-fedora3: rsync: failed to set times on "/pub/qubes/repo/yum/r3.2/current-testing/vm/fc24": Operation not permitted (1)
2018-04-05 21:19:04.178961 +0000 build-fedora3: rsync: failed to set times on "/pub/qubes/repo/yum/r3.2/current-testing/vm/fc24/rpm": Operation not permitted (1)
2018-04-05 21:19:04.179104 +0000 build-fedora3: rsync: failed to set times on "/pub/qubes/repo/yum/r3.2/current-testing/vm/fc25": Operation not permitted (1)
2018-04-05 21:19:04.190777 +0000 build-fedora3: rsync: failed to set times on "/pub/qubes/repo/yum/r3.2/current-testing/vm/fc25/rpm": Operation not permitted (1)
2018-04-05 21:19:04.190951 +0000 build-fedora3: .d..t...... current-testing/
2018-04-05 21:19:04.191128 +0000 build-fedora3: .d..t...... current-testing/dom0/
2018-04-05 21:19:04.191316 +0000 build-fedora3: .d..t...... current-testing/dom0/fc20/
2018-04-05 21:19:04.191456 +0000 build-fedora3: .L..t...... current-testing/dom0/fc20/comps.xml -> ../../../comps-dom0.xml
2018-04-05 21:19:04.191567 +0000 build-fedora3: .d..t...... current-testing/dom0/fc20/rpm/
2018-04-05 21:19:04.191718 +0000 build-fedora3: .d..t...... current-testing/dom0/fc23/
2018-04-05 21:19:04.191842 +0000 build-fedora3: .L..t...... current-testing/dom0/fc23/comps.xml -> ../../../comps-dom0.xml
2018-04-05 21:19:04.196549 +0000 build-fedora3: .d..t...... current-testing/dom0/fc23/rpm/
2018-04-05 21:19:04.196710 +0000 build-fedora3: <f..t...... current-testing/dom0/fc23/rpm/qubes-core-dom0-vaio-fixes-1.6.1-1.fc23.x86_64.rpm
2018-04-05 21:19:04.199052 +0000 build-fedora3: .          2,092  29%    0.00kB/s    0:00:00  .          7,170 100%    4.84MB/s    0:00:00 (xfr#1, ir-chk=1235/1257)
2018-04-05 21:19:04.199231 +0000 build-fedora3: .d..t...... current-testing/vm/
2018-04-05 21:19:04.199313 +0000 build-fedora3: .d..t...... current-testing/vm/fc22/
2018-04-05 21:19:04.199390 +0000 build-fedora3: .L..t...... current-testing/vm/fc22/comps.xml -> ../../../comps-vm.xml
2018-04-05 21:19:04.199455 +0000 build-fedora3: .d..t...... current-testing/vm/fc22/rpm/
2018-04-05 21:19:04.199517 +0000 build-fedora3: .d..t...... current-testing/vm/fc23/
2018-04-05 21:19:04.199583 +0000 build-fedora3: .L..t...... current-testing/vm/fc23/comps.xml -> ../../../comps-vm.xml
2018-04-05 21:19:04.204693 +0000 build-fedora3: .d..t...... current-testing/vm/fc23/rpm/
2018-04-05 21:19:04.204714 +0000 build-fedora3: .d..t...... current-testing/vm/fc24/
2018-04-05 21:19:04.204731 +0000 build-fedora3: .L..t...... current-testing/vm/fc24/comps.xml -> ../../../comps-vm.xml
2018-04-05 21:19:04.205973 +0000 build-fedora3: .d..t...... current-testing/vm/fc24/rpm/
2018-04-05 21:19:04.205991 +0000 build-fedora3: .d..t...... current-testing/vm/fc25/
2018-04-05 21:19:04.206008 +0000 build-fedora3: .L..t...... current-testing/vm/fc25/comps.xml -> ../../../comps-vm.xml
2018-04-05 21:19:04.208799 +0000 build-fedora3: .d..t...... current-testing/vm/fc25/rpm/
2018-04-05 21:19:04.208843 +0000 build-fedora3: .f...p..... current-testing/vm/fc25/rpm/python2-dnf-plugins-qubes-hooks-3.2.17-1.fc25.x86_64.rpm
2018-04-05 21:19:04.208878 +0000 build-fedora3: .f...p..... current-testing/vm/fc25/rpm/python3-dnf-plugins-qubes-hooks-3.2.17-1.fc25.x86_64.rpm
2018-04-05 21:19:04.208903 +0000 build-fedora3: .f...p..... current-testing/vm/fc25/rpm/qubes-core-vm-3.2.17-1.fc25.x86_64.rpm
2018-04-05 21:19:04.208922 +0000 build-fedora3: .f...p..... current-testing/vm/fc25/rpm/qubes-core-vm-debuginfo-3.2.17-1.fc25.x86_64.rpm
2018-04-05 21:19:04.208939 +0000 build-fedora3: .f...p..... current-testing/vm/fc25/rpm/qubes-core-vm-doc-3.2.17-1.noarch.rpm
2018-04-05 21:19:04.208956 +0000 build-fedora3: .f...p..... current-testing/vm/fc25/rpm/qubes-core-vm-systemd-3.2.17-1.fc25.x86_64.rpm
2018-04-05 21:19:04.208973 +0000 build-fedora3: .f...p..... current-testing/vm/fc25/rpm/qubes-core-vm-sysvinit-3.2.17-1.fc25.x86_64.rpm
2018-04-05 21:19:04.209005 +0000 build-fedora3: <f.st...... current-testing/vm/fc25/rpm/qubes-gui-common-devel-3.2.0-1.fc25.x86_64.rpm
2018-04-05 21:19:04.209432 +0000 build-fedora3: .          2,140  24%  208.98kB/s    0:00:00  .          8,642 100%  843.95kB/s    0:00:00 (xfr#2, ir-chk=1262/2062)
2018-04-05 21:19:04.209481 +0000 build-fedora3: .f...p..... current-testing/vm/fc25/rpm/qubes-gui-vm-3.2.16-1.fc25.x86_64.rpm
2018-04-05 21:19:04.209510 +0000 build-fedora3: .f...p..... current-testing/vm/fc25/rpm/qubes-gui-vm-debuginfo-3.2.16-1.fc25.x86_64.rpm
2018-04-05 21:19:04.209531 +0000 build-fedora3: .f...p..... current-testing/vm/fc25/rpm/qubes-kernel-vm-support-3.2.4-1.fc25.x86_64.rpm
2018-04-05 21:19:04.209549 +0000 build-fedora3: .f...p..... current-testing/vm/fc25/rpm/qubes-utils-3.2.4-1.fc25.x86_64.rpm
2018-04-05 21:19:04.209566 +0000 build-fedora3: .f...p..... current-testing/vm/fc25/rpm/qubes-utils-debuginfo-3.2.4-1.fc25.x86_64.rpm
2018-04-05 21:19:04.209583 +0000 build-fedora3: .f...p..... current-testing/vm/fc25/rpm/qubes-utils-devel-3.2.4-1.fc25.x86_64.rpm
2018-04-05 21:19:04.209600 +0000 build-fedora3: .f...p..... current-testing/vm/fc25/rpm/qubes-utils-libs-3.2.4-1.fc25.x86_64.rpm
2018-04-05 21:19:04.379635 +0000 build-fedora3: rsync: failed to set times on "/pub/qubes/repo/yum/r3.2/current-testing/vm/fc26": Operation not permitted (1)
2018-04-05 21:19:04.379866 +0000 build-fedora3: rsync: failed to set times on "/pub/qubes/repo/yum/r3.2/current-testing/vm/fc26/comps.xml": Operation not permitted (1)
2018-04-05 21:19:04.380032 +0000 build-fedora3: rsync: failed to set times on "/pub/qubes/repo/yum/r3.2/current-testing/vm/fc26/rpm": Operation not permitted (1)
2018-04-05 21:19:04.380248 +0000 build-fedora3: rsync: failed to set times on "/pub/qubes/repo/yum/r3.2/current": Operation not permitted (1)
2018-04-05 21:19:04.380387 +0000 build-fedora3: rsync: failed to set times on "/pub/qubes/repo/yum/r3.2/current/dom0": Operation not permitted (1)
2018-04-05 21:19:04.380538 +0000 build-fedora3: rsync: failed to set times on "/pub/qubes/repo/yum/r3.2/current/dom0/fc20": Operation not permitted (1)
2018-04-05 21:19:04.380652 +0000 build-fedora3: rsync: failed to set times on "/pub/qubes/repo/yum/r3.2/current/dom0/fc20/rpm": Operation not permitted (1)
2018-04-05 21:19:04.380734 +0000 build-fedora3: rsync: failed to set times on "/pub/qubes/repo/yum/r3.2/current/dom0/fc23": Operation not permitted (1)
2018-04-05 21:19:04.380811 +0000 build-fedora3: rsync: failed to set times on "/pub/qubes/repo/yum/r3.2/current/dom0/fc23/rpm": Operation not permitted (1)
2018-04-05 21:19:04.380885 +0000 build-fedora3: rsync: failed to set times on "/pub/qubes/repo/yum/r3.2/current/vm": Operation not permitted (1)
2018-04-05 21:19:04.380962 +0000 build-fedora3: rsync: failed to set times on "/pub/qubes/repo/yum/r3.2/current/vm/fc22": Operation not permitted (1)
2018-04-05 21:19:04.381094 +0000 build-fedora3: rsync: failed to set times on "/pub/qubes/repo/yum/r3.2/current/vm/fc22/rpm": Operation not permitted (1)
2018-04-05 21:19:04.381282 +0000 build-fedora3: rsync: failed to set times on "/pub/qubes/repo/yum/r3.2/current/vm/fc23": Operation not permitted (1)
2018-04-05 21:19:04.381352 +0000 build-fedora3: .d..t...... current-testing/vm/fc26/
2018-04-05 21:19:04.381460 +0000 build-fedora3: .L..t...... current-testing/vm/fc26/comps.xml -> ../../../comps-vm.xml
2018-04-05 21:19:04.393064 +0000 build-fedora3: .d..t...... current-testing/vm/fc26/rpm/
2018-04-05 21:19:04.393298 +0000 build-fedora3: <f..t...... current-testing/vm/fc26/rpm/.gitignore
2018-04-05 21:19:04.394766 +0000 build-fedora3: .              6 100%    0.03kB/s    0:00:00  .              6 100%    0.03kB/s    0:00:00 (xfr#3, ir-chk=1292/2337)
2018-04-05 21:19:04.394905 +0000 build-fedora3: .d..t...... current/
2018-04-05 21:19:04.395023 +0000 build-fedora3: .d..t...... current/dom0/
2018-04-05 21:19:04.395135 +0000 build-fedora3: .d..t...... current/dom0/fc20/
2018-04-05 21:19:04.395319 +0000 build-fedora3: .L..t...... current/dom0/fc20/comps.xml -> ../../../comps-dom0.xml
2018-04-05 21:19:04.395527 +0000 build-fedora3: .d..t...... current/dom0/fc20/rpm/
2018-04-05 21:19:04.395631 +0000 build-fedora3: .d..t...... current/dom0/fc23/
2018-04-05 21:19:04.395748 +0000 build-fedora3: .L..t...... current/dom0/fc23/comps.xml -> ../../../comps-dom0.xml
2018-04-05 21:19:04.395858 +0000 build-fedora3: .d..t...... current/dom0/fc23/rpm/
2018-04-05 21:19:04.396022 +0000 build-fedora3: hf..t...... current/dom0/fc23/rpm/qubes-core-dom0-vaio-fixes-1.6.1-1.fc23.x86_64.rpm => current-testing/dom0/fc23/rpm/qubes-core-dom0-vaio-fixes-1.6.1-1.fc23.x86_64.rpm
2018-04-05 21:19:04.396132 +0000 build-fedora3: .d..t...... current/vm/
2018-04-05 21:19:04.396296 +0000 build-fedora3: .d..t...... current/vm/fc22/
2018-04-05 21:19:04.396415 +0000 build-fedora3: .L..t...... current/vm/fc22/comps.xml -> ../../../comps-vm.xml
2018-04-05 21:19:04.396524 +0000 build-fedora3: .d..t...... current/vm/fc22/rpm/
2018-04-05 21:19:04.396635 +0000 build-fedora3: .d..t...... current/vm/fc23/
2018-04-05 21:19:04.396753 +0000 build-fedora3: .L..t...... current/vm/fc23/comps.xml -> ../../../comps-vm.xml
2018-04-05 21:19:04.396936 +0000 build-fedora3: rsync: failed to set times on "/pub/qubes/repo/yum/r3.2/current/vm/fc23/rpm": Operation not permitted (1)
2018-04-05 21:19:04.397097 +0000 build-fedora3: rsync: failed to set times on "/pub/qubes/repo/yum/r3.2/current/vm/fc24": Operation not permitted (1)
2018-04-05 21:19:04.397289 +0000 build-fedora3: rsync: failed to set times on "/pub/qubes/repo/yum/r3.2/current/vm/fc24/rpm": Operation not permitted (1)
2018-04-05 21:19:04.397426 +0000 build-fedora3: rsync: failed to set times on "/pub/qubes/repo/yum/r3.2/current/vm/fc25": Operation not permitted (1)
2018-04-05 21:19:04.397586 +0000 build-fedora3: rsync: failed to set times on "/pub/qubes/repo/yum/r3.2/current/vm/fc25/rpm": Operation not permitted (1)
2018-04-05 21:19:04.397721 +0000 build-fedora3: rsync: failed to set times on "/pub/qubes/repo/yum/r3.2/current/vm/fc26": Operation not permitted (1)
2018-04-05 21:19:04.397861 +0000 build-fedora3: rsync: failed to set times on "/pub/qubes/repo/yum/r3.2/current/vm/fc26/comps.xml": Operation not permitted (1)
2018-04-05 21:19:04.398006 +0000 build-fedora3: rsync: failed to set times on "/pub/qubes/repo/yum/r3.2/current/vm/fc26/rpm": Operation not permitted (1)
2018-04-05 21:19:04.405559 +0000 build-fedora3: .d..t...... current/vm/fc23/rpm/
2018-04-05 21:19:04.405616 +0000 build-fedora3: .d..t...... current/vm/fc24/
2018-04-05 21:19:04.405639 +0000 build-fedora3: .L..t...... current/vm/fc24/comps.xml -> ../../../comps-vm.xml
2018-04-05 21:19:04.405665 +0000 build-fedora3: .d..t...... current/vm/fc24/rpm/
2018-04-05 21:19:04.405681 +0000 build-fedora3: .d..t...... current/vm/fc25/
2018-04-05 21:19:04.405697 +0000 build-fedora3: .L..t...... current/vm/fc25/comps.xml -> ../../../comps-vm.xml
2018-04-05 21:19:04.405712 +0000 build-fedora3: .d..t...... current/vm/fc25/rpm/
2018-04-05 21:19:04.405725 +0000 build-fedora3: .d..t...... current/vm/fc26/
2018-04-05 21:19:04.405740 +0000 build-fedora3: .L..t...... current/vm/fc26/comps.xml -> ../../../comps-vm.xml
2018-04-05 21:19:04.405761 +0000 build-fedora3: .d..t...... current/vm/fc26/rpm/
2018-04-05 21:19:04.405788 +0000 build-fedora3: <f..t...... current/vm/fc26/rpm/.gitignore
2018-04-05 21:19:04.405974 +0000 build-fedora3: .              6 100%    0.03kB/s    0:00:00  .              6 100%    0.03kB/s    0:00:00 (xfr#4, to-chk=603/2539)
2018-04-05 21:19:04.454755 +0000 build-fedora3: rsync: failed to set times on "/pub/qubes/repo/yum/r3.2/security-testing": Operation not permitted (1)
2018-04-05 21:19:04.454967 +0000 build-fedora3: rsync: failed to set times on "/pub/qubes/repo/yum/r3.2/security-testing/dom0": Operation not permitted (1)
2018-04-05 21:19:04.455235 +0000 build-fedora3: rsync: failed to set times on "/pub/qubes/repo/yum/r3.2/security-testing/dom0/fc20": Operation not permitted (1)
2018-04-05 21:19:04.455391 +0000 build-fedora3: rsync: failed to set times on "/pub/qubes/repo/yum/r3.2/security-testing/dom0/fc20/rpm": Operation not permitted (1)
2018-04-05 21:19:04.455613 +0000 build-fedora3: rsync: failed to set times on "/pub/qubes/repo/yum/r3.2/security-testing/dom0/fc23": Operation not permitted (1)
2018-04-05 21:19:04.455815 +0000 build-fedora3: rsync: failed to set times on "/pub/qubes/repo/yum/r3.2/security-testing/dom0/fc23/rpm": Operation not permitted (1)
2018-04-05 21:19:04.456014 +0000 build-fedora3: rsync: failed to set times on "/pub/qubes/repo/yum/r3.2/security-testing/vm": Operation not permitted (1)
2018-04-05 21:19:04.456235 +0000 build-fedora3: rsync: failed to set times on "/pub/qubes/repo/yum/r3.2/security-testing/vm/fc22": Operation not permitted (1)
2018-04-05 21:19:04.456381 +0000 build-fedora3: rsync: failed to set times on "/pub/qubes/repo/yum/r3.2/security-testing/vm/fc22/rpm": Operation not permitted (1)
2018-04-05 21:19:04.456521 +0000 build-fedora3: rsync: failed to set times on "/pub/qubes/repo/yum/r3.2/security-testing/vm/fc23": Operation not permitted (1)
2018-04-05 21:19:04.456667 +0000 build-fedora3: rsync: failed to set times on "/pub/qubes/repo/yum/r3.2/security-testing/vm/fc23/rpm": Operation not permitted (1)
2018-04-05 21:19:04.456776 +0000 build-fedora3: .d..t...... security-testing/
2018-04-05 21:19:04.456899 +0000 build-fedora3: .d..t...... security-testing/dom0/
2018-04-05 21:19:04.457023 +0000 build-fedora3: .d..t...... security-testing/dom0/fc20/
2018-04-05 21:19:04.457198 +0000 build-fedora3: .L..t...... security-testing/dom0/fc20/comps.xml -> ../../../comps-dom0.xml
2018-04-05 21:19:04.457304 +0000 build-fedora3: .d..t...... security-testing/dom0/fc20/rpm/
2018-04-05 21:19:04.457402 +0000 build-fedora3: .d..t...... security-testing/dom0/fc23/
2018-04-05 21:19:04.457520 +0000 build-fedora3: .L..t...... security-testing/dom0/fc23/comps.xml -> ../../../comps-dom0.xml
2018-04-05 21:19:04.457626 +0000 build-fedora3: .d..t...... security-testing/dom0/fc23/rpm/
2018-04-05 21:19:04.457729 +0000 build-fedora3: .d..t...... security-testing/vm/
2018-04-05 21:19:04.457836 +0000 build-fedora3: .d..t...... security-testing/vm/fc22/
2018-04-05 21:19:04.457956 +0000 build-fedora3: .L..t...... security-testing/vm/fc22/comps.xml -> ../../../comps-vm.xml
2018-04-05 21:19:04.458044 +0000 build-fedora3: .d..t...... security-testing/vm/fc22/rpm/
2018-04-05 21:19:04.458105 +0000 build-fedora3: .d..t...... security-testing/vm/fc23/
2018-04-05 21:19:04.458215 +0000 build-fedora3: .L..t...... security-testing/vm/fc23/comps.xml -> ../../../comps-vm.xml
2018-04-05 21:19:04.458280 +0000 build-fedora3: .d..t...... security-testing/vm/fc23/rpm/
2018-04-05 21:19:04.458393 +0000 build-fedora3: rsync: failed to set times on "/pub/qubes/repo/yum/r3.2/security-testing/vm/fc24": Operation not permitted (1)
2018-04-05 21:19:04.458476 +0000 build-fedora3: rsync: failed to set times on "/pub/qubes/repo/yum/r3.2/security-testing/vm/fc24/rpm": Operation not permitted (1)
2018-04-05 21:19:04.458554 +0000 build-fedora3: rsync: failed to set times on "/pub/qubes/repo/yum/r3.2/security-testing/vm/fc25": Operation not permitted (1)
2018-04-05 21:19:04.458632 +0000 build-fedora3: rsync: failed to set times on "/pub/qubes/repo/yum/r3.2/security-testing/vm/fc25/rpm": Operation not permitted (1)
2018-04-05 21:19:04.458695 +0000 build-fedora3: .d..t...... security-testing/vm/fc24/
2018-04-05 21:19:04.458788 +0000 build-fedora3: .L..t...... security-testing/vm/fc24/comps.xml -> ../../../comps-vm.xml
2018-04-05 21:19:04.458890 +0000 build-fedora3: .d..t...... security-testing/vm/fc24/rpm/
2018-04-05 21:19:04.458995 +0000 build-fedora3: .d..t...... security-testing/vm/fc25/
2018-04-05 21:19:04.459071 +0000 build-fedora3: .L..t...... security-testing/vm/fc25/comps.xml -> ../../../comps-vm.xml
2018-04-05 21:19:04.459133 +0000 build-fedora3: .d..t...... security-testing/vm/fc25/rpm/
2018-04-05 21:19:04.470347 +0000 build-fedora3: rsync: failed to set times on "/pub/qubes/repo/yum/r3.2/security-testing/vm/fc26": Operation not permitted (1)
2018-04-05 21:19:04.470499 +0000 build-fedora3: rsync: failed to set times on "/pub/qubes/repo/yum/r3.2/security-testing/vm/fc26/comps.xml": Operation not permitted (1)
2018-04-05 21:19:04.470646 +0000 build-fedora3: rsync: failed to set times on "/pub/qubes/repo/yum/r3.2/security-testing/vm/fc26/rpm": Operation not permitted (1)
2018-04-05 21:19:04.470719 +0000 build-fedora3: .d..t...... security-testing/vm/fc26/
2018-04-05 21:19:04.470800 +0000 build-fedora3: .L..t...... security-testing/vm/fc26/comps.xml -> ../../../comps-vm.xml
2018-04-05 21:19:04.470863 +0000 build-fedora3: .d..t...... security-testing/vm/fc26/rpm/
2018-04-05 21:19:04.470926 +0000 build-fedora3: <f..t...... security-testing/vm/fc26/rpm/.gitignore
2018-04-05 21:19:04.471434 +0000 build-fedora3: .              6 100%    0.02kB/s    0:00:00  .              6 100%    0.02kB/s    0:00:00 (xfr#5, to-chk=65/2539)
2018-04-05 21:19:04.663759 +0000 build-fedora3: rsync error: some files/attrs were not transferred (see previous errors) (code 23) at main.c(1189) [sender=3.1.3]
2018-04-05 21:19:05.270678 +0000 build-fedora3: --> Processing repo: /pub/qubes/repo/yum/r3.2/current/dom0/fc20...
2018-04-05 21:19:06.695776 +0000 build-fedora3: Warning: Requested more delta workers than workers. This is insane. Limiting.
2018-04-05 21:19:07.585648 +0000 build-fedora3: --> Processing repo: /pub/qubes/repo/yum/r3.2/current/dom0/fc23...
2018-04-05 21:19:07.863608 +0000 build-fedora3: Warning: Requested more delta workers than workers. This is insane. Limiting.
2018-04-05 21:20:19.431477 +0000 build-fedora3: --> Processing repo: /pub/qubes/repo/yum/r3.2/current/vm/fc22...
2018-04-05 21:20:19.887533 +0000 build-fedora3: Warning: Requested more delta workers than workers. This is insane. Limiting.
2018-04-05 21:20:22.536669 +0000 build-fedora3: --> Processing repo: /pub/qubes/repo/yum/r3.2/current/vm/fc23...
2018-04-05 21:20:22.753059 +0000 build-fedora3: Warning: Requested more delta workers than workers. This is insane. Limiting.
2018-04-05 21:20:42.240111 +0000 build-fedora3: --> Processing repo: /pub/qubes/repo/yum/r3.2/current/vm/fc24...
2018-04-05 21:20:42.401252 +0000 build-fedora3: Warning: Requested more delta workers than workers. This is insane. Limiting.
2018-04-05 21:21:01.701631 +0000 build-fedora3: --> Processing repo: /pub/qubes/repo/yum/r3.2/current/vm/fc25...
2018-04-05 21:21:01.836591 +0000 build-fedora3: Warning: Requested more delta workers than workers. This is insane. Limiting.
2018-04-05 21:21:15.164704 +0000 build-fedora3: --> Processing repo: /pub/qubes/repo/yum/r3.2/current/vm/fc26...
2018-04-05 21:21:15.260051 +0000 build-fedora3: Warning: Requested more delta workers than workers. This is insane. Limiting.
2018-04-05 21:21:19.008972 +0000 build-fedora3: Done.
2018-04-05 21:21:19.237306 +0000 build-fedora3: --> Processing repo: /pub/qubes/repo/yum/r3.2/current-testing/dom0/fc20...
2018-04-05 21:21:19.342433 +0000 build-fedora3: Warning: Requested more delta workers than workers. This is insane. Limiting.
2018-04-05 21:21:19.850223 +0000 build-fedora3: --> Processing repo: /pub/qubes/repo/yum/r3.2/current-testing/dom0/fc23...
2018-04-05 21:21:20.040389 +0000 build-fedora3: Warning: Requested more delta workers than workers. This is insane. Limiting.
2018-04-05 21:23:37.152737 +0000 build-fedora3: --> Processing repo: /pub/qubes/repo/yum/r3.2/current-testing/vm/fc22...
2018-04-05 21:23:37.265106 +0000 build-fedora3: Warning: Requested more delta workers than workers. This is insane. Limiting.
2018-04-05 21:23:38.580768 +0000 build-fedora3: --> Processing repo: /pub/qubes/repo/yum/r3.2/current-testing/vm/fc23...
2018-04-05 21:23:38.757993 +0000 build-fedora3: Warning: Requested more delta workers than workers. This is insane. Limiting.
2018-04-05 21:24:15.687276 +0000 build-fedora3: --> Processing repo: /pub/qubes/repo/yum/r3.2/current-testing/vm/fc24...
2018-04-05 21:24:16.013603 +0000 build-fedora3: Warning: Requested more delta workers than workers. This is insane. Limiting.
2018-04-05 21:24:51.356571 +0000 build-fedora3: --> Processing repo: /pub/qubes/repo/yum/r3.2/current-testing/vm/fc25...
2018-04-05 21:24:51.577713 +0000 build-fedora3: Warning: Requested more delta workers than workers. This is insane. Limiting.
2018-04-05 21:25:12.936376 +0000 build-fedora3: --> Processing repo: /pub/qubes/repo/yum/r3.2/current-testing/vm/fc26...
2018-04-05 21:25:13.088281 +0000 build-fedora3: Warning: Requested more delta workers than workers. This is insane. Limiting.
2018-04-05 21:25:21.082606 +0000 build-fedora3: Done.
2018-04-05 21:25:21.386865 +0000 build-fedora3: --> Processing repo: /pub/qubes/repo/yum/r3.2/security-testing/dom0/fc20...
2018-04-05 21:25:21.499488 +0000 build-fedora3: Warning: Requested more delta workers than workers. This is insane. Limiting.
2018-04-05 21:25:23.760528 +0000 build-fedora3: --> Processing repo: /pub/qubes/repo/yum/r3.2/security-testing/dom0/fc23...
2018-04-05 21:25:23.933975 +0000 build-fedora3: Warning: Requested more delta workers than workers. This is insane. Limiting.
2018-04-05 21:25:44.700612 +0000 build-fedora3: --> Processing repo: /pub/qubes/repo/yum/r3.2/security-testing/vm/fc22...
2018-04-05 21:25:45.163667 +0000 build-fedora3: Warning: Requested more delta workers than workers. This is insane. Limiting.
2018-04-05 21:25:48.236337 +0000 build-fedora3: --> Processing repo: /pub/qubes/repo/yum/r3.2/security-testing/vm/fc23...
2018-04-05 21:25:48.411549 +0000 build-fedora3: Warning: Requested more delta workers than workers. This is insane. Limiting.
2018-04-05 21:26:00.457889 +0000 build-fedora3: --> Processing repo: /pub/qubes/repo/yum/r3.2/security-testing/vm/fc24...
2018-04-05 21:26:00.682341 +0000 build-fedora3: Warning: Requested more delta workers than workers. This is insane. Limiting.
2018-04-05 21:26:11.701656 +0000 build-fedora3: --> Processing repo: /pub/qubes/repo/yum/r3.2/security-testing/vm/fc25...
2018-04-05 21:26:11.836513 +0000 build-fedora3: Warning: Requested more delta workers than workers. This is insane. Limiting.
2018-04-05 21:26:24.117778 +0000 build-fedora3: --> Processing repo: /pub/qubes/repo/yum/r3.2/security-testing/vm/fc26...
2018-04-05 21:26:24.266366 +0000 build-fedora3: Warning: Requested more delta workers than workers. This is insane. Limiting.
2018-04-05 21:26:30.067928 +0000 build-fedora3: Done.
2018-04-05 21:26:30.073974 +0000 build-fedora3: ~/builder-r3.2/qubes-src/linux-yum
2018-04-05 21:26:30.079915 +0000 build-fedora3: Makefile:689: update target 'update-repo-current-testing' due to: internal-update-repo-current-testing.vm.fc25 post-update-repo-current-testing
2018-04-05 21:26:30.080033 +0000 build-fedora3: true
2018-04-05 21:26:30.086979 +0000 build-fedora3: > done
2018-04-05 21:27:30.128397 +0000 > closing log
