2018-04-05 15:50:19.163883 +0000 > starting log
2018-04-05 15:50:19.166196 +0000 build-fedora3: > starting build with log
2018-04-05 15:50:19.166265 +0000 build-fedora3: >> make args: DISTS_VM= DIST_DOM0=fc23 BUILD_LOGS_URL= mgmt-salt-base-dom0-fc23=https://github.com/QubesOS/build-logs/tree/master/build-fedora3/log_2018-04-05_15-47-44 GIT_URL_mgmt_salt_base=https://github.com/QubesOS/qubes-mgmt-salt-base sign-all update-repo-current-testing
2018-04-05 15:50:19.166292 +0000 build-fedora3: >> MAKEFLAGS=
2018-04-05 15:50:19.166316 +0000 build-fedora3: >> COMPONENTS=mgmt-salt-base
2018-04-05 15:50:19.166337 +0000 build-fedora3: >> DISTS_VM=
2018-04-05 15:50:19.166357 +0000 build-fedora3: >> DIST_DOM0=
2018-04-05 15:50:19.166382 +0000 build-fedora3: >> qubes-builder 3ac168dc07d3411a6308a3ce2a4db7d0098a3b92
2018-04-05 15:50:19.166409 +0000 build-fedora3: >> qubes-builder/qubes-src/mgmt-salt-base 00b7a9a8602103329d763052be9aa76d2aad20b1
2018-04-05 15:50:19.166435 +0000 build-fedora3: !! pkgs/fc23/noarch/qubes-mgmt-salt-base-3.2.2-1.fc23.noarch.rpm
2018-04-05 15:50:19.166460 +0000 build-fedora3: !! pkgs/fc23/qubes-mgmt-salt-base.spec.list
2018-04-05 15:50:19.166486 +0000 build-fedora3: !! pkgs/fc24/noarch/qubes-mgmt-salt-base-3.2.2-1.fc24.noarch.rpm
2018-04-05 15:50:19.166511 +0000 build-fedora3: !! pkgs/fc25/noarch/qubes-mgmt-salt-base-3.2.2-1.fc25.noarch.rpm
2018-04-05 15:50:19.166549 +0000 build-fedora3: 5a18ffb0c32b2abd94fb6bb556081dee7508ad1f1dbfd8f2da884ee5cddd8e8a41d6ac36afac60873a1df74ef8d552a5e66c775858015f40cf448b17a025757c  pkgs/fc23/noarch/qubes-mgmt-salt-base-3.2.2-1.fc23.noarch.rpm
2018-04-05 15:50:19.166587 +0000 build-fedora3: 53c7c22802a9a8440f361562c32be2bc73026073c8694bdf927233cea1625adc5547bf9e6f493733d353332be700c2dc8926248f4ceaf6f379f41c65cfb394af  pkgs/fc23/qubes-mgmt-salt-base.spec.list
2018-04-05 15:50:19.166626 +0000 build-fedora3: 2e6dc326b5db388aca232f507ce469dea956f842df56ed8e5c58a6d8e29c83744ac1a49c5441253434008c102b6641186c5ef98c6149d8d2fb550444a6c44ae0  pkgs/fc24/noarch/qubes-mgmt-salt-base-3.2.2-1.fc24.noarch.rpm
2018-04-05 15:50:19.166665 +0000 build-fedora3: 14c05914a6a4bbfd2ab8346efdfa8dc4334867e4c11620933cda9eb3271aee10ba37fbeaf01b3bbebf1f38c06ca903eb2f7785f48365ab462a68b248cca915b8  pkgs/fc25/noarch/qubes-mgmt-salt-base-3.2.2-1.fc25.noarch.rpm
2018-04-05 15:50:19.203309 +0000 build-fedora3: ================================================================================
2018-04-05 15:50:19.203370 +0000 build-fedora3:                            B U I L D   I N F O                                  
2018-04-05 15:50:19.203535 +0000 build-fedora3: Items in red indicate it was automatically generated by configuration file(s)
2018-04-05 15:50:19.203572 +0000 build-fedora3: Items in white indicate it was automatically removed by configuration file(s)
2018-04-05 15:50:19.203665 +0000 build-fedora3: ================================================================================
2018-04-05 15:50:19.203804 +0000 build-fedora3: DISTS_VM:
2018-04-05 15:50:19.213039 +0000 build-fedora3:     
2018-04-05 15:50:19.215627 +0000 build-fedora3: DISTS_ALL:
2018-04-05 15:50:19.225369 +0000 build-fedora3:      fc23,
2018-04-05 15:50:19.226585 +0000 build-fedora3: DIST_DOM0:
2018-04-05 15:50:19.237680 +0000 build-fedora3:      fc23,
2018-04-05 15:50:19.238882 +0000 build-fedora3: BUILDER_PLUGINS:
2018-04-05 15:50:19.246504 +0000 build-fedora3:      builder-fedora, mgmt-salt, builder-github,
2018-04-05 15:50:19.248783 +0000 build-fedora3: COMPONENTS:
2018-04-05 15:50:19.256251 +0000 build-fedora3:      mgmt-salt-base,
2018-04-05 15:50:19.256304 +0000 build-fedora3: GIT_REPOS:
2018-04-05 15:50:19.263966 +0000 build-fedora3:      qubes-src/mgmt-salt-base,
2018-04-05 15:50:19.265180 +0000 build-fedora3: TEMPLATE:
2018-04-05 15:50:19.272599 +0000 build-fedora3:     
2018-04-05 15:50:19.272655 +0000 build-fedora3: TEMPLATE_FLAVOR_DIR:
2018-04-05 15:50:19.282137 +0000 build-fedora3:     
2018-04-05 15:50:19.282208 +0000 build-fedora3: TEMPLATE_ALIAS:
2018-04-05 15:50:19.291428 +0000 build-fedora3:      jessie:jessie+standard, jessie+gnome:jessie+gnome+standard,
2018-04-05 15:50:19.291507 +0000 build-fedora3:      jessie+minimal:jessie+minimal+no-recommends, stretch:stretch+standard, stretch+gnome:stretch+gnome+standard,
2018-04-05 15:50:19.291543 +0000 build-fedora3:      stretch+minimal:stretch+minimal+no-recommends, jessie:jessie+standard, jessie+gnome:jessie+gnome+standard,
2018-04-05 15:50:19.291581 +0000 build-fedora3:      jessie+minimal:jessie+minimal+no-recommends, stretch:stretch+standard, stretch+gnome:stretch+gnome+standard,
2018-04-05 15:50:19.291608 +0000 build-fedora3:      stretch+minimal:stretch+minimal+no-recommends,
2018-04-05 15:50:19.293597 +0000 build-fedora3: TEMPLATE_LABEL:
2018-04-05 15:50:19.302859 +0000 build-fedora3:      fc20:fedora-20 fc21:fedora-21 fc22:fedora-22 fc23:fedora-23 fc24:fedora-24 fc25:fedora-25 fc26:fedora-26
2018-04-05 15:50:19.302922 +0000 build-fedora3:      fc20+minimal:fedora-20-minimal fc21+minimal:fedora-21-minimal fc23+minimal:fedora-23-minimal
2018-04-05 15:50:19.302958 +0000 build-fedora3:      fc24+minimal:fedora-24-minimal fc25+minimal:fedora-25-minimal fc26+minimal:fedora-26-minimal
2018-04-05 15:50:19.302989 +0000 build-fedora3:      fc25+xfce:fedora-25-xfce fc26+xfce:fedora-26-xfce wheezy:debian-7 wheezy+standard:debian-7
2018-04-05 15:50:19.303021 +0000 build-fedora3:      jessie:debian-8 jessie+standard:debian-8 stretch:debian-9 stretch+standard:debian-9 centos7:centos-7
2018-04-05 15:50:19.303055 +0000 build-fedora3:      centos7+minimal:centos-7-minimal fc20:fedora-20 fc21:fedora-21 fc22:fedora-22 fc23:fedora-23 fc24:fedora-24
2018-04-05 15:50:19.303084 +0000 build-fedora3:      fc25:fedora-25 fc26:fedora-26 fc20+minimal:fedora-20-minimal fc21+minimal:fedora-21-minimal
2018-04-05 15:50:19.303118 +0000 build-fedora3:      fc23+minimal:fedora-23-minimal fc24+minimal:fedora-24-minimal fc25+minimal:fedora-25-minimal
2018-04-05 15:50:19.303149 +0000 build-fedora3:      fc26+minimal:fedora-26-minimal wheezy:debian-7 wheezy+standard:debian-7 jessie:debian-8
2018-04-05 15:50:19.303195 +0000 build-fedora3:      jessie+standard:debian-8 stretch:debian-9 stretch+standard:debian-9
2018-04-05 15:50:19.366374 +0000 build-fedora3: > running make
2018-04-05 15:50:19.416215 +0000 build-fedora3: Makefile:250: target 'sign-dom0-fc23-mgmt-salt-base' does not exist
2018-04-05 15:50:19.417391 +0000 build-fedora3: if [ -n "mgmt-salt-base" -a "0" -ne 0 ]; then BRANCH=release3.2; branch_var="BRANCH_mgmt_salt_base"; [ -n "${!branch_var}" ] && BRANCH="${!branch_var}"; pushd qubes-src/mgmt-salt-base > /dev/null; CURRENT_BRANCH=`git symbolic-ref --short HEAD 2>/dev/null || git describe --tags --exact-match HEAD`; if [ "$BRANCH" != "$CURRENT_BRANCH" ]; then echo "-> ERROR: Wrong branch $branch_var=$CURRENT_BRANCH (expected $BRANCH)"; exit 1; fi; popd > /dev/null; fi
2018-04-05 15:50:19.417441 +0000 build-fedora3: SIGN_KEY=C52261BE0A823221D94CA1D1CB11CA1D03FA5082; \
2018-04-05 15:50:19.417468 +0000 build-fedora3: sign_key_var="SIGN_KEY_fc23"; \
2018-04-05 15:50:19.417494 +0000 build-fedora3: [ -n "${!sign_key_var}" ] && SIGN_KEY="${!sign_key_var}"; \
2018-04-05 15:50:19.417523 +0000 build-fedora3: if [ -r qubes-src/mgmt-salt-base/Makefile.builder ]; then \
2018-04-05 15:50:19.417550 +0000 build-fedora3: .make --no-print-directory -f Makefile.generic \
2018-04-05 15:50:19.417574 +0000 build-fedora3: ..DIST=fc23 \
2018-04-05 15:50:19.417596 +0000 build-fedora3: ..PACKAGE_SET=dom0 \
2018-04-05 15:50:19.417621 +0000 build-fedora3: ..COMPONENT=mgmt-salt-base \
2018-04-05 15:50:19.417644 +0000 build-fedora3: ..SIGN_KEY=$SIGN_KEY \
2018-04-05 15:50:19.417667 +0000 build-fedora3: ..sign || exit 1; \
2018-04-05 15:50:19.417693 +0000 build-fedora3: elif [ -d qubes-src/mgmt-salt-base/rpm ]; then \
2018-04-05 15:50:19.417720 +0000 build-fedora3: .# Old mechanism supported only for RPM
2018-04-05 15:50:19.417749 +0000 build-fedora3: FILE_LIST=""; for RPM in qubes-src/mgmt-salt-base/rpm/*/*.rpm; do \
2018-04-05 15:50:19.417778 +0000 build-fedora3: ..if ! qubes-src/installer-qubes-os/rpm_verify $RPM > /dev/null; then \
2018-04-05 15:50:19.417802 +0000 build-fedora3: ...FILE_LIST="$FILE_LIST $RPM" ;\
2018-04-05 15:50:19.417841 +0000 build-fedora3: ..fi ;\
2018-04-05 15:50:19.417865 +0000 build-fedora3: .done ; \
2018-04-05 15:50:19.417887 +0000 build-fedora3: .if [ -n "$FILE_LIST" ]; then \
2018-04-05 15:50:19.417911 +0000 build-fedora3: ..echo "--> Signing..."; \
2018-04-05 15:50:19.417936 +0000 build-fedora3: ..RPMSIGN_OPTS=--digest-algo=sha256; \
2018-04-05 15:50:19.417961 +0000 build-fedora3: ..if [ -n "$SIGN_KEY" ]; then \
2018-04-05 15:50:19.417985 +0000 build-fedora3: ...RPMSIGN_OPTS="--key-id=$SIGN_KEY"; \
2018-04-05 15:50:19.418006 +0000 build-fedora3: ..fi; \
2018-04-05 15:50:19.418034 +0000 build-fedora3: ..setsid -w rpmsign "$RPMSIGN_OPTS" --addsign $FILE_LIST </dev/null ;\
2018-04-05 15:50:19.418061 +0000 build-fedora3: .fi; \
2018-04-05 15:50:19.418081 +0000 build-fedora3: fi
2018-04-05 15:50:19.456668 +0000 build-fedora3: + ERR_OUTPUT=/dev/stderr
2018-04-05 15:50:19.456724 +0000 build-fedora3: + '[' 2 -lt 2 ']'
2018-04-05 15:50:19.456756 +0000 build-fedora3: + '[' -r qubes-src/mgmt-salt-base/rpm_spec/qubes-mgmt-salt-base.spec.in ']'
2018-04-05 15:50:19.456788 +0000 build-fedora3: + rpm -q --qf '%{NAME}-%{VERSION}.tar.gz\n' --specfile qubes-src/mgmt-salt-base/rpm_spec/qubes-mgmt-salt-base.spec
2018-04-05 15:50:19.512245 +0000 build-fedora3: warning: Macro %version defined but not used within scope
2018-04-05 15:50:19.525682 +0000 build-fedora3: cat: version: No such file or directory
2018-04-05 15:50:19.527702 +0000 build-fedora3: error: line 4: Empty tag: Version:
2018-04-05 15:50:19.527762 +0000 build-fedora3: error: query of specfile qubes-src/mgmt-salt-base/rpm_spec/qubes-mgmt-salt-base.spec failed, can't parse
2018-04-05 15:50:19.570998 +0000 build-fedora3: /home/user/builder-r3.2-dom0/qubes-src/builder-fedora/Makefile.fedora:145: target 'sign' does not exist
2018-04-05 15:50:19.571066 +0000 build-fedora3: cd qubes-src/mgmt-salt-base && for pkg in pkgs/fc23/noarch/qubes-mgmt-salt-base-3.2.2-1.fc23.noarch.rpm ; do \
2018-04-05 15:50:19.571097 +0000 build-fedora3: .if ! rpm -K $pkg | grep -qi pgp; then \
2018-04-05 15:50:19.571134 +0000 build-fedora3: ..setsid -w rpmsign  --digest-algo=sha256 --key-id=C52261BE0A823221D94CA1D1CB11CA1D03FA5082 --addsign $pkg </dev/null || exit 1; \
2018-04-05 15:50:19.571197 +0000 build-fedora3: .fi; \
2018-04-05 15:50:19.571220 +0000 build-fedora3: done
2018-04-05 15:50:19.598533 +0000 build-fedora3: + ERR_OUTPUT=/dev/stderr
2018-04-05 15:50:19.598584 +0000 build-fedora3: + '[' 2 -lt 2 ']'
2018-04-05 15:50:19.598616 +0000 build-fedora3: + '[' -r qubes-src/mgmt-salt-base/rpm_spec/qubes-mgmt-salt-base.spec.in ']'
2018-04-05 15:50:19.598653 +0000 build-fedora3: + rpm -q --qf '%{NAME}-%{VERSION}.tar.gz\n' --specfile qubes-src/mgmt-salt-base/rpm_spec/qubes-mgmt-salt-base.spec
2018-04-05 15:50:19.652948 +0000 build-fedora3: warning: Macro %version defined but not used within scope
2018-04-05 15:50:19.662412 +0000 build-fedora3: cat: version: No such file or directory
2018-04-05 15:50:19.664384 +0000 build-fedora3: error: line 4: Empty tag: Version:
2018-04-05 15:50:19.664444 +0000 build-fedora3: error: query of specfile qubes-src/mgmt-salt-base/rpm_spec/qubes-mgmt-salt-base.spec failed, can't parse
2018-04-05 15:50:20.803163 +0000 build-fedora3: pkgs/fc23/noarch/qubes-mgmt-salt-base-3.2.2-1.fc23.noarch.rpm:
2018-04-05 15:50:20.803950 +0000 build-fedora3: Makefile:721: target 'internal-update-repo-current-testing.dom0.fc23.mgmt-salt-base' does not exist
2018-04-05 15:50:20.804002 +0000 build-fedora3: repo_base_var="LINUX_REPO_fc23_BASEDIR"; \
2018-04-05 15:50:20.804032 +0000 build-fedora3: if [ -n "${!repo_base_var}" ]; then \
2018-04-05 15:50:20.804059 +0000 build-fedora3: .repo_basedir="${!repo_base_var}"; \
2018-04-05 15:50:20.804087 +0000 build-fedora3: else \
2018-04-05 15:50:20.804112 +0000 build-fedora3: .repo_basedir="qubes-src/linux-yum/r3.2"; \
2018-04-05 15:50:20.804135 +0000 build-fedora3: fi; \
2018-04-05 15:50:20.804161 +0000 build-fedora3: if [ -r qubes-src/mgmt-salt-base/Makefile.builder ]; then \
2018-04-05 15:50:20.804223 +0000 build-fedora3: .echo -n "Updating qubes-src/mgmt-salt-base... "; \
2018-04-05 15:50:20.804247 +0000 build-fedora3: .if [ "0" -eq 1 ]; then \
2018-04-05 15:50:20.804274 +0000 build-fedora3: ..vtag=`git -C qubes-src/mgmt-salt-base tag --points-at HEAD --list v*`; \
2018-04-05 15:50:20.804298 +0000 build-fedora3: ..if [ -z "$vtag" ]; then \
2018-04-05 15:50:20.804324 +0000 build-fedora3: ...echo "no version tag"; \
2018-04-05 15:50:20.804347 +0000 build-fedora3: ...exit 0; \
2018-04-05 15:50:20.804369 +0000 build-fedora3: ..fi; \
2018-04-05 15:50:20.804392 +0000 build-fedora3: .fi; \
2018-04-05 15:50:20.804444 +0000 build-fedora3: .component_packages=$(MAKEFLAGS= make -s -f Makefile.generic DIST=fc23 PACKAGE_SET=dom0 COMPONENT=`basename qubes-src/mgmt-salt-base` UPDATE_REPO=/home/user/builder-r3.2-dom0/$repo_basedir/current-testing/dom0/fc23 get-var GET_VAR=PACKAGE_LIST); \
2018-04-05 15:50:20.804475 +0000 build-fedora3: .if [ -z "$component_packages" ]; then \
2018-04-05 15:50:20.804502 +0000 build-fedora3: ..echo "no packages."; \
2018-04-05 15:50:20.804525 +0000 build-fedora3: ..exit 0; \
2018-04-05 15:50:20.804545 +0000 build-fedora3: .fi; \
2018-04-05 15:50:20.804572 +0000 build-fedora3: .make -s -f Makefile.generic DIST=fc23 PACKAGE_SET=dom0 \
2018-04-05 15:50:20.804596 +0000 build-fedora3: ..COMPONENT=`basename qubes-src/mgmt-salt-base` \
2018-04-05 15:50:20.804619 +0000 build-fedora3: ..SNAPSHOT_REPO=current-testing \
2018-04-05 15:50:20.804642 +0000 build-fedora3: ..TARGET_REPO=current-testing \
2018-04-05 15:50:20.804671 +0000 build-fedora3: ..UPDATE_REPO=/home/user/builder-r3.2-dom0/$repo_basedir/current-testing/dom0/fc23 \
2018-04-05 15:50:20.804706 +0000 build-fedora3: ..SNAPSHOT_FILE=/home/user/builder-r3.2-dom0/repo-latest-snapshot/current-testing-dom0-fc23-`basename qubes-src/mgmt-salt-base` \
2018-04-05 15:50:20.804738 +0000 build-fedora3: ..BUILD_LOG_URL=https://github.com/QubesOS/build-logs/tree/master/build-fedora3/log_2018-04-05_15-47-44 \
2018-04-05 15:50:20.804762 +0000 build-fedora3: ..update-repo || exit 1; \
2018-04-05 15:50:20.804792 +0000 build-fedora3: elif make -C qubes-src/mgmt-salt-base -n update-repo-current-testing >/dev/null 2>/dev/null; then \
2018-04-05 15:50:20.804819 +0000 build-fedora3: .echo "Updating qubes-src/mgmt-salt-base... "; \
2018-04-05 15:50:20.804849 +0000 build-fedora3: .make -s -C qubes-src/mgmt-salt-base update-repo-current-testing || exit 1; \
2018-04-05 15:50:20.804872 +0000 build-fedora3: else \
2018-04-05 15:50:20.804937 +0000 build-fedora3: .echo -n "Updating qubes-src/mgmt-salt-base... skipping."; \
2018-04-05 15:50:20.804962 +0000 build-fedora3: fi; \
2018-04-05 15:50:20.804985 +0000 build-fedora3: echo
2018-04-05 15:50:20.854509 +0000 build-fedora3: Updating qubes-src/mgmt-salt-base... + ERR_OUTPUT=/dev/stderr
2018-04-05 15:50:20.854564 +0000 build-fedora3: + '[' 2 -lt 2 ']'
2018-04-05 15:50:20.854597 +0000 build-fedora3: + '[' -r qubes-src/mgmt-salt-base/rpm_spec/qubes-mgmt-salt-base.spec.in ']'
2018-04-05 15:50:20.854632 +0000 build-fedora3: + rpm -q --qf '%{NAME}-%{VERSION}.tar.gz\n' --specfile qubes-src/mgmt-salt-base/rpm_spec/qubes-mgmt-salt-base.spec
2018-04-05 15:50:20.909233 +0000 build-fedora3: warning: Macro %version defined but not used within scope
2018-04-05 15:50:20.917373 +0000 build-fedora3: cat: version: No such file or directory
2018-04-05 15:50:20.920039 +0000 build-fedora3: error: line 4: Empty tag: Version:
2018-04-05 15:50:20.920100 +0000 build-fedora3: error: query of specfile qubes-src/mgmt-salt-base/rpm_spec/qubes-mgmt-salt-base.spec failed, can't parse
2018-04-05 15:50:20.943077 +0000 build-fedora3: + ERR_OUTPUT=/dev/stderr
2018-04-05 15:50:20.943137 +0000 build-fedora3: + '[' 2 -lt 2 ']'
2018-04-05 15:50:20.943434 +0000 build-fedora3: + '[' -r qubes-src/mgmt-salt-base/rpm_spec/qubes-mgmt-salt-base.spec.in ']'
2018-04-05 15:50:20.943476 +0000 build-fedora3: + rpm -q --qf '%{NAME}-%{VERSION}.tar.gz\n' --specfile qubes-src/mgmt-salt-base/rpm_spec/qubes-mgmt-salt-base.spec
2018-04-05 15:50:20.994669 +0000 build-fedora3: warning: Macro %version defined but not used within scope
2018-04-05 15:50:21.005217 +0000 build-fedora3: cat: version: No such file or directory
2018-04-05 15:50:21.005274 +0000 build-fedora3: error: line 4: Empty tag: Version:
2018-04-05 15:50:21.005310 +0000 build-fedora3: error: query of specfile qubes-src/mgmt-salt-base/rpm_spec/qubes-mgmt-salt-base.spec failed, can't parse
2018-04-05 15:50:21.109597 +0000 build-fedora3: + ERR_OUTPUT=/dev/stderr
2018-04-05 15:50:21.109649 +0000 build-fedora3: + '[' 2 -lt 2 ']'
2018-04-05 15:50:21.109682 +0000 build-fedora3: + '[' -r qubes-src/mgmt-salt-base/rpm_spec/qubes-mgmt-salt-base.spec.in ']'
2018-04-05 15:50:21.109714 +0000 build-fedora3: + rpm -q --qf '%{NAME}-%{VERSION}.tar.gz\n' --specfile qubes-src/mgmt-salt-base/rpm_spec/qubes-mgmt-salt-base.spec
2018-04-05 15:50:21.176481 +0000 build-fedora3: warning: Macro %version defined but not used within scope
2018-04-05 15:50:21.184807 +0000 build-fedora3: cat: version: No such file or directory
2018-04-05 15:50:21.185898 +0000 build-fedora3: error: line 4: Empty tag: Version:
2018-04-05 15:50:21.185956 +0000 build-fedora3: error: query of specfile qubes-src/mgmt-salt-base/rpm_spec/qubes-mgmt-salt-base.spec failed, can't parse
2018-04-05 15:50:21.241189 +0000 build-fedora3: /home/user/builder-r3.2-dom0/qubes-src/builder-fedora/Makefile.fedora:121: target 'update-repo-do' does not exist
2018-04-05 15:50:21.241271 +0000 build-fedora3: mkdir -p /home/user/builder-r3.2-dom0/qubes-src/linux-yum/r3.2/current-testing/dom0/fc23/rpm
2018-04-05 15:50:21.279829 +0000 build-fedora3: + ERR_OUTPUT=/dev/stderr
2018-04-05 15:50:21.279981 +0000 build-fedora3: + '[' 2 -lt 2 ']'
2018-04-05 15:50:21.280020 +0000 build-fedora3: + '[' -r qubes-src/mgmt-salt-base/rpm_spec/qubes-mgmt-salt-base.spec.in ']'
2018-04-05 15:50:21.280137 +0000 build-fedora3: + rpm -q --qf '%{NAME}-%{VERSION}.tar.gz\n' --specfile qubes-src/mgmt-salt-base/rpm_spec/qubes-mgmt-salt-base.spec
2018-04-05 15:50:21.333673 +0000 build-fedora3: warning: Macro %version defined but not used within scope
2018-04-05 15:50:21.342898 +0000 build-fedora3: cat: version: No such file or directory
2018-04-05 15:50:21.345349 +0000 build-fedora3: error: line 4: Empty tag: Version:
2018-04-05 15:50:21.345408 +0000 build-fedora3: error: query of specfile qubes-src/mgmt-salt-base/rpm_spec/qubes-mgmt-salt-base.spec failed, can't parse
2018-04-05 15:50:21.360177 +0000 build-fedora3: cd qubes-src/mgmt-salt-base && ln -f pkgs/fc23/noarch/qubes-mgmt-salt-base-3.2.2-1.fc23.noarch.rpm  /home/user/builder-r3.2-dom0/qubes-src/linux-yum/r3.2/current-testing/dom0/fc23/rpm/
2018-04-05 15:50:21.367648 +0000 build-fedora3: cd qubes-src/mgmt-salt-base && echo pkgs/fc23/noarch/qubes-mgmt-salt-base-3.2.2-1.fc23.noarch.rpm  > /home/user/builder-r3.2-dom0/repo-latest-snapshot/current-testing-dom0-fc23-mgmt-salt-base
2018-04-05 15:50:21.452654 +0000 build-fedora3: /home/user/builder-r3.2-dom0/qubes-src/builder-github//Makefile.github:21: target 'notify-github' does not exist
2018-04-05 15:50:21.452720 +0000 build-fedora3: [ -z "qubes-mgmt-salt-base-3.2.2-1.fc23" ] || /home/user/builder-r3.2-dom0/qubes-src/builder-github//notify-issues \
2018-04-05 15:50:21.452758 +0000 build-fedora3: .--build-log="https://github.com/QubesOS/build-logs/tree/master/build-fedora3/log_2018-04-05_15-47-44" \
2018-04-05 15:50:21.452785 +0000 build-fedora3: ."r3.2" \
2018-04-05 15:50:21.452811 +0000 build-fedora3: ."current-testing" \
2018-04-05 15:50:21.452837 +0000 build-fedora3: ."qubes-src/mgmt-salt-base" \
2018-04-05 15:50:21.452862 +0000 build-fedora3: ."qubes-mgmt-salt-base-3.2.2-1.fc23" \
2018-04-05 15:50:21.452885 +0000 build-fedora3: ."fc23" \
2018-04-05 15:50:21.452908 +0000 build-fedora3: ."dom0" \
2018-04-05 15:50:21.452937 +0000 build-fedora3: ."/home/user/github-notify-state/r3.2-mgmt-salt-base-dom0-fc23-current-testing"
2018-04-05 15:50:21.526595 +0000 build-fedora3: + ERR_OUTPUT=/dev/stderr
2018-04-05 15:50:21.526650 +0000 build-fedora3: + '[' 2 -lt 2 ']'
2018-04-05 15:50:21.526683 +0000 build-fedora3: + '[' -r qubes-src/mgmt-salt-base/rpm_spec/qubes-mgmt-salt-base.spec.in ']'
2018-04-05 15:50:21.526731 +0000 build-fedora3: + rpm -q --qf '%{NAME}-%{VERSION}.tar.gz\n' --specfile qubes-src/mgmt-salt-base/rpm_spec/qubes-mgmt-salt-base.spec
2018-04-05 15:50:21.583918 +0000 build-fedora3: warning: Macro %version defined but not used within scope
2018-04-05 15:50:21.593656 +0000 build-fedora3: cat: version: No such file or directory
2018-04-05 15:50:21.596504 +0000 build-fedora3: error: line 4: Empty tag: Version:
2018-04-05 15:50:21.596567 +0000 build-fedora3: error: query of specfile qubes-src/mgmt-salt-base/rpm_spec/qubes-mgmt-salt-base.spec failed, can't parse
2018-04-05 15:50:25.382861 +0000 build-fedora3: WARNING: /home/user/github-notify-state/r3.2-mgmt-salt-base-dom0-fc23-current-testing does not exist, initializing with the current state
2018-04-05 15:50:25.387723 +0000 build-fedora3: 
2018-04-05 15:50:25.399683 +0000 build-fedora3: Makefile:764: target 'post-update-repo-current-testing' does not exist
2018-04-05 15:50:25.399737 +0000 build-fedora3: for dist in fc23 ; do \
2018-04-05 15:50:25.399769 +0000 build-fedora3: .repo_base_var="LINUX_REPO_${dist}_BASEDIR"; \
2018-04-05 15:50:25.399797 +0000 build-fedora3: .if [ -n "${!repo_base_var}" ]; then \
2018-04-05 15:50:25.399823 +0000 build-fedora3: ..repo_basedir="${!repo_base_var}"; \
2018-04-05 15:50:25.399844 +0000 build-fedora3: .else \
2018-04-05 15:50:25.399871 +0000 build-fedora3: ..repo_basedir="qubes-src/linux-yum/r3.2"; \
2018-04-05 15:50:25.399892 +0000 build-fedora3: .fi; \
2018-04-05 15:50:25.399917 +0000 build-fedora3: .repos_to_update="$repos_to_update $repo_basedir"; \
2018-04-05 15:50:25.399937 +0000 build-fedora3: done; \
2018-04-05 15:50:25.399961 +0000 build-fedora3: for repo in `echo $repos_to_update|tr ' ' '\n'|sort|uniq`; do \
2018-04-05 15:50:25.399985 +0000 build-fedora3: .[ -z "$repo" ] && continue; \
2018-04-05 15:50:25.400023 +0000 build-fedora3: .(cd $repo/.. && ./update_repo-current-testing.sh `basename $repo`); \
2018-04-05 15:50:25.400045 +0000 build-fedora3: done
2018-04-05 15:50:25.429377 +0000 build-fedora3: --> Processing repo: r3.2/current-testing/dom0/fc20...
2018-04-05 15:50:26.087530 +0000 build-fedora3: --> Processing repo: r3.2/current-testing/dom0/fc23...
2018-04-05 15:51:24.161615 +0000 build-fedora3: --> Processing repo: r3.2/current-testing/vm/centos7...
2018-04-05 15:51:24.782427 +0000 build-fedora3: --> Processing repo: r3.2/current-testing/vm/fc22...
2018-04-05 15:51:25.279396 +0000 build-fedora3: --> Processing repo: r3.2/current-testing/vm/fc23...
2018-04-05 15:51:26.209613 +0000 build-fedora3: --> Processing repo: r3.2/current-testing/vm/fc24...
2018-04-05 15:51:27.131626 +0000 build-fedora3: --> Processing repo: r3.2/current-testing/vm/fc25...
2018-04-05 15:51:28.048178 +0000 build-fedora3: --> Processing repo: r3.2/current-testing/vm/fc26...
2018-04-05 15:51:28.600827 +0000 build-fedora3: Done.
2018-04-05 15:51:28.615648 +0000 build-fedora3: ~/builder-r3.2-dom0/qubes-src/linux-yum ~/builder-r3.2-dom0/qubes-src/linux-yum
2018-04-05 15:51:28.619348 +0000 build-fedora3: Syncing r3.2...
2018-04-05 15:51:28.717797 +0000 build-fedora3: sending incremental file list
2018-04-05 15:51:28.880779 +0000 build-fedora3: rsync: failed to set times on "/pub/qubes/repo/yum/r3.2/current-testing": Operation not permitted (1)
2018-04-05 15:51:28.881041 +0000 build-fedora3: rsync: failed to set times on "/pub/qubes/repo/yum/r3.2/current-testing/dom0": Operation not permitted (1)
2018-04-05 15:51:28.881328 +0000 build-fedora3: rsync: failed to set times on "/pub/qubes/repo/yum/r3.2/current-testing/dom0/fc20": Operation not permitted (1)
2018-04-05 15:51:28.881517 +0000 build-fedora3: rsync: failed to set times on "/pub/qubes/repo/yum/r3.2/current-testing/dom0/fc20/rpm": Operation not permitted (1)
2018-04-05 15:51:28.881775 +0000 build-fedora3: rsync: failed to set times on "/pub/qubes/repo/yum/r3.2/current-testing/dom0/fc23": Operation not permitted (1)
2018-04-05 15:51:28.882309 +0000 build-fedora3: rsync: failed to set times on "/pub/qubes/repo/yum/r3.2/current-testing/dom0/fc23/rpm": Operation not permitted (1)
2018-04-05 15:51:28.882539 +0000 build-fedora3: rsync: failed to set times on "/pub/qubes/repo/yum/r3.2/current-testing/vm": Operation not permitted (1)
2018-04-05 15:51:28.883659 +0000 build-fedora3: rsync: failed to set times on "/pub/qubes/repo/yum/r3.2/current-testing/vm/fc22": Operation not permitted (1)
2018-04-05 15:51:28.883851 +0000 build-fedora3: rsync: failed to set times on "/pub/qubes/repo/yum/r3.2/current-testing/vm/fc22/rpm": Operation not permitted (1)
2018-04-05 15:51:28.884015 +0000 build-fedora3: rsync: failed to set times on "/pub/qubes/repo/yum/r3.2/current-testing/vm/fc23": Operation not permitted (1)
2018-04-05 15:51:28.884236 +0000 build-fedora3: rsync: failed to set times on "/pub/qubes/repo/yum/r3.2/current-testing/vm/fc23/rpm": Operation not permitted (1)
2018-04-05 15:51:28.884382 +0000 build-fedora3: rsync: failed to set times on "/pub/qubes/repo/yum/r3.2/current-testing/vm/fc24": Operation not permitted (1)
2018-04-05 15:51:28.884515 +0000 build-fedora3: rsync: failed to set times on "/pub/qubes/repo/yum/r3.2/current-testing/vm/fc24/rpm": Operation not permitted (1)
2018-04-05 15:51:28.884600 +0000 build-fedora3: rsync: failed to set times on "/pub/qubes/repo/yum/r3.2/current-testing/vm/fc25": Operation not permitted (1)
2018-04-05 15:51:28.884679 +0000 build-fedora3: rsync: failed to set times on "/pub/qubes/repo/yum/r3.2/current-testing/vm/fc25/rpm": Operation not permitted (1)
2018-04-05 15:51:28.884755 +0000 build-fedora3: rsync: failed to set times on "/pub/qubes/repo/yum/r3.2/current-testing/vm/fc26": Operation not permitted (1)
2018-04-05 15:51:28.884925 +0000 build-fedora3: rsync: failed to set times on "/pub/qubes/repo/yum/r3.2/current-testing/vm/fc26/comps.xml": Operation not permitted (1)
2018-04-05 15:51:28.885031 +0000 build-fedora3: rsync: failed to set times on "/pub/qubes/repo/yum/r3.2/current-testing/vm/fc26/rpm": Operation not permitted (1)
2018-04-05 15:51:28.885113 +0000 build-fedora3: rsync: failed to set times on "/pub/qubes/repo/yum/r3.2/current": Operation not permitted (1)
2018-04-05 15:51:28.885236 +0000 build-fedora3: rsync: failed to set times on "/pub/qubes/repo/yum/r3.2/current/dom0": Operation not permitted (1)
2018-04-05 15:51:28.885317 +0000 build-fedora3: rsync: failed to set times on "/pub/qubes/repo/yum/r3.2/current/dom0/fc20": Operation not permitted (1)
2018-04-05 15:51:28.885394 +0000 build-fedora3: rsync: failed to set times on "/pub/qubes/repo/yum/r3.2/current/dom0/fc20/rpm": Operation not permitted (1)
2018-04-05 15:51:28.885469 +0000 build-fedora3: rsync: failed to set times on "/pub/qubes/repo/yum/r3.2/current/dom0/fc23": Operation not permitted (1)
2018-04-05 15:51:28.885529 +0000 build-fedora3: .d..t...... current-testing/
2018-04-05 15:51:28.885667 +0000 build-fedora3: .d..t...... current-testing/dom0/
2018-04-05 15:51:28.885737 +0000 build-fedora3: .d..t...... current-testing/dom0/fc20/
2018-04-05 15:51:28.885819 +0000 build-fedora3: .L..t...... current-testing/dom0/fc20/comps.xml -> ../../../comps-dom0.xml
2018-04-05 15:51:28.885921 +0000 build-fedora3: .d..t...... current-testing/dom0/fc20/rpm/
2018-04-05 15:51:28.886039 +0000 build-fedora3: .d..t...... current-testing/dom0/fc23/
2018-04-05 15:51:28.886214 +0000 build-fedora3: .L..t...... current-testing/dom0/fc23/comps.xml -> ../../../comps-dom0.xml
2018-04-05 15:51:28.895528 +0000 build-fedora3: .d..t...... current-testing/dom0/fc23/rpm/
2018-04-05 15:51:28.895708 +0000 build-fedora3: <f..t...... current-testing/dom0/fc23/rpm/qubes-core-dom0-vaio-fixes-1.6.1-1.fc23.x86_64.rpm
2018-04-05 15:51:28.897873 +0000 build-fedora3: .          2,140  29%    0.00kB/s    0:00:00  .          7,170 100%    4.80MB/s    0:00:00 (xfr#1, to-chk=942/1094)
2018-04-05 15:51:28.898071 +0000 build-fedora3: <f.st...... current-testing/dom0/fc23/rpm/qubes-mgmt-salt-base-3.2.2-1.fc23.noarch.rpm
2018-04-05 15:51:28.900765 +0000 build-fedora3: .          2,140   6%    2.04MB/s    0:00:00  .         32,958 100%   15.72MB/s    0:00:00 (xfr#2, to-chk=904/1094)
2018-04-05 15:51:28.900956 +0000 build-fedora3: .d..t...... current-testing/vm/
2018-04-05 15:51:28.901072 +0000 build-fedora3: .d..t...... current-testing/vm/centos7/
2018-04-05 15:51:28.901243 +0000 build-fedora3: .d..t...... current-testing/vm/fc22/
2018-04-05 15:51:28.901374 +0000 build-fedora3: .L..t...... current-testing/vm/fc22/comps.xml -> ../../../comps-vm.xml
2018-04-05 15:51:28.901485 +0000 build-fedora3: .d..t...... current-testing/vm/fc22/rpm/
2018-04-05 15:51:28.901589 +0000 build-fedora3: .d..t...... current-testing/vm/fc23/
2018-04-05 15:51:28.901712 +0000 build-fedora3: .L..t...... current-testing/vm/fc23/comps.xml -> ../../../comps-vm.xml
2018-04-05 15:51:28.901782 +0000 build-fedora3: .d..t...... current-testing/vm/fc23/rpm/
2018-04-05 15:51:28.901843 +0000 build-fedora3: .d..t...... current-testing/vm/fc24/
2018-04-05 15:51:28.901908 +0000 build-fedora3: .L..t...... current-testing/vm/fc24/comps.xml -> ../../../comps-vm.xml
2018-04-05 15:51:28.902009 +0000 build-fedora3: .d..t...... current-testing/vm/fc24/rpm/
2018-04-05 15:51:28.902110 +0000 build-fedora3: .d..t...... current-testing/vm/fc25/
2018-04-05 15:51:28.902282 +0000 build-fedora3: .L..t...... current-testing/vm/fc25/comps.xml -> ../../../comps-vm.xml
2018-04-05 15:51:28.902387 +0000 build-fedora3: .d..t...... current-testing/vm/fc25/rpm/
2018-04-05 15:51:28.902513 +0000 build-fedora3: .f...p..... current-testing/vm/fc25/rpm/python2-dnf-plugins-qubes-hooks-3.2.17-1.fc25.x86_64.rpm
2018-04-05 15:51:28.902666 +0000 build-fedora3: .f...p..... current-testing/vm/fc25/rpm/python3-dnf-plugins-qubes-hooks-3.2.17-1.fc25.x86_64.rpm
2018-04-05 15:51:28.902792 +0000 build-fedora3: .f...p..... current-testing/vm/fc25/rpm/qubes-core-vm-3.2.17-1.fc25.x86_64.rpm
2018-04-05 15:51:28.902923 +0000 build-fedora3: .f...p..... current-testing/vm/fc25/rpm/qubes-core-vm-debuginfo-3.2.17-1.fc25.x86_64.rpm
2018-04-05 15:51:28.903043 +0000 build-fedora3: .f...p..... current-testing/vm/fc25/rpm/qubes-core-vm-doc-3.2.17-1.noarch.rpm
2018-04-05 15:51:28.903219 +0000 build-fedora3: .f...p..... current-testing/vm/fc25/rpm/qubes-core-vm-systemd-3.2.17-1.fc25.x86_64.rpm
2018-04-05 15:51:28.903353 +0000 build-fedora3: .f...p..... current-testing/vm/fc25/rpm/qubes-core-vm-sysvinit-3.2.17-1.fc25.x86_64.rpm
2018-04-05 15:51:28.903477 +0000 build-fedora3: .f...p..... current-testing/vm/fc25/rpm/qubes-gui-vm-3.2.16-1.fc25.x86_64.rpm
2018-04-05 15:51:28.903603 +0000 build-fedora3: .f...p..... current-testing/vm/fc25/rpm/qubes-gui-vm-debuginfo-3.2.16-1.fc25.x86_64.rpm
2018-04-05 15:51:28.903688 +0000 build-fedora3: .f...p..... current-testing/vm/fc25/rpm/qubes-kernel-vm-support-3.2.4-1.fc25.x86_64.rpm
2018-04-05 15:51:28.903758 +0000 build-fedora3: .f...p..... current-testing/vm/fc25/rpm/qubes-utils-3.2.4-1.fc25.x86_64.rpm
2018-04-05 15:51:28.903829 +0000 build-fedora3: .f...p..... current-testing/vm/fc25/rpm/qubes-utils-debuginfo-3.2.4-1.fc25.x86_64.rpm
2018-04-05 15:51:28.903899 +0000 build-fedora3: .f...p..... current-testing/vm/fc25/rpm/qubes-utils-devel-3.2.4-1.fc25.x86_64.rpm
2018-04-05 15:51:28.903968 +0000 build-fedora3: .f...p..... current-testing/vm/fc25/rpm/qubes-utils-libs-3.2.4-1.fc25.x86_64.rpm
2018-04-05 15:51:28.904028 +0000 build-fedora3: .d..t...... current-testing/vm/fc26/
2018-04-05 15:51:28.904108 +0000 build-fedora3: .L..t...... current-testing/vm/fc26/comps.xml -> ../../../comps-vm.xml
2018-04-05 15:51:28.904211 +0000 build-fedora3: .d..t...... current-testing/vm/fc26/rpm/
2018-04-05 15:51:28.904317 +0000 build-fedora3: <f..t...... current-testing/vm/fc26/rpm/.gitignore
2018-04-05 15:51:28.904401 +0000 build-fedora3: .              6 100%    1.46kB/s    0:00:00  .              6 100%    1.46kB/s    0:00:00 (xfr#3, to-chk=565/1094)
2018-04-05 15:51:28.904462 +0000 build-fedora3: .d..t...... current/
2018-04-05 15:51:28.904519 +0000 build-fedora3: .d..t...... current/dom0/
2018-04-05 15:51:28.904591 +0000 build-fedora3: .d..t...... current/dom0/fc20/
2018-04-05 15:51:28.904608 +0000 build-fedora3: .L..t...... current/dom0/fc20/comps.xml -> ../../../comps-dom0.xml
2018-04-05 15:51:28.904633 +0000 build-fedora3: .d..t...... current/dom0/fc20/rpm/
2018-04-05 15:51:28.904647 +0000 build-fedora3: .d..t...... current/dom0/fc23/
2018-04-05 15:51:28.904662 +0000 build-fedora3: .L..t...... current/dom0/fc23/comps.xml -> ../../../comps-dom0.xml
2018-04-05 15:51:28.913313 +0000 build-fedora3: rsync: failed to set times on "/pub/qubes/repo/yum/r3.2/current/dom0/fc23/rpm": Operation not permitted (1)
2018-04-05 15:51:28.913349 +0000 build-fedora3: rsync: failed to set times on "/pub/qubes/repo/yum/r3.2/current/vm": Operation not permitted (1)
2018-04-05 15:51:28.913372 +0000 build-fedora3: rsync: failed to set times on "/pub/qubes/repo/yum/r3.2/current/vm/fc22": Operation not permitted (1)
2018-04-05 15:51:28.913391 +0000 build-fedora3: rsync: failed to set times on "/pub/qubes/repo/yum/r3.2/current/vm/fc22/rpm": Operation not permitted (1)
2018-04-05 15:51:28.913409 +0000 build-fedora3: rsync: failed to set times on "/pub/qubes/repo/yum/r3.2/current/vm/fc23": Operation not permitted (1)
2018-04-05 15:51:28.913427 +0000 build-fedora3: rsync: failed to set times on "/pub/qubes/repo/yum/r3.2/current/vm/fc23/rpm": Operation not permitted (1)
2018-04-05 15:51:28.913445 +0000 build-fedora3: rsync: failed to set times on "/pub/qubes/repo/yum/r3.2/current/vm/fc24": Operation not permitted (1)
2018-04-05 15:51:28.913462 +0000 build-fedora3: rsync: failed to set times on "/pub/qubes/repo/yum/r3.2/current/vm/fc24/rpm": Operation not permitted (1)
2018-04-05 15:51:28.913480 +0000 build-fedora3: rsync: failed to set times on "/pub/qubes/repo/yum/r3.2/current/vm/fc25": Operation not permitted (1)
2018-04-05 15:51:28.913498 +0000 build-fedora3: rsync: failed to set times on "/pub/qubes/repo/yum/r3.2/current/vm/fc25/rpm": Operation not permitted (1)
2018-04-05 15:51:28.913515 +0000 build-fedora3: rsync: failed to set times on "/pub/qubes/repo/yum/r3.2/current/vm/fc26": Operation not permitted (1)
2018-04-05 15:51:28.913534 +0000 build-fedora3: rsync: failed to set times on "/pub/qubes/repo/yum/r3.2/current/vm/fc26/comps.xml": Operation not permitted (1)
2018-04-05 15:51:28.913551 +0000 build-fedora3: rsync: failed to set times on "/pub/qubes/repo/yum/r3.2/current/vm/fc26/rpm": Operation not permitted (1)
2018-04-05 15:51:28.913569 +0000 build-fedora3: rsync: failed to set times on "/pub/qubes/repo/yum/r3.2/security-testing": Operation not permitted (1)
2018-04-05 15:51:28.913587 +0000 build-fedora3: rsync: failed to set times on "/pub/qubes/repo/yum/r3.2/security-testing/dom0": Operation not permitted (1)
2018-04-05 15:51:28.913605 +0000 build-fedora3: rsync: failed to set times on "/pub/qubes/repo/yum/r3.2/security-testing/dom0/fc20": Operation not permitted (1)
2018-04-05 15:51:28.913624 +0000 build-fedora3: rsync: failed to set times on "/pub/qubes/repo/yum/r3.2/security-testing/dom0/fc20/rpm": Operation not permitted (1)
2018-04-05 15:51:28.913642 +0000 build-fedora3: rsync: failed to set times on "/pub/qubes/repo/yum/r3.2/security-testing/dom0/fc23": Operation not permitted (1)
2018-04-05 15:51:28.913660 +0000 build-fedora3: rsync: failed to set times on "/pub/qubes/repo/yum/r3.2/security-testing/dom0/fc23/rpm": Operation not permitted (1)
2018-04-05 15:51:28.913675 +0000 build-fedora3: .d..t...... current/dom0/fc23/rpm/
2018-04-05 15:51:28.913689 +0000 build-fedora3: .d..t...... current/vm/
2018-04-05 15:51:28.913703 +0000 build-fedora3: .d..t...... current/vm/fc22/
2018-04-05 15:51:28.913719 +0000 build-fedora3: .L..t...... current/vm/fc22/comps.xml -> ../../../comps-vm.xml
2018-04-05 15:51:28.913745 +0000 build-fedora3: .d..t...... current/vm/fc22/rpm/
2018-04-05 15:51:28.913761 +0000 build-fedora3: .d..t...... current/vm/fc23/
2018-04-05 15:51:28.913776 +0000 build-fedora3: .L..t...... current/vm/fc23/comps.xml -> ../../../comps-vm.xml
2018-04-05 15:51:28.913790 +0000 build-fedora3: .d..t...... current/vm/fc23/rpm/
2018-04-05 15:51:28.913808 +0000 build-fedora3: .d..t...... current/vm/fc24/
2018-04-05 15:51:28.913835 +0000 build-fedora3: .L..t...... current/vm/fc24/comps.xml -> ../../../comps-vm.xml
2018-04-05 15:51:28.913864 +0000 build-fedora3: .d..t...... current/vm/fc24/rpm/
2018-04-05 15:51:28.913884 +0000 build-fedora3: .d..t...... current/vm/fc25/
2018-04-05 15:51:28.913911 +0000 build-fedora3: .L..t...... current/vm/fc25/comps.xml -> ../../../comps-vm.xml
2018-04-05 15:51:28.913936 +0000 build-fedora3: .d..t...... current/vm/fc25/rpm/
2018-04-05 15:51:28.913959 +0000 build-fedora3: .d..t...... current/vm/fc26/
2018-04-05 15:51:28.913985 +0000 build-fedora3: .L..t...... current/vm/fc26/comps.xml -> ../../../comps-vm.xml
2018-04-05 15:51:28.914010 +0000 build-fedora3: .d..t...... current/vm/fc26/rpm/
2018-04-05 15:51:28.914037 +0000 build-fedora3: <f..t...... current/vm/fc26/rpm/.gitignore
2018-04-05 15:51:28.914082 +0000 build-fedora3: .              6 100%    0.37kB/s    0:00:00  .              6 100%    0.37kB/s    0:00:00 (xfr#4, to-chk=194/1094)
2018-04-05 15:51:28.914109 +0000 build-fedora3: .d..t...... security-testing/
2018-04-05 15:51:28.914133 +0000 build-fedora3: .d..t...... security-testing/dom0/
2018-04-05 15:51:28.914174 +0000 build-fedora3: .d..t...... security-testing/dom0/fc20/
2018-04-05 15:51:28.914192 +0000 build-fedora3: .L..t...... security-testing/dom0/fc20/comps.xml -> ../../../comps-dom0.xml
2018-04-05 15:51:28.914207 +0000 build-fedora3: .d..t...... security-testing/dom0/fc20/rpm/
2018-04-05 15:51:28.914221 +0000 build-fedora3: .d..t...... security-testing/dom0/fc23/
2018-04-05 15:51:28.914237 +0000 build-fedora3: .L..t...... security-testing/dom0/fc23/comps.xml -> ../../../comps-dom0.xml
2018-04-05 15:51:28.914251 +0000 build-fedora3: .d..t...... security-testing/dom0/fc23/rpm/
2018-04-05 15:51:28.995995 +0000 build-fedora3: rsync: failed to set times on "/pub/qubes/repo/yum/r3.2/security-testing/vm": Operation not permitted (1)
2018-04-05 15:51:28.996195 +0000 build-fedora3: rsync: failed to set times on "/pub/qubes/repo/yum/r3.2/security-testing/vm/fc22": Operation not permitted (1)
2018-04-05 15:51:28.996299 +0000 build-fedora3: rsync: failed to set times on "/pub/qubes/repo/yum/r3.2/security-testing/vm/fc22/rpm": Operation not permitted (1)
2018-04-05 15:51:28.996384 +0000 build-fedora3: rsync: failed to set times on "/pub/qubes/repo/yum/r3.2/security-testing/vm/fc23": Operation not permitted (1)
2018-04-05 15:51:28.996466 +0000 build-fedora3: rsync: failed to set times on "/pub/qubes/repo/yum/r3.2/security-testing/vm/fc23/rpm": Operation not permitted (1)
2018-04-05 15:51:28.996545 +0000 build-fedora3: rsync: failed to set times on "/pub/qubes/repo/yum/r3.2/security-testing/vm/fc24": Operation not permitted (1)
2018-04-05 15:51:28.996624 +0000 build-fedora3: rsync: failed to set times on "/pub/qubes/repo/yum/r3.2/security-testing/vm/fc24/rpm": Operation not permitted (1)
2018-04-05 15:51:28.996701 +0000 build-fedora3: rsync: failed to set times on "/pub/qubes/repo/yum/r3.2/security-testing/vm/fc25": Operation not permitted (1)
2018-04-05 15:51:28.996779 +0000 build-fedora3: rsync: failed to set times on "/pub/qubes/repo/yum/r3.2/security-testing/vm/fc25/rpm": Operation not permitted (1)
2018-04-05 15:51:28.996856 +0000 build-fedora3: rsync: failed to set times on "/pub/qubes/repo/yum/r3.2/security-testing/vm/fc26": Operation not permitted (1)
2018-04-05 15:51:28.996937 +0000 build-fedora3: rsync: failed to set times on "/pub/qubes/repo/yum/r3.2/security-testing/vm/fc26/comps.xml": Operation not permitted (1)
2018-04-05 15:51:28.997018 +0000 build-fedora3: rsync: failed to set times on "/pub/qubes/repo/yum/r3.2/security-testing/vm/fc26/rpm": Operation not permitted (1)
2018-04-05 15:51:28.997110 +0000 build-fedora3: hf..t...... current/dom0/fc23/rpm/qubes-core-dom0-vaio-fixes-1.6.1-1.fc23.x86_64.rpm => current-testing/dom0/fc23/rpm/qubes-core-dom0-vaio-fixes-1.6.1-1.fc23.x86_64.rpm
2018-04-05 15:51:28.997248 +0000 build-fedora3: hf          security-testing/dom0/fc23/rpm/qubes-core-dom0-vaio-fixes-1.6.1-1.fc23.x86_64.rpm => current-testing/dom0/fc23/rpm/qubes-core-dom0-vaio-fixes-1.6.1-1.fc23.x86_64.rpm
2018-04-05 15:51:28.997316 +0000 build-fedora3: .d..t...... security-testing/vm/
2018-04-05 15:51:28.997421 +0000 build-fedora3: .d..t...... security-testing/vm/centos7/
2018-04-05 15:51:28.997485 +0000 build-fedora3: .d..t...... security-testing/vm/fc22/
2018-04-05 15:51:28.997553 +0000 build-fedora3: .L..t...... security-testing/vm/fc22/comps.xml -> ../../../comps-vm.xml
2018-04-05 15:51:28.997614 +0000 build-fedora3: .d..t...... security-testing/vm/fc22/rpm/
2018-04-05 15:51:28.997674 +0000 build-fedora3: .d..t...... security-testing/vm/fc23/
2018-04-05 15:51:28.997740 +0000 build-fedora3: .L..t...... security-testing/vm/fc23/comps.xml -> ../../../comps-vm.xml
2018-04-05 15:51:28.997799 +0000 build-fedora3: .d..t...... security-testing/vm/fc23/rpm/
2018-04-05 15:51:28.997858 +0000 build-fedora3: .d..t...... security-testing/vm/fc24/
2018-04-05 15:51:28.997932 +0000 build-fedora3: .L..t...... security-testing/vm/fc24/comps.xml -> ../../../comps-vm.xml
2018-04-05 15:51:28.997992 +0000 build-fedora3: .d..t...... security-testing/vm/fc24/rpm/
2018-04-05 15:51:28.998051 +0000 build-fedora3: .d..t...... security-testing/vm/fc25/
2018-04-05 15:51:28.998118 +0000 build-fedora3: .L..t...... security-testing/vm/fc25/comps.xml -> ../../../comps-vm.xml
2018-04-05 15:51:28.998218 +0000 build-fedora3: .d..t...... security-testing/vm/fc25/rpm/
2018-04-05 15:51:28.998281 +0000 build-fedora3: .d..t...... security-testing/vm/fc26/
2018-04-05 15:51:28.998348 +0000 build-fedora3: .L..t...... security-testing/vm/fc26/comps.xml -> ../../../comps-vm.xml
2018-04-05 15:51:28.998407 +0000 build-fedora3: .d..t...... security-testing/vm/fc26/rpm/
2018-04-05 15:51:28.998469 +0000 build-fedora3: <f..t...... security-testing/vm/fc26/rpm/.gitignore
2018-04-05 15:51:29.000453 +0000 build-fedora3: .              6 100%    0.06kB/s    0:00:00  .              6 100%    0.06kB/s    0:00:00 (xfr#5, to-chk=0/1094)
2018-04-05 15:51:29.099264 +0000 build-fedora3: rsync error: some files/attrs were not transferred (see previous errors) (code 23) at main.c(1189) [sender=3.1.3]
2018-04-05 15:51:29.602448 +0000 build-fedora3: --> Processing repo: /pub/qubes/repo/yum/r3.2/current/dom0/fc20...
2018-04-05 15:51:29.693486 +0000 build-fedora3: Warning: Requested more delta workers than workers. This is insane. Limiting.
2018-04-05 15:51:31.011769 +0000 build-fedora3: --> Processing repo: /pub/qubes/repo/yum/r3.2/current/dom0/fc23...
2018-04-05 15:51:31.107304 +0000 build-fedora3: Warning: Requested more delta workers than workers. This is insane. Limiting.
2018-04-05 15:52:39.281583 +0000 build-fedora3: --> Processing repo: /pub/qubes/repo/yum/r3.2/current/vm/centos7...
2018-04-05 15:52:39.400373 +0000 build-fedora3: Warning: Requested more delta workers than workers. This is insane. Limiting.
2018-04-05 15:52:40.185262 +0000 build-fedora3: --> Processing repo: /pub/qubes/repo/yum/r3.2/current/vm/fc22...
2018-04-05 15:52:40.276691 +0000 build-fedora3: Warning: Requested more delta workers than workers. This is insane. Limiting.
2018-04-05 15:52:40.787766 +0000 build-fedora3: --> Processing repo: /pub/qubes/repo/yum/r3.2/current/vm/fc23...
2018-04-05 15:52:40.883296 +0000 build-fedora3: Warning: Requested more delta workers than workers. This is insane. Limiting.
2018-04-05 15:52:59.543285 +0000 build-fedora3: --> Processing repo: /pub/qubes/repo/yum/r3.2/current/vm/fc24...
2018-04-05 15:52:59.645349 +0000 build-fedora3: Warning: Requested more delta workers than workers. This is insane. Limiting.
2018-04-05 15:53:18.576442 +0000 build-fedora3: --> Processing repo: /pub/qubes/repo/yum/r3.2/current/vm/fc25...
2018-04-05 15:53:18.669345 +0000 build-fedora3: Warning: Requested more delta workers than workers. This is insane. Limiting.
2018-04-05 15:53:31.533334 +0000 build-fedora3: --> Processing repo: /pub/qubes/repo/yum/r3.2/current/vm/fc26...
2018-04-05 15:53:31.625197 +0000 build-fedora3: Warning: Requested more delta workers than workers. This is insane. Limiting.
2018-04-05 15:53:35.272471 +0000 build-fedora3: Done.
2018-04-05 15:53:35.494622 +0000 build-fedora3: --> Processing repo: /pub/qubes/repo/yum/r3.2/current-testing/dom0/fc20...
2018-04-05 15:53:35.584607 +0000 build-fedora3: Warning: Requested more delta workers than workers. This is insane. Limiting.
2018-04-05 15:53:36.097380 +0000 build-fedora3: --> Processing repo: /pub/qubes/repo/yum/r3.2/current-testing/dom0/fc23...
2018-04-05 15:53:36.197262 +0000 build-fedora3: Warning: Requested more delta workers than workers. This is insane. Limiting.
2018-04-05 15:55:47.705784 +0000 build-fedora3: --> Processing repo: /pub/qubes/repo/yum/r3.2/current-testing/vm/centos7...
2018-04-05 15:55:47.820562 +0000 build-fedora3: Warning: Requested more delta workers than workers. This is insane. Limiting.
2018-04-05 15:55:48.338635 +0000 build-fedora3: --> Processing repo: /pub/qubes/repo/yum/r3.2/current-testing/vm/fc22...
2018-04-05 15:55:48.433869 +0000 build-fedora3: Warning: Requested more delta workers than workers. This is insane. Limiting.
2018-04-05 15:55:48.958904 +0000 build-fedora3: --> Processing repo: /pub/qubes/repo/yum/r3.2/current-testing/vm/fc23...
2018-04-05 15:55:49.107086 +0000 build-fedora3: Warning: Requested more delta workers than workers. This is insane. Limiting.
2018-04-05 15:56:23.602078 +0000 build-fedora3: --> Processing repo: /pub/qubes/repo/yum/r3.2/current-testing/vm/fc24...
2018-04-05 15:56:23.780945 +0000 build-fedora3: Warning: Requested more delta workers than workers. This is insane. Limiting.
2018-04-05 15:56:55.511973 +0000 build-fedora3: --> Processing repo: /pub/qubes/repo/yum/r3.2/current-testing/vm/fc25...
2018-04-05 15:56:55.614667 +0000 build-fedora3: Warning: Requested more delta workers than workers. This is insane. Limiting.
2018-04-05 15:57:14.199831 +0000 build-fedora3: --> Processing repo: /pub/qubes/repo/yum/r3.2/current-testing/vm/fc26...
2018-04-05 15:57:14.291286 +0000 build-fedora3: Warning: Requested more delta workers than workers. This is insane. Limiting.
2018-04-05 15:57:20.103949 +0000 build-fedora3: Done.
2018-04-05 15:57:20.286358 +0000 build-fedora3: --> Processing repo: /pub/qubes/repo/yum/r3.2/security-testing/dom0/fc20...
2018-04-05 15:57:20.376127 +0000 build-fedora3: Warning: Requested more delta workers than workers. This is insane. Limiting.
2018-04-05 15:57:20.900101 +0000 build-fedora3: --> Processing repo: /pub/qubes/repo/yum/r3.2/security-testing/dom0/fc23...
2018-04-05 15:57:20.990370 +0000 build-fedora3: Warning: Requested more delta workers than workers. This is insane. Limiting.
2018-04-05 15:57:39.457947 +0000 build-fedora3: --> Processing repo: /pub/qubes/repo/yum/r3.2/security-testing/vm/centos7...
2018-04-05 15:57:39.461410 +0000 build-fedora3: Warning: Requested more delta workers than workers. This is insane. Limiting.
2018-04-05 15:57:40.013042 +0000 build-fedora3: --> Processing repo: /pub/qubes/repo/yum/r3.2/security-testing/vm/fc22...
2018-04-05 15:57:40.101763 +0000 build-fedora3: Warning: Requested more delta workers than workers. This is insane. Limiting.
2018-04-05 15:57:40.583486 +0000 build-fedora3: --> Processing repo: /pub/qubes/repo/yum/r3.2/security-testing/vm/fc23...
2018-04-05 15:57:40.675074 +0000 build-fedora3: Warning: Requested more delta workers than workers. This is insane. Limiting.
2018-04-05 15:57:50.566568 +0000 build-fedora3: --> Processing repo: /pub/qubes/repo/yum/r3.2/security-testing/vm/fc24...
2018-04-05 15:57:50.659747 +0000 build-fedora3: Warning: Requested more delta workers than workers. This is insane. Limiting.
2018-04-05 15:58:00.688571 +0000 build-fedora3: --> Processing repo: /pub/qubes/repo/yum/r3.2/security-testing/vm/fc25...
2018-04-05 15:58:00.779457 +0000 build-fedora3: Warning: Requested more delta workers than workers. This is insane. Limiting.
2018-04-05 15:58:10.522609 +0000 build-fedora3: --> Processing repo: /pub/qubes/repo/yum/r3.2/security-testing/vm/fc26...
2018-04-05 15:58:10.612967 +0000 build-fedora3: Warning: Requested more delta workers than workers. This is insane. Limiting.
2018-04-05 15:58:15.579011 +0000 build-fedora3: Done.
2018-04-05 15:58:15.584295 +0000 build-fedora3: ~/builder-r3.2-dom0/qubes-src/linux-yum
2018-04-05 15:58:15.590986 +0000 build-fedora3: Makefile:689: update target 'update-repo-current-testing' due to: internal-update-repo-current-testing.dom0.fc23.mgmt-salt-base post-update-repo-current-testing
2018-04-05 15:58:15.591205 +0000 build-fedora3: true
2018-04-05 15:58:15.604947 +0000 build-fedora3: > done
2018-04-05 15:58:15.605342 +0000 > closing log
