2018-04-05 15:59:17.374244 +0000 > starting log
2018-04-05 15:59:17.376252 +0000 build-fedora3: > starting build with log
2018-04-05 15:59:17.376316 +0000 build-fedora3: >> make args: DISTS_VM= DIST_DOM0=fc23 BUILD_LOGS_URL= mgmt-salt-base-topd-dom0-fc23=https://github.com/QubesOS/build-logs/tree/master/build-fedora3/log_2018-04-05_15-58-38 GIT_URL_mgmt_salt_base_topd=https://github.com/QubesOS/qubes-mgmt-salt-base-topd sign-all update-repo-current-testing
2018-04-05 15:59:17.376345 +0000 build-fedora3: >> MAKEFLAGS=
2018-04-05 15:59:17.376371 +0000 build-fedora3: >> COMPONENTS=mgmt-salt-base-topd
2018-04-05 15:59:17.376395 +0000 build-fedora3: >> DISTS_VM=
2018-04-05 15:59:17.376418 +0000 build-fedora3: >> DIST_DOM0=
2018-04-05 15:59:17.376442 +0000 build-fedora3: >> qubes-builder 3ac168dc07d3411a6308a3ce2a4db7d0098a3b92
2018-04-05 15:59:17.376471 +0000 build-fedora3: >> qubes-builder/qubes-src/mgmt-salt-base-topd 96db5960b21e75828b7291dc7233c2fb95af8c8b
2018-04-05 15:59:17.376498 +0000 build-fedora3: !! pkgs/fc23/noarch/qubes-mgmt-salt-base-topd-3.2.1-1.fc23.noarch.rpm
2018-04-05 15:59:17.376524 +0000 build-fedora3: !! pkgs/fc23/qubes-mgmt-salt-base-topd.spec.list
2018-04-05 15:59:17.376549 +0000 build-fedora3: !! pkgs/fc24/noarch/qubes-mgmt-salt-base-topd-3.2.1-1.fc24.noarch.rpm
2018-04-05 15:59:17.376574 +0000 build-fedora3: !! pkgs/fc25/noarch/qubes-mgmt-salt-base-topd-3.2.1-1.fc25.noarch.rpm
2018-04-05 15:59:17.376611 +0000 build-fedora3: eddfde6113e7bc95cfc07f63ac676c207e445c12211aa6870bfc895e853e1305fc735c5e1a287a24209c0a4cd5272f2ef626dc162505aac68d6143f5db162660  pkgs/fc23/noarch/qubes-mgmt-salt-base-topd-3.2.1-1.fc23.noarch.rpm
2018-04-05 15:59:17.376648 +0000 build-fedora3: a5033330a35e85888f7bc28fa023d6bea37b0a6f777f594f14f5e4cc1847338f5a4af786b7e27ddd9f81d4bf71dd8b641bf2e8ca9f84dcee0fb97ad4a1395156  pkgs/fc23/qubes-mgmt-salt-base-topd.spec.list
2018-04-05 15:59:17.376687 +0000 build-fedora3: 5b0491b39adf0c661d5e34fd8a51c193b2692567c5aa37f4102f446aa5c21993b9aab09ae6e3a4ff63f42f15453dd62f813d83597f5e06dc5a73b9170708e45a  pkgs/fc24/noarch/qubes-mgmt-salt-base-topd-3.2.1-1.fc24.noarch.rpm
2018-04-05 15:59:17.376724 +0000 build-fedora3: cd14a34e6afc564ca11541327611aa6a74bd8a3a38fc2e661201f638d8dc4b1479413cc838771feeb1159084d530947660a46ced6c1af62ae4e6ede295ccab26  pkgs/fc25/noarch/qubes-mgmt-salt-base-topd-3.2.1-1.fc25.noarch.rpm
2018-04-05 15:59:17.376752 +0000 build-fedora3: ================================================================================
2018-04-05 15:59:17.376780 +0000 build-fedora3:                            B U I L D   I N F O                                  
2018-04-05 15:59:17.376806 +0000 build-fedora3: Items in red indicate it was automatically generated by configuration file(s)
2018-04-05 15:59:17.376833 +0000 build-fedora3: Items in white indicate it was automatically removed by configuration file(s)
2018-04-05 15:59:17.376860 +0000 build-fedora3: ================================================================================
2018-04-05 15:59:17.376881 +0000 build-fedora3: DISTS_VM:
2018-04-05 15:59:17.376904 +0000 build-fedora3:     
2018-04-05 15:59:17.376927 +0000 build-fedora3: DISTS_ALL:
2018-04-05 15:59:17.376949 +0000 build-fedora3:      fc23,
2018-04-05 15:59:17.376969 +0000 build-fedora3: DIST_DOM0:
2018-04-05 15:59:17.376990 +0000 build-fedora3:      fc23,
2018-04-05 15:59:17.377010 +0000 build-fedora3: BUILDER_PLUGINS:
2018-04-05 15:59:17.377034 +0000 build-fedora3:      builder-fedora, mgmt-salt, builder-github,
2018-04-05 15:59:17.377055 +0000 build-fedora3: COMPONENTS:
2018-04-05 15:59:17.377078 +0000 build-fedora3:      mgmt-salt-base-topd,
2018-04-05 15:59:17.377100 +0000 build-fedora3: GIT_REPOS:
2018-04-05 15:59:17.377126 +0000 build-fedora3:      qubes-src/mgmt-salt-base-topd,
2018-04-05 15:59:17.377163 +0000 build-fedora3: TEMPLATE:
2018-04-05 15:59:17.377185 +0000 build-fedora3:     
2018-04-05 15:59:17.377208 +0000 build-fedora3: TEMPLATE_FLAVOR_DIR:
2018-04-05 15:59:17.377229 +0000 build-fedora3:     
2018-04-05 15:59:17.377252 +0000 build-fedora3: TEMPLATE_ALIAS:
2018-04-05 15:59:17.377293 +0000 build-fedora3:      jessie:jessie+standard, jessie+gnome:jessie+gnome+standard,
2018-04-05 15:59:17.377324 +0000 build-fedora3:      jessie+minimal:jessie+minimal+no-recommends, stretch:stretch+standard, stretch+gnome:stretch+gnome+standard,
2018-04-05 15:59:17.377355 +0000 build-fedora3:      stretch+minimal:stretch+minimal+no-recommends, jessie:jessie+standard, jessie+gnome:jessie+gnome+standard,
2018-04-05 15:59:17.377386 +0000 build-fedora3:      jessie+minimal:jessie+minimal+no-recommends, stretch:stretch+standard, stretch+gnome:stretch+gnome+standard,
2018-04-05 15:59:17.377411 +0000 build-fedora3:      stretch+minimal:stretch+minimal+no-recommends,
2018-04-05 15:59:17.377434 +0000 build-fedora3: TEMPLATE_LABEL:
2018-04-05 15:59:17.377462 +0000 build-fedora3:      fc20:fedora-20 fc21:fedora-21 fc22:fedora-22 fc23:fedora-23 fc24:fedora-24 fc25:fedora-25 fc26:fedora-26
2018-04-05 15:59:17.377493 +0000 build-fedora3:      fc20+minimal:fedora-20-minimal fc21+minimal:fedora-21-minimal fc23+minimal:fedora-23-minimal
2018-04-05 15:59:17.377523 +0000 build-fedora3:      fc24+minimal:fedora-24-minimal fc25+minimal:fedora-25-minimal fc26+minimal:fedora-26-minimal
2018-04-05 15:59:17.377552 +0000 build-fedora3:      fc25+xfce:fedora-25-xfce fc26+xfce:fedora-26-xfce wheezy:debian-7 wheezy+standard:debian-7
2018-04-05 15:59:17.377582 +0000 build-fedora3:      jessie:debian-8 jessie+standard:debian-8 stretch:debian-9 stretch+standard:debian-9 centos7:centos-7
2018-04-05 15:59:17.377615 +0000 build-fedora3:      centos7+minimal:centos-7-minimal fc20:fedora-20 fc21:fedora-21 fc22:fedora-22 fc23:fedora-23 fc24:fedora-24
2018-04-05 15:59:17.377646 +0000 build-fedora3:      fc25:fedora-25 fc26:fedora-26 fc20+minimal:fedora-20-minimal fc21+minimal:fedora-21-minimal
2018-04-05 15:59:17.377676 +0000 build-fedora3:      fc23+minimal:fedora-23-minimal fc24+minimal:fedora-24-minimal fc25+minimal:fedora-25-minimal
2018-04-05 15:59:17.377704 +0000 build-fedora3:      fc26+minimal:fedora-26-minimal wheezy:debian-7 wheezy+standard:debian-7 jessie:debian-8
2018-04-05 15:59:17.377733 +0000 build-fedora3:      jessie+standard:debian-8 stretch:debian-9 stretch+standard:debian-9
2018-04-05 15:59:17.380313 +0000 build-fedora3: > running make
2018-04-05 15:59:17.419006 +0000 build-fedora3: Makefile:250: target 'sign-dom0-fc23-mgmt-salt-base-topd' does not exist
2018-04-05 15:59:17.419106 +0000 build-fedora3: if [ -n "mgmt-salt-base-topd" -a "0" -ne 0 ]; then BRANCH=release3.2; branch_var="BRANCH_mgmt_salt_base_topd"; [ -n "${!branch_var}" ] && BRANCH="${!branch_var}"; pushd qubes-src/mgmt-salt-base-topd > /dev/null; CURRENT_BRANCH=`git symbolic-ref --short HEAD 2>/dev/null || git describe --tags --exact-match HEAD`; if [ "$BRANCH" != "$CURRENT_BRANCH" ]; then echo "-> ERROR: Wrong branch $branch_var=$CURRENT_BRANCH (expected $BRANCH)"; exit 1; fi; popd > /dev/null; fi
2018-04-05 15:59:17.419158 +0000 build-fedora3: SIGN_KEY=C52261BE0A823221D94CA1D1CB11CA1D03FA5082; \
2018-04-05 15:59:17.419189 +0000 build-fedora3: sign_key_var="SIGN_KEY_fc23"; \
2018-04-05 15:59:17.419220 +0000 build-fedora3: [ -n "${!sign_key_var}" ] && SIGN_KEY="${!sign_key_var}"; \
2018-04-05 15:59:17.419249 +0000 build-fedora3: if [ -r qubes-src/mgmt-salt-base-topd/Makefile.builder ]; then \
2018-04-05 15:59:17.419277 +0000 build-fedora3: .make --no-print-directory -f Makefile.generic \
2018-04-05 15:59:17.419300 +0000 build-fedora3: ..DIST=fc23 \
2018-04-05 15:59:17.419324 +0000 build-fedora3: ..PACKAGE_SET=dom0 \
2018-04-05 15:59:17.419349 +0000 build-fedora3: ..COMPONENT=mgmt-salt-base-topd \
2018-04-05 15:59:17.419373 +0000 build-fedora3: ..SIGN_KEY=$SIGN_KEY \
2018-04-05 15:59:17.419396 +0000 build-fedora3: ..sign || exit 1; \
2018-04-05 15:59:17.419422 +0000 build-fedora3: elif [ -d qubes-src/mgmt-salt-base-topd/rpm ]; then \
2018-04-05 15:59:17.419447 +0000 build-fedora3: .# Old mechanism supported only for RPM
2018-04-05 15:59:17.419476 +0000 build-fedora3: FILE_LIST=""; for RPM in qubes-src/mgmt-salt-base-topd/rpm/*/*.rpm; do \
2018-04-05 15:59:17.419505 +0000 build-fedora3: ..if ! qubes-src/installer-qubes-os/rpm_verify $RPM > /dev/null; then \
2018-04-05 15:59:17.419553 +0000 build-fedora3: ...FILE_LIST="$FILE_LIST $RPM" ;\
2018-04-05 15:59:17.419576 +0000 build-fedora3: ..fi ;\
2018-04-05 15:59:17.419600 +0000 build-fedora3: .done ; \
2018-04-05 15:59:17.419625 +0000 build-fedora3: .if [ -n "$FILE_LIST" ]; then \
2018-04-05 15:59:17.419649 +0000 build-fedora3: ..echo "--> Signing..."; \
2018-04-05 15:59:17.419675 +0000 build-fedora3: ..RPMSIGN_OPTS=--digest-algo=sha256; \
2018-04-05 15:59:17.419700 +0000 build-fedora3: ..if [ -n "$SIGN_KEY" ]; then \
2018-04-05 15:59:17.419725 +0000 build-fedora3: ...RPMSIGN_OPTS="--key-id=$SIGN_KEY"; \
2018-04-05 15:59:17.419748 +0000 build-fedora3: ..fi; \
2018-04-05 15:59:17.419777 +0000 build-fedora3: ..setsid -w rpmsign "$RPMSIGN_OPTS" --addsign $FILE_LIST </dev/null ;\
2018-04-05 15:59:17.419799 +0000 build-fedora3: .fi; \
2018-04-05 15:59:17.419821 +0000 build-fedora3: fi
2018-04-05 15:59:17.455104 +0000 build-fedora3: + ERR_OUTPUT=/dev/stderr
2018-04-05 15:59:17.455175 +0000 build-fedora3: + '[' 2 -lt 2 ']'
2018-04-05 15:59:17.455300 +0000 build-fedora3: + '[' -r qubes-src/mgmt-salt-base-topd/rpm_spec/qubes-mgmt-salt-base-topd.spec.in ']'
2018-04-05 15:59:17.455432 +0000 build-fedora3: + rpm -q --qf '%{NAME}-%{VERSION}.tar.gz\n' --specfile qubes-src/mgmt-salt-base-topd/rpm_spec/qubes-mgmt-salt-base-topd.spec
2018-04-05 15:59:17.494925 +0000 build-fedora3: warning: Macro %version defined but not used within scope
2018-04-05 15:59:17.502062 +0000 build-fedora3: cat: version: No such file or directory
2018-04-05 15:59:17.504123 +0000 build-fedora3: error: line 4: Empty tag: Version:
2018-04-05 15:59:17.504213 +0000 build-fedora3: error: query of specfile qubes-src/mgmt-salt-base-topd/rpm_spec/qubes-mgmt-salt-base-topd.spec failed, can't parse
2018-04-05 15:59:17.526131 +0000 build-fedora3: /home/user/builder-r3.2-dom0/qubes-src/builder-fedora/Makefile.fedora:145: target 'sign' does not exist
2018-04-05 15:59:17.526231 +0000 build-fedora3: cd qubes-src/mgmt-salt-base-topd && for pkg in pkgs/fc23/noarch/qubes-mgmt-salt-base-topd-3.2.1-1.fc23.noarch.rpm ; do \
2018-04-05 15:59:17.526265 +0000 build-fedora3: .if ! rpm -K $pkg | grep -qi pgp; then \
2018-04-05 15:59:17.526303 +0000 build-fedora3: ..setsid -w rpmsign  --digest-algo=sha256 --key-id=C52261BE0A823221D94CA1D1CB11CA1D03FA5082 --addsign $pkg </dev/null || exit 1; \
2018-04-05 15:59:17.526328 +0000 build-fedora3: .fi; \
2018-04-05 15:59:17.526349 +0000 build-fedora3: done
2018-04-05 15:59:17.558235 +0000 build-fedora3: + ERR_OUTPUT=/dev/stderr
2018-04-05 15:59:17.558302 +0000 build-fedora3: + '[' 2 -lt 2 ']'
2018-04-05 15:59:17.558346 +0000 build-fedora3: + '[' -r qubes-src/mgmt-salt-base-topd/rpm_spec/qubes-mgmt-salt-base-topd.spec.in ']'
2018-04-05 15:59:17.558428 +0000 build-fedora3: + rpm -q --qf '%{NAME}-%{VERSION}.tar.gz\n' --specfile qubes-src/mgmt-salt-base-topd/rpm_spec/qubes-mgmt-salt-base-topd.spec
2018-04-05 15:59:17.595173 +0000 build-fedora3: warning: Macro %version defined but not used within scope
2018-04-05 15:59:17.601942 +0000 build-fedora3: cat: version: No such file or directory
2018-04-05 15:59:17.603980 +0000 build-fedora3: error: line 4: Empty tag: Version:
2018-04-05 15:59:17.604041 +0000 build-fedora3: error: query of specfile qubes-src/mgmt-salt-base-topd/rpm_spec/qubes-mgmt-salt-base-topd.spec failed, can't parse
2018-04-05 15:59:18.407373 +0000 build-fedora3: pkgs/fc23/noarch/qubes-mgmt-salt-base-topd-3.2.1-1.fc23.noarch.rpm:
2018-04-05 15:59:18.410611 +0000 build-fedora3: Makefile:721: target 'internal-update-repo-current-testing.dom0.fc23.mgmt-salt-base-topd' does not exist
2018-04-05 15:59:18.410670 +0000 build-fedora3: repo_base_var="LINUX_REPO_fc23_BASEDIR"; \
2018-04-05 15:59:18.410700 +0000 build-fedora3: if [ -n "${!repo_base_var}" ]; then \
2018-04-05 15:59:18.410735 +0000 build-fedora3: .repo_basedir="${!repo_base_var}"; \
2018-04-05 15:59:18.410764 +0000 build-fedora3: else \
2018-04-05 15:59:18.410793 +0000 build-fedora3: .repo_basedir="qubes-src/linux-yum/r3.2"; \
2018-04-05 15:59:18.410828 +0000 build-fedora3: fi; \
2018-04-05 15:59:18.410856 +0000 build-fedora3: if [ -r qubes-src/mgmt-salt-base-topd/Makefile.builder ]; then \
2018-04-05 15:59:18.410884 +0000 build-fedora3: .echo -n "Updating qubes-src/mgmt-salt-base-topd... "; \
2018-04-05 15:59:18.410908 +0000 build-fedora3: .if [ "0" -eq 1 ]; then \
2018-04-05 15:59:18.410936 +0000 build-fedora3: ..vtag=`git -C qubes-src/mgmt-salt-base-topd tag --points-at HEAD --list v*`; \
2018-04-05 15:59:18.410962 +0000 build-fedora3: ..if [ -z "$vtag" ]; then \
2018-04-05 15:59:18.410985 +0000 build-fedora3: ...echo "no version tag"; \
2018-04-05 15:59:18.411005 +0000 build-fedora3: ...exit 0; \
2018-04-05 15:59:18.411029 +0000 build-fedora3: ..fi; \
2018-04-05 15:59:18.411049 +0000 build-fedora3: .fi; \
2018-04-05 15:59:18.411094 +0000 build-fedora3: .component_packages=$(MAKEFLAGS= make -s -f Makefile.generic DIST=fc23 PACKAGE_SET=dom0 COMPONENT=`basename qubes-src/mgmt-salt-base-topd` UPDATE_REPO=/home/user/builder-r3.2-dom0/$repo_basedir/current-testing/dom0/fc23 get-var GET_VAR=PACKAGE_LIST); \
2018-04-05 15:59:18.411122 +0000 build-fedora3: .if [ -z "$component_packages" ]; then \
2018-04-05 15:59:18.411164 +0000 build-fedora3: ..echo "no packages."; \
2018-04-05 15:59:18.411187 +0000 build-fedora3: ..exit 0; \
2018-04-05 15:59:18.411207 +0000 build-fedora3: .fi; \
2018-04-05 15:59:18.411235 +0000 build-fedora3: .make -s -f Makefile.generic DIST=fc23 PACKAGE_SET=dom0 \
2018-04-05 15:59:18.411261 +0000 build-fedora3: ..COMPONENT=`basename qubes-src/mgmt-salt-base-topd` \
2018-04-05 15:59:18.411284 +0000 build-fedora3: ..SNAPSHOT_REPO=current-testing \
2018-04-05 15:59:18.411309 +0000 build-fedora3: ..TARGET_REPO=current-testing \
2018-04-05 15:59:18.411337 +0000 build-fedora3: ..UPDATE_REPO=/home/user/builder-r3.2-dom0/$repo_basedir/current-testing/dom0/fc23 \
2018-04-05 15:59:18.411374 +0000 build-fedora3: ..SNAPSHOT_FILE=/home/user/builder-r3.2-dom0/repo-latest-snapshot/current-testing-dom0-fc23-`basename qubes-src/mgmt-salt-base-topd` \
2018-04-05 15:59:18.411406 +0000 build-fedora3: ..BUILD_LOG_URL=https://github.com/QubesOS/build-logs/tree/master/build-fedora3/log_2018-04-05_15-58-38 \
2018-04-05 15:59:18.411437 +0000 build-fedora3: ..update-repo || exit 1; \
2018-04-05 15:59:18.411467 +0000 build-fedora3: elif make -C qubes-src/mgmt-salt-base-topd -n update-repo-current-testing >/dev/null 2>/dev/null; then \
2018-04-05 15:59:18.411494 +0000 build-fedora3: .echo "Updating qubes-src/mgmt-salt-base-topd... "; \
2018-04-05 15:59:18.411523 +0000 build-fedora3: .make -s -C qubes-src/mgmt-salt-base-topd update-repo-current-testing || exit 1; \
2018-04-05 15:59:18.411544 +0000 build-fedora3: else \
2018-04-05 15:59:18.411573 +0000 build-fedora3: .echo -n "Updating qubes-src/mgmt-salt-base-topd... skipping."; \
2018-04-05 15:59:18.411593 +0000 build-fedora3: fi; \
2018-04-05 15:59:18.411613 +0000 build-fedora3: echo
2018-04-05 15:59:18.459468 +0000 build-fedora3: Updating qubes-src/mgmt-salt-base-topd... + ERR_OUTPUT=/dev/stderr
2018-04-05 15:59:18.459524 +0000 build-fedora3: + '[' 2 -lt 2 ']'
2018-04-05 15:59:18.459583 +0000 build-fedora3: + '[' -r qubes-src/mgmt-salt-base-topd/rpm_spec/qubes-mgmt-salt-base-topd.spec.in ']'
2018-04-05 15:59:18.459626 +0000 build-fedora3: + rpm -q --qf '%{NAME}-%{VERSION}.tar.gz\n' --specfile qubes-src/mgmt-salt-base-topd/rpm_spec/qubes-mgmt-salt-base-topd.spec
2018-04-05 15:59:18.501971 +0000 build-fedora3: warning: Macro %version defined but not used within scope
2018-04-05 15:59:18.508646 +0000 build-fedora3: cat: version: No such file or directory
2018-04-05 15:59:18.510610 +0000 build-fedora3: error: line 4: Empty tag: Version:
2018-04-05 15:59:18.510667 +0000 build-fedora3: error: query of specfile qubes-src/mgmt-salt-base-topd/rpm_spec/qubes-mgmt-salt-base-topd.spec failed, can't parse
2018-04-05 15:59:18.525983 +0000 build-fedora3: + ERR_OUTPUT=/dev/stderr
2018-04-05 15:59:18.526037 +0000 build-fedora3: + '[' 2 -lt 2 ']'
2018-04-05 15:59:18.526130 +0000 build-fedora3: + '[' -r qubes-src/mgmt-salt-base-topd/rpm_spec/qubes-mgmt-salt-base-topd.spec.in ']'
2018-04-05 15:59:18.526262 +0000 build-fedora3: + rpm -q --qf '%{NAME}-%{VERSION}.tar.gz\n' --specfile qubes-src/mgmt-salt-base-topd/rpm_spec/qubes-mgmt-salt-base-topd.spec
2018-04-05 15:59:18.563012 +0000 build-fedora3: warning: Macro %version defined but not used within scope
2018-04-05 15:59:18.569693 +0000 build-fedora3: cat: version: No such file or directory
2018-04-05 15:59:18.571779 +0000 build-fedora3: error: line 4: Empty tag: Version:
2018-04-05 15:59:18.571839 +0000 build-fedora3: error: query of specfile qubes-src/mgmt-salt-base-topd/rpm_spec/qubes-mgmt-salt-base-topd.spec failed, can't parse
2018-04-05 15:59:18.615633 +0000 build-fedora3: + ERR_OUTPUT=/dev/stderr
2018-04-05 15:59:18.615700 +0000 build-fedora3: + '[' 2 -lt 2 ']'
2018-04-05 15:59:18.615746 +0000 build-fedora3: + '[' -r qubes-src/mgmt-salt-base-topd/rpm_spec/qubes-mgmt-salt-base-topd.spec.in ']'
2018-04-05 15:59:18.615785 +0000 build-fedora3: + rpm -q --qf '%{NAME}-%{VERSION}.tar.gz\n' --specfile qubes-src/mgmt-salt-base-topd/rpm_spec/qubes-mgmt-salt-base-topd.spec
2018-04-05 15:59:18.653215 +0000 build-fedora3: warning: Macro %version defined but not used within scope
2018-04-05 15:59:18.660304 +0000 build-fedora3: cat: version: No such file or directory
2018-04-05 15:59:18.662110 +0000 build-fedora3: error: line 4: Empty tag: Version:
2018-04-05 15:59:18.662189 +0000 build-fedora3: error: query of specfile qubes-src/mgmt-salt-base-topd/rpm_spec/qubes-mgmt-salt-base-topd.spec failed, can't parse
2018-04-05 15:59:18.702899 +0000 build-fedora3: /home/user/builder-r3.2-dom0/qubes-src/builder-fedora/Makefile.fedora:121: target 'update-repo-do' does not exist
2018-04-05 15:59:18.702961 +0000 build-fedora3: mkdir -p /home/user/builder-r3.2-dom0/qubes-src/linux-yum/r3.2/current-testing/dom0/fc23/rpm
2018-04-05 15:59:18.732845 +0000 build-fedora3: + ERR_OUTPUT=/dev/stderr
2018-04-05 15:59:18.732909 +0000 build-fedora3: + '[' 2 -lt 2 ']'
2018-04-05 15:59:18.732973 +0000 build-fedora3: + '[' -r qubes-src/mgmt-salt-base-topd/rpm_spec/qubes-mgmt-salt-base-topd.spec.in ']'
2018-04-05 15:59:18.733087 +0000 build-fedora3: + rpm -q --qf '%{NAME}-%{VERSION}.tar.gz\n' --specfile qubes-src/mgmt-salt-base-topd/rpm_spec/qubes-mgmt-salt-base-topd.spec
2018-04-05 15:59:18.769636 +0000 build-fedora3: warning: Macro %version defined but not used within scope
2018-04-05 15:59:18.776572 +0000 build-fedora3: cat: version: No such file or directory
2018-04-05 15:59:18.777242 +0000 build-fedora3: error: line 4: Empty tag: Version:
2018-04-05 15:59:18.777292 +0000 build-fedora3: error: query of specfile qubes-src/mgmt-salt-base-topd/rpm_spec/qubes-mgmt-salt-base-topd.spec failed, can't parse
2018-04-05 15:59:18.789299 +0000 build-fedora3: cd qubes-src/mgmt-salt-base-topd && ln -f pkgs/fc23/noarch/qubes-mgmt-salt-base-topd-3.2.1-1.fc23.noarch.rpm  /home/user/builder-r3.2-dom0/qubes-src/linux-yum/r3.2/current-testing/dom0/fc23/rpm/
2018-04-05 15:59:18.794677 +0000 build-fedora3: cd qubes-src/mgmt-salt-base-topd && echo pkgs/fc23/noarch/qubes-mgmt-salt-base-topd-3.2.1-1.fc23.noarch.rpm  > /home/user/builder-r3.2-dom0/repo-latest-snapshot/current-testing-dom0-fc23-mgmt-salt-base-topd
2018-04-05 15:59:18.857343 +0000 build-fedora3: /home/user/builder-r3.2-dom0/qubes-src/builder-github//Makefile.github:21: target 'notify-github' does not exist
2018-04-05 15:59:18.857411 +0000 build-fedora3: [ -z "qubes-mgmt-salt-base-topd-3.2.1-1.fc23" ] || /home/user/builder-r3.2-dom0/qubes-src/builder-github//notify-issues \
2018-04-05 15:59:18.857450 +0000 build-fedora3: .--build-log="https://github.com/QubesOS/build-logs/tree/master/build-fedora3/log_2018-04-05_15-58-38" \
2018-04-05 15:59:18.857477 +0000 build-fedora3: ."r3.2" \
2018-04-05 15:59:18.857502 +0000 build-fedora3: ."current-testing" \
2018-04-05 15:59:18.857527 +0000 build-fedora3: ."qubes-src/mgmt-salt-base-topd" \
2018-04-05 15:59:18.857551 +0000 build-fedora3: ."qubes-mgmt-salt-base-topd-3.2.1-1.fc23" \
2018-04-05 15:59:18.857573 +0000 build-fedora3: ."fc23" \
2018-04-05 15:59:18.857612 +0000 build-fedora3: ."dom0" \
2018-04-05 15:59:18.857640 +0000 build-fedora3: ."/home/user/github-notify-state/r3.2-mgmt-salt-base-topd-dom0-fc23-current-testing"
2018-04-05 15:59:18.910731 +0000 build-fedora3: + ERR_OUTPUT=/dev/stderr
2018-04-05 15:59:18.910785 +0000 build-fedora3: + '[' 2 -lt 2 ']'
2018-04-05 15:59:18.910928 +0000 build-fedora3: + '[' -r qubes-src/mgmt-salt-base-topd/rpm_spec/qubes-mgmt-salt-base-topd.spec.in ']'
2018-04-05 15:59:18.911065 +0000 build-fedora3: + rpm -q --qf '%{NAME}-%{VERSION}.tar.gz\n' --specfile qubes-src/mgmt-salt-base-topd/rpm_spec/qubes-mgmt-salt-base-topd.spec
2018-04-05 15:59:18.947792 +0000 build-fedora3: warning: Macro %version defined but not used within scope
2018-04-05 15:59:18.954556 +0000 build-fedora3: cat: version: No such file or directory
2018-04-05 15:59:18.954775 +0000 build-fedora3: error: line 4: Empty tag: Version:
2018-04-05 15:59:18.954986 +0000 build-fedora3: error: query of specfile qubes-src/mgmt-salt-base-topd/rpm_spec/qubes-mgmt-salt-base-topd.spec failed, can't parse
2018-04-05 15:59:22.938754 +0000 build-fedora3: WARNING: /home/user/github-notify-state/r3.2-mgmt-salt-base-topd-dom0-fc23-current-testing does not exist, initializing with the current state
2018-04-05 15:59:22.944381 +0000 build-fedora3: 
2018-04-05 15:59:22.944681 +0000 build-fedora3: Makefile:764: target 'post-update-repo-current-testing' does not exist
2018-04-05 15:59:22.944718 +0000 build-fedora3: for dist in fc23 ; do \
2018-04-05 15:59:22.944747 +0000 build-fedora3: .repo_base_var="LINUX_REPO_${dist}_BASEDIR"; \
2018-04-05 15:59:22.944772 +0000 build-fedora3: .if [ -n "${!repo_base_var}" ]; then \
2018-04-05 15:59:22.944796 +0000 build-fedora3: ..repo_basedir="${!repo_base_var}"; \
2018-04-05 15:59:22.944818 +0000 build-fedora3: .else \
2018-04-05 15:59:22.944845 +0000 build-fedora3: ..repo_basedir="qubes-src/linux-yum/r3.2"; \
2018-04-05 15:59:22.944869 +0000 build-fedora3: .fi; \
2018-04-05 15:59:22.944894 +0000 build-fedora3: .repos_to_update="$repos_to_update $repo_basedir"; \
2018-04-05 15:59:22.944914 +0000 build-fedora3: done; \
2018-04-05 15:59:22.944940 +0000 build-fedora3: for repo in `echo $repos_to_update|tr ' ' '\n'|sort|uniq`; do \
2018-04-05 15:59:22.944965 +0000 build-fedora3: .[ -z "$repo" ] && continue; \
2018-04-05 15:59:22.944993 +0000 build-fedora3: .(cd $repo/.. && ./update_repo-current-testing.sh `basename $repo`); \
2018-04-05 15:59:22.945014 +0000 build-fedora3: done
2018-04-05 15:59:22.979430 +0000 build-fedora3: --> Processing repo: r3.2/current-testing/dom0/fc20...
2018-04-05 15:59:23.414377 +0000 build-fedora3: --> Processing repo: r3.2/current-testing/dom0/fc23...
2018-04-05 16:00:16.354594 +0000 build-fedora3: --> Processing repo: r3.2/current-testing/vm/centos7...
2018-04-05 16:00:16.862783 +0000 build-fedora3: --> Processing repo: r3.2/current-testing/vm/fc22...
2018-04-05 16:00:17.416155 +0000 build-fedora3: --> Processing repo: r3.2/current-testing/vm/fc23...
2018-04-05 16:00:18.271616 +0000 build-fedora3: --> Processing repo: r3.2/current-testing/vm/fc24...
2018-04-05 16:00:19.436881 +0000 build-fedora3: --> Processing repo: r3.2/current-testing/vm/fc25...
2018-04-05 16:00:20.370237 +0000 build-fedora3: --> Processing repo: r3.2/current-testing/vm/fc26...
2018-04-05 16:00:20.799182 +0000 build-fedora3: Done.
2018-04-05 16:00:20.809957 +0000 build-fedora3: ~/builder-r3.2-dom0/qubes-src/linux-yum ~/builder-r3.2-dom0/qubes-src/linux-yum
2018-04-05 16:00:20.813443 +0000 build-fedora3: Syncing r3.2...
2018-04-05 16:00:21.830327 +0000 build-fedora3: sending incremental file list
2018-04-05 16:00:21.929859 +0000 build-fedora3: rsync: failed to set times on "/pub/qubes/repo/yum/r3.2/current-testing": Operation not permitted (1)
2018-04-05 16:00:21.929949 +0000 build-fedora3: rsync: failed to set times on "/pub/qubes/repo/yum/r3.2/current-testing/dom0": Operation not permitted (1)
2018-04-05 16:00:21.930120 +0000 build-fedora3: rsync: failed to set times on "/pub/qubes/repo/yum/r3.2/current-testing/dom0/fc20": Operation not permitted (1)
2018-04-05 16:00:21.930282 +0000 build-fedora3: rsync: failed to set times on "/pub/qubes/repo/yum/r3.2/current-testing/dom0/fc20/rpm": Operation not permitted (1)
2018-04-05 16:00:21.930421 +0000 build-fedora3: rsync: failed to set times on "/pub/qubes/repo/yum/r3.2/current-testing/dom0/fc23": Operation not permitted (1)
2018-04-05 16:00:21.930557 +0000 build-fedora3: rsync: failed to set times on "/pub/qubes/repo/yum/r3.2/current-testing/dom0/fc23/rpm": Operation not permitted (1)
2018-04-05 16:00:21.930714 +0000 build-fedora3: rsync: failed to set times on "/pub/qubes/repo/yum/r3.2/current-testing/vm": Operation not permitted (1)
2018-04-05 16:00:21.930843 +0000 build-fedora3: rsync: failed to set times on "/pub/qubes/repo/yum/r3.2/current-testing/vm/fc22": Operation not permitted (1)
2018-04-05 16:00:21.930981 +0000 build-fedora3: rsync: failed to set times on "/pub/qubes/repo/yum/r3.2/current-testing/vm/fc22/rpm": Operation not permitted (1)
2018-04-05 16:00:21.931117 +0000 build-fedora3: rsync: failed to set times on "/pub/qubes/repo/yum/r3.2/current-testing/vm/fc23": Operation not permitted (1)
2018-04-05 16:00:21.931263 +0000 build-fedora3: rsync: failed to set times on "/pub/qubes/repo/yum/r3.2/current-testing/vm/fc23/rpm": Operation not permitted (1)
2018-04-05 16:00:21.931412 +0000 build-fedora3: rsync: failed to set times on "/pub/qubes/repo/yum/r3.2/current-testing/vm/fc24": Operation not permitted (1)
2018-04-05 16:00:21.931551 +0000 build-fedora3: rsync: failed to set times on "/pub/qubes/repo/yum/r3.2/current-testing/vm/fc24/rpm": Operation not permitted (1)
2018-04-05 16:00:21.931695 +0000 build-fedora3: rsync: failed to set times on "/pub/qubes/repo/yum/r3.2/current-testing/vm/fc25": Operation not permitted (1)
2018-04-05 16:00:21.931880 +0000 build-fedora3: rsync: failed to set times on "/pub/qubes/repo/yum/r3.2/current-testing/vm/fc25/rpm": Operation not permitted (1)
2018-04-05 16:00:21.932013 +0000 build-fedora3: rsync: failed to set times on "/pub/qubes/repo/yum/r3.2/current-testing/vm/fc26": Operation not permitted (1)
2018-04-05 16:00:21.932163 +0000 build-fedora3: rsync: failed to set times on "/pub/qubes/repo/yum/r3.2/current-testing/vm/fc26/comps.xml": Operation not permitted (1)
2018-04-05 16:00:21.932322 +0000 build-fedora3: rsync: failed to set times on "/pub/qubes/repo/yum/r3.2/current-testing/vm/fc26/rpm": Operation not permitted (1)
2018-04-05 16:00:21.932461 +0000 build-fedora3: rsync: failed to set times on "/pub/qubes/repo/yum/r3.2/current": Operation not permitted (1)
2018-04-05 16:00:21.932597 +0000 build-fedora3: rsync: failed to set times on "/pub/qubes/repo/yum/r3.2/current/dom0": Operation not permitted (1)
2018-04-05 16:00:21.932733 +0000 build-fedora3: rsync: failed to set times on "/pub/qubes/repo/yum/r3.2/current/dom0/fc20": Operation not permitted (1)
2018-04-05 16:00:21.932867 +0000 build-fedora3: rsync: failed to set times on "/pub/qubes/repo/yum/r3.2/current/dom0/fc20/rpm": Operation not permitted (1)
2018-04-05 16:00:21.933000 +0000 build-fedora3: rsync: failed to set times on "/pub/qubes/repo/yum/r3.2/current/dom0/fc23": Operation not permitted (1)
2018-04-05 16:00:21.933120 +0000 build-fedora3: .d..t...... current-testing/
2018-04-05 16:00:21.933280 +0000 build-fedora3: .d..t...... current-testing/dom0/
2018-04-05 16:00:21.933384 +0000 build-fedora3: .d..t...... current-testing/dom0/fc20/
2018-04-05 16:00:21.933497 +0000 build-fedora3: .d..t...... current-testing/dom0/fc20/rpm/
2018-04-05 16:00:21.933602 +0000 build-fedora3: .d..t...... current-testing/dom0/fc23/
2018-04-05 16:00:21.934528 +0000 build-fedora3: .d..t...... current-testing/dom0/fc23/rpm/
2018-04-05 16:00:21.934649 +0000 build-fedora3: <f.st...... current-testing/dom0/fc23/rpm/qubes-mgmt-salt-base-topd-3.2.1-1.fc23.noarch.rpm
2018-04-05 16:00:21.935695 +0000 build-fedora3: .          2,140   4%    0.00kB/s    0:00:00  .         43,142 100%   39.10MB/s    0:00:00 (xfr#1, to-chk=904/1095)
2018-04-05 16:00:21.935742 +0000 build-fedora3: .d..t...... current-testing/vm/
2018-04-05 16:00:21.935848 +0000 build-fedora3: .d..t...... current-testing/vm/centos7/
2018-04-05 16:00:21.935917 +0000 build-fedora3: .d..t...... current-testing/vm/fc22/
2018-04-05 16:00:21.936048 +0000 build-fedora3: .d..t...... current-testing/vm/fc22/rpm/
2018-04-05 16:00:21.936173 +0000 build-fedora3: .d..t...... current-testing/vm/fc23/
2018-04-05 16:00:21.936203 +0000 build-fedora3: .d..t...... current-testing/vm/fc23/rpm/
2018-04-05 16:00:21.936388 +0000 build-fedora3: .d..t...... current-testing/vm/fc24/
2018-04-05 16:00:21.936435 +0000 build-fedora3: .d..t...... current-testing/vm/fc24/rpm/
2018-04-05 16:00:21.936530 +0000 build-fedora3: .d..t...... current-testing/vm/fc25/
2018-04-05 16:00:21.936605 +0000 build-fedora3: .d..t...... current-testing/vm/fc25/rpm/
2018-04-05 16:00:21.936680 +0000 build-fedora3: .d..t...... current-testing/vm/fc26/
2018-04-05 16:00:21.936752 +0000 build-fedora3: .L..t...... current-testing/vm/fc26/comps.xml -> ../../../comps-vm.xml
2018-04-05 16:00:21.936833 +0000 build-fedora3: .d..t...... current-testing/vm/fc26/rpm/
2018-04-05 16:00:21.936900 +0000 build-fedora3: .d..t...... current/
2018-04-05 16:00:21.936986 +0000 build-fedora3: .d..t...... current/dom0/
2018-04-05 16:00:21.937056 +0000 build-fedora3: .d..t...... current/dom0/fc20/
2018-04-05 16:00:21.937141 +0000 build-fedora3: .d..t...... current/dom0/fc20/rpm/
2018-04-05 16:00:21.937240 +0000 build-fedora3: .d..t...... current/dom0/fc23/
2018-04-05 16:00:21.937817 +0000 build-fedora3: rsync: failed to set times on "/pub/qubes/repo/yum/r3.2/current/dom0/fc23/rpm": Operation not permitted (1)
2018-04-05 16:00:21.937963 +0000 build-fedora3: rsync: failed to set times on "/pub/qubes/repo/yum/r3.2/current/vm": Operation not permitted (1)
2018-04-05 16:00:21.938081 +0000 build-fedora3: rsync: failed to set times on "/pub/qubes/repo/yum/r3.2/current/vm/fc22": Operation not permitted (1)
2018-04-05 16:00:21.938235 +0000 build-fedora3: rsync: failed to set times on "/pub/qubes/repo/yum/r3.2/current/vm/fc22/rpm": Operation not permitted (1)
2018-04-05 16:00:21.938356 +0000 build-fedora3: rsync: failed to set times on "/pub/qubes/repo/yum/r3.2/current/vm/fc23": Operation not permitted (1)
2018-04-05 16:00:21.938483 +0000 build-fedora3: rsync: failed to set times on "/pub/qubes/repo/yum/r3.2/current/vm/fc23/rpm": Operation not permitted (1)
2018-04-05 16:00:21.938656 +0000 build-fedora3: rsync: failed to set times on "/pub/qubes/repo/yum/r3.2/current/vm/fc24": Operation not permitted (1)
2018-04-05 16:00:21.938774 +0000 build-fedora3: rsync: failed to set times on "/pub/qubes/repo/yum/r3.2/current/vm/fc24/rpm": Operation not permitted (1)
2018-04-05 16:00:21.938904 +0000 build-fedora3: rsync: failed to set times on "/pub/qubes/repo/yum/r3.2/current/vm/fc25": Operation not permitted (1)
2018-04-05 16:00:21.939049 +0000 build-fedora3: rsync: failed to set times on "/pub/qubes/repo/yum/r3.2/current/vm/fc25/rpm": Operation not permitted (1)
2018-04-05 16:00:21.939207 +0000 build-fedora3: rsync: failed to set times on "/pub/qubes/repo/yum/r3.2/current/vm/fc26": Operation not permitted (1)
2018-04-05 16:00:21.939353 +0000 build-fedora3: rsync: failed to set times on "/pub/qubes/repo/yum/r3.2/current/vm/fc26/comps.xml": Operation not permitted (1)
2018-04-05 16:00:21.939480 +0000 build-fedora3: rsync: failed to set times on "/pub/qubes/repo/yum/r3.2/current/vm/fc26/rpm": Operation not permitted (1)
2018-04-05 16:00:21.939631 +0000 build-fedora3: rsync: failed to set times on "/pub/qubes/repo/yum/r3.2/security-testing": Operation not permitted (1)
2018-04-05 16:00:21.939794 +0000 build-fedora3: rsync: failed to set times on "/pub/qubes/repo/yum/r3.2/security-testing/dom0": Operation not permitted (1)
2018-04-05 16:00:21.939914 +0000 build-fedora3: rsync: failed to set times on "/pub/qubes/repo/yum/r3.2/security-testing/dom0/fc20": Operation not permitted (1)
2018-04-05 16:00:21.940045 +0000 build-fedora3: rsync: failed to set times on "/pub/qubes/repo/yum/r3.2/security-testing/dom0/fc20/rpm": Operation not permitted (1)
2018-04-05 16:00:21.940199 +0000 build-fedora3: rsync: failed to set times on "/pub/qubes/repo/yum/r3.2/security-testing/dom0/fc23": Operation not permitted (1)
2018-04-05 16:00:21.940335 +0000 build-fedora3: rsync: failed to set times on "/pub/qubes/repo/yum/r3.2/security-testing/dom0/fc23/rpm": Operation not permitted (1)
2018-04-05 16:00:21.940387 +0000 build-fedora3: .d..t...... current/dom0/fc23/rpm/
2018-04-05 16:00:21.940495 +0000 build-fedora3: .d..t...... current/vm/
2018-04-05 16:00:21.940555 +0000 build-fedora3: .d..t...... current/vm/centos7/
2018-04-05 16:00:21.940659 +0000 build-fedora3: .d..t...... current/vm/fc22/
2018-04-05 16:00:21.940723 +0000 build-fedora3: .d..t...... current/vm/fc22/rpm/
2018-04-05 16:00:21.940822 +0000 build-fedora3: .d..t...... current/vm/fc23/
2018-04-05 16:00:21.940879 +0000 build-fedora3: .d..t...... current/vm/fc23/rpm/
2018-04-05 16:00:21.940988 +0000 build-fedora3: .d..t...... current/vm/fc24/
2018-04-05 16:00:21.941046 +0000 build-fedora3: .d..t...... current/vm/fc24/rpm/
2018-04-05 16:00:21.941151 +0000 build-fedora3: .d..t...... current/vm/fc25/
2018-04-05 16:00:21.941253 +0000 build-fedora3: .d..t...... current/vm/fc25/rpm/
2018-04-05 16:00:21.941310 +0000 build-fedora3: .d..t...... current/vm/fc26/
2018-04-05 16:00:21.941415 +0000 build-fedora3: .L..t...... current/vm/fc26/comps.xml -> ../../../comps-vm.xml
2018-04-05 16:00:21.941475 +0000 build-fedora3: .d..t...... current/vm/fc26/rpm/
2018-04-05 16:00:21.941578 +0000 build-fedora3: .d..t...... security-testing/
2018-04-05 16:00:21.941643 +0000 build-fedora3: .d..t...... security-testing/dom0/
2018-04-05 16:00:21.941740 +0000 build-fedora3: .d..t...... security-testing/dom0/fc20/
2018-04-05 16:00:21.941806 +0000 build-fedora3: .d..t...... security-testing/dom0/fc20/rpm/
2018-04-05 16:00:21.941887 +0000 build-fedora3: .d..t...... security-testing/dom0/fc23/
2018-04-05 16:00:21.941957 +0000 build-fedora3: .d..t...... security-testing/dom0/fc23/rpm/
2018-04-05 16:00:21.989738 +0000 build-fedora3: rsync: failed to set times on "/pub/qubes/repo/yum/r3.2/security-testing/vm": Operation not permitted (1)
2018-04-05 16:00:21.989800 +0000 build-fedora3: rsync: failed to set times on "/pub/qubes/repo/yum/r3.2/security-testing/vm/fc22": Operation not permitted (1)
2018-04-05 16:00:21.989844 +0000 build-fedora3: rsync: failed to set times on "/pub/qubes/repo/yum/r3.2/security-testing/vm/fc22/rpm": Operation not permitted (1)
2018-04-05 16:00:21.989878 +0000 build-fedora3: rsync: failed to set times on "/pub/qubes/repo/yum/r3.2/security-testing/vm/fc23": Operation not permitted (1)
2018-04-05 16:00:21.991283 +0000 build-fedora3: rsync: failed to set times on "/pub/qubes/repo/yum/r3.2/security-testing/vm/fc23/rpm": Operation not permitted (1)
2018-04-05 16:00:21.991344 +0000 build-fedora3: rsync: failed to set times on "/pub/qubes/repo/yum/r3.2/security-testing/vm/fc24": Operation not permitted (1)
2018-04-05 16:00:21.991382 +0000 build-fedora3: rsync: failed to set times on "/pub/qubes/repo/yum/r3.2/security-testing/vm/fc24/rpm": Operation not permitted (1)
2018-04-05 16:00:21.991416 +0000 build-fedora3: rsync: failed to set times on "/pub/qubes/repo/yum/r3.2/security-testing/vm/fc25": Operation not permitted (1)
2018-04-05 16:00:21.991448 +0000 build-fedora3: rsync: failed to set times on "/pub/qubes/repo/yum/r3.2/security-testing/vm/fc25/rpm": Operation not permitted (1)
2018-04-05 16:00:21.991480 +0000 build-fedora3: rsync: failed to set times on "/pub/qubes/repo/yum/r3.2/security-testing/vm/fc26": Operation not permitted (1)
2018-04-05 16:00:21.991512 +0000 build-fedora3: rsync: failed to set times on "/pub/qubes/repo/yum/r3.2/security-testing/vm/fc26/comps.xml": Operation not permitted (1)
2018-04-05 16:00:21.991548 +0000 build-fedora3: rsync: failed to set times on "/pub/qubes/repo/yum/r3.2/security-testing/vm/fc26/rpm": Operation not permitted (1)
2018-04-05 16:00:21.991574 +0000 build-fedora3: .d..t...... security-testing/vm/
2018-04-05 16:00:21.991598 +0000 build-fedora3: .d..t...... security-testing/vm/centos7/
2018-04-05 16:00:21.991622 +0000 build-fedora3: .d..t...... security-testing/vm/fc22/
2018-04-05 16:00:21.991666 +0000 build-fedora3: .d..t...... security-testing/vm/fc22/rpm/
2018-04-05 16:00:21.991689 +0000 build-fedora3: .d..t...... security-testing/vm/fc23/
2018-04-05 16:00:21.991712 +0000 build-fedora3: .d..t...... security-testing/vm/fc23/rpm/
2018-04-05 16:00:21.991734 +0000 build-fedora3: .d..t...... security-testing/vm/fc24/
2018-04-05 16:00:21.991756 +0000 build-fedora3: .d..t...... security-testing/vm/fc24/rpm/
2018-04-05 16:00:21.991779 +0000 build-fedora3: .d..t...... security-testing/vm/fc25/
2018-04-05 16:00:21.991804 +0000 build-fedora3: .d..t...... security-testing/vm/fc25/rpm/
2018-04-05 16:00:21.991829 +0000 build-fedora3: .d..t...... security-testing/vm/fc26/
2018-04-05 16:00:21.991857 +0000 build-fedora3: .L..t...... security-testing/vm/fc26/comps.xml -> ../../../comps-vm.xml
2018-04-05 16:00:21.991882 +0000 build-fedora3: .d..t...... security-testing/vm/fc26/rpm/
2018-04-05 16:00:22.174607 +0000 build-fedora3: rsync error: some files/attrs were not transferred (see previous errors) (code 23) at main.c(1189) [sender=3.1.3]
2018-04-05 16:00:22.644362 +0000 build-fedora3: --> Processing repo: /pub/qubes/repo/yum/r3.2/current/dom0/fc20...
2018-04-05 16:00:22.861003 +0000 build-fedora3: Warning: Requested more delta workers than workers. This is insane. Limiting.
2018-04-05 16:00:23.406702 +0000 build-fedora3: --> Processing repo: /pub/qubes/repo/yum/r3.2/current/dom0/fc23...
2018-04-05 16:00:23.504428 +0000 build-fedora3: Warning: Requested more delta workers than workers. This is insane. Limiting.
2018-04-05 16:01:22.890134 +0000 build-fedora3: Traceback (most recent call last):
2018-04-05 16:01:22.890397 +0000 build-fedora3:   File "/usr/local/share/createrepo/genpkgmetadata.py", line 320, in <module>
2018-04-05 16:01:22.890493 +0000 build-fedora3:     main(sys.argv[1:])
2018-04-05 16:01:22.890573 +0000 build-fedora3:   File "/usr/local/share/createrepo/genpkgmetadata.py", line 292, in main
2018-04-05 16:01:22.890671 +0000 build-fedora3:     mdgen.doRepoMetadata()
2018-04-05 16:01:22.890806 +0000 build-fedora3:   File "/usr/local/lib/python2.7/site-packages/createrepo/__init__.py", line 1230, in doRepoMetadata
2018-04-05 16:01:22.891691 +0000 build-fedora3:     while data.read(zfo, 2**16):
2018-04-05 16:01:22.891873 +0000 build-fedora3:   File "/usr/local/lib/python2.7/site-packages/yum/misc.py", line 264, in read
2018-04-05 16:01:22.891955 +0000 build-fedora3:     data = fo.read(size)
2018-04-05 16:01:22.892036 +0000 build-fedora3:   File "/usr/local/lib/python2.7/gzip.py", line 268, in read
2018-04-05 16:01:22.892251 +0000 build-fedora3:     self._read(readsize)
2018-04-05 16:01:22.892329 +0000 build-fedora3:   File "/usr/local/lib/python2.7/gzip.py", line 319, in _read
2018-04-05 16:01:22.892394 +0000 build-fedora3:     uncompress = self.decompress.decompress(buf)
2018-04-05 16:01:22.892461 +0000 build-fedora3: zlib.error: Error -3 while decompressing: invalid block type
2018-04-05 16:01:23.102316 +0000 build-fedora3: --> Processing repo: /pub/qubes/repo/yum/r3.2/current-testing/dom0/fc20...
2018-04-05 16:01:23.193035 +0000 build-fedora3: Warning: Requested more delta workers than workers. This is insane. Limiting.
2018-04-05 16:01:23.688365 +0000 build-fedora3: --> Processing repo: /pub/qubes/repo/yum/r3.2/current-testing/dom0/fc23...
2018-04-05 16:01:23.786570 +0000 build-fedora3: Warning: Requested more delta workers than workers. This is insane. Limiting.
2018-04-05 16:03:36.073887 +0000 build-fedora3: --> Processing repo: /pub/qubes/repo/yum/r3.2/current-testing/vm/centos7...
2018-04-05 16:03:36.248750 +0000 build-fedora3: Warning: Requested more delta workers than workers. This is insane. Limiting.
2018-04-05 16:03:36.869555 +0000 build-fedora3: --> Processing repo: /pub/qubes/repo/yum/r3.2/current-testing/vm/fc22...
2018-04-05 16:03:36.974498 +0000 build-fedora3: Warning: Requested more delta workers than workers. This is insane. Limiting.
2018-04-05 16:03:37.555318 +0000 build-fedora3: --> Processing repo: /pub/qubes/repo/yum/r3.2/current-testing/vm/fc23...
2018-04-05 16:03:37.714228 +0000 build-fedora3: Warning: Requested more delta workers than workers. This is insane. Limiting.
2018-04-05 16:04:12.691345 +0000 build-fedora3: --> Processing repo: /pub/qubes/repo/yum/r3.2/current-testing/vm/fc24...
2018-04-05 16:04:12.913328 +0000 build-fedora3: Warning: Requested more delta workers than workers. This is insane. Limiting.
2018-04-05 16:04:45.626449 +0000 build-fedora3: --> Processing repo: /pub/qubes/repo/yum/r3.2/current-testing/vm/fc25...
2018-04-05 16:04:45.739394 +0000 build-fedora3: Warning: Requested more delta workers than workers. This is insane. Limiting.
2018-04-05 16:05:04.269022 +0000 build-fedora3: --> Processing repo: /pub/qubes/repo/yum/r3.2/current-testing/vm/fc26...
2018-04-05 16:05:04.362372 +0000 build-fedora3: Warning: Requested more delta workers than workers. This is insane. Limiting.
2018-04-05 16:05:10.391623 +0000 build-fedora3: Done.
2018-04-05 16:05:10.573572 +0000 build-fedora3: --> Processing repo: /pub/qubes/repo/yum/r3.2/security-testing/dom0/fc20...
2018-04-05 16:05:10.664963 +0000 build-fedora3: Warning: Requested more delta workers than workers. This is insane. Limiting.
2018-04-05 16:05:11.148169 +0000 build-fedora3: --> Processing repo: /pub/qubes/repo/yum/r3.2/security-testing/dom0/fc23...
2018-04-05 16:05:11.236321 +0000 build-fedora3: Warning: Requested more delta workers than workers. This is insane. Limiting.
2018-04-05 16:05:29.686845 +0000 build-fedora3: --> Processing repo: /pub/qubes/repo/yum/r3.2/security-testing/vm/centos7...
2018-04-05 16:05:29.794247 +0000 build-fedora3: Warning: Requested more delta workers than workers. This is insane. Limiting.
2018-04-05 16:05:30.698673 +0000 build-fedora3: --> Processing repo: /pub/qubes/repo/yum/r3.2/security-testing/vm/fc22...
2018-04-05 16:05:30.789887 +0000 build-fedora3: Warning: Requested more delta workers than workers. This is insane. Limiting.
2018-04-05 16:05:31.494468 +0000 build-fedora3: --> Processing repo: /pub/qubes/repo/yum/r3.2/security-testing/vm/fc23...
2018-04-05 16:05:31.586863 +0000 build-fedora3: Warning: Requested more delta workers than workers. This is insane. Limiting.
2018-04-05 16:05:41.792378 +0000 build-fedora3: --> Processing repo: /pub/qubes/repo/yum/r3.2/security-testing/vm/fc24...
2018-04-05 16:05:41.882464 +0000 build-fedora3: Warning: Requested more delta workers than workers. This is insane. Limiting.
2018-04-05 16:05:51.545573 +0000 build-fedora3: --> Processing repo: /pub/qubes/repo/yum/r3.2/security-testing/vm/fc25...
2018-04-05 16:05:51.634809 +0000 build-fedora3: Warning: Requested more delta workers than workers. This is insane. Limiting.
2018-04-05 16:06:01.733169 +0000 build-fedora3: --> Processing repo: /pub/qubes/repo/yum/r3.2/security-testing/vm/fc26...
2018-04-05 16:06:01.825325 +0000 build-fedora3: Warning: Requested more delta workers than workers. This is insane. Limiting.
2018-04-05 16:06:06.153690 +0000 build-fedora3: Done.
2018-04-05 16:06:06.183573 +0000 build-fedora3: ~/builder-r3.2-dom0/qubes-src/linux-yum
2018-04-05 16:06:06.191846 +0000 build-fedora3: Makefile:689: update target 'update-repo-current-testing' due to: internal-update-repo-current-testing.dom0.fc23.mgmt-salt-base-topd post-update-repo-current-testing
2018-04-05 16:06:06.191901 +0000 build-fedora3: true
2018-04-05 16:06:06.274548 +0000 build-fedora3: > done
2018-04-05 16:13:34.990600 +0000 > closing log
