2018-04-05 16:05:31.775948 +0000 > starting log
2018-04-05 16:05:31.777975 +0000 build-fedora3: > starting build with log
2018-04-05 16:05:31.778036 +0000 build-fedora3: >> make args: DISTS_VM= fc25 DIST_DOM0= BUILD_LOGS_URL= mgmt-salt-base-topd-vm-fc25=https://github.com/QubesOS/build-logs/tree/master/build-fedora3/log_2018-04-05_16-05-11 GIT_URL_mgmt_salt_base_topd=https://github.com/QubesOS/qubes-mgmt-salt-base-topd sign-all update-repo-current-testing
2018-04-05 16:05:31.778065 +0000 build-fedora3: >> MAKEFLAGS=
2018-04-05 16:05:31.778125 +0000 build-fedora3: >> COMPONENTS=mgmt-salt-base-topd
2018-04-05 16:05:31.778165 +0000 build-fedora3: >> DISTS_VM=
2018-04-05 16:05:31.778186 +0000 build-fedora3: >> DIST_DOM0=
2018-04-05 16:05:31.778210 +0000 build-fedora3: >> qubes-builder 3ac168dc07d3411a6308a3ce2a4db7d0098a3b92
2018-04-05 16:05:31.778238 +0000 build-fedora3: >> qubes-builder/qubes-src/mgmt-salt-base-topd 96db5960b21e75828b7291dc7233c2fb95af8c8b
2018-04-05 16:05:31.778266 +0000 build-fedora3: !! pkgs/fc23/noarch/qubes-mgmt-salt-base-topd-3.2.1-1.fc23.noarch.rpm
2018-04-05 16:05:31.778292 +0000 build-fedora3: !! pkgs/fc24/noarch/qubes-mgmt-salt-base-topd-3.2.1-1.fc24.noarch.rpm
2018-04-05 16:05:31.778319 +0000 build-fedora3: !! pkgs/fc25/noarch/qubes-mgmt-salt-base-topd-3.2.1-1.fc25.noarch.rpm
2018-04-05 16:05:31.778344 +0000 build-fedora3: !! pkgs/fc25/qubes-mgmt-salt-base-topd.spec.list
2018-04-05 16:05:31.778370 +0000 build-fedora3: !! pkgs/fc26/noarch/qubes-mgmt-salt-base-topd-3.2.1-1.fc26.noarch.rpm
2018-04-05 16:05:31.778393 +0000 build-fedora3: !! pkgs/fc26/qubes-mgmt-salt-base-topd.spec.list
2018-04-05 16:05:31.778429 +0000 build-fedora3: 355fca88d0632079d788e9c44c62edf1ff5df91adc97dc3f4fa02e9f5f2822e54f53df14567359b6a02c78add40076c95b0dfd812c0cc390b5bf9fffee5c80ed  pkgs/fc23/noarch/qubes-mgmt-salt-base-topd-3.2.1-1.fc23.noarch.rpm
2018-04-05 16:05:31.778468 +0000 build-fedora3: 5b0491b39adf0c661d5e34fd8a51c193b2692567c5aa37f4102f446aa5c21993b9aab09ae6e3a4ff63f42f15453dd62f813d83597f5e06dc5a73b9170708e45a  pkgs/fc24/noarch/qubes-mgmt-salt-base-topd-3.2.1-1.fc24.noarch.rpm
2018-04-05 16:05:31.778504 +0000 build-fedora3: 5ff01005550fe2776c98efa83e8d70d091ee70f6ea0661e72f0778efb14a3c71148bc0da6598df0bf45af3add0eeee2ebbe66e2a7cefcf92bb7e47ab70580b23  pkgs/fc25/noarch/qubes-mgmt-salt-base-topd-3.2.1-1.fc25.noarch.rpm
2018-04-05 16:05:31.778540 +0000 build-fedora3: 5ddc489a4bfc053de023ce6018f113ccf992039515b7331e5cee396957d4ca2467a46857a90264d0ddc141827e797ff38d92bbd83100bcc587aa58657423b922  pkgs/fc25/qubes-mgmt-salt-base-topd.spec.list
2018-04-05 16:05:31.778578 +0000 build-fedora3: e0ba60df2320910001d39771cc6e6b894c171999ce3d5412e1ae85b021167a480eebf25cc39ef2fb4ce833e840679db85d0d3654a69ec909257def5276f3630a  pkgs/fc26/noarch/qubes-mgmt-salt-base-topd-3.2.1-1.fc26.noarch.rpm
2018-04-05 16:05:31.778615 +0000 build-fedora3: dde6627b6737b77cafbd88357c563bacb0a1e0808b1b1719f1d2354737fa211e1cb97febfb6bf5b09478ae801a016359dff7d5e35684f50c5016c450181d4a7d  pkgs/fc26/qubes-mgmt-salt-base-topd.spec.list
2018-04-05 16:05:31.778644 +0000 build-fedora3: ================================================================================
2018-04-05 16:05:31.778674 +0000 build-fedora3:                            B U I L D   I N F O                                  
2018-04-05 16:05:31.778703 +0000 build-fedora3: Items in red indicate it was automatically generated by configuration file(s)
2018-04-05 16:05:31.778732 +0000 build-fedora3: Items in white indicate it was automatically removed by configuration file(s)
2018-04-05 16:05:31.778761 +0000 build-fedora3: ================================================================================
2018-04-05 16:05:31.778782 +0000 build-fedora3: DISTS_VM:
2018-04-05 16:05:31.778803 +0000 build-fedora3:      fc25, fc26,
2018-04-05 16:05:31.778823 +0000 build-fedora3: DISTS_ALL:
2018-04-05 16:05:31.778845 +0000 build-fedora3:      fc25, fc26,
2018-04-05 16:05:31.778865 +0000 build-fedora3: DIST_DOM0:
2018-04-05 16:05:31.778887 +0000 build-fedora3:     
2018-04-05 16:05:31.778910 +0000 build-fedora3: BUILDER_PLUGINS:
2018-04-05 16:05:31.778952 +0000 build-fedora3:      builder-fedora, mgmt-salt, builder-github,
2018-04-05 16:05:31.778976 +0000 build-fedora3: COMPONENTS:
2018-04-05 16:05:31.779001 +0000 build-fedora3:      mgmt-salt-base-topd,
2018-04-05 16:05:31.779024 +0000 build-fedora3: GIT_REPOS:
2018-04-05 16:05:31.779049 +0000 build-fedora3:      qubes-src/mgmt-salt-base-topd,
2018-04-05 16:05:31.779070 +0000 build-fedora3: TEMPLATE:
2018-04-05 16:05:31.779091 +0000 build-fedora3:     
2018-04-05 16:05:31.779114 +0000 build-fedora3: TEMPLATE_FLAVOR_DIR:
2018-04-05 16:05:31.779137 +0000 build-fedora3:     
2018-04-05 16:05:31.779179 +0000 build-fedora3: TEMPLATE_ALIAS:
2018-04-05 16:05:31.779211 +0000 build-fedora3:      jessie:jessie+standard, jessie+gnome:jessie+gnome+standard, jessie+minimal:jessie+minimal+no-recommends,
2018-04-05 16:05:31.779241 +0000 build-fedora3:      stretch:stretch+standard, stretch+gnome:stretch+gnome+standard,
2018-04-05 16:05:31.779269 +0000 build-fedora3:      stretch+minimal:stretch+minimal+no-recommends,
2018-04-05 16:05:31.779291 +0000 build-fedora3: TEMPLATE_LABEL:
2018-04-05 16:05:31.779322 +0000 build-fedora3:      fc25:fedora-25, fc26:fedora-26, fc20:fedora-20 fc21:fedora-21 fc22:fedora-22 fc23:fedora-23 fc24:fedora-24
2018-04-05 16:05:31.779354 +0000 build-fedora3:      fc20+minimal:fedora-20-minimal fc21+minimal:fedora-21-minimal fc23+minimal:fedora-23-minimal
2018-04-05 16:05:31.779387 +0000 build-fedora3:      fc24+minimal:fedora-24-minimal fc25+minimal:fedora-25-minimal fc26+minimal:fedora-26-minimal
2018-04-05 16:05:31.779419 +0000 build-fedora3:      fc25+xfce:fedora-25-xfce fc26+xfce:fedora-26-xfce wheezy:debian-7 wheezy+standard:debian-7
2018-04-05 16:05:31.779452 +0000 build-fedora3:      jessie:debian-8 jessie+standard:debian-8 stretch:debian-9 stretch+standard:debian-9 centos7:centos-7
2018-04-05 16:05:31.779478 +0000 build-fedora3:      centos7+minimal:centos-7-minimal
2018-04-05 16:05:31.792068 +0000 build-fedora3: > running make
2018-04-05 16:05:31.828757 +0000 build-fedora3: Makefile:250: target 'sign-vm-fc25-mgmt-salt-base-topd' does not exist
2018-04-05 16:05:31.828861 +0000 build-fedora3: if [ -n "mgmt-salt-base-topd" -a "0" -ne 0 ]; then BRANCH=release3.2; branch_var="BRANCH_mgmt_salt_base_topd"; [ -n "${!branch_var}" ] && BRANCH="${!branch_var}"; pushd qubes-src/mgmt-salt-base-topd > /dev/null; CURRENT_BRANCH=`git symbolic-ref --short HEAD 2>/dev/null || git describe --tags --exact-match HEAD`; if [ "$BRANCH" != "$CURRENT_BRANCH" ]; then echo "-> ERROR: Wrong branch $branch_var=$CURRENT_BRANCH (expected $BRANCH)"; exit 1; fi; popd > /dev/null; fi
2018-04-05 16:05:31.828900 +0000 build-fedora3: SIGN_KEY=C52261BE0A823221D94CA1D1CB11CA1D03FA5082; \
2018-04-05 16:05:31.828929 +0000 build-fedora3: sign_key_var="SIGN_KEY_fc25"; \
2018-04-05 16:05:31.828959 +0000 build-fedora3: [ -n "${!sign_key_var}" ] && SIGN_KEY="${!sign_key_var}"; \
2018-04-05 16:05:31.828990 +0000 build-fedora3: if [ -r qubes-src/mgmt-salt-base-topd/Makefile.builder ]; then \
2018-04-05 16:05:31.829017 +0000 build-fedora3: .make --no-print-directory -f Makefile.generic \
2018-04-05 16:05:31.829041 +0000 build-fedora3: ..DIST=fc25 \
2018-04-05 16:05:31.829063 +0000 build-fedora3: ..PACKAGE_SET=vm \
2018-04-05 16:05:31.829088 +0000 build-fedora3: ..COMPONENT=mgmt-salt-base-topd \
2018-04-05 16:05:31.829112 +0000 build-fedora3: ..SIGN_KEY=$SIGN_KEY \
2018-04-05 16:05:31.829135 +0000 build-fedora3: ..sign || exit 1; \
2018-04-05 16:05:31.829182 +0000 build-fedora3: elif [ -d qubes-src/mgmt-salt-base-topd/rpm ]; then \
2018-04-05 16:05:31.829209 +0000 build-fedora3: .# Old mechanism supported only for RPM
2018-04-05 16:05:31.829237 +0000 build-fedora3: FILE_LIST=""; for RPM in qubes-src/mgmt-salt-base-topd/rpm/*/*.rpm; do \
2018-04-05 16:05:31.829267 +0000 build-fedora3: ..if ! qubes-src/installer-qubes-os/rpm_verify $RPM > /dev/null; then \
2018-04-05 16:05:31.829292 +0000 build-fedora3: ...FILE_LIST="$FILE_LIST $RPM" ;\
2018-04-05 16:05:31.829312 +0000 build-fedora3: ..fi ;\
2018-04-05 16:05:31.829334 +0000 build-fedora3: .done ; \
2018-04-05 16:05:31.829374 +0000 build-fedora3: .if [ -n "$FILE_LIST" ]; then \
2018-04-05 16:05:31.829397 +0000 build-fedora3: ..echo "--> Signing..."; \
2018-04-05 16:05:31.829421 +0000 build-fedora3: ..RPMSIGN_OPTS=--digest-algo=sha256; \
2018-04-05 16:05:31.829443 +0000 build-fedora3: ..if [ -n "$SIGN_KEY" ]; then \
2018-04-05 16:05:31.829465 +0000 build-fedora3: ...RPMSIGN_OPTS="--key-id=$SIGN_KEY"; \
2018-04-05 16:05:31.829487 +0000 build-fedora3: ..fi; \
2018-04-05 16:05:31.829514 +0000 build-fedora3: ..setsid -w rpmsign "$RPMSIGN_OPTS" --addsign $FILE_LIST </dev/null ;\
2018-04-05 16:05:31.829537 +0000 build-fedora3: .fi; \
2018-04-05 16:05:31.829557 +0000 build-fedora3: fi
2018-04-05 16:05:31.858439 +0000 build-fedora3: + ERR_OUTPUT=/dev/stderr
2018-04-05 16:05:31.858495 +0000 build-fedora3: + '[' 2 -lt 2 ']'
2018-04-05 16:05:31.858610 +0000 build-fedora3: + '[' -r qubes-src/mgmt-salt-base-topd/rpm_spec/qubes-mgmt-salt-base-topd.spec.in ']'
2018-04-05 16:05:31.858743 +0000 build-fedora3: + rpm -q --qf '%{NAME}-%{VERSION}.tar.gz\n' --specfile qubes-src/mgmt-salt-base-topd/rpm_spec/qubes-mgmt-salt-base-topd.spec
2018-04-05 16:05:31.895461 +0000 build-fedora3: warning: Macro %version defined but not used within scope
2018-04-05 16:05:31.902939 +0000 build-fedora3: cat: version: No such file or directory
2018-04-05 16:05:31.903258 +0000 build-fedora3: error: line 4: Empty tag: Version:
2018-04-05 16:05:31.903381 +0000 build-fedora3: error: query of specfile qubes-src/mgmt-salt-base-topd/rpm_spec/qubes-mgmt-salt-base-topd.spec failed, can't parse
2018-04-05 16:05:31.926953 +0000 build-fedora3: /home/user/builder-r3.2/qubes-src/builder-fedora/Makefile.fedora:145: target 'sign' does not exist
2018-04-05 16:05:31.927018 +0000 build-fedora3: cd qubes-src/mgmt-salt-base-topd && for pkg in pkgs/fc25/noarch/qubes-mgmt-salt-base-topd-3.2.1-1.fc25.noarch.rpm ; do \
2018-04-05 16:05:31.927051 +0000 build-fedora3: .if ! rpm -K $pkg | grep -qi pgp; then \
2018-04-05 16:05:31.927089 +0000 build-fedora3: ..setsid -w rpmsign  --digest-algo=sha256 --key-id=C52261BE0A823221D94CA1D1CB11CA1D03FA5082 --addsign $pkg </dev/null || exit 1; \
2018-04-05 16:05:31.927116 +0000 build-fedora3: .fi; \
2018-04-05 16:05:31.927140 +0000 build-fedora3: done
2018-04-05 16:05:31.956370 +0000 build-fedora3: + ERR_OUTPUT=/dev/stderr
2018-04-05 16:05:31.957210 +0000 build-fedora3: + '[' 2 -lt 2 ']'
2018-04-05 16:05:31.957404 +0000 build-fedora3: + '[' -r qubes-src/mgmt-salt-base-topd/rpm_spec/qubes-mgmt-salt-base-topd.spec.in ']'
2018-04-05 16:05:31.957446 +0000 build-fedora3: + rpm -q --qf '%{NAME}-%{VERSION}.tar.gz\n' --specfile qubes-src/mgmt-salt-base-topd/rpm_spec/qubes-mgmt-salt-base-topd.spec
2018-04-05 16:05:31.995359 +0000 build-fedora3: warning: Macro %version defined but not used within scope
2018-04-05 16:05:32.002289 +0000 build-fedora3: cat: version: No such file or directory
2018-04-05 16:05:32.004330 +0000 build-fedora3: error: line 4: Empty tag: Version:
2018-04-05 16:05:32.004393 +0000 build-fedora3: error: query of specfile qubes-src/mgmt-salt-base-topd/rpm_spec/qubes-mgmt-salt-base-topd.spec failed, can't parse
2018-04-05 16:05:32.792347 +0000 build-fedora3: pkgs/fc25/noarch/qubes-mgmt-salt-base-topd-3.2.1-1.fc25.noarch.rpm:
2018-04-05 16:05:32.794344 +0000 build-fedora3: Makefile:721: target 'internal-update-repo-current-testing.vm.fc25.mgmt-salt-base-topd' does not exist
2018-04-05 16:05:32.794404 +0000 build-fedora3: repo_base_var="LINUX_REPO_fc25_BASEDIR"; \
2018-04-05 16:05:32.794438 +0000 build-fedora3: if [ -n "${!repo_base_var}" ]; then \
2018-04-05 16:05:32.794470 +0000 build-fedora3: .repo_basedir="${!repo_base_var}"; \
2018-04-05 16:05:32.794492 +0000 build-fedora3: else \
2018-04-05 16:05:32.794520 +0000 build-fedora3: .repo_basedir="qubes-src/linux-yum/r3.2"; \
2018-04-05 16:05:32.794542 +0000 build-fedora3: fi; \
2018-04-05 16:05:32.794575 +0000 build-fedora3: if [ -r qubes-src/mgmt-salt-base-topd/Makefile.builder ]; then \
2018-04-05 16:05:32.794603 +0000 build-fedora3: .echo -n "Updating qubes-src/mgmt-salt-base-topd... "; \
2018-04-05 16:05:32.794644 +0000 build-fedora3: .if [ "0" -eq 1 ]; then \
2018-04-05 16:05:32.794673 +0000 build-fedora3: ..vtag=`git -C qubes-src/mgmt-salt-base-topd tag --points-at HEAD --list v*`; \
2018-04-05 16:05:32.794698 +0000 build-fedora3: ..if [ -z "$vtag" ]; then \
2018-04-05 16:05:32.794720 +0000 build-fedora3: ...echo "no version tag"; \
2018-04-05 16:05:32.794740 +0000 build-fedora3: ...exit 0; \
2018-04-05 16:05:32.794761 +0000 build-fedora3: ..fi; \
2018-04-05 16:05:32.794781 +0000 build-fedora3: .fi; \
2018-04-05 16:05:32.794824 +0000 build-fedora3: .component_packages=$(MAKEFLAGS= make -s -f Makefile.generic DIST=fc25 PACKAGE_SET=vm COMPONENT=`basename qubes-src/mgmt-salt-base-topd` UPDATE_REPO=/home/user/builder-r3.2/$repo_basedir/current-testing/vm/fc25 get-var GET_VAR=PACKAGE_LIST); \
2018-04-05 16:05:32.794850 +0000 build-fedora3: .if [ -z "$component_packages" ]; then \
2018-04-05 16:05:32.794871 +0000 build-fedora3: ..echo "no packages."; \
2018-04-05 16:05:32.794892 +0000 build-fedora3: ..exit 0; \
2018-04-05 16:05:32.794915 +0000 build-fedora3: .fi; \
2018-04-05 16:05:32.794940 +0000 build-fedora3: .make -s -f Makefile.generic DIST=fc25 PACKAGE_SET=vm \
2018-04-05 16:05:32.794966 +0000 build-fedora3: ..COMPONENT=`basename qubes-src/mgmt-salt-base-topd` \
2018-04-05 16:05:32.794988 +0000 build-fedora3: ..SNAPSHOT_REPO=current-testing \
2018-04-05 16:05:32.795011 +0000 build-fedora3: ..TARGET_REPO=current-testing \
2018-04-05 16:05:32.795040 +0000 build-fedora3: ..UPDATE_REPO=/home/user/builder-r3.2/$repo_basedir/current-testing/vm/fc25 \
2018-04-05 16:05:32.795073 +0000 build-fedora3: ..SNAPSHOT_FILE=/home/user/builder-r3.2/repo-latest-snapshot/current-testing-vm-fc25-`basename qubes-src/mgmt-salt-base-topd` \
2018-04-05 16:05:32.795103 +0000 build-fedora3: ..BUILD_LOG_URL=https://github.com/QubesOS/build-logs/tree/master/build-fedora3/log_2018-04-05_16-05-11 \
2018-04-05 16:05:32.795128 +0000 build-fedora3: ..update-repo || exit 1; \
2018-04-05 16:05:32.795196 +0000 build-fedora3: elif make -C qubes-src/mgmt-salt-base-topd -n update-repo-current-testing >/dev/null 2>/dev/null; then \
2018-04-05 16:05:32.795225 +0000 build-fedora3: .echo "Updating qubes-src/mgmt-salt-base-topd... "; \
2018-04-05 16:05:32.795254 +0000 build-fedora3: .make -s -C qubes-src/mgmt-salt-base-topd update-repo-current-testing || exit 1; \
2018-04-05 16:05:32.795281 +0000 build-fedora3: else \
2018-04-05 16:05:32.795310 +0000 build-fedora3: .echo -n "Updating qubes-src/mgmt-salt-base-topd... skipping."; \
2018-04-05 16:05:32.795333 +0000 build-fedora3: fi; \
2018-04-05 16:05:32.795352 +0000 build-fedora3: echo
2018-04-05 16:05:32.831319 +0000 build-fedora3: Updating qubes-src/mgmt-salt-base-topd... + ERR_OUTPUT=/dev/stderr
2018-04-05 16:05:32.831374 +0000 build-fedora3: + '[' 2 -lt 2 ']'
2018-04-05 16:05:32.831489 +0000 build-fedora3: + '[' -r qubes-src/mgmt-salt-base-topd/rpm_spec/qubes-mgmt-salt-base-topd.spec.in ']'
2018-04-05 16:05:32.831626 +0000 build-fedora3: + rpm -q --qf '%{NAME}-%{VERSION}.tar.gz\n' --specfile qubes-src/mgmt-salt-base-topd/rpm_spec/qubes-mgmt-salt-base-topd.spec
2018-04-05 16:05:32.868390 +0000 build-fedora3: warning: Macro %version defined but not used within scope
2018-04-05 16:05:32.875401 +0000 build-fedora3: cat: version: No such file or directory
2018-04-05 16:05:32.877484 +0000 build-fedora3: error: line 4: Empty tag: Version:
2018-04-05 16:05:32.877541 +0000 build-fedora3: error: query of specfile qubes-src/mgmt-salt-base-topd/rpm_spec/qubes-mgmt-salt-base-topd.spec failed, can't parse
2018-04-05 16:05:32.894802 +0000 build-fedora3: + ERR_OUTPUT=/dev/stderr
2018-04-05 16:05:32.894856 +0000 build-fedora3: + '[' 2 -lt 2 ']'
2018-04-05 16:05:32.894990 +0000 build-fedora3: + '[' -r qubes-src/mgmt-salt-base-topd/rpm_spec/qubes-mgmt-salt-base-topd.spec.in ']'
2018-04-05 16:05:32.895122 +0000 build-fedora3: + rpm -q --qf '%{NAME}-%{VERSION}.tar.gz\n' --specfile qubes-src/mgmt-salt-base-topd/rpm_spec/qubes-mgmt-salt-base-topd.spec
2018-04-05 16:05:32.931987 +0000 build-fedora3: warning: Macro %version defined but not used within scope
2018-04-05 16:05:32.938944 +0000 build-fedora3: cat: version: No such file or directory
2018-04-05 16:05:32.941012 +0000 build-fedora3: error: line 4: Empty tag: Version:
2018-04-05 16:05:32.941068 +0000 build-fedora3: error: query of specfile qubes-src/mgmt-salt-base-topd/rpm_spec/qubes-mgmt-salt-base-topd.spec failed, can't parse
2018-04-05 16:05:32.986232 +0000 build-fedora3: + ERR_OUTPUT=/dev/stderr
2018-04-05 16:05:32.986299 +0000 build-fedora3: + '[' 2 -lt 2 ']'
2018-04-05 16:05:32.986451 +0000 build-fedora3: + '[' -r qubes-src/mgmt-salt-base-topd/rpm_spec/qubes-mgmt-salt-base-topd.spec.in ']'
2018-04-05 16:05:32.986575 +0000 build-fedora3: + rpm -q --qf '%{NAME}-%{VERSION}.tar.gz\n' --specfile qubes-src/mgmt-salt-base-topd/rpm_spec/qubes-mgmt-salt-base-topd.spec
2018-04-05 16:05:33.023083 +0000 build-fedora3: warning: Macro %version defined but not used within scope
2018-04-05 16:05:33.030068 +0000 build-fedora3: cat: version: No such file or directory
2018-04-05 16:05:33.032277 +0000 build-fedora3: error: line 4: Empty tag: Version:
2018-04-05 16:05:33.032338 +0000 build-fedora3: error: query of specfile qubes-src/mgmt-salt-base-topd/rpm_spec/qubes-mgmt-salt-base-topd.spec failed, can't parse
2018-04-05 16:05:33.073302 +0000 build-fedora3: /home/user/builder-r3.2/qubes-src/builder-fedora/Makefile.fedora:121: target 'update-repo-do' does not exist
2018-04-05 16:05:33.073366 +0000 build-fedora3: mkdir -p /home/user/builder-r3.2/qubes-src/linux-yum/r3.2/current-testing/vm/fc25/rpm
2018-04-05 16:05:33.102885 +0000 build-fedora3: + ERR_OUTPUT=/dev/stderr
2018-04-05 16:05:33.102940 +0000 build-fedora3: + '[' 2 -lt 2 ']'
2018-04-05 16:05:33.103068 +0000 build-fedora3: + '[' -r qubes-src/mgmt-salt-base-topd/rpm_spec/qubes-mgmt-salt-base-topd.spec.in ']'
2018-04-05 16:05:33.103214 +0000 build-fedora3: + rpm -q --qf '%{NAME}-%{VERSION}.tar.gz\n' --specfile qubes-src/mgmt-salt-base-topd/rpm_spec/qubes-mgmt-salt-base-topd.spec
2018-04-05 16:05:33.139961 +0000 build-fedora3: warning: Macro %version defined but not used within scope
2018-04-05 16:05:33.146890 +0000 build-fedora3: cat: version: No such file or directory
2018-04-05 16:05:33.148968 +0000 build-fedora3: error: line 4: Empty tag: Version:
2018-04-05 16:05:33.149026 +0000 build-fedora3: error: query of specfile qubes-src/mgmt-salt-base-topd/rpm_spec/qubes-mgmt-salt-base-topd.spec failed, can't parse
2018-04-05 16:05:33.159568 +0000 build-fedora3: cd qubes-src/mgmt-salt-base-topd && ln -f pkgs/fc25/noarch/qubes-mgmt-salt-base-topd-3.2.1-1.fc25.noarch.rpm  /home/user/builder-r3.2/qubes-src/linux-yum/r3.2/current-testing/vm/fc25/rpm/
2018-04-05 16:05:33.164831 +0000 build-fedora3: cd qubes-src/mgmt-salt-base-topd && echo pkgs/fc25/noarch/qubes-mgmt-salt-base-topd-3.2.1-1.fc25.noarch.rpm  > /home/user/builder-r3.2/repo-latest-snapshot/current-testing-vm-fc25-mgmt-salt-base-topd
2018-04-05 16:05:33.226717 +0000 build-fedora3: /home/user/builder-r3.2/qubes-src/builder-github//Makefile.github:21: target 'notify-github' does not exist
2018-04-05 16:05:33.226783 +0000 build-fedora3: [ -z "qubes-mgmt-salt-base-topd-3.2.1-1.fc25" ] || /home/user/builder-r3.2/qubes-src/builder-github//notify-issues \
2018-04-05 16:05:33.226827 +0000 build-fedora3: .--build-log="https://github.com/QubesOS/build-logs/tree/master/build-fedora3/log_2018-04-05_16-05-11" \
2018-04-05 16:05:33.226853 +0000 build-fedora3: ."r3.2" \
2018-04-05 16:05:33.226880 +0000 build-fedora3: ."current-testing" \
2018-04-05 16:05:33.226903 +0000 build-fedora3: ."qubes-src/mgmt-salt-base-topd" \
2018-04-05 16:05:33.226933 +0000 build-fedora3: ."qubes-mgmt-salt-base-topd-3.2.1-1.fc25" \
2018-04-05 16:05:33.226955 +0000 build-fedora3: ."fc25" \
2018-04-05 16:05:33.226975 +0000 build-fedora3: ."vm" \
2018-04-05 16:05:33.227002 +0000 build-fedora3: ."/home/user/github-notify-state/r3.2-mgmt-salt-base-topd-vm-fc25-current-testing"
2018-04-05 16:05:33.280079 +0000 build-fedora3: + ERR_OUTPUT=/dev/stderr
2018-04-05 16:05:33.280137 +0000 build-fedora3: + '[' 2 -lt 2 ']'
2018-04-05 16:05:33.280269 +0000 build-fedora3: + '[' -r qubes-src/mgmt-salt-base-topd/rpm_spec/qubes-mgmt-salt-base-topd.spec.in ']'
2018-04-05 16:05:33.280412 +0000 build-fedora3: + rpm -q --qf '%{NAME}-%{VERSION}.tar.gz\n' --specfile qubes-src/mgmt-salt-base-topd/rpm_spec/qubes-mgmt-salt-base-topd.spec
2018-04-05 16:05:33.318132 +0000 build-fedora3: warning: Macro %version defined but not used within scope
2018-04-05 16:05:33.324933 +0000 build-fedora3: cat: version: No such file or directory
2018-04-05 16:05:33.326990 +0000 build-fedora3: error: line 4: Empty tag: Version:
2018-04-05 16:05:33.327048 +0000 build-fedora3: error: query of specfile qubes-src/mgmt-salt-base-topd/rpm_spec/qubes-mgmt-salt-base-topd.spec failed, can't parse
2018-04-05 16:05:36.962419 +0000 build-fedora3: WARNING: /home/user/github-notify-state/r3.2-mgmt-salt-base-topd-vm-fc25-current-testing does not exist, initializing with the current state
2018-04-05 16:05:36.966738 +0000 build-fedora3: 
2018-04-05 16:05:36.967084 +0000 build-fedora3: Makefile:702: update target 'internal-update-repo-current-testing.vm.fc25' due to: internal-update-repo-current-testing.vm.fc25.mgmt-salt-base-topd
2018-04-05 16:05:36.967123 +0000 build-fedora3: true
2018-04-05 16:05:36.970535 +0000 build-fedora3: Makefile:764: target 'post-update-repo-current-testing' does not exist
2018-04-05 16:05:36.970589 +0000 build-fedora3: for dist in  fc25; do \
2018-04-05 16:05:36.970623 +0000 build-fedora3: .repo_base_var="LINUX_REPO_${dist}_BASEDIR"; \
2018-04-05 16:05:36.970651 +0000 build-fedora3: .if [ -n "${!repo_base_var}" ]; then \
2018-04-05 16:05:36.970676 +0000 build-fedora3: ..repo_basedir="${!repo_base_var}"; \
2018-04-05 16:05:36.970698 +0000 build-fedora3: .else \
2018-04-05 16:05:36.970728 +0000 build-fedora3: ..repo_basedir="qubes-src/linux-yum/r3.2"; \
2018-04-05 16:05:36.970751 +0000 build-fedora3: .fi; \
2018-04-05 16:05:36.970778 +0000 build-fedora3: .repos_to_update="$repos_to_update $repo_basedir"; \
2018-04-05 16:05:36.970800 +0000 build-fedora3: done; \
2018-04-05 16:05:36.970827 +0000 build-fedora3: for repo in `echo $repos_to_update|tr ' ' '\n'|sort|uniq`; do \
2018-04-05 16:05:36.970849 +0000 build-fedora3: .[ -z "$repo" ] && continue; \
2018-04-05 16:05:36.970877 +0000 build-fedora3: .(cd $repo/.. && ./update_repo-current-testing.sh `basename $repo`); \
2018-04-05 16:05:36.970897 +0000 build-fedora3: done
2018-04-05 16:05:36.998386 +0000 build-fedora3: --> Processing repo: r3.2/current-testing/dom0/fc20...
2018-04-05 16:05:37.382017 +0000 build-fedora3: --> Processing repo: r3.2/current-testing/dom0/fc23...
2018-04-05 16:05:39.641052 +0000 build-fedora3: --> Processing repo: r3.2/current-testing/vm/fc22...
2018-04-05 16:05:40.035873 +0000 build-fedora3: --> Processing repo: r3.2/current-testing/vm/fc23...
2018-04-05 16:05:44.644172 +0000 build-fedora3: --> Processing repo: r3.2/current-testing/vm/fc24...
2018-04-05 16:05:49.454937 +0000 build-fedora3: --> Processing repo: r3.2/current-testing/vm/fc25...
2018-04-05 16:05:54.490324 +0000 build-fedora3: --> Processing repo: r3.2/current-testing/vm/fc26...
2018-04-05 16:05:56.739855 +0000 build-fedora3: Done.
2018-04-05 16:05:56.750656 +0000 build-fedora3: ~/builder-r3.2/qubes-src/linux-yum ~/builder-r3.2/qubes-src/linux-yum
2018-04-05 16:05:56.755670 +0000 build-fedora3: Syncing r3.2...
2018-04-05 16:05:56.847555 +0000 build-fedora3: sending incremental file list
2018-04-05 16:05:56.962891 +0000 build-fedora3: rsync: failed to set times on "/pub/qubes/repo/yum/r3.2/current-testing": Operation not permitted (1)
2018-04-05 16:05:56.963040 +0000 build-fedora3: rsync: failed to set times on "/pub/qubes/repo/yum/r3.2/current-testing/dom0": Operation not permitted (1)
2018-04-05 16:05:56.963136 +0000 build-fedora3: rsync: failed to set times on "/pub/qubes/repo/yum/r3.2/current-testing/dom0/fc20": Operation not permitted (1)
2018-04-05 16:05:56.963345 +0000 build-fedora3: rsync: failed to set times on "/pub/qubes/repo/yum/r3.2/current-testing/dom0/fc20/rpm": Operation not permitted (1)
2018-04-05 16:05:56.963559 +0000 build-fedora3: rsync: failed to set times on "/pub/qubes/repo/yum/r3.2/current-testing/dom0/fc23": Operation not permitted (1)
2018-04-05 16:05:56.963687 +0000 build-fedora3: rsync: failed to set times on "/pub/qubes/repo/yum/r3.2/current-testing/dom0/fc23/rpm": Operation not permitted (1)
2018-04-05 16:05:56.963771 +0000 build-fedora3: rsync: failed to set times on "/pub/qubes/repo/yum/r3.2/current-testing/vm": Operation not permitted (1)
2018-04-05 16:05:56.963849 +0000 build-fedora3: rsync: failed to set times on "/pub/qubes/repo/yum/r3.2/current-testing/vm/fc22": Operation not permitted (1)
2018-04-05 16:05:56.963977 +0000 build-fedora3: rsync: failed to set times on "/pub/qubes/repo/yum/r3.2/current-testing/vm/fc22/rpm": Operation not permitted (1)
2018-04-05 16:05:56.964114 +0000 build-fedora3: rsync: failed to set times on "/pub/qubes/repo/yum/r3.2/current-testing/vm/fc23": Operation not permitted (1)
2018-04-05 16:05:56.964270 +0000 build-fedora3: rsync: failed to set times on "/pub/qubes/repo/yum/r3.2/current-testing/vm/fc23/rpm": Operation not permitted (1)
2018-04-05 16:05:56.964354 +0000 build-fedora3: rsync: failed to set times on "/pub/qubes/repo/yum/r3.2/current-testing/vm/fc24": Operation not permitted (1)
2018-04-05 16:05:56.964725 +0000 build-fedora3: rsync: failed to set times on "/pub/qubes/repo/yum/r3.2/current-testing/vm/fc24/rpm": Operation not permitted (1)
2018-04-05 16:05:56.964856 +0000 build-fedora3: rsync: failed to set times on "/pub/qubes/repo/yum/r3.2/current-testing/vm/fc25": Operation not permitted (1)
2018-04-05 16:05:56.964987 +0000 build-fedora3: .d..t...... current-testing/
2018-04-05 16:05:56.965064 +0000 build-fedora3: .d..t...... current-testing/dom0/
2018-04-05 16:05:56.965292 +0000 build-fedora3: .d..t...... current-testing/dom0/fc20/
2018-04-05 16:05:56.965373 +0000 build-fedora3: .d..t...... current-testing/dom0/fc20/rpm/
2018-04-05 16:05:56.965435 +0000 build-fedora3: .d..t...... current-testing/dom0/fc23/
2018-04-05 16:05:56.969997 +0000 build-fedora3: .d..t...... current-testing/dom0/fc23/rpm/
2018-04-05 16:05:56.970067 +0000 build-fedora3: .d..t...... current-testing/vm/
2018-04-05 16:05:56.970129 +0000 build-fedora3: .d..t...... current-testing/vm/fc22/
2018-04-05 16:05:56.970240 +0000 build-fedora3: .d..t...... current-testing/vm/fc22/rpm/
2018-04-05 16:05:56.970302 +0000 build-fedora3: .d..t...... current-testing/vm/fc23/
2018-04-05 16:05:56.978016 +0000 build-fedora3: .d..t...... current-testing/vm/fc23/rpm/
2018-04-05 16:05:56.978135 +0000 build-fedora3: .d..t...... current-testing/vm/fc24/
2018-04-05 16:05:56.983819 +0000 build-fedora3: .d..t...... current-testing/vm/fc24/rpm/
2018-04-05 16:05:56.983979 +0000 build-fedora3: .d..t...... current-testing/vm/fc25/
2018-04-05 16:05:57.045514 +0000 build-fedora3: rsync: failed to set times on "/pub/qubes/repo/yum/r3.2/current-testing/vm/fc25/rpm": Operation not permitted (1)
2018-04-05 16:05:57.045728 +0000 build-fedora3: rsync: failed to set times on "/pub/qubes/repo/yum/r3.2/current-testing/vm/fc26": Operation not permitted (1)
2018-04-05 16:05:57.045884 +0000 build-fedora3: rsync: failed to set times on "/pub/qubes/repo/yum/r3.2/current-testing/vm/fc26/comps.xml": Operation not permitted (1)
2018-04-05 16:05:57.046034 +0000 build-fedora3: rsync: failed to set times on "/pub/qubes/repo/yum/r3.2/current-testing/vm/fc26/rpm": Operation not permitted (1)
2018-04-05 16:05:57.046242 +0000 build-fedora3: rsync: failed to set times on "/pub/qubes/repo/yum/r3.2/current": Operation not permitted (1)
2018-04-05 16:05:57.046386 +0000 build-fedora3: rsync: failed to set times on "/pub/qubes/repo/yum/r3.2/current/dom0": Operation not permitted (1)
2018-04-05 16:05:57.046526 +0000 build-fedora3: rsync: failed to set times on "/pub/qubes/repo/yum/r3.2/current/dom0/fc20": Operation not permitted (1)
2018-04-05 16:05:57.046666 +0000 build-fedora3: rsync: failed to set times on "/pub/qubes/repo/yum/r3.2/current/dom0/fc20/rpm": Operation not permitted (1)
2018-04-05 16:05:57.046808 +0000 build-fedora3: rsync: failed to set times on "/pub/qubes/repo/yum/r3.2/current/dom0/fc23": Operation not permitted (1)
2018-04-05 16:05:57.047000 +0000 build-fedora3: rsync: failed to set times on "/pub/qubes/repo/yum/r3.2/current/dom0/fc23/rpm": Operation not permitted (1)
2018-04-05 16:05:57.047140 +0000 build-fedora3: rsync: failed to set times on "/pub/qubes/repo/yum/r3.2/current/vm": Operation not permitted (1)
2018-04-05 16:05:57.047356 +0000 build-fedora3: rsync: failed to set times on "/pub/qubes/repo/yum/r3.2/current/vm/fc22": Operation not permitted (1)
2018-04-05 16:05:57.047495 +0000 build-fedora3: rsync: failed to set times on "/pub/qubes/repo/yum/r3.2/current/vm/fc22/rpm": Operation not permitted (1)
2018-04-05 16:05:57.047631 +0000 build-fedora3: rsync: failed to set times on "/pub/qubes/repo/yum/r3.2/current/vm/fc23": Operation not permitted (1)
2018-04-05 16:05:57.055806 +0000 build-fedora3: .d..t...... current-testing/vm/fc25/rpm/
2018-04-05 16:05:57.055946 +0000 build-fedora3: <f.st...... current-testing/vm/fc25/rpm/qubes-mgmt-salt-base-topd-3.2.1-1.fc25.noarch.rpm
2018-04-05 16:05:57.059703 +0000 build-fedora3: .          2,140   4%    0.00kB/s    0:00:00  .         43,138 100%   39.10MB/s    0:00:00 (xfr#1, ir-chk=1222/2059)
2018-04-05 16:05:57.059806 +0000 build-fedora3: .d..t...... current-testing/vm/fc26/
2018-04-05 16:05:57.059886 +0000 build-fedora3: .L..t...... current-testing/vm/fc26/comps.xml -> ../../../comps-vm.xml
2018-04-05 16:05:57.065383 +0000 build-fedora3: .d..t...... current-testing/vm/fc26/rpm/
2018-04-05 16:05:57.065437 +0000 build-fedora3: .f...p..... current-testing/vm/fc26/rpm/qubes-mgmt-salt-base-topd-3.2.1-1.fc26.noarch.rpm
2018-04-05 16:05:57.065456 +0000 build-fedora3: .d..t...... current/
2018-04-05 16:05:57.065471 +0000 build-fedora3: .d..t...... current/dom0/
2018-04-05 16:05:57.065485 +0000 build-fedora3: .d..t...... current/dom0/fc20/
2018-04-05 16:05:57.065500 +0000 build-fedora3: .d..t...... current/dom0/fc20/rpm/
2018-04-05 16:05:57.065513 +0000 build-fedora3: .d..t...... current/dom0/fc23/
2018-04-05 16:05:57.065527 +0000 build-fedora3: .d..t...... current/dom0/fc23/rpm/
2018-04-05 16:05:57.065540 +0000 build-fedora3: .d..t...... current/vm/
2018-04-05 16:05:57.065553 +0000 build-fedora3: .d..t...... current/vm/fc22/
2018-04-05 16:05:57.065567 +0000 build-fedora3: .d..t...... current/vm/fc22/rpm/
2018-04-05 16:05:57.065580 +0000 build-fedora3: .d..t...... current/vm/fc23/
2018-04-05 16:05:57.065598 +0000 build-fedora3: rsync: failed to set times on "/pub/qubes/repo/yum/r3.2/current/vm/fc23/rpm": Operation not permitted (1)
2018-04-05 16:05:57.065616 +0000 build-fedora3: rsync: failed to set times on "/pub/qubes/repo/yum/r3.2/current/vm/fc24": Operation not permitted (1)
2018-04-05 16:05:57.066668 +0000 build-fedora3: .d..t...... current/vm/fc23/rpm/
2018-04-05 16:05:57.066695 +0000 build-fedora3: .d..t...... current/vm/fc24/
2018-04-05 16:05:57.066720 +0000 build-fedora3: rsync: failed to set times on "/pub/qubes/repo/yum/r3.2/current/vm/fc24/rpm": Operation not permitted (1)
2018-04-05 16:05:57.066747 +0000 build-fedora3: .d..t...... current/vm/fc24/rpm/
2018-04-05 16:05:57.099379 +0000 build-fedora3: rsync: failed to set times on "/pub/qubes/repo/yum/r3.2/current/vm/fc25": Operation not permitted (1)
2018-04-05 16:05:57.101817 +0000 build-fedora3: rsync: failed to set times on "/pub/qubes/repo/yum/r3.2/current/vm/fc25/rpm": Operation not permitted (1)
2018-04-05 16:05:57.101990 +0000 build-fedora3: rsync: failed to set times on "/pub/qubes/repo/yum/r3.2/current/vm/fc26": Operation not permitted (1)
2018-04-05 16:05:57.102230 +0000 build-fedora3: rsync: failed to set times on "/pub/qubes/repo/yum/r3.2/current/vm/fc26/comps.xml": Operation not permitted (1)
2018-04-05 16:05:57.103445 +0000 build-fedora3: rsync: failed to set times on "/pub/qubes/repo/yum/r3.2/current/vm/fc26/rpm": Operation not permitted (1)
2018-04-05 16:05:57.103609 +0000 build-fedora3: .d..t...... current/vm/fc25/
2018-04-05 16:05:57.103729 +0000 build-fedora3: .d..t...... current/vm/fc25/rpm/
2018-04-05 16:05:57.103849 +0000 build-fedora3: .d..t...... current/vm/fc26/
2018-04-05 16:05:57.103920 +0000 build-fedora3: .L..t...... current/vm/fc26/comps.xml -> ../../../comps-vm.xml
2018-04-05 16:05:57.103983 +0000 build-fedora3: .d..t...... current/vm/fc26/rpm/
2018-04-05 16:05:57.130833 +0000 build-fedora3: rsync: failed to set times on "/pub/qubes/repo/yum/r3.2/security-testing": Operation not permitted (1)
2018-04-05 16:05:57.131007 +0000 build-fedora3: .d..t...... security-testing/
2018-04-05 16:05:57.136442 +0000 build-fedora3: rsync: failed to set times on "/pub/qubes/repo/yum/r3.2/security-testing/dom0": Operation not permitted (1)
2018-04-05 16:05:57.136643 +0000 build-fedora3: rsync: failed to set times on "/pub/qubes/repo/yum/r3.2/security-testing/dom0/fc20": Operation not permitted (1)
2018-04-05 16:05:57.136806 +0000 build-fedora3: rsync: failed to set times on "/pub/qubes/repo/yum/r3.2/security-testing/dom0/fc20/rpm": Operation not permitted (1)
2018-04-05 16:05:57.136991 +0000 build-fedora3: rsync: failed to set times on "/pub/qubes/repo/yum/r3.2/security-testing/dom0/fc23": Operation not permitted (1)
2018-04-05 16:05:57.137135 +0000 build-fedora3: rsync: failed to set times on "/pub/qubes/repo/yum/r3.2/security-testing/dom0/fc23/rpm": Operation not permitted (1)
2018-04-05 16:05:57.137301 +0000 build-fedora3: rsync: failed to set times on "/pub/qubes/repo/yum/r3.2/security-testing/vm": Operation not permitted (1)
2018-04-05 16:05:57.137435 +0000 build-fedora3: rsync: failed to set times on "/pub/qubes/repo/yum/r3.2/security-testing/vm/fc22": Operation not permitted (1)
2018-04-05 16:05:57.137581 +0000 build-fedora3: rsync: failed to set times on "/pub/qubes/repo/yum/r3.2/security-testing/vm/fc22/rpm": Operation not permitted (1)
2018-04-05 16:05:57.137729 +0000 build-fedora3: rsync: failed to set times on "/pub/qubes/repo/yum/r3.2/security-testing/vm/fc23": Operation not permitted (1)
2018-04-05 16:05:57.137866 +0000 build-fedora3: rsync: failed to set times on "/pub/qubes/repo/yum/r3.2/security-testing/vm/fc23/rpm": Operation not permitted (1)
2018-04-05 16:05:57.138015 +0000 build-fedora3: .d..t...... security-testing/dom0/
2018-04-05 16:05:57.138109 +0000 build-fedora3: .d..t...... security-testing/dom0/fc20/
2018-04-05 16:05:57.138255 +0000 build-fedora3: .d..t...... security-testing/dom0/fc20/rpm/
2018-04-05 16:05:57.138362 +0000 build-fedora3: .d..t...... security-testing/dom0/fc23/
2018-04-05 16:05:57.138468 +0000 build-fedora3: .d..t...... security-testing/dom0/fc23/rpm/
2018-04-05 16:05:57.138571 +0000 build-fedora3: .d..t...... security-testing/vm/
2018-04-05 16:05:57.138674 +0000 build-fedora3: .d..t...... security-testing/vm/fc22/
2018-04-05 16:05:57.138778 +0000 build-fedora3: .d..t...... security-testing/vm/fc22/rpm/
2018-04-05 16:05:57.138885 +0000 build-fedora3: .d..t...... security-testing/vm/fc23/
2018-04-05 16:05:57.138999 +0000 build-fedora3: .d..t...... security-testing/vm/fc23/rpm/
2018-04-05 16:05:57.139229 +0000 build-fedora3: rsync: failed to set times on "/pub/qubes/repo/yum/r3.2/security-testing/vm/fc24": Operation not permitted (1)
2018-04-05 16:05:57.139379 +0000 build-fedora3: rsync: failed to set times on "/pub/qubes/repo/yum/r3.2/security-testing/vm/fc24/rpm": Operation not permitted (1)
2018-04-05 16:05:57.139519 +0000 build-fedora3: rsync: failed to set times on "/pub/qubes/repo/yum/r3.2/security-testing/vm/fc25": Operation not permitted (1)
2018-04-05 16:05:57.139658 +0000 build-fedora3: rsync: failed to set times on "/pub/qubes/repo/yum/r3.2/security-testing/vm/fc25/rpm": Operation not permitted (1)
2018-04-05 16:05:57.139764 +0000 build-fedora3: .d..t...... security-testing/vm/fc24/
2018-04-05 16:05:57.139852 +0000 build-fedora3: .d..t...... security-testing/vm/fc24/rpm/
2018-04-05 16:05:57.139914 +0000 build-fedora3: .d..t...... security-testing/vm/fc25/
2018-04-05 16:05:57.140005 +0000 build-fedora3: .d..t...... security-testing/vm/fc25/rpm/
2018-04-05 16:05:57.140082 +0000 build-fedora3: rsync: failed to set times on "/pub/qubes/repo/yum/r3.2/security-testing/vm/fc26": Operation not permitted (1)
2018-04-05 16:05:57.140247 +0000 build-fedora3: rsync: failed to set times on "/pub/qubes/repo/yum/r3.2/security-testing/vm/fc26/comps.xml": Operation not permitted (1)
2018-04-05 16:05:57.140331 +0000 build-fedora3: rsync: failed to set times on "/pub/qubes/repo/yum/r3.2/security-testing/vm/fc26/rpm": Operation not permitted (1)
2018-04-05 16:05:57.140393 +0000 build-fedora3: .d..t...... security-testing/vm/fc26/
2018-04-05 16:05:57.140461 +0000 build-fedora3: .L..t...... security-testing/vm/fc26/comps.xml -> ../../../comps-vm.xml
2018-04-05 16:05:57.140521 +0000 build-fedora3: .d..t...... security-testing/vm/fc26/rpm/
2018-04-05 16:05:57.323544 +0000 build-fedora3: rsync error: some files/attrs were not transferred (see previous errors) (code 23) at main.c(1189) [sender=3.1.3]
2018-04-05 16:05:57.825856 +0000 build-fedora3: --> Processing repo: /pub/qubes/repo/yum/r3.2/current/dom0/fc20...
2018-04-05 16:05:57.932050 +0000 build-fedora3: Warning: Requested more delta workers than workers. This is insane. Limiting.
2018-04-05 16:05:58.463664 +0000 build-fedora3: --> Processing repo: /pub/qubes/repo/yum/r3.2/current/dom0/fc23...
2018-04-05 16:05:58.597444 +0000 build-fedora3: Warning: Requested more delta workers than workers. This is insane. Limiting.
2018-04-05 16:07:04.877207 +0000 build-fedora3: --> Processing repo: /pub/qubes/repo/yum/r3.2/current/vm/fc22...
2018-04-05 16:07:04.989376 +0000 build-fedora3: Warning: Requested more delta workers than workers. This is insane. Limiting.
2018-04-05 16:07:05.670338 +0000 build-fedora3: --> Processing repo: /pub/qubes/repo/yum/r3.2/current/vm/fc23...
2018-04-05 16:07:05.819342 +0000 build-fedora3: Warning: Requested more delta workers than workers. This is insane. Limiting.
2018-04-05 16:07:24.360657 +0000 build-fedora3: --> Processing repo: /pub/qubes/repo/yum/r3.2/current/vm/fc24...
2018-04-05 16:07:24.472046 +0000 build-fedora3: Warning: Requested more delta workers than workers. This is insane. Limiting.
2018-04-05 16:07:42.901622 +0000 build-fedora3: --> Processing repo: /pub/qubes/repo/yum/r3.2/current/vm/fc25...
2018-04-05 16:07:43.021751 +0000 build-fedora3: Warning: Requested more delta workers than workers. This is insane. Limiting.
2018-04-05 16:07:55.982856 +0000 build-fedora3: --> Processing repo: /pub/qubes/repo/yum/r3.2/current/vm/fc26...
2018-04-05 16:07:56.077141 +0000 build-fedora3: Warning: Requested more delta workers than workers. This is insane. Limiting.
2018-04-05 16:07:59.669768 +0000 build-fedora3: Done.
2018-04-05 16:07:59.851354 +0000 build-fedora3: --> Processing repo: /pub/qubes/repo/yum/r3.2/current-testing/dom0/fc20...
2018-04-05 16:07:59.968916 +0000 build-fedora3: Warning: Requested more delta workers than workers. This is insane. Limiting.
2018-04-05 16:08:00.606938 +0000 build-fedora3: --> Processing repo: /pub/qubes/repo/yum/r3.2/current-testing/dom0/fc23...
2018-04-05 16:08:00.817687 +0000 build-fedora3: Warning: Requested more delta workers than workers. This is insane. Limiting.
2018-04-05 16:10:11.850521 +0000 build-fedora3: --> Processing repo: /pub/qubes/repo/yum/r3.2/current-testing/vm/fc22...
2018-04-05 16:10:11.939923 +0000 build-fedora3: Warning: Requested more delta workers than workers. This is insane. Limiting.
2018-04-05 16:10:12.459374 +0000 build-fedora3: --> Processing repo: /pub/qubes/repo/yum/r3.2/current-testing/vm/fc23...
2018-04-05 16:10:12.559343 +0000 build-fedora3: Warning: Requested more delta workers than workers. This is insane. Limiting.
2018-04-05 16:10:46.322741 +0000 build-fedora3: --> Processing repo: /pub/qubes/repo/yum/r3.2/current-testing/vm/fc24...
2018-04-05 16:10:46.418480 +0000 build-fedora3: Warning: Requested more delta workers than workers. This is insane. Limiting.
2018-04-05 16:11:17.513683 +0000 build-fedora3: --> Processing repo: /pub/qubes/repo/yum/r3.2/current-testing/vm/fc25...
2018-04-05 16:11:17.604061 +0000 build-fedora3: Warning: Requested more delta workers than workers. This is insane. Limiting.
2018-04-05 16:11:36.248615 +0000 build-fedora3: --> Processing repo: /pub/qubes/repo/yum/r3.2/current-testing/vm/fc26...
2018-04-05 16:11:36.337366 +0000 build-fedora3: Warning: Requested more delta workers than workers. This is insane. Limiting.
2018-04-05 16:11:41.961862 +0000 build-fedora3: Done.
2018-04-05 16:11:42.145831 +0000 build-fedora3: --> Processing repo: /pub/qubes/repo/yum/r3.2/security-testing/dom0/fc20...
2018-04-05 16:11:42.234804 +0000 build-fedora3: Warning: Requested more delta workers than workers. This is insane. Limiting.
2018-04-05 16:11:42.710317 +0000 build-fedora3: --> Processing repo: /pub/qubes/repo/yum/r3.2/security-testing/dom0/fc23...
2018-04-05 16:11:42.800386 +0000 build-fedora3: Warning: Requested more delta workers than workers. This is insane. Limiting.
2018-04-05 16:12:00.889240 +0000 build-fedora3: --> Processing repo: /pub/qubes/repo/yum/r3.2/security-testing/vm/fc22...
2018-04-05 16:12:00.976933 +0000 build-fedora3: Warning: Requested more delta workers than workers. This is insane. Limiting.
2018-04-05 16:12:01.479762 +0000 build-fedora3: --> Processing repo: /pub/qubes/repo/yum/r3.2/security-testing/vm/fc23...
2018-04-05 16:12:01.568885 +0000 build-fedora3: Warning: Requested more delta workers than workers. This is insane. Limiting.
2018-04-05 16:12:11.273291 +0000 build-fedora3: --> Processing repo: /pub/qubes/repo/yum/r3.2/security-testing/vm/fc24...
2018-04-05 16:12:11.363101 +0000 build-fedora3: Warning: Requested more delta workers than workers. This is insane. Limiting.
2018-04-05 16:12:20.940572 +0000 build-fedora3: --> Processing repo: /pub/qubes/repo/yum/r3.2/security-testing/vm/fc25...
2018-04-05 16:12:21.031101 +0000 build-fedora3: Warning: Requested more delta workers than workers. This is insane. Limiting.
2018-04-05 16:12:30.692036 +0000 build-fedora3: --> Processing repo: /pub/qubes/repo/yum/r3.2/security-testing/vm/fc26...
2018-04-05 16:12:31.009893 +0000 build-fedora3: Warning: Requested more delta workers than workers. This is insane. Limiting.
2018-04-05 16:12:34.984547 +0000 build-fedora3: Done.
2018-04-05 16:12:34.990321 +0000 build-fedora3: ~/builder-r3.2/qubes-src/linux-yum
2018-04-05 16:12:34.996356 +0000 build-fedora3: Makefile:689: update target 'update-repo-current-testing' due to: internal-update-repo-current-testing.vm.fc25 post-update-repo-current-testing
2018-04-05 16:12:34.996482 +0000 build-fedora3: true
2018-04-05 16:12:35.006235 +0000 build-fedora3: > done
2018-04-05 16:12:35.006707 +0000 > closing log
