2018-05-21 16:47:33.976193 +0000 > starting log
2018-05-21 16:47:33.978666 +0000 build-fedora3: > starting build with log
2018-05-21 16:47:33.978710 +0000 build-fedora3: >> make args: update-repo-current
2018-05-21 16:47:33.978736 +0000 build-fedora3: >> MAKEFLAGS=
2018-05-21 16:47:33.978761 +0000 build-fedora3: >> COMPONENTS=gui-common
2018-05-21 16:47:33.978782 +0000 build-fedora3: >> DISTS_VM=
2018-05-21 16:47:33.978804 +0000 build-fedora3: >> DIST_DOM0=
2018-05-21 16:47:33.978830 +0000 build-fedora3: >> qubes-builder 1fce695a7c0f538360c25bf8aa6a77bf349fff4b
2018-05-21 16:47:33.978859 +0000 build-fedora3: >> qubes-builder/qubes-src/gui-common 86efcce2f7ec4c4fdfa0693a3dfa1ee20bb775ca
2018-05-21 16:47:33.978886 +0000 build-fedora3: !! pkgs/fc23/x86_64/qubes-gui-common-devel-3.2.0-1.fc23.x86_64.rpm
2018-05-21 16:47:33.978914 +0000 build-fedora3: !! pkgs/fc24/x86_64/qubes-gui-common-devel-3.2.0-1.fc24.x86_64.rpm
2018-05-21 16:47:33.978937 +0000 build-fedora3: !! pkgs/fc25/gui-common.spec.list
2018-05-21 16:47:33.978963 +0000 build-fedora3: !! pkgs/fc25/x86_64/qubes-gui-common-devel-3.2.0-1.fc25.x86_64.rpm
2018-05-21 16:47:33.978986 +0000 build-fedora3: !! pkgs/fc26/gui-common.spec.list
2018-05-21 16:47:33.979012 +0000 build-fedora3: !! pkgs/fc26/x86_64/qubes-gui-common-devel-3.2.0-1.fc26.x86_64.rpm
2018-05-21 16:47:33.979035 +0000 build-fedora3: !! pkgs/fc27/gui-common.spec.list
2018-05-21 16:47:33.979062 +0000 build-fedora3: !! pkgs/fc27/x86_64/qubes-gui-common-devel-3.2.0-1.fc27.x86_64.rpm
2018-05-21 16:47:33.979085 +0000 build-fedora3: !! pkgs/fc28/gui-common.spec.list
2018-05-21 16:47:33.979110 +0000 build-fedora3: !! pkgs/fc28/x86_64/qubes-gui-common-devel-3.2.0-1.fc28.x86_64.rpm
2018-05-21 16:47:33.979150 +0000 build-fedora3: c79b5136bf2083b20e398c00aaafcfdc0b801ecfd3500a1b33b64ff9bd4670f272e403139930a1237b8b4bba22fa088838e079a84584d5896b61b7fb5c8674a4  pkgs/fc23/x86_64/qubes-gui-common-devel-3.2.0-1.fc23.x86_64.rpm
2018-05-21 16:47:33.979192 +0000 build-fedora3: d1161623cde881da5c5a02d6a8d80579b924fa378790a57db67cfaadf2ff6a381ff06f514497a8bdaf7384cb3752388698d7862398af71d4ab8988291890df8f  pkgs/fc24/x86_64/qubes-gui-common-devel-3.2.0-1.fc24.x86_64.rpm
2018-05-21 16:47:33.979230 +0000 build-fedora3: 85bea2b340b575cf7a64b72a791616ec3c8397909372e03a4de1e08cf86835515f69d6f7661c51531adec2bfde9c472168a3e8153a7c273bc37eeff578288ceb  pkgs/fc25/gui-common.spec.list
2018-05-21 16:47:33.979270 +0000 build-fedora3: 330e087b04ed1785aa191436c94f11b38dc67e97e1b2126a71be59a330c833f3f6c77e1c43818548e5a91fde91e3f0f9d4ba813f8c39796bc8cb02871323cca3  pkgs/fc25/x86_64/qubes-gui-common-devel-3.2.0-1.fc25.x86_64.rpm
2018-05-21 16:47:33.979309 +0000 build-fedora3: 3357f621e612cfd108fa812ecf9294fc67f0b3bc481f7a6fd2bd9b3cfab0a66bfefc74162c366d680412924c542b52aa0850c6cb0a6fe096298de45bd8735e1b  pkgs/fc26/gui-common.spec.list
2018-05-21 16:47:33.979349 +0000 build-fedora3: 687fd45e46ebc3cbed93fa16ba961565ee9e9f79089898261e8682f400c718cd0ddf5a69484aff1e46587e89fa27b4d743acd3507c9187ecbcffbaf88ca1d620  pkgs/fc26/x86_64/qubes-gui-common-devel-3.2.0-1.fc26.x86_64.rpm
2018-05-21 16:47:33.979385 +0000 build-fedora3: b95ee6df730abca29c83893cebb34fea81228a8e94b24c5f36556dec3a595e2e3b12a0724c304bd26dd256da25cb7316053819769ccd50b911de1dde2750927c  pkgs/fc27/gui-common.spec.list
2018-05-21 16:47:33.979428 +0000 build-fedora3: be4c88537451d91a5186fb28d39f626d1ad554ef33dc097b0f1d261a370323b865387209cc2157a603796bf8c80091058fd637c17ceacb7b0ba867c59d9b5a67  pkgs/fc27/x86_64/qubes-gui-common-devel-3.2.0-1.fc27.x86_64.rpm
2018-05-21 16:47:33.979466 +0000 build-fedora3: 796c47455dfe8da53e989487bdd1b3abc2e58fe7dea8ca8ccbbf7abedaaaa88733bfe0a2e258a2be86bb150b2d0cd890553b51d9c0d616ba6f985920b3b2d10c  pkgs/fc28/gui-common.spec.list
2018-05-21 16:47:33.979507 +0000 build-fedora3: 5970d1e254faa51c1ee6b76a463d4e48ec979049974e493fdef2292c12cd526574bc7915c247251976ddfe2de74a66398dba31129b04b811ed6ccb24b186f233  pkgs/fc28/x86_64/qubes-gui-common-devel-3.2.0-1.fc28.x86_64.rpm
2018-05-21 16:47:34.110657 +0000 build-fedora3: ================================================================================
2018-05-21 16:47:34.110779 +0000 build-fedora3:                            B U I L D   I N F O                                  
2018-05-21 16:47:34.110967 +0000 build-fedora3: Items in red indicate it was automatically generated by configuration file(s)
2018-05-21 16:47:34.111027 +0000 build-fedora3: Items in white indicate it was automatically removed by configuration file(s)
2018-05-21 16:47:34.111073 +0000 build-fedora3: ================================================================================
2018-05-21 16:47:34.111116 +0000 build-fedora3: DISTS_VM:
2018-05-21 16:47:34.122013 +0000 build-fedora3:      fc25, fc26, fc27, fc28,
2018-05-21 16:47:34.124918 +0000 build-fedora3: DISTS_ALL:
2018-05-21 16:47:34.134111 +0000 build-fedora3:      fc25, fc26, fc27, fc28,
2018-05-21 16:47:34.136686 +0000 build-fedora3: DIST_DOM0:
2018-05-21 16:47:34.146797 +0000 build-fedora3:     
2018-05-21 16:47:34.149759 +0000 build-fedora3: BUILDER_PLUGINS:
2018-05-21 16:47:34.159693 +0000 build-fedora3:      builder-fedora, mgmt-salt, linux-yum, builder-github,
2018-05-21 16:47:34.162854 +0000 build-fedora3: COMPONENTS:
2018-05-21 16:47:34.173151 +0000 build-fedora3:      gui-common,
2018-05-21 16:47:34.176430 +0000 build-fedora3: GIT_REPOS:
2018-05-21 16:47:34.185480 +0000 build-fedora3:      qubes-src/gui-common,
2018-05-21 16:47:34.188058 +0000 build-fedora3: TEMPLATE:
2018-05-21 16:47:34.199107 +0000 build-fedora3:     
2018-05-21 16:47:34.201813 +0000 build-fedora3: TEMPLATE_FLAVOR_DIR:
2018-05-21 16:47:34.208733 +0000 build-fedora3:     
2018-05-21 16:47:34.213443 +0000 build-fedora3: TEMPLATE_ALIAS:
2018-05-21 16:47:34.226858 +0000 build-fedora3:      jessie:jessie+standard, jessie+gnome:jessie+gnome+standard, jessie+minimal:jessie+minimal+no-recommends,
2018-05-21 16:47:34.226929 +0000 build-fedora3:      stretch:stretch+standard, stretch+gnome:stretch+gnome+standard,
2018-05-21 16:47:34.226973 +0000 build-fedora3:      stretch+minimal:stretch+minimal+no-recommends,
2018-05-21 16:47:34.227004 +0000 build-fedora3: TEMPLATE_LABEL:
2018-05-21 16:47:34.237417 +0000 build-fedora3:      fc25:fedora-25, fc26:fedora-26, fc20:fedora-20 fc21:fedora-21 fc22:fedora-22 fc23:fedora-23 fc24:fedora-24
2018-05-21 16:47:34.237493 +0000 build-fedora3:      fc20+minimal:fedora-20-minimal fc21+minimal:fedora-21-minimal fc23+minimal:fedora-23-minimal
2018-05-21 16:47:34.237537 +0000 build-fedora3:      fc24+minimal:fedora-24-minimal fc25+minimal:fedora-25-minimal fc26+minimal:fedora-26-minimal
2018-05-21 16:47:34.237572 +0000 build-fedora3:      fc25+xfce:fedora-25-xfce fc26+xfce:fedora-26-xfce wheezy:debian-7 wheezy+standard:debian-7
2018-05-21 16:47:34.237605 +0000 build-fedora3:      jessie:debian-8 jessie+standard:debian-8 stretch:debian-9 stretch+standard:debian-9 centos7:centos-7
2018-05-21 16:47:34.237654 +0000 build-fedora3:      centos7+minimal:centos-7-minimal
2018-05-21 16:47:34.320824 +0000 build-fedora3: > running make
2018-05-21 16:47:34.380400 +0000 build-fedora3: Makefile:721: target 'internal-update-repo-current.vm.fc25.gui-common' does not exist
2018-05-21 16:47:34.380468 +0000 build-fedora3: repo_base_var="LINUX_REPO_fc25_BASEDIR"; \
2018-05-21 16:47:34.380506 +0000 build-fedora3: if [ -n "${!repo_base_var}" ]; then \
2018-05-21 16:47:34.380538 +0000 build-fedora3: .repo_basedir="${!repo_base_var}"; \
2018-05-21 16:47:34.380562 +0000 build-fedora3: else \
2018-05-21 16:47:34.380589 +0000 build-fedora3: .repo_basedir="qubes-src/linux-yum/r3.2"; \
2018-05-21 16:47:34.380635 +0000 build-fedora3: fi; \
2018-05-21 16:47:34.380663 +0000 build-fedora3: if [ -r qubes-src/gui-common/Makefile.builder ]; then \
2018-05-21 16:47:34.380691 +0000 build-fedora3: .echo -n "Updating qubes-src/gui-common... "; \
2018-05-21 16:47:34.380716 +0000 build-fedora3: .if [ "0" -eq 1 ]; then \
2018-05-21 16:47:34.380745 +0000 build-fedora3: ..vtag=`git -C qubes-src/gui-common tag --points-at HEAD --list v*`; \
2018-05-21 16:47:34.380770 +0000 build-fedora3: ..if [ -z "$vtag" ]; then \
2018-05-21 16:47:34.380793 +0000 build-fedora3: ...echo "no version tag"; \
2018-05-21 16:47:34.380834 +0000 build-fedora3: ...exit 0; \
2018-05-21 16:47:34.380855 +0000 build-fedora3: ..fi; \
2018-05-21 16:47:34.380875 +0000 build-fedora3: .fi; \
2018-05-21 16:47:34.380916 +0000 build-fedora3: .component_packages=$(MAKEFLAGS= make -s -f Makefile.generic DIST=fc25 PACKAGE_SET=vm COMPONENT=`basename qubes-src/gui-common` UPDATE_REPO=/home/user/builder-r3.2/$repo_basedir/current/vm/fc25 get-var GET_VAR=PACKAGE_LIST); \
2018-05-21 16:47:34.380945 +0000 build-fedora3: .if [ -z "$component_packages" ]; then \
2018-05-21 16:47:34.380970 +0000 build-fedora3: ..echo "no packages."; \
2018-05-21 16:47:34.380991 +0000 build-fedora3: ..exit 0; \
2018-05-21 16:47:34.381010 +0000 build-fedora3: .fi; \
2018-05-21 16:47:34.381036 +0000 build-fedora3: .make -s -f Makefile.generic DIST=fc25 PACKAGE_SET=vm \
2018-05-21 16:47:34.381064 +0000 build-fedora3: ..COMPONENT=`basename qubes-src/gui-common` \
2018-05-21 16:47:34.381089 +0000 build-fedora3: ..SNAPSHOT_REPO=current-testing \
2018-05-21 16:47:34.381111 +0000 build-fedora3: ..TARGET_REPO=current \
2018-05-21 16:47:34.381137 +0000 build-fedora3: ..UPDATE_REPO=/home/user/builder-r3.2/$repo_basedir/current/vm/fc25 \
2018-05-21 16:47:34.381168 +0000 build-fedora3: ..SNAPSHOT_FILE=/home/user/builder-r3.2/repo-latest-snapshot/current-testing-vm-fc25-`basename qubes-src/gui-common` \
2018-05-21 16:47:34.381192 +0000 build-fedora3: ..BUILD_LOG_URL= \
2018-05-21 16:47:34.381219 +0000 build-fedora3: ..update-repo-from-snapshot || exit 1; \
2018-05-21 16:47:34.381250 +0000 build-fedora3: elif make -C qubes-src/gui-common -n update-repo-current >/dev/null 2>/dev/null; then \
2018-05-21 16:47:34.381276 +0000 build-fedora3: .echo "Updating qubes-src/gui-common... "; \
2018-05-21 16:47:34.381303 +0000 build-fedora3: .make -s -C qubes-src/gui-common update-repo-current || exit 1; \
2018-05-21 16:47:34.381323 +0000 build-fedora3: else \
2018-05-21 16:47:34.381347 +0000 build-fedora3: .echo -n "Updating qubes-src/gui-common... skipping."; \
2018-05-21 16:47:34.381366 +0000 build-fedora3: fi; \
2018-05-21 16:47:34.381383 +0000 build-fedora3: echo
2018-05-21 16:47:34.430434 +0000 build-fedora3: Updating qubes-src/gui-common... + ERR_OUTPUT=/dev/stderr
2018-05-21 16:47:34.430517 +0000 build-fedora3: + '[' 2 -lt 2 ']'
2018-05-21 16:47:34.430569 +0000 build-fedora3: ++ basename qubes-src/gui-common/rpm_spec/gui-common.spec.in
2018-05-21 16:47:34.430649 +0000 build-fedora3: + [[ xgui-common.spec.in == \x\.\i\n ]]
2018-05-21 16:47:34.430689 +0000 build-fedora3: + '[' -r qubes-src/gui-common/rpm_spec/gui-common.spec.in ']'
2018-05-21 16:47:34.430727 +0000 build-fedora3: + rpm -q --qf '%{NAME}-%{VERSION}.tar.gz\n' --specfile qubes-src/gui-common/rpm_spec/gui-common.spec
2018-05-21 16:47:34.517068 +0000 build-fedora3: warning: Macro %version defined but not used within scope
2018-05-21 16:47:34.526821 +0000 build-fedora3: cat: version: No such file or directory
2018-05-21 16:47:34.528124 +0000 build-fedora3: error: line 28: Empty tag: Version:
2018-05-21 16:47:34.528201 +0000 build-fedora3: error: query of specfile qubes-src/gui-common/rpm_spec/gui-common.spec failed, can't parse
2018-05-21 16:47:34.554620 +0000 build-fedora3: + ERR_OUTPUT=/dev/stderr
2018-05-21 16:47:34.554704 +0000 build-fedora3: + '[' 2 -lt 2 ']'
2018-05-21 16:47:34.560389 +0000 build-fedora3: ++ basename qubes-src/gui-common/rpm_spec/gui-common.spec.in
2018-05-21 16:47:34.563756 +0000 build-fedora3: + [[ xgui-common.spec.in == \x\.\i\n ]]
2018-05-21 16:47:34.563956 +0000 build-fedora3: + '[' -r qubes-src/gui-common/rpm_spec/gui-common.spec.in ']'
2018-05-21 16:47:34.564014 +0000 build-fedora3: + rpm -q --qf '%{NAME}-%{VERSION}.tar.gz\n' --specfile qubes-src/gui-common/rpm_spec/gui-common.spec
2018-05-21 16:47:34.621089 +0000 build-fedora3: warning: Macro %version defined but not used within scope
2018-05-21 16:47:34.630659 +0000 build-fedora3: cat: version: No such file or directory
2018-05-21 16:47:34.632164 +0000 build-fedora3: error: line 28: Empty tag: Version:
2018-05-21 16:47:34.632250 +0000 build-fedora3: error: query of specfile qubes-src/gui-common/rpm_spec/gui-common.spec failed, can't parse
2018-05-21 16:47:34.691962 +0000 build-fedora3: + ERR_OUTPUT=/dev/stderr
2018-05-21 16:47:34.692018 +0000 build-fedora3: + '[' 2 -lt 2 ']'
2018-05-21 16:47:34.693417 +0000 build-fedora3: ++ basename qubes-src/gui-common/rpm_spec/gui-common.spec.in
2018-05-21 16:47:34.698126 +0000 build-fedora3: + [[ xgui-common.spec.in == \x\.\i\n ]]
2018-05-21 16:47:34.698184 +0000 build-fedora3: + '[' -r qubes-src/gui-common/rpm_spec/gui-common.spec.in ']'
2018-05-21 16:47:34.698219 +0000 build-fedora3: + rpm -q --qf '%{NAME}-%{VERSION}.tar.gz\n' --specfile qubes-src/gui-common/rpm_spec/gui-common.spec
2018-05-21 16:47:34.778027 +0000 build-fedora3: warning: Macro %version defined but not used within scope
2018-05-21 16:47:34.792377 +0000 build-fedora3: cat: version: No such file or directory
2018-05-21 16:47:34.794936 +0000 build-fedora3: error: line 28: Empty tag: Version:
2018-05-21 16:47:34.795014 +0000 build-fedora3: error: query of specfile qubes-src/gui-common/rpm_spec/gui-common.spec failed, can't parse
2018-05-21 16:47:34.806521 +0000 build-fedora3: Makefile.generic:198: target 'update-repo-date-check' does not exist
2018-05-21 16:47:34.806590 +0000 build-fedora3: if ! [ -r /home/user/builder-r3.2/repo-latest-snapshot/current-testing-vm-fc25-gui-common ]; then \
2018-05-21 16:47:34.806673 +0000 build-fedora3: .echo "`tput bold`*** Packages weren't uploaded to current-testing! ***`tput sgr0`"; \
2018-05-21 16:47:34.806702 +0000 build-fedora3: .exit 1; \
2018-05-21 16:47:34.806726 +0000 build-fedora3: fi
2018-05-21 16:47:34.843388 +0000 build-fedora3: + ERR_OUTPUT=/dev/stderr
2018-05-21 16:47:34.843444 +0000 build-fedora3: + '[' 2 -lt 2 ']'
2018-05-21 16:47:34.846083 +0000 build-fedora3: ++ basename qubes-src/gui-common/rpm_spec/gui-common.spec.in
2018-05-21 16:47:34.849934 +0000 build-fedora3: + [[ xgui-common.spec.in == \x\.\i\n ]]
2018-05-21 16:47:34.849993 +0000 build-fedora3: + '[' -r qubes-src/gui-common/rpm_spec/gui-common.spec.in ']'
2018-05-21 16:47:34.850030 +0000 build-fedora3: + rpm -q --qf '%{NAME}-%{VERSION}.tar.gz\n' --specfile qubes-src/gui-common/rpm_spec/gui-common.spec
2018-05-21 16:47:34.912176 +0000 build-fedora3: warning: Macro %version defined but not used within scope
2018-05-21 16:47:34.923861 +0000 build-fedora3: cat: version: No such file or directory
2018-05-21 16:47:34.926265 +0000 build-fedora3: error: line 28: Empty tag: Version:
2018-05-21 16:47:34.926329 +0000 build-fedora3: error: query of specfile qubes-src/gui-common/rpm_spec/gui-common.spec failed, can't parse
2018-05-21 16:47:34.939345 +0000 build-fedora3: touch -t `date -d "7 days ago" +%Y%m%d%H%M` /tmp/age-compare-file
2018-05-21 16:47:34.954778 +0000 build-fedora3: if ! [ /home/user/builder-r3.2/repo-latest-snapshot/current-testing-vm-fc25-gui-common -ot /tmp/age-compare-file ]; then \
2018-05-21 16:47:34.954840 +0000 build-fedora3: .echo "`tput bold`*** Packages weren't in current-testing for at least 7 days! ***`tput sgr0`"; \
2018-05-21 16:47:34.954867 +0000 build-fedora3: .exit 1; \
2018-05-21 16:47:34.954888 +0000 build-fedora3: fi
2018-05-21 16:47:34.960587 +0000 build-fedora3: rm -f /tmp/age-compare-file
2018-05-21 16:47:34.977942 +0000 build-fedora3: /home/user/builder-r3.2/qubes-src/builder-fedora/Makefile.rpmbuilder:154: target 'update-repo-from-snapshot-do' does not exist
2018-05-21 16:47:34.978017 +0000 build-fedora3: for f in pkgs/fc25/x86_64/qubes-gui-common-devel-3.2.0-1.fc25.x86_64.rpm; do \
2018-05-21 16:47:34.978072 +0000 build-fedora3: .ln -f /home/user/builder-r3.2/qubes-src/linux-yum/r3.2/current-testing/vm/fc25/rpm/`basename $f` /home/user/builder-r3.2/qubes-src/linux-yum/r3.2/current/vm/fc25/rpm/ || exit 1; \
2018-05-21 16:47:34.978106 +0000 build-fedora3: done
2018-05-21 16:47:35.008667 +0000 build-fedora3: + ERR_OUTPUT=/dev/stderr
2018-05-21 16:47:35.008751 +0000 build-fedora3: + '[' 2 -lt 2 ']'
2018-05-21 16:47:35.009994 +0000 build-fedora3: ++ basename qubes-src/gui-common/rpm_spec/gui-common.spec.in
2018-05-21 16:47:35.014730 +0000 build-fedora3: + [[ xgui-common.spec.in == \x\.\i\n ]]
2018-05-21 16:47:35.014810 +0000 build-fedora3: + '[' -r qubes-src/gui-common/rpm_spec/gui-common.spec.in ']'
2018-05-21 16:47:35.014866 +0000 build-fedora3: + rpm -q --qf '%{NAME}-%{VERSION}.tar.gz\n' --specfile qubes-src/gui-common/rpm_spec/gui-common.spec
2018-05-21 16:47:35.072986 +0000 build-fedora3: warning: Macro %version defined but not used within scope
2018-05-21 16:47:35.083617 +0000 build-fedora3: cat: version: No such file or directory
2018-05-21 16:47:35.085289 +0000 build-fedora3: error: line 28: Empty tag: Version:
2018-05-21 16:47:35.085362 +0000 build-fedora3: error: query of specfile qubes-src/gui-common/rpm_spec/gui-common.spec failed, can't parse
2018-05-21 16:47:35.164731 +0000 build-fedora3: /home/user/builder-r3.2/qubes-src/builder-github//Makefile.github:21: target 'notify-github' does not exist
2018-05-21 16:47:35.164791 +0000 build-fedora3: [ -z "qubes-gui-common-devel-3.2.0-1.fc25" ] || /home/user/builder-r3.2/qubes-src/builder-github//notify-issues \
2018-05-21 16:47:35.164819 +0000 build-fedora3: .--build-log="" \
2018-05-21 16:47:35.164842 +0000 build-fedora3: ."r3.2" \
2018-05-21 16:47:35.164864 +0000 build-fedora3: ."current" \
2018-05-21 16:47:35.164889 +0000 build-fedora3: ."qubes-src/gui-common" \
2018-05-21 16:47:35.164914 +0000 build-fedora3: ."qubes-gui-common-devel-3.2.0-1.fc25" \
2018-05-21 16:47:35.164938 +0000 build-fedora3: ."fc25" \
2018-05-21 16:47:35.164961 +0000 build-fedora3: ."vm" \
2018-05-21 16:47:35.164987 +0000 build-fedora3: ."/home/user/github-notify-state/r3.2-gui-common-vm-fc25-current"
2018-05-21 16:47:35.205654 +0000 build-fedora3: + ERR_OUTPUT=/dev/stderr
2018-05-21 16:47:35.205729 +0000 build-fedora3: + '[' 2 -lt 2 ']'
2018-05-21 16:47:35.212363 +0000 build-fedora3: ++ basename qubes-src/gui-common/rpm_spec/gui-common.spec.in
2018-05-21 16:47:35.215230 +0000 build-fedora3: + [[ xgui-common.spec.in == \x\.\i\n ]]
2018-05-21 16:47:35.215291 +0000 build-fedora3: + '[' -r qubes-src/gui-common/rpm_spec/gui-common.spec.in ']'
2018-05-21 16:47:35.215326 +0000 build-fedora3: + rpm -q --qf '%{NAME}-%{VERSION}.tar.gz\n' --specfile qubes-src/gui-common/rpm_spec/gui-common.spec
2018-05-21 16:47:35.278550 +0000 build-fedora3: warning: Macro %version defined but not used within scope
2018-05-21 16:47:35.288402 +0000 build-fedora3: cat: version: No such file or directory
2018-05-21 16:47:35.289692 +0000 build-fedora3: error: line 28: Empty tag: Version:
2018-05-21 16:47:35.289774 +0000 build-fedora3: error: query of specfile qubes-src/gui-common/rpm_spec/gui-common.spec failed, can't parse
2018-05-21 16:47:41.933281 +0000 build-fedora3: WARNING: /home/user/github-notify-state/r3.2-gui-common-vm-fc25-current does not exist, initializing with the current state
2018-05-21 16:47:41.940089 +0000 build-fedora3: 
2018-05-21 16:47:41.942676 +0000 build-fedora3: Makefile:700: update target 'internal-update-repo-current.vm.fc25' due to: internal-update-repo-current.vm.fc25.gui-common
2018-05-21 16:47:41.942755 +0000 build-fedora3: true
2018-05-21 16:47:41.946240 +0000 build-fedora3: Makefile:721: target 'internal-update-repo-current.vm.fc26.gui-common' does not exist
2018-05-21 16:47:41.946297 +0000 build-fedora3: repo_base_var="LINUX_REPO_fc26_BASEDIR"; \
2018-05-21 16:47:41.946325 +0000 build-fedora3: if [ -n "${!repo_base_var}" ]; then \
2018-05-21 16:47:41.946351 +0000 build-fedora3: .repo_basedir="${!repo_base_var}"; \
2018-05-21 16:47:41.946378 +0000 build-fedora3: else \
2018-05-21 16:47:41.946410 +0000 build-fedora3: .repo_basedir="qubes-src/linux-yum/r3.2"; \
2018-05-21 16:47:41.946431 +0000 build-fedora3: fi; \
2018-05-21 16:47:41.946456 +0000 build-fedora3: if [ -r qubes-src/gui-common/Makefile.builder ]; then \
2018-05-21 16:47:41.946481 +0000 build-fedora3: .echo -n "Updating qubes-src/gui-common... "; \
2018-05-21 16:47:41.946503 +0000 build-fedora3: .if [ "0" -eq 1 ]; then \
2018-05-21 16:47:41.946529 +0000 build-fedora3: ..vtag=`git -C qubes-src/gui-common tag --points-at HEAD --list v*`; \
2018-05-21 16:47:41.946571 +0000 build-fedora3: ..if [ -z "$vtag" ]; then \
2018-05-21 16:47:41.946594 +0000 build-fedora3: ...echo "no version tag"; \
2018-05-21 16:47:41.946635 +0000 build-fedora3: ...exit 0; \
2018-05-21 16:47:41.946657 +0000 build-fedora3: ..fi; \
2018-05-21 16:47:41.946678 +0000 build-fedora3: .fi; \
2018-05-21 16:47:41.946722 +0000 build-fedora3: .component_packages=$(MAKEFLAGS= make -s -f Makefile.generic DIST=fc26 PACKAGE_SET=vm COMPONENT=`basename qubes-src/gui-common` UPDATE_REPO=/home/user/builder-r3.2/$repo_basedir/current/vm/fc26 get-var GET_VAR=PACKAGE_LIST); \
2018-05-21 16:47:41.946748 +0000 build-fedora3: .if [ -z "$component_packages" ]; then \
2018-05-21 16:47:41.946770 +0000 build-fedora3: ..echo "no packages."; \
2018-05-21 16:47:41.946791 +0000 build-fedora3: ..exit 0; \
2018-05-21 16:47:41.946811 +0000 build-fedora3: .fi; \
2018-05-21 16:47:41.946836 +0000 build-fedora3: .make -s -f Makefile.generic DIST=fc26 PACKAGE_SET=vm \
2018-05-21 16:47:41.946861 +0000 build-fedora3: ..COMPONENT=`basename qubes-src/gui-common` \
2018-05-21 16:47:41.946886 +0000 build-fedora3: ..SNAPSHOT_REPO=current-testing \
2018-05-21 16:47:41.946910 +0000 build-fedora3: ..TARGET_REPO=current \
2018-05-21 16:47:41.946937 +0000 build-fedora3: ..UPDATE_REPO=/home/user/builder-r3.2/$repo_basedir/current/vm/fc26 \
2018-05-21 16:47:41.946970 +0000 build-fedora3: ..SNAPSHOT_FILE=/home/user/builder-r3.2/repo-latest-snapshot/current-testing-vm-fc26-`basename qubes-src/gui-common` \
2018-05-21 16:47:41.946992 +0000 build-fedora3: ..BUILD_LOG_URL= \
2018-05-21 16:47:41.947015 +0000 build-fedora3: ..update-repo-from-snapshot || exit 1; \
2018-05-21 16:47:41.947048 +0000 build-fedora3: elif make -C qubes-src/gui-common -n update-repo-current >/dev/null 2>/dev/null; then \
2018-05-21 16:47:41.947074 +0000 build-fedora3: .echo "Updating qubes-src/gui-common... "; \
2018-05-21 16:47:41.947101 +0000 build-fedora3: .make -s -C qubes-src/gui-common update-repo-current || exit 1; \
2018-05-21 16:47:41.947123 +0000 build-fedora3: else \
2018-05-21 16:47:41.947149 +0000 build-fedora3: .echo -n "Updating qubes-src/gui-common... skipping."; \
2018-05-21 16:47:41.947170 +0000 build-fedora3: fi; \
2018-05-21 16:47:41.947189 +0000 build-fedora3: echo
2018-05-21 16:47:41.979514 +0000 build-fedora3: Updating qubes-src/gui-common... + ERR_OUTPUT=/dev/stderr
2018-05-21 16:47:41.979569 +0000 build-fedora3: + '[' 2 -lt 2 ']'
2018-05-21 16:47:41.982068 +0000 build-fedora3: ++ basename qubes-src/gui-common/rpm_spec/gui-common.spec.in
2018-05-21 16:47:41.984593 +0000 build-fedora3: + [[ xgui-common.spec.in == \x\.\i\n ]]
2018-05-21 16:47:41.984669 +0000 build-fedora3: + '[' -r qubes-src/gui-common/rpm_spec/gui-common.spec.in ']'
2018-05-21 16:47:41.984704 +0000 build-fedora3: + rpm -q --qf '%{NAME}-%{VERSION}.tar.gz\n' --specfile qubes-src/gui-common/rpm_spec/gui-common.spec
2018-05-21 16:47:42.045150 +0000 build-fedora3: warning: Macro %version defined but not used within scope
2018-05-21 16:47:42.055568 +0000 build-fedora3: cat: version: No such file or directory
2018-05-21 16:47:42.055645 +0000 build-fedora3: error: line 28: Empty tag: Version:
2018-05-21 16:47:42.055680 +0000 build-fedora3: error: query of specfile qubes-src/gui-common/rpm_spec/gui-common.spec failed, can't parse
2018-05-21 16:47:42.083892 +0000 build-fedora3: + ERR_OUTPUT=/dev/stderr
2018-05-21 16:47:42.083947 +0000 build-fedora3: + '[' 2 -lt 2 ']'
2018-05-21 16:47:42.087535 +0000 build-fedora3: ++ basename qubes-src/gui-common/rpm_spec/gui-common.spec.in
2018-05-21 16:47:42.092625 +0000 build-fedora3: + [[ xgui-common.spec.in == \x\.\i\n ]]
2018-05-21 16:47:42.092736 +0000 build-fedora3: + '[' -r qubes-src/gui-common/rpm_spec/gui-common.spec.in ']'
2018-05-21 16:47:42.092793 +0000 build-fedora3: + rpm -q --qf '%{NAME}-%{VERSION}.tar.gz\n' --specfile qubes-src/gui-common/rpm_spec/gui-common.spec
2018-05-21 16:47:42.145882 +0000 build-fedora3: warning: Macro %version defined but not used within scope
2018-05-21 16:47:42.193572 +0000 build-fedora3: cat: version: No such file or directory
2018-05-21 16:47:42.193664 +0000 build-fedora3: error: line 28: Empty tag: Version:
2018-05-21 16:47:42.193701 +0000 build-fedora3: error: query of specfile qubes-src/gui-common/rpm_spec/gui-common.spec failed, can't parse
2018-05-21 16:47:42.242958 +0000 build-fedora3: + ERR_OUTPUT=/dev/stderr
2018-05-21 16:47:42.243018 +0000 build-fedora3: + '[' 2 -lt 2 ']'
2018-05-21 16:47:42.243164 +0000 build-fedora3: ++ basename qubes-src/gui-common/rpm_spec/gui-common.spec.in
2018-05-21 16:47:42.246725 +0000 build-fedora3: + [[ xgui-common.spec.in == \x\.\i\n ]]
2018-05-21 16:47:42.246784 +0000 build-fedora3: + '[' -r qubes-src/gui-common/rpm_spec/gui-common.spec.in ']'
2018-05-21 16:47:42.246820 +0000 build-fedora3: + rpm -q --qf '%{NAME}-%{VERSION}.tar.gz\n' --specfile qubes-src/gui-common/rpm_spec/gui-common.spec
2018-05-21 16:47:42.303492 +0000 build-fedora3: warning: Macro %version defined but not used within scope
2018-05-21 16:47:42.313222 +0000 build-fedora3: cat: version: No such file or directory
2018-05-21 16:47:42.313764 +0000 build-fedora3: error: line 28: Empty tag: Version:
2018-05-21 16:47:42.313962 +0000 build-fedora3: error: query of specfile qubes-src/gui-common/rpm_spec/gui-common.spec failed, can't parse
2018-05-21 16:47:42.322937 +0000 build-fedora3: Makefile.generic:198: target 'update-repo-date-check' does not exist
2018-05-21 16:47:42.323001 +0000 build-fedora3: if ! [ -r /home/user/builder-r3.2/repo-latest-snapshot/current-testing-vm-fc26-gui-common ]; then \
2018-05-21 16:47:42.323038 +0000 build-fedora3: .echo "`tput bold`*** Packages weren't uploaded to current-testing! ***`tput sgr0`"; \
2018-05-21 16:47:42.323068 +0000 build-fedora3: .exit 1; \
2018-05-21 16:47:42.323092 +0000 build-fedora3: fi
2018-05-21 16:47:42.352790 +0000 build-fedora3: + ERR_OUTPUT=/dev/stderr
2018-05-21 16:47:42.352848 +0000 build-fedora3: + '[' 2 -lt 2 ']'
2018-05-21 16:47:42.355350 +0000 build-fedora3: ++ basename qubes-src/gui-common/rpm_spec/gui-common.spec.in
2018-05-21 16:47:42.358706 +0000 build-fedora3: + [[ xgui-common.spec.in == \x\.\i\n ]]
2018-05-21 16:47:42.358769 +0000 build-fedora3: + '[' -r qubes-src/gui-common/rpm_spec/gui-common.spec.in ']'
2018-05-21 16:47:42.358806 +0000 build-fedora3: + rpm -q --qf '%{NAME}-%{VERSION}.tar.gz\n' --specfile qubes-src/gui-common/rpm_spec/gui-common.spec
2018-05-21 16:47:42.421738 +0000 build-fedora3: warning: Macro %version defined but not used within scope
2018-05-21 16:47:42.430088 +0000 build-fedora3: cat: version: No such file or directory
2018-05-21 16:47:42.430158 +0000 build-fedora3: error: line 28: Empty tag: Version:
2018-05-21 16:47:42.430201 +0000 build-fedora3: error: query of specfile qubes-src/gui-common/rpm_spec/gui-common.spec failed, can't parse
2018-05-21 16:47:42.444967 +0000 build-fedora3: touch -t `date -d "7 days ago" +%Y%m%d%H%M` /tmp/age-compare-file
2018-05-21 16:47:42.465422 +0000 build-fedora3: if ! [ /home/user/builder-r3.2/repo-latest-snapshot/current-testing-vm-fc26-gui-common -ot /tmp/age-compare-file ]; then \
2018-05-21 16:47:42.465486 +0000 build-fedora3: .echo "`tput bold`*** Packages weren't in current-testing for at least 7 days! ***`tput sgr0`"; \
2018-05-21 16:47:42.465516 +0000 build-fedora3: .exit 1; \
2018-05-21 16:47:42.465540 +0000 build-fedora3: fi
2018-05-21 16:47:42.465565 +0000 build-fedora3: rm -f /tmp/age-compare-file
2018-05-21 16:47:42.482001 +0000 build-fedora3: /home/user/builder-r3.2/qubes-src/builder-fedora/Makefile.rpmbuilder:154: target 'update-repo-from-snapshot-do' does not exist
2018-05-21 16:47:42.482068 +0000 build-fedora3: for f in pkgs/fc26/x86_64/qubes-gui-common-devel-3.2.0-1.fc26.x86_64.rpm; do \
2018-05-21 16:47:42.482115 +0000 build-fedora3: .ln -f /home/user/builder-r3.2/qubes-src/linux-yum/r3.2/current-testing/vm/fc26/rpm/`basename $f` /home/user/builder-r3.2/qubes-src/linux-yum/r3.2/current/vm/fc26/rpm/ || exit 1; \
2018-05-21 16:47:42.482139 +0000 build-fedora3: done
2018-05-21 16:47:42.507368 +0000 build-fedora3: + ERR_OUTPUT=/dev/stderr
2018-05-21 16:47:42.507428 +0000 build-fedora3: + '[' 2 -lt 2 ']'
2018-05-21 16:47:42.509903 +0000 build-fedora3: ++ basename qubes-src/gui-common/rpm_spec/gui-common.spec.in
2018-05-21 16:47:42.512966 +0000 build-fedora3: + [[ xgui-common.spec.in == \x\.\i\n ]]
2018-05-21 16:47:42.513033 +0000 build-fedora3: + '[' -r qubes-src/gui-common/rpm_spec/gui-common.spec.in ']'
2018-05-21 16:47:42.513081 +0000 build-fedora3: + rpm -q --qf '%{NAME}-%{VERSION}.tar.gz\n' --specfile qubes-src/gui-common/rpm_spec/gui-common.spec
2018-05-21 16:47:42.573443 +0000 build-fedora3: warning: Macro %version defined but not used within scope
2018-05-21 16:47:42.583732 +0000 build-fedora3: cat: version: No such file or directory
2018-05-21 16:47:42.583789 +0000 build-fedora3: error: line 28: Empty tag: Version:
2018-05-21 16:47:42.583826 +0000 build-fedora3: error: query of specfile qubes-src/gui-common/rpm_spec/gui-common.spec failed, can't parse
2018-05-21 16:47:42.660995 +0000 build-fedora3: /home/user/builder-r3.2/qubes-src/builder-github//Makefile.github:21: target 'notify-github' does not exist
2018-05-21 16:47:42.661065 +0000 build-fedora3: [ -z "qubes-gui-common-devel-3.2.0-1.fc26" ] || /home/user/builder-r3.2/qubes-src/builder-github//notify-issues \
2018-05-21 16:47:42.661096 +0000 build-fedora3: .--build-log="" \
2018-05-21 16:47:42.661120 +0000 build-fedora3: ."r3.2" \
2018-05-21 16:47:42.661143 +0000 build-fedora3: ."current" \
2018-05-21 16:47:42.661167 +0000 build-fedora3: ."qubes-src/gui-common" \
2018-05-21 16:47:42.661192 +0000 build-fedora3: ."qubes-gui-common-devel-3.2.0-1.fc26" \
2018-05-21 16:47:42.661213 +0000 build-fedora3: ."fc26" \
2018-05-21 16:47:42.661235 +0000 build-fedora3: ."vm" \
2018-05-21 16:47:42.661263 +0000 build-fedora3: ."/home/user/github-notify-state/r3.2-gui-common-vm-fc26-current"
2018-05-21 16:47:42.704072 +0000 build-fedora3: + ERR_OUTPUT=/dev/stderr
2018-05-21 16:47:42.704131 +0000 build-fedora3: + '[' 2 -lt 2 ']'
2018-05-21 16:47:42.706065 +0000 build-fedora3: ++ basename qubes-src/gui-common/rpm_spec/gui-common.spec.in
2018-05-21 16:47:42.709712 +0000 build-fedora3: + [[ xgui-common.spec.in == \x\.\i\n ]]
2018-05-21 16:47:42.709773 +0000 build-fedora3: + '[' -r qubes-src/gui-common/rpm_spec/gui-common.spec.in ']'
2018-05-21 16:47:42.709811 +0000 build-fedora3: + rpm -q --qf '%{NAME}-%{VERSION}.tar.gz\n' --specfile qubes-src/gui-common/rpm_spec/gui-common.spec
2018-05-21 16:47:42.766556 +0000 build-fedora3: warning: Macro %version defined but not used within scope
2018-05-21 16:47:42.778416 +0000 build-fedora3: cat: version: No such file or directory
2018-05-21 16:47:42.778473 +0000 build-fedora3: error: line 28: Empty tag: Version:
2018-05-21 16:47:42.778509 +0000 build-fedora3: error: query of specfile qubes-src/gui-common/rpm_spec/gui-common.spec failed, can't parse
2018-05-21 16:47:48.992190 +0000 build-fedora3: 
2018-05-21 16:47:48.992684 +0000 build-fedora3: Makefile:700: update target 'internal-update-repo-current.vm.fc26' due to: internal-update-repo-current.vm.fc26.gui-common
2018-05-21 16:47:48.992731 +0000 build-fedora3: true
2018-05-21 16:47:48.996663 +0000 build-fedora3: Makefile:721: target 'internal-update-repo-current.vm.fc27.gui-common' does not exist
2018-05-21 16:47:48.996746 +0000 build-fedora3: repo_base_var="LINUX_REPO_fc27_BASEDIR"; \
2018-05-21 16:47:48.996777 +0000 build-fedora3: if [ -n "${!repo_base_var}" ]; then \
2018-05-21 16:47:48.996806 +0000 build-fedora3: .repo_basedir="${!repo_base_var}"; \
2018-05-21 16:47:48.996829 +0000 build-fedora3: else \
2018-05-21 16:47:48.996857 +0000 build-fedora3: .repo_basedir="qubes-src/linux-yum/r3.2"; \
2018-05-21 16:47:48.996878 +0000 build-fedora3: fi; \
2018-05-21 16:47:48.996904 +0000 build-fedora3: if [ -r qubes-src/gui-common/Makefile.builder ]; then \
2018-05-21 16:47:48.996929 +0000 build-fedora3: .echo -n "Updating qubes-src/gui-common... "; \
2018-05-21 16:47:48.996952 +0000 build-fedora3: .if [ "0" -eq 1 ]; then \
2018-05-21 16:47:48.996978 +0000 build-fedora3: ..vtag=`git -C qubes-src/gui-common tag --points-at HEAD --list v*`; \
2018-05-21 16:47:48.997001 +0000 build-fedora3: ..if [ -z "$vtag" ]; then \
2018-05-21 16:47:48.997047 +0000 build-fedora3: ...echo "no version tag"; \
2018-05-21 16:47:48.997069 +0000 build-fedora3: ...exit 0; \
2018-05-21 16:47:48.997091 +0000 build-fedora3: ..fi; \
2018-05-21 16:47:48.997113 +0000 build-fedora3: .fi; \
2018-05-21 16:47:48.997153 +0000 build-fedora3: .component_packages=$(MAKEFLAGS= make -s -f Makefile.generic DIST=fc27 PACKAGE_SET=vm COMPONENT=`basename qubes-src/gui-common` UPDATE_REPO=/home/user/builder-r3.2/$repo_basedir/current/vm/fc27 get-var GET_VAR=PACKAGE_LIST); \
2018-05-21 16:47:48.997182 +0000 build-fedora3: .if [ -z "$component_packages" ]; then \
2018-05-21 16:47:48.997204 +0000 build-fedora3: ..echo "no packages."; \
2018-05-21 16:47:48.997225 +0000 build-fedora3: ..exit 0; \
2018-05-21 16:47:48.997246 +0000 build-fedora3: .fi; \
2018-05-21 16:47:48.997273 +0000 build-fedora3: .make -s -f Makefile.generic DIST=fc27 PACKAGE_SET=vm \
2018-05-21 16:47:48.997299 +0000 build-fedora3: ..COMPONENT=`basename qubes-src/gui-common` \
2018-05-21 16:47:48.997323 +0000 build-fedora3: ..SNAPSHOT_REPO=current-testing \
2018-05-21 16:47:48.997344 +0000 build-fedora3: ..TARGET_REPO=current \
2018-05-21 16:47:48.997374 +0000 build-fedora3: ..UPDATE_REPO=/home/user/builder-r3.2/$repo_basedir/current/vm/fc27 \
2018-05-21 16:47:48.997408 +0000 build-fedora3: ..SNAPSHOT_FILE=/home/user/builder-r3.2/repo-latest-snapshot/current-testing-vm-fc27-`basename qubes-src/gui-common` \
2018-05-21 16:47:48.997432 +0000 build-fedora3: ..BUILD_LOG_URL= \
2018-05-21 16:47:48.997456 +0000 build-fedora3: ..update-repo-from-snapshot || exit 1; \
2018-05-21 16:47:48.997486 +0000 build-fedora3: elif make -C qubes-src/gui-common -n update-repo-current >/dev/null 2>/dev/null; then \
2018-05-21 16:47:48.997513 +0000 build-fedora3: .echo "Updating qubes-src/gui-common... "; \
2018-05-21 16:47:48.997541 +0000 build-fedora3: .make -s -C qubes-src/gui-common update-repo-current || exit 1; \
2018-05-21 16:47:48.997567 +0000 build-fedora3: else \
2018-05-21 16:47:48.997591 +0000 build-fedora3: .echo -n "Updating qubes-src/gui-common... skipping."; \
2018-05-21 16:47:48.997709 +0000 build-fedora3: fi; \
2018-05-21 16:47:48.997734 +0000 build-fedora3: echo
2018-05-21 16:47:49.025540 +0000 build-fedora3: Updating qubes-src/gui-common... + ERR_OUTPUT=/dev/stderr
2018-05-21 16:47:49.025594 +0000 build-fedora3: + '[' 2 -lt 2 ']'
2018-05-21 16:47:49.027392 +0000 build-fedora3: ++ basename qubes-src/gui-common/rpm_spec/gui-common.spec.in
2018-05-21 16:47:49.030214 +0000 build-fedora3: + [[ xgui-common.spec.in == \x\.\i\n ]]
2018-05-21 16:47:49.030370 +0000 build-fedora3: + '[' -r qubes-src/gui-common/rpm_spec/gui-common.spec.in ']'
2018-05-21 16:47:49.030408 +0000 build-fedora3: + rpm -q --qf '%{NAME}-%{VERSION}.tar.gz\n' --specfile qubes-src/gui-common/rpm_spec/gui-common.spec
2018-05-21 16:47:49.084478 +0000 build-fedora3: warning: Macro %version defined but not used within scope
2018-05-21 16:47:49.092316 +0000 build-fedora3: cat: version: No such file or directory
2018-05-21 16:47:49.092785 +0000 build-fedora3: error: line 28: Empty tag: Version:
2018-05-21 16:47:49.093017 +0000 build-fedora3: error: query of specfile qubes-src/gui-common/rpm_spec/gui-common.spec failed, can't parse
2018-05-21 16:47:49.112901 +0000 build-fedora3: + ERR_OUTPUT=/dev/stderr
2018-05-21 16:47:49.112955 +0000 build-fedora3: + '[' 2 -lt 2 ']'
2018-05-21 16:47:49.114549 +0000 build-fedora3: ++ basename qubes-src/gui-common/rpm_spec/gui-common.spec.in
2018-05-21 16:47:49.117329 +0000 build-fedora3: + [[ xgui-common.spec.in == \x\.\i\n ]]
2018-05-21 16:47:49.117390 +0000 build-fedora3: + '[' -r qubes-src/gui-common/rpm_spec/gui-common.spec.in ']'
2018-05-21 16:47:49.117425 +0000 build-fedora3: + rpm -q --qf '%{NAME}-%{VERSION}.tar.gz\n' --specfile qubes-src/gui-common/rpm_spec/gui-common.spec
2018-05-21 16:47:49.167971 +0000 build-fedora3: warning: Macro %version defined but not used within scope
2018-05-21 16:47:49.175713 +0000 build-fedora3: cat: version: No such file or directory
2018-05-21 16:47:49.176480 +0000 build-fedora3: error: line 28: Empty tag: Version:
2018-05-21 16:47:49.176540 +0000 build-fedora3: error: query of specfile qubes-src/gui-common/rpm_spec/gui-common.spec failed, can't parse
2018-05-21 16:47:49.219112 +0000 build-fedora3: + ERR_OUTPUT=/dev/stderr
2018-05-21 16:47:49.219186 +0000 build-fedora3: + '[' 2 -lt 2 ']'
2018-05-21 16:47:49.220831 +0000 build-fedora3: ++ basename qubes-src/gui-common/rpm_spec/gui-common.spec.in
2018-05-21 16:47:49.223963 +0000 build-fedora3: + [[ xgui-common.spec.in == \x\.\i\n ]]
2018-05-21 16:47:49.224038 +0000 build-fedora3: + '[' -r qubes-src/gui-common/rpm_spec/gui-common.spec.in ']'
2018-05-21 16:47:49.224093 +0000 build-fedora3: + rpm -q --qf '%{NAME}-%{VERSION}.tar.gz\n' --specfile qubes-src/gui-common/rpm_spec/gui-common.spec
2018-05-21 16:47:49.275325 +0000 build-fedora3: warning: Macro %version defined but not used within scope
2018-05-21 16:47:49.283861 +0000 build-fedora3: cat: version: No such file or directory
2018-05-21 16:47:49.284269 +0000 build-fedora3: error: line 28: Empty tag: Version:
2018-05-21 16:47:49.284451 +0000 build-fedora3: error: query of specfile qubes-src/gui-common/rpm_spec/gui-common.spec failed, can't parse
2018-05-21 16:47:49.291964 +0000 build-fedora3: Makefile.generic:198: target 'update-repo-date-check' does not exist
2018-05-21 16:47:49.292028 +0000 build-fedora3: if ! [ -r /home/user/builder-r3.2/repo-latest-snapshot/current-testing-vm-fc27-gui-common ]; then \
2018-05-21 16:47:49.292068 +0000 build-fedora3: .echo "`tput bold`*** Packages weren't uploaded to current-testing! ***`tput sgr0`"; \
2018-05-21 16:47:49.292098 +0000 build-fedora3: .exit 1; \
2018-05-21 16:47:49.292123 +0000 build-fedora3: fi
2018-05-21 16:47:49.315980 +0000 build-fedora3: + ERR_OUTPUT=/dev/stderr
2018-05-21 16:47:49.316036 +0000 build-fedora3: + '[' 2 -lt 2 ']'
2018-05-21 16:47:49.318545 +0000 build-fedora3: ++ basename qubes-src/gui-common/rpm_spec/gui-common.spec.in
2018-05-21 16:47:49.321797 +0000 build-fedora3: + [[ xgui-common.spec.in == \x\.\i\n ]]
2018-05-21 16:47:49.321854 +0000 build-fedora3: + '[' -r qubes-src/gui-common/rpm_spec/gui-common.spec.in ']'
2018-05-21 16:47:49.321888 +0000 build-fedora3: + rpm -q --qf '%{NAME}-%{VERSION}.tar.gz\n' --specfile qubes-src/gui-common/rpm_spec/gui-common.spec
2018-05-21 16:47:49.378765 +0000 build-fedora3: warning: Macro %version defined but not used within scope
2018-05-21 16:47:49.387649 +0000 build-fedora3: cat: version: No such file or directory
2018-05-21 16:47:49.388087 +0000 build-fedora3: error: line 28: Empty tag: Version:
2018-05-21 16:47:49.388330 +0000 build-fedora3: error: query of specfile qubes-src/gui-common/rpm_spec/gui-common.spec failed, can't parse
2018-05-21 16:47:49.401717 +0000 build-fedora3: touch -t `date -d "7 days ago" +%Y%m%d%H%M` /tmp/age-compare-file
2018-05-21 16:47:49.413855 +0000 build-fedora3: if ! [ /home/user/builder-r3.2/repo-latest-snapshot/current-testing-vm-fc27-gui-common -ot /tmp/age-compare-file ]; then \
2018-05-21 16:47:49.413917 +0000 build-fedora3: .echo "`tput bold`*** Packages weren't in current-testing for at least 7 days! ***`tput sgr0`"; \
2018-05-21 16:47:49.413945 +0000 build-fedora3: .exit 1; \
2018-05-21 16:47:49.413968 +0000 build-fedora3: fi
2018-05-21 16:47:49.417675 +0000 build-fedora3: rm -f /tmp/age-compare-file
2018-05-21 16:47:49.433443 +0000 build-fedora3: /home/user/builder-r3.2/qubes-src/builder-fedora/Makefile.rpmbuilder:154: target 'update-repo-from-snapshot-do' does not exist
2018-05-21 16:47:49.433502 +0000 build-fedora3: for f in pkgs/fc27/x86_64/qubes-gui-common-devel-3.2.0-1.fc27.x86_64.rpm; do \
2018-05-21 16:47:49.433545 +0000 build-fedora3: .ln -f /home/user/builder-r3.2/qubes-src/linux-yum/r3.2/current-testing/vm/fc27/rpm/`basename $f` /home/user/builder-r3.2/qubes-src/linux-yum/r3.2/current/vm/fc27/rpm/ || exit 1; \
2018-05-21 16:47:49.433568 +0000 build-fedora3: done
2018-05-21 16:47:49.454789 +0000 build-fedora3: + ERR_OUTPUT=/dev/stderr
2018-05-21 16:47:49.454843 +0000 build-fedora3: + '[' 2 -lt 2 ']'
2018-05-21 16:47:49.456479 +0000 build-fedora3: ++ basename qubes-src/gui-common/rpm_spec/gui-common.spec.in
2018-05-21 16:47:49.459383 +0000 build-fedora3: + [[ xgui-common.spec.in == \x\.\i\n ]]
2018-05-21 16:47:49.459468 +0000 build-fedora3: + '[' -r qubes-src/gui-common/rpm_spec/gui-common.spec.in ']'
2018-05-21 16:47:49.459506 +0000 build-fedora3: + rpm -q --qf '%{NAME}-%{VERSION}.tar.gz\n' --specfile qubes-src/gui-common/rpm_spec/gui-common.spec
2018-05-21 16:47:49.505080 +0000 build-fedora3: warning: Macro %version defined but not used within scope
2018-05-21 16:47:49.512107 +0000 build-fedora3: cat: version: No such file or directory
2018-05-21 16:47:49.512571 +0000 build-fedora3: error: line 28: Empty tag: Version:
2018-05-21 16:47:49.512790 +0000 build-fedora3: error: query of specfile qubes-src/gui-common/rpm_spec/gui-common.spec failed, can't parse
2018-05-21 16:47:49.579966 +0000 build-fedora3: /home/user/builder-r3.2/qubes-src/builder-github//Makefile.github:21: target 'notify-github' does not exist
2018-05-21 16:47:49.580031 +0000 build-fedora3: [ -z "qubes-gui-common-devel-3.2.0-1.fc27" ] || /home/user/builder-r3.2/qubes-src/builder-github//notify-issues \
2018-05-21 16:47:49.580063 +0000 build-fedora3: .--build-log="" \
2018-05-21 16:47:49.580086 +0000 build-fedora3: ."r3.2" \
2018-05-21 16:47:49.580109 +0000 build-fedora3: ."current" \
2018-05-21 16:47:49.580131 +0000 build-fedora3: ."qubes-src/gui-common" \
2018-05-21 16:47:49.580155 +0000 build-fedora3: ."qubes-gui-common-devel-3.2.0-1.fc27" \
2018-05-21 16:47:49.580177 +0000 build-fedora3: ."fc27" \
2018-05-21 16:47:49.580197 +0000 build-fedora3: ."vm" \
2018-05-21 16:47:49.580224 +0000 build-fedora3: ."/home/user/github-notify-state/r3.2-gui-common-vm-fc27-current"
2018-05-21 16:47:49.616736 +0000 build-fedora3: + ERR_OUTPUT=/dev/stderr
2018-05-21 16:47:49.616792 +0000 build-fedora3: + '[' 2 -lt 2 ']'
2018-05-21 16:47:49.618693 +0000 build-fedora3: ++ basename qubes-src/gui-common/rpm_spec/gui-common.spec.in
2018-05-21 16:47:49.621992 +0000 build-fedora3: + [[ xgui-common.spec.in == \x\.\i\n ]]
2018-05-21 16:47:49.622055 +0000 build-fedora3: + '[' -r qubes-src/gui-common/rpm_spec/gui-common.spec.in ']'
2018-05-21 16:47:49.622093 +0000 build-fedora3: + rpm -q --qf '%{NAME}-%{VERSION}.tar.gz\n' --specfile qubes-src/gui-common/rpm_spec/gui-common.spec
2018-05-21 16:47:49.676670 +0000 build-fedora3: warning: Macro %version defined but not used within scope
2018-05-21 16:47:49.684483 +0000 build-fedora3: cat: version: No such file or directory
2018-05-21 16:47:49.684869 +0000 build-fedora3: error: line 28: Empty tag: Version:
2018-05-21 16:47:49.685124 +0000 build-fedora3: error: query of specfile qubes-src/gui-common/rpm_spec/gui-common.spec failed, can't parse
2018-05-21 16:47:55.790884 +0000 build-fedora3: WARNING: /home/user/github-notify-state/r3.2-gui-common-vm-fc27-current does not exist, initializing with the current state
2018-05-21 16:47:55.797385 +0000 build-fedora3: 
2018-05-21 16:47:55.798460 +0000 build-fedora3: Makefile:700: update target 'internal-update-repo-current.vm.fc27' due to: internal-update-repo-current.vm.fc27.gui-common
2018-05-21 16:47:55.798514 +0000 build-fedora3: true
2018-05-21 16:47:55.803525 +0000 build-fedora3: Makefile:721: target 'internal-update-repo-current.vm.fc28.gui-common' does not exist
2018-05-21 16:47:55.803584 +0000 build-fedora3: repo_base_var="LINUX_REPO_fc28_BASEDIR"; \
2018-05-21 16:47:55.803638 +0000 build-fedora3: if [ -n "${!repo_base_var}" ]; then \
2018-05-21 16:47:55.803668 +0000 build-fedora3: .repo_basedir="${!repo_base_var}"; \
2018-05-21 16:47:55.803690 +0000 build-fedora3: else \
2018-05-21 16:47:55.803716 +0000 build-fedora3: .repo_basedir="qubes-src/linux-yum/r3.2"; \
2018-05-21 16:47:55.803738 +0000 build-fedora3: fi; \
2018-05-21 16:47:55.803763 +0000 build-fedora3: if [ -r qubes-src/gui-common/Makefile.builder ]; then \
2018-05-21 16:47:55.803794 +0000 build-fedora3: .echo -n "Updating qubes-src/gui-common... "; \
2018-05-21 16:47:55.803823 +0000 build-fedora3: .if [ "0" -eq 1 ]; then \
2018-05-21 16:47:55.803875 +0000 build-fedora3: ..vtag=`git -C qubes-src/gui-common tag --points-at HEAD --list v*`; \
2018-05-21 16:47:55.803901 +0000 build-fedora3: ..if [ -z "$vtag" ]; then \
2018-05-21 16:47:55.803923 +0000 build-fedora3: ...echo "no version tag"; \
2018-05-21 16:47:55.803944 +0000 build-fedora3: ...exit 0; \
2018-05-21 16:47:55.803966 +0000 build-fedora3: ..fi; \
2018-05-21 16:47:55.803988 +0000 build-fedora3: .fi; \
2018-05-21 16:47:55.804032 +0000 build-fedora3: .component_packages=$(MAKEFLAGS= make -s -f Makefile.generic DIST=fc28 PACKAGE_SET=vm COMPONENT=`basename qubes-src/gui-common` UPDATE_REPO=/home/user/builder-r3.2/$repo_basedir/current/vm/fc28 get-var GET_VAR=PACKAGE_LIST); \
2018-05-21 16:47:55.804065 +0000 build-fedora3: .if [ -z "$component_packages" ]; then \
2018-05-21 16:47:55.804090 +0000 build-fedora3: ..echo "no packages."; \
2018-05-21 16:47:55.804117 +0000 build-fedora3: ..exit 0; \
2018-05-21 16:47:55.804138 +0000 build-fedora3: .fi; \
2018-05-21 16:47:55.804164 +0000 build-fedora3: .make -s -f Makefile.generic DIST=fc28 PACKAGE_SET=vm \
2018-05-21 16:47:55.804187 +0000 build-fedora3: ..COMPONENT=`basename qubes-src/gui-common` \
2018-05-21 16:47:55.804210 +0000 build-fedora3: ..SNAPSHOT_REPO=current-testing \
2018-05-21 16:47:55.804232 +0000 build-fedora3: ..TARGET_REPO=current \
2018-05-21 16:47:55.804260 +0000 build-fedora3: ..UPDATE_REPO=/home/user/builder-r3.2/$repo_basedir/current/vm/fc28 \
2018-05-21 16:47:55.804290 +0000 build-fedora3: ..SNAPSHOT_FILE=/home/user/builder-r3.2/repo-latest-snapshot/current-testing-vm-fc28-`basename qubes-src/gui-common` \
2018-05-21 16:47:55.804313 +0000 build-fedora3: ..BUILD_LOG_URL= \
2018-05-21 16:47:55.804339 +0000 build-fedora3: ..update-repo-from-snapshot || exit 1; \
2018-05-21 16:47:55.804368 +0000 build-fedora3: elif make -C qubes-src/gui-common -n update-repo-current >/dev/null 2>/dev/null; then \
2018-05-21 16:47:55.804394 +0000 build-fedora3: .echo "Updating qubes-src/gui-common... "; \
2018-05-21 16:47:55.804420 +0000 build-fedora3: .make -s -C qubes-src/gui-common update-repo-current || exit 1; \
2018-05-21 16:47:55.804440 +0000 build-fedora3: else \
2018-05-21 16:47:55.804464 +0000 build-fedora3: .echo -n "Updating qubes-src/gui-common... skipping."; \
2018-05-21 16:47:55.804483 +0000 build-fedora3: fi; \
2018-05-21 16:47:55.804502 +0000 build-fedora3: echo
2018-05-21 16:47:55.835294 +0000 build-fedora3: Updating qubes-src/gui-common... + ERR_OUTPUT=/dev/stderr
2018-05-21 16:47:55.835349 +0000 build-fedora3: + '[' 2 -lt 2 ']'
2018-05-21 16:47:55.836852 +0000 build-fedora3: ++ basename qubes-src/gui-common/rpm_spec/gui-common.spec.in
2018-05-21 16:47:55.839695 +0000 build-fedora3: + [[ xgui-common.spec.in == \x\.\i\n ]]
2018-05-21 16:47:55.839771 +0000 build-fedora3: + '[' -r qubes-src/gui-common/rpm_spec/gui-common.spec.in ']'
2018-05-21 16:47:55.839808 +0000 build-fedora3: + rpm -q --qf '%{NAME}-%{VERSION}.tar.gz\n' --specfile qubes-src/gui-common/rpm_spec/gui-common.spec
2018-05-21 16:47:55.886407 +0000 build-fedora3: warning: Macro %version defined but not used within scope
2018-05-21 16:47:55.895439 +0000 build-fedora3: cat: version: No such file or directory
2018-05-21 16:47:55.895796 +0000 build-fedora3: error: line 28: Empty tag: Version:
2018-05-21 16:47:55.895930 +0000 build-fedora3: error: query of specfile qubes-src/gui-common/rpm_spec/gui-common.spec failed, can't parse
2018-05-21 16:47:55.916128 +0000 build-fedora3: + ERR_OUTPUT=/dev/stderr
2018-05-21 16:47:55.916180 +0000 build-fedora3: + '[' 2 -lt 2 ']'
2018-05-21 16:47:55.917898 +0000 build-fedora3: ++ basename qubes-src/gui-common/rpm_spec/gui-common.spec.in
2018-05-21 16:47:55.921543 +0000 build-fedora3: + [[ xgui-common.spec.in == \x\.\i\n ]]
2018-05-21 16:47:55.921603 +0000 build-fedora3: + '[' -r qubes-src/gui-common/rpm_spec/gui-common.spec.in ']'
2018-05-21 16:47:55.921658 +0000 build-fedora3: + rpm -q --qf '%{NAME}-%{VERSION}.tar.gz\n' --specfile qubes-src/gui-common/rpm_spec/gui-common.spec
2018-05-21 16:47:55.966334 +0000 build-fedora3: warning: Macro %version defined but not used within scope
2018-05-21 16:47:55.974463 +0000 build-fedora3: cat: version: No such file or directory
2018-05-21 16:47:55.974896 +0000 build-fedora3: error: line 28: Empty tag: Version:
2018-05-21 16:47:55.975045 +0000 build-fedora3: error: query of specfile qubes-src/gui-common/rpm_spec/gui-common.spec failed, can't parse
2018-05-21 16:47:56.016538 +0000 build-fedora3: + ERR_OUTPUT=/dev/stderr
2018-05-21 16:47:56.016581 +0000 build-fedora3: + '[' 2 -lt 2 ']'
2018-05-21 16:47:56.018130 +0000 build-fedora3: ++ basename qubes-src/gui-common/rpm_spec/gui-common.spec.in
2018-05-21 16:47:56.021153 +0000 build-fedora3: + [[ xgui-common.spec.in == \x\.\i\n ]]
2018-05-21 16:47:56.021220 +0000 build-fedora3: + '[' -r qubes-src/gui-common/rpm_spec/gui-common.spec.in ']'
2018-05-21 16:47:56.021268 +0000 build-fedora3: + rpm -q --qf '%{NAME}-%{VERSION}.tar.gz\n' --specfile qubes-src/gui-common/rpm_spec/gui-common.spec
2018-05-21 16:47:56.065943 +0000 build-fedora3: warning: Macro %version defined but not used within scope
2018-05-21 16:47:56.074405 +0000 build-fedora3: cat: version: No such file or directory
2018-05-21 16:47:56.074860 +0000 build-fedora3: error: line 28: Empty tag: Version:
2018-05-21 16:47:56.075019 +0000 build-fedora3: error: query of specfile qubes-src/gui-common/rpm_spec/gui-common.spec failed, can't parse
2018-05-21 16:47:56.082568 +0000 build-fedora3: Makefile.generic:198: target 'update-repo-date-check' does not exist
2018-05-21 16:47:56.082655 +0000 build-fedora3: if ! [ -r /home/user/builder-r3.2/repo-latest-snapshot/current-testing-vm-fc28-gui-common ]; then \
2018-05-21 16:47:56.082696 +0000 build-fedora3: .echo "`tput bold`*** Packages weren't uploaded to current-testing! ***`tput sgr0`"; \
2018-05-21 16:47:56.082723 +0000 build-fedora3: .exit 1; \
2018-05-21 16:47:56.082749 +0000 build-fedora3: fi
2018-05-21 16:47:56.105511 +0000 build-fedora3: + ERR_OUTPUT=/dev/stderr
2018-05-21 16:47:56.105565 +0000 build-fedora3: + '[' 2 -lt 2 ']'
2018-05-21 16:47:56.107395 +0000 build-fedora3: ++ basename qubes-src/gui-common/rpm_spec/gui-common.spec.in
2018-05-21 16:47:56.110262 +0000 build-fedora3: + [[ xgui-common.spec.in == \x\.\i\n ]]
2018-05-21 16:47:56.110428 +0000 build-fedora3: + '[' -r qubes-src/gui-common/rpm_spec/gui-common.spec.in ']'
2018-05-21 16:47:56.110471 +0000 build-fedora3: + rpm -q --qf '%{NAME}-%{VERSION}.tar.gz\n' --specfile qubes-src/gui-common/rpm_spec/gui-common.spec
2018-05-21 16:47:56.155809 +0000 build-fedora3: warning: Macro %version defined but not used within scope
2018-05-21 16:47:56.164097 +0000 build-fedora3: cat: version: No such file or directory
2018-05-21 16:47:56.164470 +0000 build-fedora3: error: line 28: Empty tag: Version:
2018-05-21 16:47:56.164608 +0000 build-fedora3: error: query of specfile qubes-src/gui-common/rpm_spec/gui-common.spec failed, can't parse
2018-05-21 16:47:56.177838 +0000 build-fedora3: touch -t `date -d "7 days ago" +%Y%m%d%H%M` /tmp/age-compare-file
2018-05-21 16:47:56.189742 +0000 build-fedora3: if ! [ /home/user/builder-r3.2/repo-latest-snapshot/current-testing-vm-fc28-gui-common -ot /tmp/age-compare-file ]; then \
2018-05-21 16:47:56.189809 +0000 build-fedora3: .echo "`tput bold`*** Packages weren't in current-testing for at least 7 days! ***`tput sgr0`"; \
2018-05-21 16:47:56.189841 +0000 build-fedora3: .exit 1; \
2018-05-21 16:47:56.189866 +0000 build-fedora3: fi
2018-05-21 16:47:56.193763 +0000 build-fedora3: rm -f /tmp/age-compare-file
2018-05-21 16:47:56.208636 +0000 build-fedora3: /home/user/builder-r3.2/qubes-src/builder-fedora/Makefile.rpmbuilder:154: target 'update-repo-from-snapshot-do' does not exist
2018-05-21 16:47:56.208714 +0000 build-fedora3: for f in pkgs/fc28/x86_64/qubes-gui-common-devel-3.2.0-1.fc28.x86_64.rpm; do \
2018-05-21 16:47:56.208757 +0000 build-fedora3: .ln -f /home/user/builder-r3.2/qubes-src/linux-yum/r3.2/current-testing/vm/fc28/rpm/`basename $f` /home/user/builder-r3.2/qubes-src/linux-yum/r3.2/current/vm/fc28/rpm/ || exit 1; \
2018-05-21 16:47:56.208783 +0000 build-fedora3: done
2018-05-21 16:47:56.228937 +0000 build-fedora3: + ERR_OUTPUT=/dev/stderr
2018-05-21 16:47:56.228992 +0000 build-fedora3: + '[' 2 -lt 2 ']'
2018-05-21 16:47:56.230938 +0000 build-fedora3: ++ basename qubes-src/gui-common/rpm_spec/gui-common.spec.in
2018-05-21 16:47:56.233792 +0000 build-fedora3: + [[ xgui-common.spec.in == \x\.\i\n ]]
2018-05-21 16:47:56.233854 +0000 build-fedora3: + '[' -r qubes-src/gui-common/rpm_spec/gui-common.spec.in ']'
2018-05-21 16:47:56.233903 +0000 build-fedora3: + rpm -q --qf '%{NAME}-%{VERSION}.tar.gz\n' --specfile qubes-src/gui-common/rpm_spec/gui-common.spec
2018-05-21 16:47:56.280162 +0000 build-fedora3: warning: Macro %version defined but not used within scope
2018-05-21 16:47:56.289015 +0000 build-fedora3: cat: version: No such file or directory
2018-05-21 16:47:56.289379 +0000 build-fedora3: error: line 28: Empty tag: Version:
2018-05-21 16:47:56.289524 +0000 build-fedora3: error: query of specfile qubes-src/gui-common/rpm_spec/gui-common.spec failed, can't parse
2018-05-21 16:47:56.350814 +0000 build-fedora3: /home/user/builder-r3.2/qubes-src/builder-github//Makefile.github:21: target 'notify-github' does not exist
2018-05-21 16:47:56.350881 +0000 build-fedora3: [ -z "qubes-gui-common-devel-3.2.0-1.fc28" ] || /home/user/builder-r3.2/qubes-src/builder-github//notify-issues \
2018-05-21 16:47:56.350916 +0000 build-fedora3: .--build-log="" \
2018-05-21 16:47:56.350943 +0000 build-fedora3: ."r3.2" \
2018-05-21 16:47:56.350967 +0000 build-fedora3: ."current" \
2018-05-21 16:47:56.350991 +0000 build-fedora3: ."qubes-src/gui-common" \
2018-05-21 16:47:56.351018 +0000 build-fedora3: ."qubes-gui-common-devel-3.2.0-1.fc28" \
2018-05-21 16:47:56.351040 +0000 build-fedora3: ."fc28" \
2018-05-21 16:47:56.351063 +0000 build-fedora3: ."vm" \
2018-05-21 16:47:56.351089 +0000 build-fedora3: ."/home/user/github-notify-state/r3.2-gui-common-vm-fc28-current"
2018-05-21 16:47:56.385549 +0000 build-fedora3: + ERR_OUTPUT=/dev/stderr
2018-05-21 16:47:56.385604 +0000 build-fedora3: + '[' 2 -lt 2 ']'
2018-05-21 16:47:56.387278 +0000 build-fedora3: ++ basename qubes-src/gui-common/rpm_spec/gui-common.spec.in
2018-05-21 16:47:56.389894 +0000 build-fedora3: + [[ xgui-common.spec.in == \x\.\i\n ]]
2018-05-21 16:47:56.389967 +0000 build-fedora3: + '[' -r qubes-src/gui-common/rpm_spec/gui-common.spec.in ']'
2018-05-21 16:47:56.390006 +0000 build-fedora3: + rpm -q --qf '%{NAME}-%{VERSION}.tar.gz\n' --specfile qubes-src/gui-common/rpm_spec/gui-common.spec
2018-05-21 16:47:56.439234 +0000 build-fedora3: warning: Macro %version defined but not used within scope
2018-05-21 16:47:56.448338 +0000 build-fedora3: cat: version: No such file or directory
2018-05-21 16:47:56.448913 +0000 build-fedora3: error: line 28: Empty tag: Version:
2018-05-21 16:47:56.449061 +0000 build-fedora3: error: query of specfile qubes-src/gui-common/rpm_spec/gui-common.spec failed, can't parse
2018-05-21 16:48:07.494797 +0000 build-fedora3: WARNING: /home/user/github-notify-state/r3.2-gui-common-vm-fc28-current does not exist, initializing with the current state
2018-05-21 16:48:07.499435 +0000 build-fedora3: 
2018-05-21 16:48:07.499859 +0000 build-fedora3: Makefile:700: update target 'internal-update-repo-current.vm.fc28' due to: internal-update-repo-current.vm.fc28.gui-common
2018-05-21 16:48:07.499885 +0000 build-fedora3: true
2018-05-21 16:48:07.504291 +0000 build-fedora3: Makefile:764: target 'post-update-repo-current' does not exist
2018-05-21 16:48:07.504340 +0000 build-fedora3: for dist in  fc25 fc26 fc27 fc28; do \
2018-05-21 16:48:07.504367 +0000 build-fedora3: .repo_base_var="LINUX_REPO_${dist}_BASEDIR"; \
2018-05-21 16:48:07.504384 +0000 build-fedora3: .if [ -n "${!repo_base_var}" ]; then \
2018-05-21 16:48:07.504400 +0000 build-fedora3: ..repo_basedir="${!repo_base_var}"; \
2018-05-21 16:48:07.504413 +0000 build-fedora3: .else \
2018-05-21 16:48:07.504430 +0000 build-fedora3: ..repo_basedir="qubes-src/linux-yum/r3.2"; \
2018-05-21 16:48:07.504443 +0000 build-fedora3: .fi; \
2018-05-21 16:48:07.504458 +0000 build-fedora3: .repos_to_update="$repos_to_update $repo_basedir"; \
2018-05-21 16:48:07.504486 +0000 build-fedora3: done; \
2018-05-21 16:48:07.504502 +0000 build-fedora3: for repo in `echo $repos_to_update|tr ' ' '\n'|sort|uniq`; do \
2018-05-21 16:48:07.504517 +0000 build-fedora3: .[ -z "$repo" ] && continue; \
2018-05-21 16:48:07.504533 +0000 build-fedora3: .(cd $repo/.. && ./update_repo-current.sh `basename $repo`); \
2018-05-21 16:48:07.504545 +0000 build-fedora3: done
2018-05-21 16:48:07.533719 +0000 build-fedora3: which: no mkmetalink in (/usr/local/bin:/usr/bin:/usr/local/sbin:/usr/sbin:/home/user/.local/bin:/home/user/bin:/home/user/builder-r3.2/qubes-src/builder-fedora/tools)
2018-05-21 16:48:07.551432 +0000 build-fedora3: --> Processing repo: r3.2/current/dom0/fc20...
2018-05-21 16:48:08.156723 +0000 build-fedora3: --> Processing repo: r3.2/current/dom0/fc23...
2018-05-21 16:48:09.265225 +0000 build-fedora3: --> Processing repo: r3.2/current/vm/centos7...
2018-05-21 16:48:09.773222 +0000 build-fedora3: --> Processing repo: r3.2/current/vm/fc22...
2018-05-21 16:48:10.409755 +0000 build-fedora3: --> Processing repo: r3.2/current/vm/fc23...
2018-05-21 16:48:14.164866 +0000 build-fedora3: --> Processing repo: r3.2/current/vm/fc24...
2018-05-21 16:48:18.145847 +0000 build-fedora3: --> Processing repo: r3.2/current/vm/fc25...
2018-05-21 16:48:22.838449 +0000 build-fedora3: --> Processing repo: r3.2/current/vm/fc26...
2018-05-21 16:48:25.162429 +0000 build-fedora3: --> Processing repo: r3.2/current/vm/fc27...
2018-05-21 16:48:26.403495 +0000 build-fedora3: --> Processing repo: r3.2/current/vm/fc28...
2018-05-21 16:48:27.678113 +0000 build-fedora3: Done.
2018-05-21 16:48:27.692260 +0000 build-fedora3: ~/builder-r3.2/qubes-src/linux-yum ~/builder-r3.2/qubes-src/linux-yum
2018-05-21 16:48:27.696175 +0000 build-fedora3: Syncing r3.2...
2018-05-21 16:48:28.979055 +0000 build-fedora3: sending incremental file list
2018-05-21 16:48:29.221891 +0000 build-fedora3: rsync: failed to set times on "/pub/qubes/repo/yum/r3.2/current-testing": Operation not permitted (1)
2018-05-21 16:48:29.222120 +0000 build-fedora3: rsync: failed to set times on "/pub/qubes/repo/yum/r3.2/current-testing/dom0": Operation not permitted (1)
2018-05-21 16:48:29.222285 +0000 build-fedora3: rsync: failed to set times on "/pub/qubes/repo/yum/r3.2/current-testing/dom0/fc20": Operation not permitted (1)
2018-05-21 16:48:29.222440 +0000 build-fedora3: rsync: failed to set times on "/pub/qubes/repo/yum/r3.2/current-testing/dom0/fc20/rpm": Operation not permitted (1)
2018-05-21 16:48:29.222588 +0000 build-fedora3: rsync: failed to set times on "/pub/qubes/repo/yum/r3.2/current-testing/dom0/fc23": Operation not permitted (1)
2018-05-21 16:48:29.222793 +0000 build-fedora3: rsync: failed to set times on "/pub/qubes/repo/yum/r3.2/current-testing/dom0/fc23/rpm": Operation not permitted (1)
2018-05-21 16:48:29.222937 +0000 build-fedora3: rsync: failed to set times on "/pub/qubes/repo/yum/r3.2/current-testing/vm": Operation not permitted (1)
2018-05-21 16:48:29.223097 +0000 build-fedora3: rsync: failed to set times on "/pub/qubes/repo/yum/r3.2/current-testing/vm/fc22": Operation not permitted (1)
2018-05-21 16:48:29.223241 +0000 build-fedora3: rsync: failed to set times on "/pub/qubes/repo/yum/r3.2/current-testing/vm/fc22/rpm": Operation not permitted (1)
2018-05-21 16:48:29.223379 +0000 build-fedora3: rsync: failed to set times on "/pub/qubes/repo/yum/r3.2/current-testing/vm/fc23": Operation not permitted (1)
2018-05-21 16:48:29.223519 +0000 build-fedora3: rsync: failed to set times on "/pub/qubes/repo/yum/r3.2/current-testing/vm/fc23/rpm": Operation not permitted (1)
2018-05-21 16:48:29.223715 +0000 build-fedora3: rsync: failed to set times on "/pub/qubes/repo/yum/r3.2/current-testing/vm/fc24": Operation not permitted (1)
2018-05-21 16:48:29.223827 +0000 build-fedora3: .d..t...... current-testing/
2018-05-21 16:48:29.223991 +0000 build-fedora3: .d..t...... current-testing/dom0/
2018-05-21 16:48:29.224100 +0000 build-fedora3: .d..t...... current-testing/dom0/fc20/
2018-05-21 16:48:29.224209 +0000 build-fedora3: .d..t...... current-testing/dom0/fc20/rpm/
2018-05-21 16:48:29.224362 +0000 build-fedora3: .d..t...... current-testing/dom0/fc23/
2018-05-21 16:48:29.224431 +0000 build-fedora3: .d..t...... current-testing/dom0/fc23/rpm/
2018-05-21 16:48:29.224490 +0000 build-fedora3: .d..t...... current-testing/vm/
2018-05-21 16:48:29.224580 +0000 build-fedora3: .d..t...... current-testing/vm/centos7/
2018-05-21 16:48:29.224778 +0000 build-fedora3: .d..t...... current-testing/vm/fc22/
2018-05-21 16:48:29.224885 +0000 build-fedora3: .d..t...... current-testing/vm/fc22/rpm/
2018-05-21 16:48:29.224986 +0000 build-fedora3: .d..t...... current-testing/vm/fc23/
2018-05-21 16:48:29.253213 +0000 build-fedora3: .d..t...... current-testing/vm/fc23/rpm/
2018-05-21 16:48:29.253272 +0000 build-fedora3: .d..t...... current-testing/vm/fc24/
2018-05-21 16:48:29.253532 +0000 build-fedora3: rsync: failed to set times on "/pub/qubes/repo/yum/r3.2/current-testing/vm/fc24/rpm": Operation not permitted (1)
2018-05-21 16:48:29.253583 +0000 build-fedora3: rsync: failed to set times on "/pub/qubes/repo/yum/r3.2/current-testing/vm/fc25": Operation not permitted (1)
2018-05-21 16:48:29.267083 +0000 build-fedora3: .d..t...... current-testing/vm/fc24/rpm/
2018-05-21 16:48:29.267181 +0000 build-fedora3: .d..t...... current-testing/vm/fc25/
2018-05-21 16:48:29.301784 +0000 build-fedora3: rsync: failed to set times on "/pub/qubes/repo/yum/r3.2/current-testing/vm/fc25/rpm": Operation not permitted (1)
2018-05-21 16:48:29.301941 +0000 build-fedora3: rsync: failed to set times on "/pub/qubes/repo/yum/r3.2/current-testing/vm/fc26": Operation not permitted (1)
2018-05-21 16:48:29.302099 +0000 build-fedora3: rsync: failed to set times on "/pub/qubes/repo/yum/r3.2/current-testing/vm/fc26/comps.xml": Operation not permitted (1)
2018-05-21 16:48:29.313881 +0000 build-fedora3: .d..t...... current-testing/vm/fc25/rpm/
2018-05-21 16:48:29.314076 +0000 build-fedora3: .d..t...... current-testing/vm/fc26/
2018-05-21 16:48:29.314218 +0000 build-fedora3: .L..t...... current-testing/vm/fc26/comps.xml -> ../../../comps-vm.xml
2018-05-21 16:48:29.314411 +0000 build-fedora3: rsync: failed to set times on "/pub/qubes/repo/yum/r3.2/current-testing/vm/fc26/rpm": Operation not permitted (1)
2018-05-21 16:48:29.318064 +0000 build-fedora3: .d..t...... current-testing/vm/fc26/rpm/
2018-05-21 16:48:29.318120 +0000 build-fedora3: .d..t...... current-testing/vm/fc27/
2018-05-21 16:48:29.347859 +0000 build-fedora3: rsync: failed to set times on "/pub/qubes/repo/yum/r3.2/current": Operation not permitted (1)
2018-05-21 16:48:29.348067 +0000 build-fedora3: .d..t...... current-testing/vm/fc28/
2018-05-21 16:48:29.349997 +0000 build-fedora3: .d..t...... current/
2018-05-21 16:48:29.353858 +0000 build-fedora3: rsync: failed to set times on "/pub/qubes/repo/yum/r3.2/current/dom0": Operation not permitted (1)
2018-05-21 16:48:29.354886 +0000 build-fedora3: rsync: failed to set times on "/pub/qubes/repo/yum/r3.2/current/dom0/fc20": Operation not permitted (1)
2018-05-21 16:48:29.355076 +0000 build-fedora3: rsync: failed to set times on "/pub/qubes/repo/yum/r3.2/current/dom0/fc20/rpm": Operation not permitted (1)
2018-05-21 16:48:29.355228 +0000 build-fedora3: rsync: failed to set times on "/pub/qubes/repo/yum/r3.2/current/dom0/fc23": Operation not permitted (1)
2018-05-21 16:48:29.355371 +0000 build-fedora3: rsync: failed to set times on "/pub/qubes/repo/yum/r3.2/current/dom0/fc23/rpm": Operation not permitted (1)
2018-05-21 16:48:29.355514 +0000 build-fedora3: rsync: failed to set times on "/pub/qubes/repo/yum/r3.2/current/vm": Operation not permitted (1)
2018-05-21 16:48:29.355728 +0000 build-fedora3: rsync: failed to set times on "/pub/qubes/repo/yum/r3.2/current/vm/fc22": Operation not permitted (1)
2018-05-21 16:48:29.355873 +0000 build-fedora3: rsync: failed to set times on "/pub/qubes/repo/yum/r3.2/current/vm/fc22/rpm": Operation not permitted (1)
2018-05-21 16:48:29.355978 +0000 build-fedora3: rsync: failed to set times on "/pub/qubes/repo/yum/r3.2/current/vm/fc23": Operation not permitted (1)
2018-05-21 16:48:29.356141 +0000 build-fedora3: rsync: failed to set times on "/pub/qubes/repo/yum/r3.2/current/vm/fc23/rpm": Operation not permitted (1)
2018-05-21 16:48:29.356274 +0000 build-fedora3: rsync: failed to set times on "/pub/qubes/repo/yum/r3.2/current/vm/fc24": Operation not permitted (1)
2018-05-21 16:48:29.356384 +0000 build-fedora3: .d..t...... current/dom0/
2018-05-21 16:48:29.356832 +0000 build-fedora3: .d..t...... current/dom0/fc20/
2018-05-21 16:48:29.356961 +0000 build-fedora3: .d..t...... current/dom0/fc20/rpm/
2018-05-21 16:48:29.357036 +0000 build-fedora3: .d..t...... current/dom0/fc23/
2018-05-21 16:48:29.357143 +0000 build-fedora3: .d..t...... current/dom0/fc23/rpm/
2018-05-21 16:48:29.357217 +0000 build-fedora3: .d..t...... current/vm/
2018-05-21 16:48:29.357290 +0000 build-fedora3: .d..t...... current/vm/centos7/
2018-05-21 16:48:29.357381 +0000 build-fedora3: .d..t...... current/vm/fc22/
2018-05-21 16:48:29.357401 +0000 build-fedora3: .d..t...... current/vm/fc22/rpm/
2018-05-21 16:48:29.357423 +0000 build-fedora3: .d..t...... current/vm/fc23/
2018-05-21 16:48:29.363920 +0000 build-fedora3: .d..t...... current/vm/fc23/rpm/
2018-05-21 16:48:29.363980 +0000 build-fedora3: .d..t...... current/vm/fc24/
2018-05-21 16:48:29.373488 +0000 build-fedora3: rsync: failed to set times on "/pub/qubes/repo/yum/r3.2/current/vm/fc24/rpm": Operation not permitted (1)
2018-05-21 16:48:29.373534 +0000 build-fedora3: rsync: failed to set times on "/pub/qubes/repo/yum/r3.2/current/vm/fc25": Operation not permitted (1)
2018-05-21 16:48:29.376820 +0000 build-fedora3: .d..t...... current/vm/fc24/rpm/
2018-05-21 16:48:29.376865 +0000 build-fedora3: .d..t...... current/vm/fc25/
2018-05-21 16:48:29.395310 +0000 build-fedora3: rsync: failed to set times on "/pub/qubes/repo/yum/r3.2/current/vm/fc25/rpm": Operation not permitted (1)
2018-05-21 16:48:29.395433 +0000 build-fedora3: rsync: failed to set times on "/pub/qubes/repo/yum/r3.2/current/vm/fc26": Operation not permitted (1)
2018-05-21 16:48:29.395544 +0000 build-fedora3: rsync: failed to set times on "/pub/qubes/repo/yum/r3.2/current/vm/fc26/comps.xml": Operation not permitted (1)
2018-05-21 16:48:29.408455 +0000 build-fedora3: .d..t...... current/vm/fc25/rpm/
2018-05-21 16:48:29.408766 +0000 build-fedora3: hf.st...... current/vm/fc25/rpm/qubes-gui-common-devel-3.2.0-1.fc25.x86_64.rpm => current-testing/vm/fc25/rpm/qubes-gui-common-devel-3.2.0-1.fc25.x86_64.rpm
2018-05-21 16:48:29.408905 +0000 build-fedora3: .d..t...... current/vm/fc26/
2018-05-21 16:48:29.409030 +0000 build-fedora3: .L..t...... current/vm/fc26/comps.xml -> ../../../comps-vm.xml
2018-05-21 16:48:29.409836 +0000 build-fedora3: rsync: failed to set times on "/pub/qubes/repo/yum/r3.2/current/vm/fc26/rpm": Operation not permitted (1)
2018-05-21 16:48:29.409974 +0000 build-fedora3: .d..t...... current/vm/fc26/rpm/
2018-05-21 16:48:29.410089 +0000 build-fedora3: .d..t...... current/vm/fc27/
2018-05-21 16:48:29.434581 +0000 build-fedora3: .d..t...... current/vm/fc27/rpm/
2018-05-21 16:48:29.434656 +0000 build-fedora3: hf+++++++++ current/vm/fc27/rpm/qubes-gui-common-devel-3.2.0-1.fc27.x86_64.rpm => current-testing/vm/fc27/rpm/qubes-gui-common-devel-3.2.0-1.fc27.x86_64.rpm
2018-05-21 16:48:29.434677 +0000 build-fedora3: .d..t...... current/vm/fc28/
2018-05-21 16:48:29.434694 +0000 build-fedora3: .d..t...... current/vm/fc28/rpm/
2018-05-21 16:48:29.434715 +0000 build-fedora3: hf+++++++++ current/vm/fc28/rpm/qubes-gui-common-devel-3.2.0-1.fc28.x86_64.rpm => current-testing/vm/fc28/rpm/qubes-gui-common-devel-3.2.0-1.fc28.x86_64.rpm
2018-05-21 16:48:29.467552 +0000 build-fedora3: rsync: failed to set times on "/pub/qubes/repo/yum/r3.2/security-testing": Operation not permitted (1)
2018-05-21 16:48:29.467901 +0000 build-fedora3: rsync: failed to set times on "/pub/qubes/repo/yum/r3.2/security-testing/dom0": Operation not permitted (1)
2018-05-21 16:48:29.468059 +0000 build-fedora3: rsync: failed to set times on "/pub/qubes/repo/yum/r3.2/security-testing/dom0/fc20": Operation not permitted (1)
2018-05-21 16:48:29.468203 +0000 build-fedora3: rsync: failed to set times on "/pub/qubes/repo/yum/r3.2/security-testing/dom0/fc20/rpm": Operation not permitted (1)
2018-05-21 16:48:29.468907 +0000 build-fedora3: rsync: failed to set times on "/pub/qubes/repo/yum/r3.2/security-testing/dom0/fc23": Operation not permitted (1)
2018-05-21 16:48:29.469126 +0000 build-fedora3: rsync: failed to set times on "/pub/qubes/repo/yum/r3.2/security-testing/dom0/fc23/rpm": Operation not permitted (1)
2018-05-21 16:48:29.469281 +0000 build-fedora3: rsync: failed to set times on "/pub/qubes/repo/yum/r3.2/security-testing/vm": Operation not permitted (1)
2018-05-21 16:48:29.469438 +0000 build-fedora3: rsync: failed to set times on "/pub/qubes/repo/yum/r3.2/security-testing/vm/fc22": Operation not permitted (1)
2018-05-21 16:48:29.469663 +0000 build-fedora3: rsync: failed to set times on "/pub/qubes/repo/yum/r3.2/security-testing/vm/fc22/rpm": Operation not permitted (1)
2018-05-21 16:48:29.470134 +0000 build-fedora3: rsync: failed to set times on "/pub/qubes/repo/yum/r3.2/security-testing/vm/fc23": Operation not permitted (1)
2018-05-21 16:48:29.470295 +0000 build-fedora3: rsync: failed to set times on "/pub/qubes/repo/yum/r3.2/security-testing/vm/fc23/rpm": Operation not permitted (1)
2018-05-21 16:48:29.470457 +0000 build-fedora3: rsync: failed to set times on "/pub/qubes/repo/yum/r3.2/security-testing/vm/fc24": Operation not permitted (1)
2018-05-21 16:48:29.470687 +0000 build-fedora3: rsync: failed to set times on "/pub/qubes/repo/yum/r3.2/security-testing/vm/fc24/rpm": Operation not permitted (1)
2018-05-21 16:48:29.470800 +0000 build-fedora3: .d..t...... security-testing/
2018-05-21 16:48:29.470915 +0000 build-fedora3: .d..t...... security-testing/dom0/
2018-05-21 16:48:29.471047 +0000 build-fedora3: .d..t...... security-testing/dom0/fc20/
2018-05-21 16:48:29.471157 +0000 build-fedora3: .d..t...... security-testing/dom0/fc20/rpm/
2018-05-21 16:48:29.471270 +0000 build-fedora3: .d..t...... security-testing/dom0/fc23/
2018-05-21 16:48:29.471380 +0000 build-fedora3: .d..t...... security-testing/dom0/fc23/rpm/
2018-05-21 16:48:29.471482 +0000 build-fedora3: .d..t...... security-testing/vm/
2018-05-21 16:48:29.471963 +0000 build-fedora3: .d..t...... security-testing/vm/centos7/
2018-05-21 16:48:29.472092 +0000 build-fedora3: .d..t...... security-testing/vm/fc22/
2018-05-21 16:48:29.472200 +0000 build-fedora3: .d..t...... security-testing/vm/fc22/rpm/
2018-05-21 16:48:29.472304 +0000 build-fedora3: .d..t...... security-testing/vm/fc23/
2018-05-21 16:48:29.472374 +0000 build-fedora3: .d..t...... security-testing/vm/fc23/rpm/
2018-05-21 16:48:29.472435 +0000 build-fedora3: .d..t...... security-testing/vm/fc24/
2018-05-21 16:48:29.472538 +0000 build-fedora3: .d..t...... security-testing/vm/fc24/rpm/
2018-05-21 16:48:29.472656 +0000 build-fedora3: rsync: failed to set times on "/pub/qubes/repo/yum/r3.2/security-testing/vm/fc25": Operation not permitted (1)
2018-05-21 16:48:29.472741 +0000 build-fedora3: rsync: failed to set times on "/pub/qubes/repo/yum/r3.2/security-testing/vm/fc25/rpm": Operation not permitted (1)
2018-05-21 16:48:29.472819 +0000 build-fedora3: rsync: failed to set times on "/pub/qubes/repo/yum/r3.2/security-testing/vm/fc26": Operation not permitted (1)
2018-05-21 16:48:29.472912 +0000 build-fedora3: rsync: failed to set times on "/pub/qubes/repo/yum/r3.2/security-testing/vm/fc26/comps.xml": Operation not permitted (1)
2018-05-21 16:48:29.472992 +0000 build-fedora3: rsync: failed to set times on "/pub/qubes/repo/yum/r3.2/security-testing/vm/fc26/rpm": Operation not permitted (1)
2018-05-21 16:48:29.473054 +0000 build-fedora3: .d..t...... security-testing/vm/fc25/
2018-05-21 16:48:29.473114 +0000 build-fedora3: .d..t...... security-testing/vm/fc25/rpm/
2018-05-21 16:48:29.473173 +0000 build-fedora3: .d..t...... security-testing/vm/fc26/
2018-05-21 16:48:29.473240 +0000 build-fedora3: .L..t...... security-testing/vm/fc26/comps.xml -> ../../../comps-vm.xml
2018-05-21 16:48:29.473299 +0000 build-fedora3: .d..t...... security-testing/vm/fc26/rpm/
2018-05-21 16:48:29.473402 +0000 build-fedora3: .d..t...... security-testing/vm/fc27/
2018-05-21 16:48:29.473464 +0000 build-fedora3: .d..t...... security-testing/vm/fc28/
2018-05-21 16:48:29.656053 +0000 build-fedora3: rsync error: some files/attrs were not transferred (see previous errors) (code 23) at main.c(1189) [sender=3.1.3]
2018-05-21 16:48:30.292701 +0000 build-fedora3: --> Processing repo: r3.2/current/dom0/fc20...
2018-05-21 16:48:30.392092 +0000 build-fedora3: Warning: Requested more delta workers than workers. This is insane. Limiting.
2018-05-21 16:48:31.182291 +0000 build-fedora3: --> Processing repo: r3.2/current/dom0/fc23...
2018-05-21 16:48:31.289233 +0000 build-fedora3: Warning: Requested more delta workers than workers. This is insane. Limiting.
2018-05-21 16:49:47.955228 +0000 build-fedora3: Traceback (most recent call last):
2018-05-21 16:49:47.955386 +0000 build-fedora3:   File "/usr/local/share/createrepo/genpkgmetadata.py", line 320, in <module>
2018-05-21 16:49:47.955485 +0000 build-fedora3:     main(sys.argv[1:])
2018-05-21 16:49:47.956104 +0000 build-fedora3:   File "/usr/local/share/createrepo/genpkgmetadata.py", line 292, in main
2018-05-21 16:49:47.956203 +0000 build-fedora3:     mdgen.doRepoMetadata()
2018-05-21 16:49:47.956303 +0000 build-fedora3:   File "/usr/local/lib/python2.7/site-packages/createrepo/__init__.py", line 1230, in doRepoMetadata
2018-05-21 16:49:47.956390 +0000 build-fedora3:     while data.read(zfo, 2**16):
2018-05-21 16:49:47.956485 +0000 build-fedora3:   File "/usr/local/lib/python2.7/site-packages/yum/misc.py", line 264, in read
2018-05-21 16:49:47.956564 +0000 build-fedora3:     data = fo.read(size)
2018-05-21 16:49:47.956738 +0000 build-fedora3:   File "/usr/local/lib/python2.7/gzip.py", line 268, in read
2018-05-21 16:49:47.956793 +0000 build-fedora3:     self._read(readsize)
2018-05-21 16:49:47.956841 +0000 build-fedora3:   File "/usr/local/lib/python2.7/gzip.py", line 319, in _read
2018-05-21 16:49:47.956887 +0000 build-fedora3:     uncompress = self.decompress.decompress(buf)
2018-05-21 16:49:47.956967 +0000 build-fedora3: zlib.error: Error -3 while decompressing: too many length or distance symbols
2018-05-21 16:49:48.282159 +0000 build-fedora3: --> Processing repo: r3.2/current/vm/centos7...
2018-05-21 16:49:48.384342 +0000 build-fedora3: Warning: Requested more delta workers than workers. This is insane. Limiting.
2018-05-21 16:49:50.679505 +0000 build-fedora3: --> Processing repo: r3.2/current/vm/fc22...
2018-05-21 16:49:50.778481 +0000 build-fedora3: Warning: Requested more delta workers than workers. This is insane. Limiting.
2018-05-21 16:49:51.597058 +0000 build-fedora3: --> Processing repo: r3.2/current/vm/fc23...
2018-05-21 16:49:51.703333 +0000 build-fedora3: Warning: Requested more delta workers than workers. This is insane. Limiting.
2018-05-21 16:50:13.691642 +0000 build-fedora3: --> Processing repo: r3.2/current/vm/fc24...
2018-05-21 16:50:13.800015 +0000 build-fedora3: Warning: Requested more delta workers than workers. This is insane. Limiting.
2018-05-21 16:50:35.374920 +0000 build-fedora3: --> Processing repo: r3.2/current/vm/fc25...
2018-05-21 16:50:35.477009 +0000 build-fedora3: Warning: Requested more delta workers than workers. This is insane. Limiting.
2018-05-21 16:50:52.052926 +0000 build-fedora3: --> Processing repo: r3.2/current/vm/fc26...
2018-05-21 16:50:52.154854 +0000 build-fedora3: Warning: Requested more delta workers than workers. This is insane. Limiting.
2018-05-21 16:50:57.640527 +0000 build-fedora3: --> Processing repo: r3.2/current/vm/fc27...
2018-05-21 16:50:59.712683 +0000 build-fedora3: Warning: Requested more delta workers than workers. This is insane. Limiting.
2018-05-21 16:51:00.461059 +0000 build-fedora3: --> Processing repo: r3.2/current/vm/fc28...
2018-05-21 16:51:00.562970 +0000 build-fedora3: Warning: Requested more delta workers than workers. This is insane. Limiting.
2018-05-21 16:51:03.229808 +0000 build-fedora3: Done.
2018-05-21 16:51:03.432802 +0000 build-fedora3: --> Processing repo: r3.2/current-testing/dom0/fc20...
2018-05-21 16:51:03.528851 +0000 build-fedora3: Warning: Requested more delta workers than workers. This is insane. Limiting.
2018-05-21 16:51:04.022346 +0000 build-fedora3: --> Processing repo: r3.2/current-testing/dom0/fc23...
2018-05-21 16:51:04.130222 +0000 build-fedora3: Warning: Requested more delta workers than workers. This is insane. Limiting.
2018-05-21 16:53:46.005860 +0000 build-fedora3: Traceback (most recent call last):
2018-05-21 16:53:46.006062 +0000 build-fedora3:   File "/usr/local/share/createrepo/genpkgmetadata.py", line 320, in <module>
2018-05-21 16:53:46.006267 +0000 build-fedora3:     main(sys.argv[1:])
2018-05-21 16:53:46.006395 +0000 build-fedora3:   File "/usr/local/share/createrepo/genpkgmetadata.py", line 292, in main
2018-05-21 16:53:46.006545 +0000 build-fedora3:     mdgen.doRepoMetadata()
2018-05-21 16:53:46.006766 +0000 build-fedora3:   File "/usr/local/lib/python2.7/site-packages/createrepo/__init__.py", line 1227, in doRepoMetadata
2018-05-21 16:53:46.006889 +0000 build-fedora3:     zfo = compressOpen(complete_path)
2018-05-21 16:53:46.007020 +0000 build-fedora3:   File "/usr/local/lib/python2.7/site-packages/createrepo/utils.py", line 135, in compressOpen
2018-05-21 16:53:46.007164 +0000 build-fedora3:     return _gzipOpen(fn, mode)
2018-05-21 16:53:46.007266 +0000 build-fedora3:   File "/usr/local/lib/python2.7/site-packages/createrepo/utils.py", line 53, in _gzipOpen
2018-05-21 16:53:46.007336 +0000 build-fedora3:     return GzipFile(filename, mode, compresslevel)
2018-05-21 16:53:46.007414 +0000 build-fedora3:   File "/usr/local/lib/python2.7/gzip.py", line 94, in __init__
2018-05-21 16:53:46.007482 +0000 build-fedora3:     fileobj = self.myfileobj = __builtin__.open(filename, mode or 'rb')
2018-05-21 16:53:46.007556 +0000 build-fedora3: IOError: [Errno 2] No such file or directory: 'r3.2/current-testing/dom0/fc23/.repodata/other.xml.gz'
2018-05-21 16:53:46.272130 +0000 build-fedora3: --> Processing repo: r3.2/security-testing/dom0/fc20...
2018-05-21 16:53:46.373914 +0000 build-fedora3: Warning: Requested more delta workers than workers. This is insane. Limiting.
2018-05-21 16:53:47.299091 +0000 build-fedora3: --> Processing repo: r3.2/security-testing/dom0/fc23...
2018-05-21 16:53:47.405067 +0000 build-fedora3: Warning: Requested more delta workers than workers. This is insane. Limiting.
2018-05-21 16:54:10.614156 +0000 build-fedora3: --> Processing repo: r3.2/security-testing/vm/centos7...
2018-05-21 16:54:10.714356 +0000 build-fedora3: Warning: Requested more delta workers than workers. This is insane. Limiting.
2018-05-21 16:54:12.811442 +0000 build-fedora3: --> Processing repo: r3.2/security-testing/vm/fc22...
2018-05-21 16:54:12.912652 +0000 build-fedora3: Warning: Requested more delta workers than workers. This is insane. Limiting.
2018-05-21 16:54:14.549279 +0000 build-fedora3: --> Processing repo: r3.2/security-testing/vm/fc23...
2018-05-21 16:54:14.655365 +0000 build-fedora3: Warning: Requested more delta workers than workers. This is insane. Limiting.
2018-05-21 16:54:26.250413 +0000 build-fedora3: --> Processing repo: r3.2/security-testing/vm/fc24...
2018-05-21 16:54:26.354967 +0000 build-fedora3: Warning: Requested more delta workers than workers. This is insane. Limiting.
2018-05-21 16:54:38.360213 +0000 build-fedora3: --> Processing repo: r3.2/security-testing/vm/fc25...
2018-05-21 16:54:38.469625 +0000 build-fedora3: Warning: Requested more delta workers than workers. This is insane. Limiting.
2018-05-21 16:54:51.164105 +0000 build-fedora3: --> Processing repo: r3.2/security-testing/vm/fc26...
2018-05-21 16:54:51.267292 +0000 build-fedora3: Warning: Requested more delta workers than workers. This is insane. Limiting.
2018-05-21 16:54:57.554327 +0000 build-fedora3: --> Processing repo: r3.2/security-testing/vm/fc27...
2018-05-21 16:54:57.655092 +0000 build-fedora3: Warning: Requested more delta workers than workers. This is insane. Limiting.
2018-05-21 16:54:59.970651 +0000 build-fedora3: --> Processing repo: r3.2/security-testing/vm/fc28...
2018-05-21 16:55:00.073264 +0000 build-fedora3: Warning: Requested more delta workers than workers. This is insane. Limiting.
2018-05-21 16:55:02.393819 +0000 build-fedora3: Done.
2018-05-21 16:55:02.395813 +0000 build-fedora3: ~/builder-r3.2/qubes-src/linux-yum
2018-05-21 16:55:02.397477 +0000 build-fedora3: Makefile:689: update target 'update-repo-current' due to: internal-update-repo-current.vm.fc25 internal-update-repo-current.vm.fc26 internal-update-repo-current.vm.fc27 internal-update-repo-current.vm.fc28 post-update-repo-current
2018-05-21 16:55:02.397526 +0000 build-fedora3: true
2018-05-21 16:55:02.402315 +0000 build-fedora3: > done
2018-05-21 16:56:51.945396 +0000 > closing log
