2018-04-18 15:32:48.416636 +0000 > starting log
2018-04-18 15:32:48.418808 +0000 build-fedora3: > starting build with log
2018-04-18 15:32:48.418860 +0000 build-fedora3: >> make args: update-repo-current
2018-04-18 15:32:48.418891 +0000 build-fedora3: >> MAKEFLAGS=
2018-04-18 15:32:48.418917 +0000 build-fedora3: >> COMPONENTS=app-linux-usb-proxy
2018-04-18 15:32:48.418941 +0000 build-fedora3: >> DISTS_VM=
2018-04-18 15:32:48.418962 +0000 build-fedora3: >> DIST_DOM0=
2018-04-18 15:32:48.418988 +0000 build-fedora3: >> qubes-builder dc096de32de1dbae2ad14cfc5a6c127fc8ab659a
2018-04-18 15:32:48.419017 +0000 build-fedora3: >> qubes-builder/qubes-src/app-linux-usb-proxy 8ed6397f6ed176b63dff7412ce0a366ab0e09c60
2018-04-18 15:32:48.419047 +0000 build-fedora3: !! pkgs/fc23/noarch/qubes-usb-proxy-1.0.5-1.fc23.noarch.rpm
2018-04-18 15:32:48.419075 +0000 build-fedora3: !! pkgs/fc23/noarch/qubes-usb-proxy-dom0-1.0.10-1.fc23.noarch.rpm
2018-04-18 15:32:48.419126 +0000 build-fedora3: !! pkgs/fc23/noarch/qubes-usb-proxy-dom0-1.0.11-1.fc23.noarch.rpm
2018-04-18 15:32:48.419154 +0000 build-fedora3: !! pkgs/fc23/noarch/qubes-usb-proxy-dom0-1.0.12-1.fc23.noarch.rpm
2018-04-18 15:32:48.419182 +0000 build-fedora3: !! pkgs/fc23/noarch/qubes-usb-proxy-dom0-1.0.13-1.fc23.noarch.rpm
2018-04-18 15:32:48.419210 +0000 build-fedora3: !! pkgs/fc23/noarch/qubes-usb-proxy-dom0-1.0.14-1.fc23.noarch.rpm
2018-04-18 15:32:48.419240 +0000 build-fedora3: !! pkgs/fc23/noarch/qubes-usb-proxy-dom0-1.0.15-1.fc23.noarch.rpm
2018-04-18 15:32:48.419267 +0000 build-fedora3: !! pkgs/fc23/noarch/qubes-usb-proxy-dom0-1.0.16-1.fc23.noarch.rpm
2018-04-18 15:32:48.419295 +0000 build-fedora3: !! pkgs/fc23/noarch/qubes-usb-proxy-dom0-1.0.17-1.fc23.noarch.rpm
2018-04-18 15:32:48.419323 +0000 build-fedora3: !! pkgs/fc23/noarch/qubes-usb-proxy-dom0-1.0.5-1.fc23.noarch.rpm
2018-04-18 15:32:48.419350 +0000 build-fedora3: !! pkgs/fc23/noarch/qubes-usb-proxy-dom0-1.0.6-1.fc23.noarch.rpm
2018-04-18 15:32:48.419376 +0000 build-fedora3: !! pkgs/fc23/noarch/qubes-usb-proxy-dom0-1.0.7-1.fc23.noarch.rpm
2018-04-18 15:32:48.419402 +0000 build-fedora3: !! pkgs/fc23/noarch/qubes-usb-proxy-dom0-1.0.8-1.fc23.noarch.rpm
2018-04-18 15:32:48.419429 +0000 build-fedora3: !! pkgs/fc23/noarch/qubes-usb-proxy-dom0-1.0.9-1.fc23.noarch.rpm
2018-04-18 15:32:48.419456 +0000 build-fedora3: !! pkgs/fc23/qubes-usb-proxy-dom0.spec.list
2018-04-18 15:32:48.419483 +0000 build-fedora3: !! pkgs/fc24/noarch/qubes-usb-proxy-1.0.5-1.fc24.noarch.rpm
2018-04-18 15:32:48.419508 +0000 build-fedora3: !! pkgs/fc25/noarch/qubes-usb-proxy-1.0.5-1.fc25.noarch.rpm
2018-04-18 15:32:48.419546 +0000 build-fedora3: c1a4d8922c4cada0d82192815bc55d4f78d259897a585b05b270b5bbfe7d047486f550f8ac20691ab574eef34e0f41ea872a2515a7e5cda56c3414dff2fb3ac3  pkgs/fc23/noarch/qubes-usb-proxy-1.0.5-1.fc23.noarch.rpm
2018-04-18 15:32:48.419587 +0000 build-fedora3: 3dd6a4dd760df37324d937871547e1071db5a5c667944d9fe5b6ad093f025bca16cec94fb96b75e21b997bf120203ff02e16b156c68d278e488d73d0934f11d9  pkgs/fc23/noarch/qubes-usb-proxy-dom0-1.0.10-1.fc23.noarch.rpm
2018-04-18 15:32:48.419628 +0000 build-fedora3: 5ea38fd1e3c2b4ea24c3656d9726a3b8bfbc2c0754cfb477abdc3c9be7da89738173b179f9580aaa5fac3f8bcf3f926e5a607b7f2dd837cdfe3bea101b0c35bd  pkgs/fc23/noarch/qubes-usb-proxy-dom0-1.0.11-1.fc23.noarch.rpm
2018-04-18 15:32:48.419667 +0000 build-fedora3: ed5fe9a9040f67027f27e2ab4b693311f3f04bd064fdf6ead0333ed4b4297b29cb3ed66af815b4a5fc38acc97583a236f35354679a3b649738aa57339d165773  pkgs/fc23/noarch/qubes-usb-proxy-dom0-1.0.12-1.fc23.noarch.rpm
2018-04-18 15:32:48.419708 +0000 build-fedora3: caf3da171f6b62f2a7df8e399f4d8ac5ad7113b0b1324f16859e22dc05ce2cd2cbf1907b8f016b1a464c9bb224c0ce386e444bb87019ec067b4b70c3db949b45  pkgs/fc23/noarch/qubes-usb-proxy-dom0-1.0.13-1.fc23.noarch.rpm
2018-04-18 15:32:48.419747 +0000 build-fedora3: 4f8183271be535d973f0d8558135f8bfa34a5b6c8af2119caf07d19016e02e9c9b122a4d45e02e13ab2253bd7f9d0d58d0e64fdf40d804792851688413086b15  pkgs/fc23/noarch/qubes-usb-proxy-dom0-1.0.14-1.fc23.noarch.rpm
2018-04-18 15:32:48.419786 +0000 build-fedora3: 849c28b2e9a986e36ef2433b0c32682ef065a4fe9bf6e2498e88f10097aa432c66399cdda73aa2d6c1cc932f3dbcc9b3c02bac201eb3a876a86af27dfd0d65e9  pkgs/fc23/noarch/qubes-usb-proxy-dom0-1.0.15-1.fc23.noarch.rpm
2018-04-18 15:32:48.419843 +0000 build-fedora3: cfae3123edaedaef993d90767430983d30ce46b17b198b451a99089a1e1cfce116217f21ac62ec831d3497f6a89f9c42c7f8b459b986df20979366f5f4b3d8f1  pkgs/fc23/noarch/qubes-usb-proxy-dom0-1.0.16-1.fc23.noarch.rpm
2018-04-18 15:32:48.419883 +0000 build-fedora3: c038d8b45bb0802cf1e3a3dd54e528a17ef98648fad2012fd8f4294d2e2d6679a129e58eb9e031d3e5dd90715a2eda3ef72f5814474d59eceb92ed97ca7f9965  pkgs/fc23/noarch/qubes-usb-proxy-dom0-1.0.17-1.fc23.noarch.rpm
2018-04-18 15:32:48.419923 +0000 build-fedora3: d0fd274d8458d426436a766fda6864f13c99d8aff4c3b936c501e169d53d6e373603b2b1a34c13a910a465dad6298588c294916aed7dce8453287dc185d9af74  pkgs/fc23/noarch/qubes-usb-proxy-dom0-1.0.5-1.fc23.noarch.rpm
2018-04-18 15:32:48.419963 +0000 build-fedora3: 953617badd45a2f4df04a115310b9aa90274d830689474d959e0ddcc0aaf6079b5e2a34ad63bed290f3ec09442481583911afcc6a7316a452537717f77031ba6  pkgs/fc23/noarch/qubes-usb-proxy-dom0-1.0.6-1.fc23.noarch.rpm
2018-04-18 15:32:48.420001 +0000 build-fedora3: 458c35666fccacaed13cb141bd2bb91058fb4f0a1a29cef71be2f7e4f0b992b60f6f7e9544275f0dc1fbd8be96caec64274ba4d13a64e73fd0f32237ce9033e0  pkgs/fc23/noarch/qubes-usb-proxy-dom0-1.0.7-1.fc23.noarch.rpm
2018-04-18 15:32:48.420042 +0000 build-fedora3: 2a9491c2676eebfc1d8c4a33e81cff655949e5f164b812bf0938667d3f06d3b347a530afc3592bd05dc4775cfd48cab280cdd17b8b4a80f32559c8593855447a  pkgs/fc23/noarch/qubes-usb-proxy-dom0-1.0.8-1.fc23.noarch.rpm
2018-04-18 15:32:48.420082 +0000 build-fedora3: 5e94f4ce2ff72811aa6c4de3bfa6f2bb70738703283f11610f4c19856a5cfa1bcf4a9e8b1df13c4afc8f1cd54da5a334ba8a8ddc79282db32b89583c217b3dd9  pkgs/fc23/noarch/qubes-usb-proxy-dom0-1.0.9-1.fc23.noarch.rpm
2018-04-18 15:32:48.420152 +0000 build-fedora3: 8b01a2f3fce22bd709d68711030dac5d0b27000ab6a8ac0d4af96274f3e19cc59370efdc8cb7537488317af5903dfee78c0988eeb1b00ce6da3039f2c7a845bf  pkgs/fc23/qubes-usb-proxy-dom0.spec.list
2018-04-18 15:32:48.420193 +0000 build-fedora3: c3888356c2a2dcb348581f05850389a5da8cc04b6aba6560ceabc59fb84318322abb886ab5de2b48e30df69d5f7806645d07596b1c50ff83bf5e27ec0c0a3b77  pkgs/fc24/noarch/qubes-usb-proxy-1.0.5-1.fc24.noarch.rpm
2018-04-18 15:32:48.420232 +0000 build-fedora3: 65e43da4b22dbc7f7391e50a71364e95719ef49b9e264a2f8801384848f852b21bb8a27e476dd3b8fb2631414463683de1b4e113f3e01f731780ed5c99521374  pkgs/fc25/noarch/qubes-usb-proxy-1.0.5-1.fc25.noarch.rpm
2018-04-18 15:32:48.535763 +0000 build-fedora3: ================================================================================
2018-04-18 15:32:48.535830 +0000 build-fedora3:                            B U I L D   I N F O                                  
2018-04-18 15:32:48.535863 +0000 build-fedora3: Items in red indicate it was automatically generated by configuration file(s)
2018-04-18 15:32:48.535893 +0000 build-fedora3: Items in white indicate it was automatically removed by configuration file(s)
2018-04-18 15:32:48.535923 +0000 build-fedora3: ================================================================================
2018-04-18 15:32:48.535950 +0000 build-fedora3: DISTS_VM:
2018-04-18 15:32:48.544117 +0000 build-fedora3:     
2018-04-18 15:32:48.544911 +0000 build-fedora3: DISTS_ALL:
2018-04-18 15:32:48.553010 +0000 build-fedora3:      fc23,
2018-04-18 15:32:48.553720 +0000 build-fedora3: DIST_DOM0:
2018-04-18 15:32:48.564280 +0000 build-fedora3:      fc23,
2018-04-18 15:32:48.564886 +0000 build-fedora3: BUILDER_PLUGINS:
2018-04-18 15:32:48.574317 +0000 build-fedora3:      builder-fedora, mgmt-salt, builder-github,
2018-04-18 15:32:48.576800 +0000 build-fedora3: COMPONENTS:
2018-04-18 15:32:48.584261 +0000 build-fedora3:      app-linux-usb-proxy,
2018-04-18 15:32:48.586752 +0000 build-fedora3: GIT_REPOS:
2018-04-18 15:32:48.593831 +0000 build-fedora3:      qubes-src/app-linux-usb-proxy,
2018-04-18 15:32:48.594287 +0000 build-fedora3: TEMPLATE:
2018-04-18 15:32:48.603830 +0000 build-fedora3:     
2018-04-18 15:32:48.606105 +0000 build-fedora3: TEMPLATE_FLAVOR_DIR:
2018-04-18 15:32:48.613564 +0000 build-fedora3:     
2018-04-18 15:32:48.616048 +0000 build-fedora3: TEMPLATE_ALIAS:
2018-04-18 15:32:48.624341 +0000 build-fedora3:      jessie:jessie+standard, jessie+gnome:jessie+gnome+standard,
2018-04-18 15:32:48.624405 +0000 build-fedora3:      jessie+minimal:jessie+minimal+no-recommends, stretch:stretch+standard, stretch+gnome:stretch+gnome+standard,
2018-04-18 15:32:48.624442 +0000 build-fedora3:      stretch+minimal:stretch+minimal+no-recommends, jessie:jessie+standard, jessie+gnome:jessie+gnome+standard,
2018-04-18 15:32:48.624476 +0000 build-fedora3:      jessie+minimal:jessie+minimal+no-recommends, stretch:stretch+standard, stretch+gnome:stretch+gnome+standard,
2018-04-18 15:32:48.624503 +0000 build-fedora3:      stretch+minimal:stretch+minimal+no-recommends,
2018-04-18 15:32:48.626745 +0000 build-fedora3: TEMPLATE_LABEL:
2018-04-18 15:32:48.637024 +0000 build-fedora3:      fc20:fedora-20 fc21:fedora-21 fc22:fedora-22 fc23:fedora-23 fc24:fedora-24 fc25:fedora-25 fc26:fedora-26
2018-04-18 15:32:48.637103 +0000 build-fedora3:      fc20+minimal:fedora-20-minimal fc21+minimal:fedora-21-minimal fc23+minimal:fedora-23-minimal
2018-04-18 15:32:48.637137 +0000 build-fedora3:      fc24+minimal:fedora-24-minimal fc25+minimal:fedora-25-minimal fc26+minimal:fedora-26-minimal
2018-04-18 15:32:48.637168 +0000 build-fedora3:      fc25+xfce:fedora-25-xfce fc26+xfce:fedora-26-xfce wheezy:debian-7 wheezy+standard:debian-7
2018-04-18 15:32:48.637201 +0000 build-fedora3:      jessie:debian-8 jessie+standard:debian-8 stretch:debian-9 stretch+standard:debian-9 centos7:centos-7
2018-04-18 15:32:48.637231 +0000 build-fedora3:      centos7+minimal:centos-7-minimal fc20:fedora-20 fc21:fedora-21 fc22:fedora-22 fc23:fedora-23 fc24:fedora-24
2018-04-18 15:32:48.637260 +0000 build-fedora3:      fc25:fedora-25 fc26:fedora-26 fc20+minimal:fedora-20-minimal fc21+minimal:fedora-21-minimal
2018-04-18 15:32:48.637288 +0000 build-fedora3:      fc23+minimal:fedora-23-minimal fc24+minimal:fedora-24-minimal fc25+minimal:fedora-25-minimal
2018-04-18 15:32:48.637318 +0000 build-fedora3:      fc26+minimal:fedora-26-minimal wheezy:debian-7 wheezy+standard:debian-7 jessie:debian-8
2018-04-18 15:32:48.637347 +0000 build-fedora3:      jessie+standard:debian-8 stretch:debian-9 stretch+standard:debian-9
2018-04-18 15:32:48.712907 +0000 build-fedora3: > running make
2018-04-18 15:32:48.757695 +0000 build-fedora3: Makefile:721: target 'internal-update-repo-current.dom0.fc23.app-linux-usb-proxy' does not exist
2018-04-18 15:32:48.757753 +0000 build-fedora3: repo_base_var="LINUX_REPO_fc23_BASEDIR"; \
2018-04-18 15:32:48.757782 +0000 build-fedora3: if [ -n "${!repo_base_var}" ]; then \
2018-04-18 15:32:48.757806 +0000 build-fedora3: .repo_basedir="${!repo_base_var}"; \
2018-04-18 15:32:48.757827 +0000 build-fedora3: else \
2018-04-18 15:32:48.757852 +0000 build-fedora3: .repo_basedir="qubes-src/linux-yum/r3.2"; \
2018-04-18 15:32:48.757872 +0000 build-fedora3: fi; \
2018-04-18 15:32:48.757898 +0000 build-fedora3: if [ -r qubes-src/app-linux-usb-proxy/Makefile.builder ]; then \
2018-04-18 15:32:48.757923 +0000 build-fedora3: .echo -n "Updating qubes-src/app-linux-usb-proxy... "; \
2018-04-18 15:32:48.757945 +0000 build-fedora3: .if [ "0" -eq 1 ]; then \
2018-04-18 15:32:48.757972 +0000 build-fedora3: ..vtag=`git -C qubes-src/app-linux-usb-proxy tag --points-at HEAD --list v*`; \
2018-04-18 15:32:48.757994 +0000 build-fedora3: ..if [ -z "$vtag" ]; then \
2018-04-18 15:32:48.758016 +0000 build-fedora3: ...echo "no version tag"; \
2018-04-18 15:32:48.758036 +0000 build-fedora3: ...exit 0; \
2018-04-18 15:32:48.758055 +0000 build-fedora3: ..fi; \
2018-04-18 15:32:48.758074 +0000 build-fedora3: .fi; \
2018-04-18 15:32:48.758140 +0000 build-fedora3: .component_packages=$(MAKEFLAGS= make -s -f Makefile.generic DIST=fc23 PACKAGE_SET=dom0 COMPONENT=`basename qubes-src/app-linux-usb-proxy` UPDATE_REPO=/home/user/builder-r3.2-dom0/$repo_basedir/current/dom0/fc23 get-var GET_VAR=PACKAGE_LIST); \
2018-04-18 15:32:48.758186 +0000 build-fedora3: .if [ -z "$component_packages" ]; then \
2018-04-18 15:32:48.758210 +0000 build-fedora3: ..echo "no packages."; \
2018-04-18 15:32:48.758233 +0000 build-fedora3: ..exit 0; \
2018-04-18 15:32:48.758259 +0000 build-fedora3: .fi; \
2018-04-18 15:32:48.758287 +0000 build-fedora3: .make -s -f Makefile.generic DIST=fc23 PACKAGE_SET=dom0 \
2018-04-18 15:32:48.758313 +0000 build-fedora3: ..COMPONENT=`basename qubes-src/app-linux-usb-proxy` \
2018-04-18 15:32:48.758340 +0000 build-fedora3: ..SNAPSHOT_REPO=current-testing \
2018-04-18 15:32:48.758362 +0000 build-fedora3: ..TARGET_REPO=current \
2018-04-18 15:32:48.758389 +0000 build-fedora3: ..UPDATE_REPO=/home/user/builder-r3.2-dom0/$repo_basedir/current/dom0/fc23 \
2018-04-18 15:32:48.758421 +0000 build-fedora3: ..SNAPSHOT_FILE=/home/user/builder-r3.2-dom0/repo-latest-snapshot/current-testing-dom0-fc23-`basename qubes-src/app-linux-usb-proxy` \
2018-04-18 15:32:48.758444 +0000 build-fedora3: ..BUILD_LOG_URL= \
2018-04-18 15:32:48.758473 +0000 build-fedora3: ..update-repo-from-snapshot || exit 1; \
2018-04-18 15:32:48.758504 +0000 build-fedora3: elif make -C qubes-src/app-linux-usb-proxy -n update-repo-current >/dev/null 2>/dev/null; then \
2018-04-18 15:32:48.758530 +0000 build-fedora3: .echo "Updating qubes-src/app-linux-usb-proxy... "; \
2018-04-18 15:32:48.758556 +0000 build-fedora3: .make -s -C qubes-src/app-linux-usb-proxy update-repo-current || exit 1; \
2018-04-18 15:32:48.758576 +0000 build-fedora3: else \
2018-04-18 15:32:48.758601 +0000 build-fedora3: .echo -n "Updating qubes-src/app-linux-usb-proxy... skipping."; \
2018-04-18 15:32:48.758626 +0000 build-fedora3: fi; \
2018-04-18 15:32:48.758646 +0000 build-fedora3: echo
2018-04-18 15:32:48.806062 +0000 build-fedora3: Updating qubes-src/app-linux-usb-proxy... + ERR_OUTPUT=/dev/stderr
2018-04-18 15:32:48.806161 +0000 build-fedora3: + '[' 2 -lt 2 ']'
2018-04-18 15:32:48.808466 +0000 build-fedora3: ++ basename qubes-src/app-linux-usb-proxy/rpm_spec/qubes-usb-proxy-dom0.spec.in
2018-04-18 15:32:48.811337 +0000 build-fedora3: + [[ xqubes-usb-proxy-dom0.spec.in == \x\.\i\n ]]
2018-04-18 15:32:48.811408 +0000 build-fedora3: + '[' -r qubes-src/app-linux-usb-proxy/rpm_spec/qubes-usb-proxy-dom0.spec.in ']'
2018-04-18 15:32:48.811456 +0000 build-fedora3: + rpm -q --qf '%{NAME}-%{VERSION}.tar.gz\n' --specfile qubes-src/app-linux-usb-proxy/rpm_spec/qubes-usb-proxy-dom0.spec
2018-04-18 15:32:48.882982 +0000 build-fedora3: warning: Macro %version defined but not used within scope
2018-04-18 15:32:48.883050 +0000 build-fedora3: warning: Macro %python3_sitelib defined but not used within scope
2018-04-18 15:32:48.891388 +0000 build-fedora3: cat: version: No such file or directory
2018-04-18 15:32:48.892626 +0000 build-fedora3: error: line 9: Empty tag: Version:
2018-04-18 15:32:48.892689 +0000 build-fedora3: error: query of specfile qubes-src/app-linux-usb-proxy/rpm_spec/qubes-usb-proxy-dom0.spec failed, can't parse
2018-04-18 15:32:49.064634 +0000 build-fedora3: + ERR_OUTPUT=/dev/stderr
2018-04-18 15:32:49.064689 +0000 build-fedora3: + '[' 2 -lt 2 ']'
2018-04-18 15:32:49.064722 +0000 build-fedora3: ++ basename qubes-src/app-linux-usb-proxy/rpm_spec/qubes-usb-proxy-dom0.spec.in
2018-04-18 15:32:49.064751 +0000 build-fedora3: + [[ xqubes-usb-proxy-dom0.spec.in == \x\.\i\n ]]
2018-04-18 15:32:49.064780 +0000 build-fedora3: + '[' -r qubes-src/app-linux-usb-proxy/rpm_spec/qubes-usb-proxy-dom0.spec.in ']'
2018-04-18 15:32:49.064814 +0000 build-fedora3: + rpm -q --qf '%{NAME}-%{VERSION}.tar.gz\n' --specfile qubes-src/app-linux-usb-proxy/rpm_spec/qubes-usb-proxy-dom0.spec
2018-04-18 15:32:49.110926 +0000 build-fedora3: warning: Macro %version defined but not used within scope
2018-04-18 15:32:49.111099 +0000 build-fedora3: warning: Macro %python3_sitelib defined but not used within scope
2018-04-18 15:32:49.121436 +0000 build-fedora3: cat: version: No such file or directory
2018-04-18 15:32:49.123884 +0000 build-fedora3: error: line 9: Empty tag: Version:
2018-04-18 15:32:49.123946 +0000 build-fedora3: error: query of specfile qubes-src/app-linux-usb-proxy/rpm_spec/qubes-usb-proxy-dom0.spec failed, can't parse
2018-04-18 15:32:49.317000 +0000 build-fedora3: + ERR_OUTPUT=/dev/stderr
2018-04-18 15:32:49.317052 +0000 build-fedora3: + '[' 2 -lt 2 ']'
2018-04-18 15:32:49.319585 +0000 build-fedora3: ++ basename qubes-src/app-linux-usb-proxy/rpm_spec/qubes-usb-proxy-dom0.spec.in
2018-04-18 15:32:49.323093 +0000 build-fedora3: + [[ xqubes-usb-proxy-dom0.spec.in == \x\.\i\n ]]
2018-04-18 15:32:49.323162 +0000 build-fedora3: + '[' -r qubes-src/app-linux-usb-proxy/rpm_spec/qubes-usb-proxy-dom0.spec.in ']'
2018-04-18 15:32:49.323197 +0000 build-fedora3: + rpm -q --qf '%{NAME}-%{VERSION}.tar.gz\n' --specfile qubes-src/app-linux-usb-proxy/rpm_spec/qubes-usb-proxy-dom0.spec
2018-04-18 15:32:49.390268 +0000 build-fedora3: warning: Macro %version defined but not used within scope
2018-04-18 15:32:49.390327 +0000 build-fedora3: warning: Macro %python3_sitelib defined but not used within scope
2018-04-18 15:32:49.403979 +0000 build-fedora3: cat: version: No such file or directory
2018-04-18 15:32:49.406657 +0000 build-fedora3: error: line 9: Empty tag: Version:
2018-04-18 15:32:49.406717 +0000 build-fedora3: error: query of specfile qubes-src/app-linux-usb-proxy/rpm_spec/qubes-usb-proxy-dom0.spec failed, can't parse
2018-04-18 15:32:49.409123 +0000 build-fedora3: Makefile.generic:198: target 'update-repo-date-check' does not exist
2018-04-18 15:32:49.409186 +0000 build-fedora3: if ! [ -r /home/user/builder-r3.2-dom0/repo-latest-snapshot/current-testing-dom0-fc23-app-linux-usb-proxy ]; then \
2018-04-18 15:32:49.409222 +0000 build-fedora3: .echo "`tput bold`*** Packages weren't uploaded to current-testing! ***`tput sgr0`"; \
2018-04-18 15:32:49.409249 +0000 build-fedora3: .exit 1; \
2018-04-18 15:32:49.409272 +0000 build-fedora3: fi
2018-04-18 15:32:49.470876 +0000 build-fedora3: + ERR_OUTPUT=/dev/stderr
2018-04-18 15:32:49.470928 +0000 build-fedora3: + '[' 2 -lt 2 ']'
2018-04-18 15:32:49.477779 +0000 build-fedora3: ++ basename qubes-src/app-linux-usb-proxy/rpm_spec/qubes-usb-proxy-dom0.spec.in
2018-04-18 15:32:49.477839 +0000 build-fedora3: + [[ xqubes-usb-proxy-dom0.spec.in == \x\.\i\n ]]
2018-04-18 15:32:49.477873 +0000 build-fedora3: + '[' -r qubes-src/app-linux-usb-proxy/rpm_spec/qubes-usb-proxy-dom0.spec.in ']'
2018-04-18 15:32:49.477911 +0000 build-fedora3: + rpm -q --qf '%{NAME}-%{VERSION}.tar.gz\n' --specfile qubes-src/app-linux-usb-proxy/rpm_spec/qubes-usb-proxy-dom0.spec
2018-04-18 15:32:49.568233 +0000 build-fedora3: warning: Macro %version defined but not used within scope
2018-04-18 15:32:49.568293 +0000 build-fedora3: warning: Macro %python3_sitelib defined but not used within scope
2018-04-18 15:32:49.580871 +0000 build-fedora3: cat: version: No such file or directory
2018-04-18 15:32:49.588455 +0000 build-fedora3: error: line 9: Empty tag: Version:
2018-04-18 15:32:49.588525 +0000 build-fedora3: error: query of specfile qubes-src/app-linux-usb-proxy/rpm_spec/qubes-usb-proxy-dom0.spec failed, can't parse
2018-04-18 15:32:49.610104 +0000 build-fedora3: touch -t `date -d "7 days ago" +%Y%m%d%H%M` /tmp/age-compare-file
2018-04-18 15:32:49.636809 +0000 build-fedora3: if ! [ /home/user/builder-r3.2-dom0/repo-latest-snapshot/current-testing-dom0-fc23-app-linux-usb-proxy -ot /tmp/age-compare-file ]; then \
2018-04-18 15:32:49.636873 +0000 build-fedora3: .echo "`tput bold`*** Packages weren't in current-testing for at least 7 days! ***`tput sgr0`"; \
2018-04-18 15:32:49.636900 +0000 build-fedora3: .exit 1; \
2018-04-18 15:32:49.636923 +0000 build-fedora3: fi
2018-04-18 15:32:49.699966 +0000 build-fedora3: rm -f /tmp/age-compare-file
2018-04-18 15:32:49.700032 +0000 build-fedora3: /home/user/builder-r3.2-dom0/qubes-src/builder-fedora/Makefile.fedora:135: target 'update-repo-from-snapshot-do' does not exist
2018-04-18 15:32:49.700072 +0000 build-fedora3: for f in pkgs/fc23/noarch/qubes-usb-proxy-dom0-1.0.17-1.fc23.noarch.rpm; do \
2018-04-18 15:32:49.700138 +0000 build-fedora3: .ln -f /home/user/builder-r3.2-dom0/qubes-src/linux-yum/r3.2/current-testing/dom0/fc23/rpm/`basename $f` /home/user/builder-r3.2-dom0/qubes-src/linux-yum/r3.2/current/dom0/fc23/rpm/ || exit 1; \
2018-04-18 15:32:49.700186 +0000 build-fedora3: done
2018-04-18 15:32:49.788633 +0000 build-fedora3: + ERR_OUTPUT=/dev/stderr
2018-04-18 15:32:49.788826 +0000 build-fedora3: + '[' 2 -lt 2 ']'
2018-04-18 15:32:49.791331 +0000 build-fedora3: ++ basename qubes-src/app-linux-usb-proxy/rpm_spec/qubes-usb-proxy-dom0.spec.in
2018-04-18 15:32:49.795709 +0000 build-fedora3: + [[ xqubes-usb-proxy-dom0.spec.in == \x\.\i\n ]]
2018-04-18 15:32:49.795764 +0000 build-fedora3: + '[' -r qubes-src/app-linux-usb-proxy/rpm_spec/qubes-usb-proxy-dom0.spec.in ']'
2018-04-18 15:32:49.795799 +0000 build-fedora3: + rpm -q --qf '%{NAME}-%{VERSION}.tar.gz\n' --specfile qubes-src/app-linux-usb-proxy/rpm_spec/qubes-usb-proxy-dom0.spec
2018-04-18 15:32:49.883319 +0000 build-fedora3: warning: Macro %version defined but not used within scope
2018-04-18 15:32:49.883478 +0000 build-fedora3: warning: Macro %python3_sitelib defined but not used within scope
2018-04-18 15:32:49.900198 +0000 build-fedora3: cat: version: No such file or directory
2018-04-18 15:32:49.901497 +0000 build-fedora3: error: line 9: Empty tag: Version:
2018-04-18 15:32:49.901555 +0000 build-fedora3: error: query of specfile qubes-src/app-linux-usb-proxy/rpm_spec/qubes-usb-proxy-dom0.spec failed, can't parse
2018-04-18 15:32:50.106213 +0000 build-fedora3: /home/user/builder-r3.2-dom0/qubes-src/builder-github//Makefile.github:21: target 'notify-github' does not exist
2018-04-18 15:32:50.106281 +0000 build-fedora3: [ -z "qubes-usb-proxy-dom0-1.0.17-1.fc23" ] || /home/user/builder-r3.2-dom0/qubes-src/builder-github//notify-issues \
2018-04-18 15:32:50.106311 +0000 build-fedora3: .--build-log="" \
2018-04-18 15:32:50.106336 +0000 build-fedora3: ."r3.2" \
2018-04-18 15:32:50.106359 +0000 build-fedora3: ."current" \
2018-04-18 15:32:50.106388 +0000 build-fedora3: ."qubes-src/app-linux-usb-proxy" \
2018-04-18 15:32:50.106414 +0000 build-fedora3: ."qubes-usb-proxy-dom0-1.0.17-1.fc23" \
2018-04-18 15:32:50.106437 +0000 build-fedora3: ."fc23" \
2018-04-18 15:32:50.106459 +0000 build-fedora3: ."dom0" \
2018-04-18 15:32:50.106487 +0000 build-fedora3: ."/home/user/github-notify-state/r3.2-app-linux-usb-proxy-dom0-fc23-current"
2018-04-18 15:32:50.158025 +0000 build-fedora3: + ERR_OUTPUT=/dev/stderr
2018-04-18 15:32:50.158083 +0000 build-fedora3: + '[' 2 -lt 2 ']'
2018-04-18 15:32:50.160539 +0000 build-fedora3: ++ basename qubes-src/app-linux-usb-proxy/rpm_spec/qubes-usb-proxy-dom0.spec.in
2018-04-18 15:32:50.166242 +0000 build-fedora3: + [[ xqubes-usb-proxy-dom0.spec.in == \x\.\i\n ]]
2018-04-18 15:32:50.166305 +0000 build-fedora3: + '[' -r qubes-src/app-linux-usb-proxy/rpm_spec/qubes-usb-proxy-dom0.spec.in ']'
2018-04-18 15:32:50.166346 +0000 build-fedora3: + rpm -q --qf '%{NAME}-%{VERSION}.tar.gz\n' --specfile qubes-src/app-linux-usb-proxy/rpm_spec/qubes-usb-proxy-dom0.spec
2018-04-18 15:32:50.244775 +0000 build-fedora3: warning: Macro %version defined but not used within scope
2018-04-18 15:32:50.244839 +0000 build-fedora3: warning: Macro %python3_sitelib defined but not used within scope
2018-04-18 15:32:50.261178 +0000 build-fedora3: cat: version: No such file or directory
2018-04-18 15:32:50.263644 +0000 build-fedora3: error: line 9: Empty tag: Version:
2018-04-18 15:32:50.263706 +0000 build-fedora3: error: query of specfile qubes-src/app-linux-usb-proxy/rpm_spec/qubes-usb-proxy-dom0.spec failed, can't parse
2018-04-18 15:33:06.910473 +0000 build-fedora3: Adding a comment to issue #3649
2018-04-18 15:33:06.916418 +0000 build-fedora3: 
2018-04-18 15:33:06.916479 +0000 build-fedora3: Makefile:764: target 'post-update-repo-current' does not exist
2018-04-18 15:33:06.916513 +0000 build-fedora3: for dist in fc23 ; do \
2018-04-18 15:33:06.916547 +0000 build-fedora3: .repo_base_var="LINUX_REPO_${dist}_BASEDIR"; \
2018-04-18 15:33:06.916575 +0000 build-fedora3: .if [ -n "${!repo_base_var}" ]; then \
2018-04-18 15:33:06.916606 +0000 build-fedora3: ..repo_basedir="${!repo_base_var}"; \
2018-04-18 15:33:06.916646 +0000 build-fedora3: .else \
2018-04-18 15:33:06.916674 +0000 build-fedora3: ..repo_basedir="qubes-src/linux-yum/r3.2"; \
2018-04-18 15:33:06.916698 +0000 build-fedora3: .fi; \
2018-04-18 15:33:06.916724 +0000 build-fedora3: .repos_to_update="$repos_to_update $repo_basedir"; \
2018-04-18 15:33:06.916745 +0000 build-fedora3: done; \
2018-04-18 15:33:06.916771 +0000 build-fedora3: for repo in `echo $repos_to_update|tr ' ' '\n'|sort|uniq`; do \
2018-04-18 15:33:06.916794 +0000 build-fedora3: .[ -z "$repo" ] && continue; \
2018-04-18 15:33:06.916819 +0000 build-fedora3: .(cd $repo/.. && ./update_repo-current.sh `basename $repo`); \
2018-04-18 15:33:06.916840 +0000 build-fedora3: done
2018-04-18 15:33:06.956788 +0000 build-fedora3: --> Processing repo: r3.2/current/dom0/fc20...
2018-04-18 15:33:07.449066 +0000 build-fedora3: --> Processing repo: r3.2/current/dom0/fc23...
2018-04-18 15:33:53.366553 +0000 build-fedora3: --> Processing repo: r3.2/current/vm/centos7...
2018-04-18 15:33:53.852232 +0000 build-fedora3: --> Processing repo: r3.2/current/vm/fc22...
2018-04-18 15:33:54.351372 +0000 build-fedora3: --> Processing repo: r3.2/current/vm/fc23...
2018-04-18 15:33:55.097401 +0000 build-fedora3: --> Processing repo: r3.2/current/vm/fc24...
2018-04-18 15:33:55.936493 +0000 build-fedora3: --> Processing repo: r3.2/current/vm/fc25...
2018-04-18 15:33:56.719401 +0000 build-fedora3: --> Processing repo: r3.2/current/vm/fc26...
2018-04-18 15:33:57.128351 +0000 build-fedora3: Done.
2018-04-18 15:33:57.142471 +0000 build-fedora3: ~/builder-r3.2-dom0/qubes-src/linux-yum ~/builder-r3.2-dom0/qubes-src/linux-yum
2018-04-18 15:33:57.146025 +0000 build-fedora3: Syncing r3.2...
2018-04-18 15:33:57.242557 +0000 build-fedora3: sending incremental file list
2018-04-18 15:33:57.425148 +0000 build-fedora3: rsync: failed to set times on "/pub/qubes/repo/yum/r3.2/current-testing": Operation not permitted (1)
2018-04-18 15:33:57.425372 +0000 build-fedora3: rsync: failed to set times on "/pub/qubes/repo/yum/r3.2/current-testing/dom0": Operation not permitted (1)
2018-04-18 15:33:57.425536 +0000 build-fedora3: rsync: failed to set times on "/pub/qubes/repo/yum/r3.2/current-testing/dom0/fc20": Operation not permitted (1)
2018-04-18 15:33:57.425689 +0000 build-fedora3: rsync: failed to set times on "/pub/qubes/repo/yum/r3.2/current-testing/dom0/fc20/rpm": Operation not permitted (1)
2018-04-18 15:33:57.425846 +0000 build-fedora3: rsync: failed to set times on "/pub/qubes/repo/yum/r3.2/current-testing/dom0/fc23": Operation not permitted (1)
2018-04-18 15:33:57.425993 +0000 build-fedora3: rsync: failed to set times on "/pub/qubes/repo/yum/r3.2/current-testing/dom0/fc23/rpm": Operation not permitted (1)
2018-04-18 15:33:57.426194 +0000 build-fedora3: rsync: failed to set times on "/pub/qubes/repo/yum/r3.2/current-testing/vm": Operation not permitted (1)
2018-04-18 15:33:57.426339 +0000 build-fedora3: rsync: failed to set times on "/pub/qubes/repo/yum/r3.2/current-testing/vm/fc22": Operation not permitted (1)
2018-04-18 15:33:57.426461 +0000 build-fedora3: rsync: failed to set times on "/pub/qubes/repo/yum/r3.2/current-testing/vm/fc22/rpm": Operation not permitted (1)
2018-04-18 15:33:57.426546 +0000 build-fedora3: rsync: failed to set times on "/pub/qubes/repo/yum/r3.2/current-testing/vm/fc23": Operation not permitted (1)
2018-04-18 15:33:57.426627 +0000 build-fedora3: rsync: failed to set times on "/pub/qubes/repo/yum/r3.2/current-testing/vm/fc23/rpm": Operation not permitted (1)
2018-04-18 15:33:57.426755 +0000 build-fedora3: rsync: failed to set times on "/pub/qubes/repo/yum/r3.2/current-testing/vm/fc24": Operation not permitted (1)
2018-04-18 15:33:57.427063 +0000 build-fedora3: rsync: failed to set times on "/pub/qubes/repo/yum/r3.2/current-testing/vm/fc24/rpm": Operation not permitted (1)
2018-04-18 15:33:57.427291 +0000 build-fedora3: rsync: failed to set times on "/pub/qubes/repo/yum/r3.2/current-testing/vm/fc25": Operation not permitted (1)
2018-04-18 15:33:57.427453 +0000 build-fedora3: rsync: failed to set times on "/pub/qubes/repo/yum/r3.2/current-testing/vm/fc25/rpm": Operation not permitted (1)
2018-04-18 15:33:57.427655 +0000 build-fedora3: rsync: failed to set times on "/pub/qubes/repo/yum/r3.2/current-testing/vm/fc26": Operation not permitted (1)
2018-04-18 15:33:57.427797 +0000 build-fedora3: rsync: failed to set times on "/pub/qubes/repo/yum/r3.2/current-testing/vm/fc26/comps.xml": Operation not permitted (1)
2018-04-18 15:33:57.427888 +0000 build-fedora3: rsync: failed to set times on "/pub/qubes/repo/yum/r3.2/current-testing/vm/fc26/rpm": Operation not permitted (1)
2018-04-18 15:33:57.427964 +0000 build-fedora3: rsync: failed to set times on "/pub/qubes/repo/yum/r3.2/current": Operation not permitted (1)
2018-04-18 15:33:57.428040 +0000 build-fedora3: rsync: failed to set times on "/pub/qubes/repo/yum/r3.2/current/dom0": Operation not permitted (1)
2018-04-18 15:33:57.428212 +0000 build-fedora3: rsync: failed to set times on "/pub/qubes/repo/yum/r3.2/current/dom0/fc20": Operation not permitted (1)
2018-04-18 15:33:57.428341 +0000 build-fedora3: rsync: failed to set times on "/pub/qubes/repo/yum/r3.2/current/dom0/fc20/rpm": Operation not permitted (1)
2018-04-18 15:33:57.428473 +0000 build-fedora3: rsync: failed to set times on "/pub/qubes/repo/yum/r3.2/current/dom0/fc23": Operation not permitted (1)
2018-04-18 15:33:57.428583 +0000 build-fedora3: .d..t...... current-testing/
2018-04-18 15:33:57.428745 +0000 build-fedora3: .d..t...... current-testing/dom0/
2018-04-18 15:33:57.428858 +0000 build-fedora3: .d..t...... current-testing/dom0/fc20/
2018-04-18 15:33:57.428958 +0000 build-fedora3: .L..t...... current-testing/dom0/fc20/comps.xml -> ../../../comps-dom0.xml
2018-04-18 15:33:57.429026 +0000 build-fedora3: .d..t...... current-testing/dom0/fc20/rpm/
2018-04-18 15:33:57.429165 +0000 build-fedora3: .d..t...... current-testing/dom0/fc23/
2018-04-18 15:33:57.429294 +0000 build-fedora3: .L..t...... current-testing/dom0/fc23/comps.xml -> ../../../comps-dom0.xml
2018-04-18 15:33:57.438482 +0000 build-fedora3: .d..t...... current-testing/dom0/fc23/rpm/
2018-04-18 15:33:57.438543 +0000 build-fedora3: <f..t...... current-testing/dom0/fc23/rpm/qubes-core-dom0-vaio-fixes-1.6.1-1.fc23.x86_64.rpm
2018-04-18 15:33:57.438981 +0000 build-fedora3: .          2,140  29%    0.00kB/s    0:00:00  .          7,170 100%    4.80MB/s    0:00:00 (xfr#1, to-chk=958/1116)
2018-04-18 15:33:57.439025 +0000 build-fedora3: .d..t...... current-testing/vm/
2018-04-18 15:33:57.439073 +0000 build-fedora3: .d..t...... current-testing/vm/centos7/
2018-04-18 15:33:57.439102 +0000 build-fedora3: .L..t...... current-testing/vm/centos7/comps.xml -> ../../../comps-vm.xml
2018-04-18 15:33:57.439153 +0000 build-fedora3: .d..t...... current-testing/vm/centos7/rpm/
2018-04-18 15:33:57.439185 +0000 build-fedora3: <f..t...... current-testing/vm/centos7/rpm/.gitignore
2018-04-18 15:33:57.439733 +0000 build-fedora3: .              6 100%    5.86kB/s    0:00:00  .              6 100%    5.86kB/s    0:00:00 (xfr#2, to-chk=687/1116)
2018-04-18 15:33:57.439770 +0000 build-fedora3: .d..t...... current-testing/vm/fc22/
2018-04-18 15:33:57.439792 +0000 build-fedora3: .L..t...... current-testing/vm/fc22/comps.xml -> ../../../comps-vm.xml
2018-04-18 15:33:57.439809 +0000 build-fedora3: .d..t...... current-testing/vm/fc22/rpm/
2018-04-18 15:33:57.439823 +0000 build-fedora3: .d..t...... current-testing/vm/fc23/
2018-04-18 15:33:57.439840 +0000 build-fedora3: .L..t...... current-testing/vm/fc23/comps.xml -> ../../../comps-vm.xml
2018-04-18 15:33:57.439859 +0000 build-fedora3: .d..t...... current-testing/vm/fc23/rpm/
2018-04-18 15:33:57.439885 +0000 build-fedora3: .d..t...... current-testing/vm/fc24/
2018-04-18 15:33:57.439915 +0000 build-fedora3: .L..t...... current-testing/vm/fc24/comps.xml -> ../../../comps-vm.xml
2018-04-18 15:33:57.439936 +0000 build-fedora3: .d..t...... current-testing/vm/fc24/rpm/
2018-04-18 15:33:57.439950 +0000 build-fedora3: .d..t...... current-testing/vm/fc25/
2018-04-18 15:33:57.439976 +0000 build-fedora3: .L..t...... current-testing/vm/fc25/comps.xml -> ../../../comps-vm.xml
2018-04-18 15:33:57.440018 +0000 build-fedora3: .d..t...... current-testing/vm/fc25/rpm/
2018-04-18 15:33:57.440048 +0000 build-fedora3: .f...p..... current-testing/vm/fc25/rpm/python2-dnf-plugins-qubes-hooks-3.2.17-1.fc25.x86_64.rpm
2018-04-18 15:33:57.440081 +0000 build-fedora3: .f...p..... current-testing/vm/fc25/rpm/python3-dnf-plugins-qubes-hooks-3.2.17-1.fc25.x86_64.rpm
2018-04-18 15:33:57.440129 +0000 build-fedora3: .f...p..... current-testing/vm/fc25/rpm/qubes-core-vm-3.2.17-1.fc25.x86_64.rpm
2018-04-18 15:33:57.440160 +0000 build-fedora3: .f...p..... current-testing/vm/fc25/rpm/qubes-core-vm-debuginfo-3.2.17-1.fc25.x86_64.rpm
2018-04-18 15:33:57.440189 +0000 build-fedora3: .f...p..... current-testing/vm/fc25/rpm/qubes-core-vm-doc-3.2.17-1.noarch.rpm
2018-04-18 15:33:57.440219 +0000 build-fedora3: .f...p..... current-testing/vm/fc25/rpm/qubes-core-vm-systemd-3.2.17-1.fc25.x86_64.rpm
2018-04-18 15:33:57.440238 +0000 build-fedora3: .f...p..... current-testing/vm/fc25/rpm/qubes-core-vm-sysvinit-3.2.17-1.fc25.x86_64.rpm
2018-04-18 15:33:57.440254 +0000 build-fedora3: .f...p..... current-testing/vm/fc25/rpm/qubes-gui-vm-3.2.16-1.fc25.x86_64.rpm
2018-04-18 15:33:57.440271 +0000 build-fedora3: .f...p..... current-testing/vm/fc25/rpm/qubes-gui-vm-debuginfo-3.2.16-1.fc25.x86_64.rpm
2018-04-18 15:33:57.440288 +0000 build-fedora3: .f...p..... current-testing/vm/fc25/rpm/qubes-kernel-vm-support-3.2.4-1.fc25.x86_64.rpm
2018-04-18 15:33:57.440305 +0000 build-fedora3: .f...p..... current-testing/vm/fc25/rpm/qubes-utils-3.2.4-1.fc25.x86_64.rpm
2018-04-18 15:33:57.440322 +0000 build-fedora3: .f...p..... current-testing/vm/fc25/rpm/qubes-utils-debuginfo-3.2.4-1.fc25.x86_64.rpm
2018-04-18 15:33:57.440339 +0000 build-fedora3: .f...p..... current-testing/vm/fc25/rpm/qubes-utils-devel-3.2.4-1.fc25.x86_64.rpm
2018-04-18 15:33:57.440356 +0000 build-fedora3: .f...p..... current-testing/vm/fc25/rpm/qubes-utils-libs-3.2.4-1.fc25.x86_64.rpm
2018-04-18 15:33:57.440371 +0000 build-fedora3: .d..t...... current-testing/vm/fc26/
2018-04-18 15:33:57.440387 +0000 build-fedora3: .L..t...... current-testing/vm/fc26/comps.xml -> ../../../comps-vm.xml
2018-04-18 15:33:57.440401 +0000 build-fedora3: .d..t...... current-testing/vm/fc26/rpm/
2018-04-18 15:33:57.440426 +0000 build-fedora3: <f..t...... current-testing/vm/fc26/rpm/.gitignore
2018-04-18 15:33:57.440446 +0000 build-fedora3: .              6 100%    5.86kB/s    0:00:00  .              6 100%    5.86kB/s    0:00:00 (xfr#3, to-chk=566/1116)
2018-04-18 15:33:57.440460 +0000 build-fedora3: .d..t...... current/
2018-04-18 15:33:57.440473 +0000 build-fedora3: .d..t...... current/dom0/
2018-04-18 15:33:57.440487 +0000 build-fedora3: .d..t...... current/dom0/fc20/
2018-04-18 15:33:57.440502 +0000 build-fedora3: .L..t...... current/dom0/fc20/comps.xml -> ../../../comps-dom0.xml
2018-04-18 15:33:57.440516 +0000 build-fedora3: .d..t...... current/dom0/fc20/rpm/
2018-04-18 15:33:57.440542 +0000 build-fedora3: .d..t...... current/dom0/fc23/
2018-04-18 15:33:57.440559 +0000 build-fedora3: .L..t...... current/dom0/fc23/comps.xml -> ../../../comps-dom0.xml
2018-04-18 15:33:57.451386 +0000 build-fedora3: rsync: failed to set times on "/pub/qubes/repo/yum/r3.2/current/dom0/fc23/rpm": Operation not permitted (1)
2018-04-18 15:33:57.451414 +0000 build-fedora3: rsync: failed to set times on "/pub/qubes/repo/yum/r3.2/current/vm": Operation not permitted (1)
2018-04-18 15:33:57.451434 +0000 build-fedora3: rsync: failed to set times on "/pub/qubes/repo/yum/r3.2/current/vm/fc22": Operation not permitted (1)
2018-04-18 15:33:57.451452 +0000 build-fedora3: rsync: failed to set times on "/pub/qubes/repo/yum/r3.2/current/vm/fc22/rpm": Operation not permitted (1)
2018-04-18 15:33:57.451470 +0000 build-fedora3: rsync: failed to set times on "/pub/qubes/repo/yum/r3.2/current/vm/fc23": Operation not permitted (1)
2018-04-18 15:33:57.451488 +0000 build-fedora3: rsync: failed to set times on "/pub/qubes/repo/yum/r3.2/current/vm/fc23/rpm": Operation not permitted (1)
2018-04-18 15:33:57.451518 +0000 build-fedora3: rsync: failed to set times on "/pub/qubes/repo/yum/r3.2/current/vm/fc24": Operation not permitted (1)
2018-04-18 15:33:57.451536 +0000 build-fedora3: rsync: failed to set times on "/pub/qubes/repo/yum/r3.2/current/vm/fc24/rpm": Operation not permitted (1)
2018-04-18 15:33:57.451554 +0000 build-fedora3: rsync: failed to set times on "/pub/qubes/repo/yum/r3.2/current/vm/fc25": Operation not permitted (1)
2018-04-18 15:33:57.453206 +0000 build-fedora3: rsync: failed to set times on "/pub/qubes/repo/yum/r3.2/current/vm/fc25/rpm": Operation not permitted (1)
2018-04-18 15:33:57.453239 +0000 build-fedora3: rsync: failed to set times on "/pub/qubes/repo/yum/r3.2/current/vm/fc26": Operation not permitted (1)
2018-04-18 15:33:57.453260 +0000 build-fedora3: rsync: failed to set times on "/pub/qubes/repo/yum/r3.2/current/vm/fc26/comps.xml": Operation not permitted (1)
2018-04-18 15:33:57.453279 +0000 build-fedora3: rsync: failed to set times on "/pub/qubes/repo/yum/r3.2/current/vm/fc26/rpm": Operation not permitted (1)
2018-04-18 15:33:57.453297 +0000 build-fedora3: rsync: failed to set times on "/pub/qubes/repo/yum/r3.2/security-testing": Operation not permitted (1)
2018-04-18 15:33:57.453315 +0000 build-fedora3: rsync: failed to set times on "/pub/qubes/repo/yum/r3.2/security-testing/dom0": Operation not permitted (1)
2018-04-18 15:33:57.453334 +0000 build-fedora3: rsync: failed to set times on "/pub/qubes/repo/yum/r3.2/security-testing/dom0/fc20": Operation not permitted (1)
2018-04-18 15:33:57.453353 +0000 build-fedora3: rsync: failed to set times on "/pub/qubes/repo/yum/r3.2/security-testing/dom0/fc20/rpm": Operation not permitted (1)
2018-04-18 15:33:57.453372 +0000 build-fedora3: rsync: failed to set times on "/pub/qubes/repo/yum/r3.2/security-testing/dom0/fc23": Operation not permitted (1)
2018-04-18 15:33:57.453400 +0000 build-fedora3: rsync: failed to set times on "/pub/qubes/repo/yum/r3.2/security-testing/dom0/fc23/rpm": Operation not permitted (1)
2018-04-18 15:33:57.453427 +0000 build-fedora3: .d..t...... current/dom0/fc23/rpm/
2018-04-18 15:33:57.453450 +0000 build-fedora3: hf+++++++++ current/dom0/fc23/rpm/qubes-usb-proxy-dom0-1.0.17-1.fc23.noarch.rpm => current-testing/dom0/fc23/rpm/qubes-usb-proxy-dom0-1.0.17-1.fc23.noarch.rpm
2018-04-18 15:33:57.453466 +0000 build-fedora3: .d..t...... current/vm/
2018-04-18 15:33:57.453480 +0000 build-fedora3: .d..t...... current/vm/centos7/
2018-04-18 15:33:57.453497 +0000 build-fedora3: .L..t...... current/vm/centos7/comps.xml -> ../../../comps-vm.xml
2018-04-18 15:33:57.453522 +0000 build-fedora3: .d..t...... current/vm/centos7/rpm/
2018-04-18 15:33:57.453547 +0000 build-fedora3: <f..t...... current/vm/centos7/rpm/.gitignore
2018-04-18 15:33:57.453730 +0000 build-fedora3: .              6 100%    0.42kB/s    0:00:00  .              6 100%    0.42kB/s    0:00:00 (xfr#4, to-chk=266/1116)
2018-04-18 15:33:57.453762 +0000 build-fedora3: .d..t...... current/vm/fc22/
2018-04-18 15:33:57.453783 +0000 build-fedora3: .L..t...... current/vm/fc22/comps.xml -> ../../../comps-vm.xml
2018-04-18 15:33:57.453798 +0000 build-fedora3: .d..t...... current/vm/fc22/rpm/
2018-04-18 15:33:57.453812 +0000 build-fedora3: .d..t...... current/vm/fc23/
2018-04-18 15:33:57.453828 +0000 build-fedora3: .L..t...... current/vm/fc23/comps.xml -> ../../../comps-vm.xml
2018-04-18 15:33:57.453841 +0000 build-fedora3: .d..t...... current/vm/fc23/rpm/
2018-04-18 15:33:57.453855 +0000 build-fedora3: .d..t...... current/vm/fc24/
2018-04-18 15:33:57.453870 +0000 build-fedora3: .L..t...... current/vm/fc24/comps.xml -> ../../../comps-vm.xml
2018-04-18 15:33:57.453893 +0000 build-fedora3: .d..t...... current/vm/fc24/rpm/
2018-04-18 15:33:57.453918 +0000 build-fedora3: .d..t...... current/vm/fc25/
2018-04-18 15:33:57.453946 +0000 build-fedora3: .L..t...... current/vm/fc25/comps.xml -> ../../../comps-vm.xml
2018-04-18 15:33:57.453970 +0000 build-fedora3: .d..t...... current/vm/fc25/rpm/
2018-04-18 15:33:57.453993 +0000 build-fedora3: .d..t...... current/vm/fc26/
2018-04-18 15:33:57.454019 +0000 build-fedora3: .L..t...... current/vm/fc26/comps.xml -> ../../../comps-vm.xml
2018-04-18 15:33:57.454053 +0000 build-fedora3: .d..t...... current/vm/fc26/rpm/
2018-04-18 15:33:57.454079 +0000 build-fedora3: <f..t...... current/vm/fc26/rpm/.gitignore
2018-04-18 15:33:57.454142 +0000 build-fedora3: .              6 100%    0.39kB/s    0:00:00  .              6 100%    0.39kB/s    0:00:00 (xfr#5, to-chk=194/1116)
2018-04-18 15:33:57.454169 +0000 build-fedora3: .d..t...... security-testing/
2018-04-18 15:33:57.454193 +0000 build-fedora3: .d..t...... security-testing/dom0/
2018-04-18 15:33:57.454216 +0000 build-fedora3: .d..t...... security-testing/dom0/fc20/
2018-04-18 15:33:57.454244 +0000 build-fedora3: .L..t...... security-testing/dom0/fc20/comps.xml -> ../../../comps-dom0.xml
2018-04-18 15:33:57.454261 +0000 build-fedora3: .d..t...... security-testing/dom0/fc20/rpm/
2018-04-18 15:33:57.454275 +0000 build-fedora3: .d..t...... security-testing/dom0/fc23/
2018-04-18 15:33:57.454291 +0000 build-fedora3: .L..t...... security-testing/dom0/fc23/comps.xml -> ../../../comps-dom0.xml
2018-04-18 15:33:57.454306 +0000 build-fedora3: .d..t...... security-testing/dom0/fc23/rpm/
2018-04-18 15:33:57.472012 +0000 build-fedora3: hf..t...... current/dom0/fc23/rpm/qubes-core-dom0-vaio-fixes-1.6.1-1.fc23.x86_64.rpm => current-testing/dom0/fc23/rpm/qubes-core-dom0-vaio-fixes-1.6.1-1.fc23.x86_64.rpm
2018-04-18 15:33:57.472069 +0000 build-fedora3: hf          security-testing/dom0/fc23/rpm/qubes-core-dom0-vaio-fixes-1.6.1-1.fc23.x86_64.rpm => current-testing/dom0/fc23/rpm/qubes-core-dom0-vaio-fixes-1.6.1-1.fc23.x86_64.rpm
2018-04-18 15:33:57.473176 +0000 build-fedora3: rsync: failed to set times on "/pub/qubes/repo/yum/r3.2/security-testing/vm": Operation not permitted (1)
2018-04-18 15:33:57.473222 +0000 build-fedora3: rsync: failed to set times on "/pub/qubes/repo/yum/r3.2/security-testing/vm/fc22": Operation not permitted (1)
2018-04-18 15:33:57.473245 +0000 build-fedora3: rsync: failed to set times on "/pub/qubes/repo/yum/r3.2/security-testing/vm/fc22/rpm": Operation not permitted (1)
2018-04-18 15:33:57.473265 +0000 build-fedora3: rsync: failed to set times on "/pub/qubes/repo/yum/r3.2/security-testing/vm/fc23": Operation not permitted (1)
2018-04-18 15:33:57.473284 +0000 build-fedora3: rsync: failed to set times on "/pub/qubes/repo/yum/r3.2/security-testing/vm/fc23/rpm": Operation not permitted (1)
2018-04-18 15:33:57.473302 +0000 build-fedora3: rsync: failed to set times on "/pub/qubes/repo/yum/r3.2/security-testing/vm/fc24": Operation not permitted (1)
2018-04-18 15:33:57.473321 +0000 build-fedora3: rsync: failed to set times on "/pub/qubes/repo/yum/r3.2/security-testing/vm/fc24/rpm": Operation not permitted (1)
2018-04-18 15:33:57.473339 +0000 build-fedora3: rsync: failed to set times on "/pub/qubes/repo/yum/r3.2/security-testing/vm/fc25": Operation not permitted (1)
2018-04-18 15:33:57.473367 +0000 build-fedora3: rsync: failed to set times on "/pub/qubes/repo/yum/r3.2/security-testing/vm/fc25/rpm": Operation not permitted (1)
2018-04-18 15:33:57.473400 +0000 build-fedora3: rsync: failed to set times on "/pub/qubes/repo/yum/r3.2/security-testing/vm/fc26": Operation not permitted (1)
2018-04-18 15:33:57.473428 +0000 build-fedora3: rsync: failed to set times on "/pub/qubes/repo/yum/r3.2/security-testing/vm/fc26/comps.xml": Operation not permitted (1)
2018-04-18 15:33:57.473460 +0000 build-fedora3: rsync: failed to set times on "/pub/qubes/repo/yum/r3.2/security-testing/vm/fc26/rpm": Operation not permitted (1)
2018-04-18 15:33:57.473487 +0000 build-fedora3: .d..t...... security-testing/vm/
2018-04-18 15:33:57.473513 +0000 build-fedora3: .d..t...... security-testing/vm/centos7/
2018-04-18 15:33:57.473543 +0000 build-fedora3: .L..t...... security-testing/vm/centos7/comps.xml -> ../../../comps-vm.xml
2018-04-18 15:33:57.473571 +0000 build-fedora3: .d..t...... security-testing/vm/centos7/rpm/
2018-04-18 15:33:57.473610 +0000 build-fedora3: <f..t...... security-testing/vm/centos7/rpm/.gitignore
2018-04-18 15:33:57.473653 +0000 build-fedora3: .              6 100%    0.17kB/s    0:00:00  .              6 100%    0.17kB/s    0:00:00 (xfr#6, to-chk=48/1116)
2018-04-18 15:33:57.473696 +0000 build-fedora3: .d..t...... security-testing/vm/fc22/
2018-04-18 15:33:57.473725 +0000 build-fedora3: .L..t...... security-testing/vm/fc22/comps.xml -> ../../../comps-vm.xml
2018-04-18 15:33:57.473753 +0000 build-fedora3: .d..t...... security-testing/vm/fc22/rpm/
2018-04-18 15:33:57.473779 +0000 build-fedora3: .d..t...... security-testing/vm/fc23/
2018-04-18 15:33:57.473802 +0000 build-fedora3: .L..t...... security-testing/vm/fc23/comps.xml -> ../../../comps-vm.xml
2018-04-18 15:33:57.473817 +0000 build-fedora3: .d..t...... security-testing/vm/fc23/rpm/
2018-04-18 15:33:57.473831 +0000 build-fedora3: .d..t...... security-testing/vm/fc24/
2018-04-18 15:33:57.473855 +0000 build-fedora3: .L..t...... security-testing/vm/fc24/comps.xml -> ../../../comps-vm.xml
2018-04-18 15:33:57.473874 +0000 build-fedora3: .d..t...... security-testing/vm/fc24/rpm/
2018-04-18 15:33:57.473892 +0000 build-fedora3: .d..t...... security-testing/vm/fc25/
2018-04-18 15:33:57.473914 +0000 build-fedora3: .L..t...... security-testing/vm/fc25/comps.xml -> ../../../comps-vm.xml
2018-04-18 15:33:57.473929 +0000 build-fedora3: .d..t...... security-testing/vm/fc25/rpm/
2018-04-18 15:33:57.473948 +0000 build-fedora3: .d..t...... security-testing/vm/fc26/
2018-04-18 15:33:57.473965 +0000 build-fedora3: .L..t...... security-testing/vm/fc26/comps.xml -> ../../../comps-vm.xml
2018-04-18 15:33:57.473992 +0000 build-fedora3: .d..t...... security-testing/vm/fc26/rpm/
2018-04-18 15:33:57.474007 +0000 build-fedora3: <f..t...... security-testing/vm/fc26/rpm/.gitignore
2018-04-18 15:33:57.474206 +0000 build-fedora3: .              6 100%    0.17kB/s    0:00:00  .              6 100%    0.17kB/s    0:00:00 (xfr#7, to-chk=0/1116)
2018-04-18 15:33:57.707534 +0000 build-fedora3: rsync error: some files/attrs were not transferred (see previous errors) (code 23) at main.c(1189) [sender=3.1.3]
2018-04-18 15:33:58.160912 +0000 build-fedora3: --> Processing repo: /pub/qubes/repo/yum/r3.2/current/dom0/fc20...
2018-04-18 15:33:58.265903 +0000 build-fedora3: Warning: Requested more delta workers than workers. This is insane. Limiting.
2018-04-18 15:33:58.789526 +0000 build-fedora3: --> Processing repo: /pub/qubes/repo/yum/r3.2/current/dom0/fc23...
2018-04-18 15:33:58.990783 +0000 build-fedora3: Warning: Requested more delta workers than workers. This is insane. Limiting.
2018-04-18 15:35:40.781165 +0000 build-fedora3: --> Processing repo: /pub/qubes/repo/yum/r3.2/current/vm/centos7...
2018-04-18 15:35:40.961162 +0000 build-fedora3: Warning: Requested more delta workers than workers. This is insane. Limiting.
2018-04-18 15:35:43.689500 +0000 build-fedora3: --> Processing repo: /pub/qubes/repo/yum/r3.2/current/vm/fc22...
2018-04-18 15:35:43.789833 +0000 build-fedora3: Warning: Requested more delta workers than workers. This is insane. Limiting.
2018-04-18 15:35:45.379332 +0000 build-fedora3: --> Processing repo: /pub/qubes/repo/yum/r3.2/current/vm/fc23...
2018-04-18 15:35:45.572724 +0000 build-fedora3: Warning: Requested more delta workers than workers. This is insane. Limiting.
2018-04-18 15:36:18.447557 +0000 build-fedora3: --> Processing repo: /pub/qubes/repo/yum/r3.2/current/vm/fc24...
2018-04-18 15:36:18.554489 +0000 build-fedora3: Warning: Requested more delta workers than workers. This is insane. Limiting.
2018-04-18 15:36:51.914033 +0000 build-fedora3: --> Processing repo: /pub/qubes/repo/yum/r3.2/current/vm/fc25...
2018-04-18 15:36:52.053183 +0000 build-fedora3: Warning: Requested more delta workers than workers. This is insane. Limiting.
2018-04-18 15:37:09.715819 +0000 build-fedora3: --> Processing repo: /pub/qubes/repo/yum/r3.2/current/vm/fc26...
2018-04-18 15:37:09.844764 +0000 build-fedora3: Warning: Requested more delta workers than workers. This is insane. Limiting.
2018-04-18 15:37:16.689406 +0000 build-fedora3: Done.
2018-04-18 15:37:16.871927 +0000 build-fedora3: --> Processing repo: /pub/qubes/repo/yum/r3.2/current-testing/dom0/fc20...
2018-04-18 15:37:17.030261 +0000 build-fedora3: Warning: Requested more delta workers than workers. This is insane. Limiting.
2018-04-18 15:37:18.024208 +0000 build-fedora3: --> Processing repo: /pub/qubes/repo/yum/r3.2/current-testing/dom0/fc23...
2018-04-18 15:37:18.137149 +0000 build-fedora3: Warning: Requested more delta workers than workers. This is insane. Limiting.
2018-04-18 15:39:47.033537 +0000 build-fedora3: Traceback (most recent call last):
2018-04-18 15:39:47.033747 +0000 build-fedora3:   File "/usr/local/share/createrepo/genpkgmetadata.py", line 320, in <module>
2018-04-18 15:39:47.034474 +0000 build-fedora3:     main(sys.argv[1:])
2018-04-18 15:39:47.034574 +0000 build-fedora3:   File "/usr/local/share/createrepo/genpkgmetadata.py", line 292, in main
2018-04-18 15:39:47.034641 +0000 build-fedora3:     mdgen.doRepoMetadata()
2018-04-18 15:39:47.034720 +0000 build-fedora3:   File "/usr/local/lib/python2.7/site-packages/createrepo/__init__.py", line 1227, in doRepoMetadata
2018-04-18 15:39:47.034786 +0000 build-fedora3:     zfo = compressOpen(complete_path)
2018-04-18 15:39:47.034860 +0000 build-fedora3:   File "/usr/local/lib/python2.7/site-packages/createrepo/utils.py", line 135, in compressOpen
2018-04-18 15:39:47.049876 +0000 build-fedora3:     return _gzipOpen(fn, mode)
2018-04-18 15:39:47.050019 +0000 build-fedora3:   File "/usr/local/lib/python2.7/site-packages/createrepo/utils.py", line 53, in _gzipOpen
2018-04-18 15:39:47.050169 +0000 build-fedora3:     return GzipFile(filename, mode, compresslevel)
2018-04-18 15:39:47.050251 +0000 build-fedora3:   File "/usr/local/lib/python2.7/gzip.py", line 94, in __init__
2018-04-18 15:39:47.050326 +0000 build-fedora3:     fileobj = self.myfileobj = __builtin__.open(filename, mode or 'rb')
2018-04-18 15:39:47.050409 +0000 build-fedora3: IOError: [Errno 2] No such file or directory: '/pub/qubes/repo/yum/r3.2/current-testing/dom0/fc23/.repodata/other.xml.gz'
2018-04-18 15:39:47.301570 +0000 build-fedora3: --> Processing repo: /pub/qubes/repo/yum/r3.2/security-testing/dom0/fc20...
2018-04-18 15:39:47.405045 +0000 build-fedora3: Warning: Requested more delta workers than workers. This is insane. Limiting.
2018-04-18 15:39:48.120028 +0000 build-fedora3: Traceback (most recent call last):
2018-04-18 15:39:48.120238 +0000 build-fedora3:   File "/home/qubesosbot/mkmetalink.py", line 200, in <module>
2018-04-18 15:39:48.120317 +0000 build-fedora3:     main()
2018-04-18 15:39:48.120393 +0000 build-fedora3:   File "/home/qubesosbot/mkmetalink.py", line 188, in main
2018-04-18 15:39:48.120462 +0000 build-fedora3:     assert urls, 'this file is not mirrored by any repo'
2018-04-18 15:39:48.120528 +0000 build-fedora3: AssertionError: this file is not mirrored by any repo
2018-04-18 15:39:48.139951 +0000 build-fedora3: ~/builder-r3.2-dom0/qubes-src/linux-yum
2018-04-18 15:39:48.146770 +0000 build-fedora3: Makefile:689: update target 'update-repo-current' due to: internal-update-repo-current.dom0.fc23.app-linux-usb-proxy post-update-repo-current
2018-04-18 15:39:48.146929 +0000 build-fedora3: true
2018-04-18 15:39:48.159864 +0000 build-fedora3: > done
2018-04-18 15:39:48.160406 +0000 > closing log
