2018-09-28 15:23:39.864000 +0000 > starting log
2018-09-28 15:23:39.865250 +0000 build-fedora3: > starting build with log
2018-09-28 15:23:39.865276 +0000 build-fedora3: >> make args: update-repo-current
2018-09-28 15:23:39.865291 +0000 build-fedora3: >> MAKEFLAGS=
2018-09-28 15:23:39.865303 +0000 build-fedora3: >> COMPONENTS=python-xcffib
2018-09-28 15:23:39.865314 +0000 build-fedora3: >> DISTS_VM=
2018-09-28 15:23:39.865325 +0000 build-fedora3: >> DIST_DOM0=
2018-09-28 15:23:39.865338 +0000 build-fedora3: >> qubes-builder e17794e65bcac38add0ab232a5ad6fd1f4358e1e
2018-09-28 15:23:39.865353 +0000 build-fedora3: >> qubes-builder/qubes-src/python-xcffib dfc57ca58756ac799b495a3bdf9ea3a49b638ab4
2018-09-28 15:23:40.129353 +0000 build-fedora3: ================================================================================
2018-09-28 15:23:40.129405 +0000 build-fedora3:                            B U I L D   I N F O                                  
2018-09-28 15:23:40.129430 +0000 build-fedora3: Items in red indicate it was automatically generated by configuration file(s)
2018-09-28 15:23:40.129450 +0000 build-fedora3: Items in white indicate it was automatically removed by configuration file(s)
2018-09-28 15:23:40.129467 +0000 build-fedora3: ================================================================================
2018-09-28 15:23:40.129480 +0000 build-fedora3: DISTS_VM:
2018-09-28 15:23:40.135620 +0000 build-fedora3:     
2018-09-28 15:23:40.137430 +0000 build-fedora3: DISTS_ALL:
2018-09-28 15:23:40.174719 +0000 build-fedora3:      fc23,
2018-09-28 15:23:40.174757 +0000 build-fedora3: DIST_DOM0:
2018-09-28 15:23:40.187729 +0000 build-fedora3:      fc23,
2018-09-28 15:23:40.187767 +0000 build-fedora3: BUILDER_PLUGINS:
2018-09-28 15:23:40.187786 +0000 build-fedora3:      builder-rpm, mgmt-salt, linux-yum, builder-github,
2018-09-28 15:23:40.187799 +0000 build-fedora3: COMPONENTS:
2018-09-28 15:23:40.195875 +0000 build-fedora3:      python-xcffib,
2018-09-28 15:23:40.195914 +0000 build-fedora3: GIT_REPOS:
2018-09-28 15:23:40.200719 +0000 build-fedora3:      qubes-src/python-xcffib,
2018-09-28 15:23:40.203003 +0000 build-fedora3: TEMPLATE:
2018-09-28 15:23:40.216163 +0000 build-fedora3:     
2018-09-28 15:23:40.216201 +0000 build-fedora3: TEMPLATE_FLAVOR_DIR:
2018-09-28 15:23:40.216217 +0000 build-fedora3:     
2018-09-28 15:23:40.219286 +0000 build-fedora3: TEMPLATE_ALIAS:
2018-09-28 15:23:40.226982 +0000 build-fedora3:      jessie:jessie+standard, jessie+gnome:jessie+gnome+standard,
2018-09-28 15:23:40.227027 +0000 build-fedora3:      jessie+minimal:jessie+minimal+no-recommends, stretch:stretch+standard, stretch+gnome:stretch+gnome+standard,
2018-09-28 15:23:40.227049 +0000 build-fedora3:      stretch+minimal:stretch+minimal+no-recommends, whonix-gateway:jessie+whonix-gateway+minimal+no-recommends,
2018-09-28 15:23:40.227066 +0000 build-fedora3:      whonix-workstation:jessie+whonix-workstation+minimal+no-recommends,
2018-09-28 15:23:40.227080 +0000 build-fedora3:      whonix-gateway-14:stretch+whonix-gateway+minimal+no-recommends,
2018-09-28 15:23:40.227095 +0000 build-fedora3:      whonix-workstation-14:stretch+whonix-workstation+minimal+no-recommends,
2018-09-28 15:23:40.228223 +0000 build-fedora3: TEMPLATE_LABEL:
2018-09-28 15:23:40.290708 +0000 build-fedora3:      fc20:fedora-20 fc21:fedora-21 fc22:fedora-22 fc23:fedora-23 fc24:fedora-24 fc25:fedora-25 fc26:fedora-26
2018-09-28 15:23:40.290763 +0000 build-fedora3:      fc27:fedora-27 fc28:fedora-28 fc20+minimal:fedora-20-minimal fc21+minimal:fedora-21-minimal
2018-09-28 15:23:40.290791 +0000 build-fedora3:      fc23+minimal:fedora-23-minimal fc24+minimal:fedora-24-minimal fc25+minimal:fedora-25-minimal
2018-09-28 15:23:40.290818 +0000 build-fedora3:      fc26+minimal:fedora-26-minimal fc25+xfce:fedora-25-xfce fc26+xfce:fedora-26-xfce
2018-09-28 15:23:40.290838 +0000 build-fedora3:      wheezy:debian-7 wheezy+standard:debian-7 jessie:debian-8 jessie+standard:debian-8
2018-09-28 15:23:40.290857 +0000 build-fedora3:      stretch:debian-9 stretch+standard:debian-9 centos7:centos-7 centos7+minimal:centos-7-minimal
2018-09-28 15:23:40.290891 +0000 build-fedora3:      centos7+xfce:centos-7-xfce jessie+whonix-gateway+minimal+no-recommends:whonix-gw
2018-09-28 15:23:40.290908 +0000 build-fedora3:      jessie+whonix-workstation+minimal+no-recommends:whonix-ws
2018-09-28 15:23:40.290924 +0000 build-fedora3:      stretch+whonix-gateway+minimal+no-recommends:whonix-gw-14
2018-09-28 15:23:40.290938 +0000 build-fedora3:      stretch+whonix-workstation+minimal+no-recommends:whonix-ws-14
2018-09-28 15:23:40.333383 +0000 build-fedora3: > running make
2018-09-28 15:23:40.366210 +0000 build-fedora3: Makefile:798: target 'internal-update-repo-current.dom0.fc23.python-xcffib' does not exist
2018-09-28 15:23:40.366252 +0000 build-fedora3: repo_base_var="LINUX_REPO_fc23_BASEDIR"; \
2018-09-28 15:23:40.366269 +0000 build-fedora3: if [ "python-xcffib" = linux-template-builder ]; then \
2018-09-28 15:23:40.366286 +0000 build-fedora3: .# templates belongs to dom0 repository, even though PACKAGE_SET=vm
2018-09-28 15:23:40.366300 +0000 build-fedora3: repo_base_var="LINUX_REPO_fc23_BASEDIR"; \
2018-09-28 15:23:40.366311 +0000 build-fedora3: fi; \
2018-09-28 15:23:40.366324 +0000 build-fedora3: if [ -n "${!repo_base_var}" ]; then \
2018-09-28 15:23:40.366336 +0000 build-fedora3: .repo_basedir="${!repo_base_var}"; \
2018-09-28 15:23:40.366347 +0000 build-fedora3: else \
2018-09-28 15:23:40.366360 +0000 build-fedora3: .repo_basedir="qubes-src/linux-yum/r3.2"; \
2018-09-28 15:23:40.366370 +0000 build-fedora3: fi; \
2018-09-28 15:23:40.366384 +0000 build-fedora3: if [ -r qubes-src/python-xcffib/Makefile.builder ]; then \
2018-09-28 15:23:40.366397 +0000 build-fedora3: .echo -n "Updating qubes-src/python-xcffib... "; \
2018-09-28 15:23:40.366409 +0000 build-fedora3: .if [ "0" -eq 1 ]; then \
2018-09-28 15:23:40.366427 +0000 build-fedora3: ..vtag=`git -C qubes-src/python-xcffib tag --points-at HEAD --list v*`; \
2018-09-28 15:23:40.366439 +0000 build-fedora3: ..if [ -z "$vtag" ]; then \
2018-09-28 15:23:40.366451 +0000 build-fedora3: ...echo "no version tag"; \
2018-09-28 15:23:40.366462 +0000 build-fedora3: ...exit 0; \
2018-09-28 15:23:40.366475 +0000 build-fedora3: ..fi; \
2018-09-28 15:23:40.366486 +0000 build-fedora3: .fi; \
2018-09-28 15:23:40.366499 +0000 build-fedora3: .if [ "python-xcffib" = linux-template-builder ]; then
2018-09-28 15:23:40.366515 +0000 build-fedora3: export TEMPLATE_NAME=$(MAKEFLAGS= make -s -C qubes-src/linux-template-builder DIST=fc23 template-name)
2018-09-28 15:23:40.366525 +0000 build-fedora3: fi
2018-09-28 15:23:40.366550 +0000 build-fedora3: component_packages=$(MAKEFLAGS= make -s -f Makefile.generic DIST=fc23 PACKAGE_SET=dom0 COMPONENT=`basename qubes-src/python-xcffib` UPDATE_REPO=/home/user/builder-r3.2-dom0/$repo_basedir/current/dom0/fc23 get-var GET_VAR=PACKAGE_LIST); \
2018-09-28 15:23:40.366565 +0000 build-fedora3: .if [ -z "$component_packages" ]; then \
2018-09-28 15:23:40.366576 +0000 build-fedora3: ..echo "no packages."; \
2018-09-28 15:23:40.366587 +0000 build-fedora3: ..exit 0; \
2018-09-28 15:23:40.366597 +0000 build-fedora3: .fi; \
2018-09-28 15:23:40.366611 +0000 build-fedora3: .make -s -f Makefile.generic DIST=fc23 PACKAGE_SET=dom0 \
2018-09-28 15:23:40.366624 +0000 build-fedora3: ..COMPONENT=`basename qubes-src/python-xcffib` \
2018-09-28 15:23:40.366636 +0000 build-fedora3: ..SNAPSHOT_REPO=current-testing \
2018-09-28 15:23:40.366664 +0000 build-fedora3: ..TARGET_REPO=current \
2018-09-28 15:23:40.366679 +0000 build-fedora3: ..UPDATE_REPO=/home/user/builder-r3.2-dom0/$repo_basedir/current/dom0/fc23 \
2018-09-28 15:23:40.366697 +0000 build-fedora3: ..SNAPSHOT_FILE=/home/user/builder-r3.2-dom0/repo-latest-snapshot/current-testing-dom0-fc23-`basename qubes-src/python-xcffib` \
2018-09-28 15:23:40.366710 +0000 build-fedora3: ..BUILD_LOG_URL= \
2018-09-28 15:23:40.366722 +0000 build-fedora3: ..update-repo-from-snapshot || exit 1; \
2018-09-28 15:23:40.366737 +0000 build-fedora3: elif make -C qubes-src/python-xcffib -n update-repo-current >/dev/null 2>/dev/null; then \
2018-09-28 15:23:40.366765 +0000 build-fedora3: .echo "Updating qubes-src/python-xcffib... "; \
2018-09-28 15:23:40.366781 +0000 build-fedora3: .DIST=fc23 UPDATE_REPO=/home/user/builder-r3.2-dom0/$repo_basedir/current/dom0/fc23 \
2018-09-28 15:23:40.366795 +0000 build-fedora3: .make -s -C qubes-src/python-xcffib update-repo-current || exit 1; \
2018-09-28 15:23:40.366808 +0000 build-fedora3: else \
2018-09-28 15:23:40.366822 +0000 build-fedora3: .echo -n "Updating qubes-src/python-xcffib... skipping."; \
2018-09-28 15:23:40.366832 +0000 build-fedora3: fi; \
2018-09-28 15:23:40.366842 +0000 build-fedora3: echo
2018-09-28 15:23:40.495747 +0000 build-fedora3: Updating qubes-src/python-xcffib... no packages.
2018-09-28 15:23:40.495790 +0000 build-fedora3: Makefile:852: target 'post-update-repo-current' does not exist
2018-09-28 15:23:40.495810 +0000 build-fedora3: for dist in fc23 ; do \
2018-09-28 15:23:40.495827 +0000 build-fedora3: .repo_base_var="LINUX_REPO_${dist}_BASEDIR"; \
2018-09-28 15:23:40.495840 +0000 build-fedora3: .if [ -n "${!repo_base_var}" ]; then \
2018-09-28 15:23:40.495853 +0000 build-fedora3: ..repo_basedir="${!repo_base_var}"; \
2018-09-28 15:23:40.495864 +0000 build-fedora3: .else \
2018-09-28 15:23:40.495878 +0000 build-fedora3: ..repo_basedir="qubes-src/linux-yum/r3.2"; \
2018-09-28 15:23:40.495889 +0000 build-fedora3: .fi; \
2018-09-28 15:23:40.495905 +0000 build-fedora3: .repos_to_update="$repos_to_update $repo_basedir"; \
2018-09-28 15:23:40.495916 +0000 build-fedora3: done; \
2018-09-28 15:23:40.495930 +0000 build-fedora3: for repo in `echo $repos_to_update|tr ' ' '\n'|sort|uniq`; do \
2018-09-28 15:23:40.495942 +0000 build-fedora3: .[ -z "$repo" ] && continue; \
2018-09-28 15:23:40.495956 +0000 build-fedora3: .[ -x "$repo/../update_repo-current.sh" ] || continue; \
2018-09-28 15:23:40.495969 +0000 build-fedora3: .(cd $repo/.. && ./update_repo-current.sh r3.2); \
2018-09-28 15:23:40.495979 +0000 build-fedora3: done
2018-09-28 15:23:40.605691 +0000 build-fedora3: which: no mkmetalink in (/usr/local/bin:/usr/bin:/usr/local/sbin:/usr/sbin:/home/user/.local/bin:/home/user/bin:/home/user/builder-r3.2-dom0/qubes-src/builder-rpm/tools)
2018-09-28 15:23:40.705439 +0000 build-fedora3: --> Processing repo: r3.2/current/dom0/fc20...
2018-09-28 15:23:42.380876 +0000 build-fedora3: --> Processing repo: r3.2/current/dom0/fc23...
2018-09-28 15:24:39.672965 +0000 build-fedora3: --> Processing repo: r3.2/current/vm/centos7...
2018-09-28 15:24:40.285343 +0000 build-fedora3: --> Processing repo: r3.2/current/vm/fc22...
2018-09-28 15:24:40.650964 +0000 build-fedora3: --> Processing repo: r3.2/current/vm/fc23...
2018-09-28 15:24:41.270439 +0000 build-fedora3: --> Processing repo: r3.2/current/vm/fc24...
2018-09-28 15:24:41.855830 +0000 build-fedora3: --> Processing repo: r3.2/current/vm/fc25...
2018-09-28 15:24:42.437845 +0000 build-fedora3: --> Processing repo: r3.2/current/vm/fc26...
2018-09-28 15:24:42.817950 +0000 build-fedora3: --> Processing repo: r3.2/current/vm/fc27...
2018-09-28 15:24:43.151248 +0000 build-fedora3: --> Processing repo: r3.2/current/vm/fc28...
2018-09-28 15:24:43.487510 +0000 build-fedora3: Done.
2018-09-28 15:24:43.496737 +0000 build-fedora3: ~/builder-r3.2-dom0/qubes-src/linux-yum ~/builder-r3.2-dom0/qubes-src/linux-yum
2018-09-28 15:24:43.499783 +0000 build-fedora3: Syncing r3.2...
2018-09-28 15:24:44.564218 +0000 build-fedora3: sending incremental file list
2018-09-28 15:24:44.990464 +0000 build-fedora3: rsync: failed to set times on "/pub/qubes/repo/yum/r3.2/current-testing": Operation not permitted (1)
2018-09-28 15:24:44.990521 +0000 build-fedora3: rsync: failed to set times on "/pub/qubes/repo/yum/r3.2/current-testing/dom0": Operation not permitted (1)
2018-09-28 15:24:44.990548 +0000 build-fedora3: rsync: failed to set times on "/pub/qubes/repo/yum/r3.2/current-testing/dom0/fc20": Operation not permitted (1)
2018-09-28 15:24:44.990571 +0000 build-fedora3: rsync: failed to set times on "/pub/qubes/repo/yum/r3.2/current-testing/dom0/fc20/rpm": Operation not permitted (1)
2018-09-28 15:24:44.990592 +0000 build-fedora3: rsync: failed to set times on "/pub/qubes/repo/yum/r3.2/current-testing/dom0/fc23": Operation not permitted (1)
2018-09-28 15:24:44.990628 +0000 build-fedora3: rsync: failed to set times on "/pub/qubes/repo/yum/r3.2/current-testing/dom0/fc23/rpm": Operation not permitted (1)
2018-09-28 15:24:44.990675 +0000 build-fedora3: rsync: failed to set times on "/pub/qubes/repo/yum/r3.2/current-testing/vm": Operation not permitted (1)
2018-09-28 15:24:44.995641 +0000 build-fedora3: rsync: failed to set times on "/pub/qubes/repo/yum/r3.2/current-testing/vm/centos7": Operation not permitted (1)
2018-09-28 15:24:44.995712 +0000 build-fedora3: rsync: failed to set times on "/pub/qubes/repo/yum/r3.2/current-testing/vm/fc22": Operation not permitted (1)
2018-09-28 15:24:44.995743 +0000 build-fedora3: rsync: failed to set times on "/pub/qubes/repo/yum/r3.2/current-testing/vm/fc22/rpm": Operation not permitted (1)
2018-09-28 15:24:44.995766 +0000 build-fedora3: rsync: failed to set times on "/pub/qubes/repo/yum/r3.2/current-testing/vm/fc23": Operation not permitted (1)
2018-09-28 15:24:44.995787 +0000 build-fedora3: rsync: failed to set times on "/pub/qubes/repo/yum/r3.2/current-testing/vm/fc23/rpm": Operation not permitted (1)
2018-09-28 15:24:44.995808 +0000 build-fedora3: rsync: failed to set times on "/pub/qubes/repo/yum/r3.2/current-testing/vm/fc24": Operation not permitted (1)
2018-09-28 15:24:44.995828 +0000 build-fedora3: rsync: failed to set times on "/pub/qubes/repo/yum/r3.2/current-testing/vm/fc24/rpm": Operation not permitted (1)
2018-09-28 15:24:44.995845 +0000 build-fedora3: rsync: failed to set times on "/pub/qubes/repo/yum/r3.2/current-testing/vm/fc25": Operation not permitted (1)
2018-09-28 15:24:44.995864 +0000 build-fedora3: rsync: failed to set times on "/pub/qubes/repo/yum/r3.2/current-testing/vm/fc25/rpm": Operation not permitted (1)
2018-09-28 15:24:44.995881 +0000 build-fedora3: rsync: failed to set times on "/pub/qubes/repo/yum/r3.2/current-testing/vm/fc26": Operation not permitted (1)
2018-09-28 15:24:44.995901 +0000 build-fedora3: rsync: failed to set times on "/pub/qubes/repo/yum/r3.2/current-testing/vm/fc26/comps.xml": Operation not permitted (1)
2018-09-28 15:24:44.995920 +0000 build-fedora3: rsync: failed to set times on "/pub/qubes/repo/yum/r3.2/current-testing/vm/fc26/rpm": Operation not permitted (1)
2018-09-28 15:24:44.995938 +0000 build-fedora3: rsync: failed to set times on "/pub/qubes/repo/yum/r3.2/current-testing/vm/fc27": Operation not permitted (1)
2018-09-28 15:24:44.995955 +0000 build-fedora3: rsync: failed to set times on "/pub/qubes/repo/yum/r3.2/current-testing/vm/fc28": Operation not permitted (1)
2018-09-28 15:24:44.995972 +0000 build-fedora3: rsync: failed to set times on "/pub/qubes/repo/yum/r3.2/current": Operation not permitted (1)
2018-09-28 15:24:44.995989 +0000 build-fedora3: rsync: failed to set times on "/pub/qubes/repo/yum/r3.2/current/dom0": Operation not permitted (1)
2018-09-28 15:24:44.996006 +0000 build-fedora3: rsync: failed to set times on "/pub/qubes/repo/yum/r3.2/current/dom0/fc20": Operation not permitted (1)
2018-09-28 15:24:44.996023 +0000 build-fedora3: rsync: failed to set times on "/pub/qubes/repo/yum/r3.2/current/dom0/fc20/rpm": Operation not permitted (1)
2018-09-28 15:24:44.996036 +0000 build-fedora3: .d..t...... current-testing/
2018-09-28 15:24:44.996048 +0000 build-fedora3: .d..t...... current-testing/dom0/
2018-09-28 15:24:44.996061 +0000 build-fedora3: .d..t...... current-testing/dom0/fc20/
2018-09-28 15:24:44.996074 +0000 build-fedora3: .d..t...... current-testing/dom0/fc20/rpm/
2018-09-28 15:24:44.996087 +0000 build-fedora3: .d..t...... current-testing/dom0/fc23/
2018-09-28 15:24:45.036358 +0000 build-fedora3: .d..t...... current-testing/dom0/fc23/rpm/
2018-09-28 15:24:45.036409 +0000 build-fedora3: .d..t...... current-testing/vm/
2018-09-28 15:24:45.036434 +0000 build-fedora3: .d..t...... current-testing/vm/centos7/
2018-09-28 15:24:45.036452 +0000 build-fedora3: .d..t...... current-testing/vm/fc22/
2018-09-28 15:24:45.036468 +0000 build-fedora3: .d..t...... current-testing/vm/fc22/rpm/
2018-09-28 15:24:45.036499 +0000 build-fedora3: .d..t...... current-testing/vm/fc23/
2018-09-28 15:24:45.036515 +0000 build-fedora3: .d..t...... current-testing/vm/fc23/rpm/
2018-09-28 15:24:45.036528 +0000 build-fedora3: .d..t...... current-testing/vm/fc24/
2018-09-28 15:24:45.036541 +0000 build-fedora3: .d..t...... current-testing/vm/fc24/rpm/
2018-09-28 15:24:45.036553 +0000 build-fedora3: .d..t...... current-testing/vm/fc25/
2018-09-28 15:24:45.036566 +0000 build-fedora3: .d..t...... current-testing/vm/fc25/rpm/
2018-09-28 15:24:45.036579 +0000 build-fedora3: .d..t...... current-testing/vm/fc26/
2018-09-28 15:24:45.036594 +0000 build-fedora3: .L..t...... current-testing/vm/fc26/comps.xml -> ../../../comps-vm.xml
2018-09-28 15:24:45.036607 +0000 build-fedora3: .d..t...... current-testing/vm/fc26/rpm/
2018-09-28 15:24:45.036620 +0000 build-fedora3: .d..t...... current-testing/vm/fc27/
2018-09-28 15:24:45.036633 +0000 build-fedora3: .d..t...... current-testing/vm/fc28/
2018-09-28 15:24:45.036661 +0000 build-fedora3: .d..t...... current/
2018-09-28 15:24:45.036674 +0000 build-fedora3: .d..t...... current/dom0/
2018-09-28 15:24:45.036686 +0000 build-fedora3: .d..t...... current/dom0/fc20/
2018-09-28 15:24:45.036698 +0000 build-fedora3: .d..t...... current/dom0/fc20/rpm/
2018-09-28 15:24:45.133346 +0000 build-fedora3: rsync: failed to set times on "/pub/qubes/repo/yum/r3.2/current/dom0/fc23": Operation not permitted (1)
2018-09-28 15:24:45.133405 +0000 build-fedora3: rsync: failed to set times on "/pub/qubes/repo/yum/r3.2/current/dom0/fc23/rpm": Operation not permitted (1)
2018-09-28 15:24:45.133434 +0000 build-fedora3: rsync: failed to set times on "/pub/qubes/repo/yum/r3.2/current/vm": Operation not permitted (1)
2018-09-28 15:24:45.133457 +0000 build-fedora3: rsync: failed to set times on "/pub/qubes/repo/yum/r3.2/current/vm/centos7": Operation not permitted (1)
2018-09-28 15:24:45.133477 +0000 build-fedora3: rsync: failed to set times on "/pub/qubes/repo/yum/r3.2/current/vm/fc22": Operation not permitted (1)
2018-09-28 15:24:45.133496 +0000 build-fedora3: rsync: failed to set times on "/pub/qubes/repo/yum/r3.2/current/vm/fc22/rpm": Operation not permitted (1)
2018-09-28 15:24:45.133515 +0000 build-fedora3: rsync: failed to set times on "/pub/qubes/repo/yum/r3.2/current/vm/fc23": Operation not permitted (1)
2018-09-28 15:24:45.133532 +0000 build-fedora3: rsync: failed to set times on "/pub/qubes/repo/yum/r3.2/current/vm/fc23/rpm": Operation not permitted (1)
2018-09-28 15:24:45.133550 +0000 build-fedora3: rsync: failed to set times on "/pub/qubes/repo/yum/r3.2/current/vm/fc24": Operation not permitted (1)
2018-09-28 15:24:45.133567 +0000 build-fedora3: rsync: failed to set times on "/pub/qubes/repo/yum/r3.2/current/vm/fc24/rpm": Operation not permitted (1)
2018-09-28 15:24:45.133580 +0000 build-fedora3: .d..t...... current/dom0/fc23/
2018-09-28 15:24:45.133594 +0000 build-fedora3: .d..t...... current/dom0/fc23/rpm/
2018-09-28 15:24:45.133614 +0000 build-fedora3: hf+++++++++ current/dom0/fc23/rpm/kernel-latest-4.18.7-3.pvops.qubes.x86_64.rpm => current-testing/dom0/fc23/rpm/kernel-latest-4.18.7-3.pvops.qubes.x86_64.rpm
2018-09-28 15:24:45.133636 +0000 build-fedora3: hf+++++++++ current/dom0/fc23/rpm/kernel-latest-devel-4.18.7-3.pvops.qubes.x86_64.rpm => current-testing/dom0/fc23/rpm/kernel-latest-devel-4.18.7-3.pvops.qubes.x86_64.rpm
2018-09-28 15:24:45.133688 +0000 build-fedora3: hf+++++++++ current/dom0/fc23/rpm/kernel-latest-qubes-vm-4.18.7-3.pvops.qubes.x86_64.rpm => current-testing/dom0/fc23/rpm/kernel-latest-qubes-vm-4.18.7-3.pvops.qubes.x86_64.rpm
2018-09-28 15:24:45.133713 +0000 build-fedora3: hf+++++++++ current/dom0/fc23/rpm/qubes-mgmt-salt-dom0-qubes-infrastructure-1.0.15-1.fc23.noarch.rpm => current-testing/dom0/fc23/rpm/qubes-mgmt-salt-dom0-qubes-infrastructure-1.0.15-1.fc23.noarch.rpm
2018-09-28 15:24:45.133727 +0000 build-fedora3: .d..t...... current/vm/
2018-09-28 15:24:45.133740 +0000 build-fedora3: .d..t...... current/vm/centos7/
2018-09-28 15:24:45.133752 +0000 build-fedora3: .d..t...... current/vm/fc22/
2018-09-28 15:24:45.133779 +0000 build-fedora3: .d..t...... current/vm/fc22/rpm/
2018-09-28 15:24:45.133792 +0000 build-fedora3: .d..t...... current/vm/fc23/
2018-09-28 15:24:45.133806 +0000 build-fedora3: .d..t...... current/vm/fc23/rpm/
2018-09-28 15:24:45.133818 +0000 build-fedora3: .d..t...... current/vm/fc24/
2018-09-28 15:24:45.133830 +0000 build-fedora3: .d..t...... current/vm/fc24/rpm/
2018-09-28 15:24:45.133846 +0000 build-fedora3: rsync: failed to set times on "/pub/qubes/repo/yum/r3.2/current/vm/fc25": Operation not permitted (1)
2018-09-28 15:24:45.133863 +0000 build-fedora3: rsync: failed to set times on "/pub/qubes/repo/yum/r3.2/current/vm/fc25/rpm": Operation not permitted (1)
2018-09-28 15:24:45.133879 +0000 build-fedora3: rsync: failed to set times on "/pub/qubes/repo/yum/r3.2/current/vm/fc26": Operation not permitted (1)
2018-09-28 15:24:45.133895 +0000 build-fedora3: rsync: failed to set times on "/pub/qubes/repo/yum/r3.2/current/vm/fc26/comps.xml": Operation not permitted (1)
2018-09-28 15:24:45.133912 +0000 build-fedora3: rsync: failed to set times on "/pub/qubes/repo/yum/r3.2/current/vm/fc26/rpm": Operation not permitted (1)
2018-09-28 15:24:45.133928 +0000 build-fedora3: rsync: failed to set times on "/pub/qubes/repo/yum/r3.2/current/vm/fc27": Operation not permitted (1)
2018-09-28 15:24:45.133944 +0000 build-fedora3: rsync: failed to set times on "/pub/qubes/repo/yum/r3.2/current/vm/fc28": Operation not permitted (1)
2018-09-28 15:24:45.133960 +0000 build-fedora3: rsync: failed to set times on "/pub/qubes/repo/yum/r3.2/security-testing": Operation not permitted (1)
2018-09-28 15:24:45.133976 +0000 build-fedora3: rsync: failed to set times on "/pub/qubes/repo/yum/r3.2/security-testing/dom0": Operation not permitted (1)
2018-09-28 15:24:45.133993 +0000 build-fedora3: rsync: failed to set times on "/pub/qubes/repo/yum/r3.2/security-testing/dom0/fc20": Operation not permitted (1)
2018-09-28 15:24:45.134010 +0000 build-fedora3: rsync: failed to set times on "/pub/qubes/repo/yum/r3.2/security-testing/dom0/fc20/rpm": Operation not permitted (1)
2018-09-28 15:24:45.134027 +0000 build-fedora3: rsync: failed to set times on "/pub/qubes/repo/yum/r3.2/security-testing/dom0/fc23": Operation not permitted (1)
2018-09-28 15:24:45.134044 +0000 build-fedora3: rsync: failed to set times on "/pub/qubes/repo/yum/r3.2/security-testing/dom0/fc23/rpm": Operation not permitted (1)
2018-09-28 15:24:45.134057 +0000 build-fedora3: .d..t...... current/vm/fc25/
2018-09-28 15:24:45.134069 +0000 build-fedora3: .d..t...... current/vm/fc25/rpm/
2018-09-28 15:24:45.134080 +0000 build-fedora3: .d..t...... current/vm/fc26/
2018-09-28 15:24:45.134094 +0000 build-fedora3: .L..t...... current/vm/fc26/comps.xml -> ../../../comps-vm.xml
2018-09-28 15:24:45.134106 +0000 build-fedora3: .d..t...... current/vm/fc26/rpm/
2018-09-28 15:24:45.134117 +0000 build-fedora3: .d..t...... current/vm/fc27/
2018-09-28 15:24:45.134129 +0000 build-fedora3: .d..t...... current/vm/fc28/
2018-09-28 15:24:45.134140 +0000 build-fedora3: .d..t...... security-testing/
2018-09-28 15:24:45.134152 +0000 build-fedora3: .d..t...... security-testing/dom0/
2018-09-28 15:24:45.134164 +0000 build-fedora3: .d..t...... security-testing/dom0/fc20/
2018-09-28 15:24:45.134177 +0000 build-fedora3: .d..t...... security-testing/dom0/fc20/rpm/
2018-09-28 15:24:45.134190 +0000 build-fedora3: .d..t...... security-testing/dom0/fc23/
2018-09-28 15:24:45.134202 +0000 build-fedora3: .d..t...... security-testing/dom0/fc23/rpm/
2018-09-28 15:24:45.134218 +0000 build-fedora3: rsync: failed to set times on "/pub/qubes/repo/yum/r3.2/security-testing/vm": Operation not permitted (1)
2018-09-28 15:24:45.134245 +0000 build-fedora3: rsync: failed to set times on "/pub/qubes/repo/yum/r3.2/security-testing/vm/centos7": Operation not permitted (1)
2018-09-28 15:24:45.134263 +0000 build-fedora3: rsync: failed to set times on "/pub/qubes/repo/yum/r3.2/security-testing/vm/fc22": Operation not permitted (1)
2018-09-28 15:24:45.134280 +0000 build-fedora3: rsync: failed to set times on "/pub/qubes/repo/yum/r3.2/security-testing/vm/fc22/rpm": Operation not permitted (1)
2018-09-28 15:24:45.134303 +0000 build-fedora3: rsync: failed to set times on "/pub/qubes/repo/yum/r3.2/security-testing/vm/fc23": Operation not permitted (1)
2018-09-28 15:24:45.134321 +0000 build-fedora3: rsync: failed to set times on "/pub/qubes/repo/yum/r3.2/security-testing/vm/fc23/rpm": Operation not permitted (1)
2018-09-28 15:24:45.134337 +0000 build-fedora3: rsync: failed to set times on "/pub/qubes/repo/yum/r3.2/security-testing/vm/fc24": Operation not permitted (1)
2018-09-28 15:24:45.134354 +0000 build-fedora3: rsync: failed to set times on "/pub/qubes/repo/yum/r3.2/security-testing/vm/fc24/rpm": Operation not permitted (1)
2018-09-28 15:24:45.134370 +0000 build-fedora3: rsync: failed to set times on "/pub/qubes/repo/yum/r3.2/security-testing/vm/fc25": Operation not permitted (1)
2018-09-28 15:24:45.134387 +0000 build-fedora3: rsync: failed to set times on "/pub/qubes/repo/yum/r3.2/security-testing/vm/fc25/rpm": Operation not permitted (1)
2018-09-28 15:24:45.134403 +0000 build-fedora3: rsync: failed to set times on "/pub/qubes/repo/yum/r3.2/security-testing/vm/fc26": Operation not permitted (1)
2018-09-28 15:24:45.134420 +0000 build-fedora3: rsync: failed to set times on "/pub/qubes/repo/yum/r3.2/security-testing/vm/fc26/comps.xml": Operation not permitted (1)
2018-09-28 15:24:45.134436 +0000 build-fedora3: rsync: failed to set times on "/pub/qubes/repo/yum/r3.2/security-testing/vm/fc26/rpm": Operation not permitted (1)
2018-09-28 15:24:45.134453 +0000 build-fedora3: rsync: failed to set times on "/pub/qubes/repo/yum/r3.2/security-testing/vm/fc27": Operation not permitted (1)
2018-09-28 15:24:45.134469 +0000 build-fedora3: rsync: failed to set times on "/pub/qubes/repo/yum/r3.2/security-testing/vm/fc28": Operation not permitted (1)
2018-09-28 15:24:45.134481 +0000 build-fedora3: .d..t...... security-testing/vm/
2018-09-28 15:24:45.134493 +0000 build-fedora3: .d..t...... security-testing/vm/centos7/
2018-09-28 15:24:45.134505 +0000 build-fedora3: .d..t...... security-testing/vm/fc22/
2018-09-28 15:24:45.134517 +0000 build-fedora3: .d..t...... security-testing/vm/fc22/rpm/
2018-09-28 15:24:45.134529 +0000 build-fedora3: .d..t...... security-testing/vm/fc23/
2018-09-28 15:24:45.134541 +0000 build-fedora3: .d..t...... security-testing/vm/fc23/rpm/
2018-09-28 15:24:45.134553 +0000 build-fedora3: .d..t...... security-testing/vm/fc24/
2018-09-28 15:24:45.134565 +0000 build-fedora3: .d..t...... security-testing/vm/fc24/rpm/
2018-09-28 15:24:45.134577 +0000 build-fedora3: .d..t...... security-testing/vm/fc25/
2018-09-28 15:24:45.134589 +0000 build-fedora3: .d..t...... security-testing/vm/fc25/rpm/
2018-09-28 15:24:45.134601 +0000 build-fedora3: .d..t...... security-testing/vm/fc26/
2018-09-28 15:24:45.134615 +0000 build-fedora3: .L..t...... security-testing/vm/fc26/comps.xml -> ../../../comps-vm.xml
2018-09-28 15:24:45.134628 +0000 build-fedora3: .d..t...... security-testing/vm/fc26/rpm/
2018-09-28 15:24:45.134651 +0000 build-fedora3: .d..t...... security-testing/vm/fc27/
2018-09-28 15:24:45.134665 +0000 build-fedora3: .d..t...... security-testing/vm/fc28/
2018-09-28 15:24:45.218514 +0000 build-fedora3: rsync error: some files/attrs were not transferred (see previous errors) (code 23) at main.c(1189) [sender=3.1.3]
2018-09-28 15:24:45.750710 +0000 build-fedora3: --> Processing repo: r3.2/current/dom0/fc20...
2018-09-28 15:24:45.942988 +0000 build-fedora3: Cannot create/verify r3.2/current/dom0/fc20/repodata
2018-09-28 15:24:46.675446 +0000 build-fedora3: --> Processing repo: r3.2/current/dom0/fc23...
2018-09-28 15:24:46.862365 +0000 build-fedora3: Cannot create/verify r3.2/current/dom0/fc23/repodata
2018-09-28 15:24:47.602421 +0000 build-fedora3: --> Processing repo: r3.2/current/vm/centos7...
2018-09-28 15:24:47.791348 +0000 build-fedora3: Cannot create/verify r3.2/current/vm/centos7/repodata
2018-09-28 15:24:48.524864 +0000 build-fedora3: --> Processing repo: r3.2/current/vm/fc22...
2018-09-28 15:24:48.688801 +0000 build-fedora3: Cannot create/verify r3.2/current/vm/fc22/repodata
2018-09-28 15:24:49.407719 +0000 build-fedora3: --> Processing repo: r3.2/current/vm/fc23...
2018-09-28 15:24:49.602607 +0000 build-fedora3: Cannot create/verify r3.2/current/vm/fc23/repodata
2018-09-28 15:24:50.323509 +0000 build-fedora3: --> Processing repo: r3.2/current/vm/fc24...
2018-09-28 15:24:50.515555 +0000 build-fedora3: Cannot create/verify r3.2/current/vm/fc24/repodata
2018-09-28 15:24:51.255374 +0000 build-fedora3: --> Processing repo: r3.2/current/vm/fc25...
2018-09-28 15:24:51.453145 +0000 build-fedora3: Cannot create/verify r3.2/current/vm/fc25/repodata
2018-09-28 15:24:52.191399 +0000 build-fedora3: --> Processing repo: r3.2/current/vm/fc26...
2018-09-28 15:24:52.385164 +0000 build-fedora3: Cannot create/verify r3.2/current/vm/fc26/.repodata
2018-09-28 15:24:52.385759 +0000 build-fedora3: Traceback (most recent call last):
2018-09-28 15:24:52.385792 +0000 build-fedora3:   File "/usr/share/createrepo/genpkgmetadata.py", line 308, in <module>
2018-09-28 15:24:52.385808 +0000 build-fedora3:     main(sys.argv[1:])
2018-09-28 15:24:52.385824 +0000 build-fedora3:   File "/usr/share/createrepo/genpkgmetadata.py", line 295, in main
2018-09-28 15:24:52.385837 +0000 build-fedora3:     os.unlink(os.path.join(tmp, name))
2018-09-28 15:24:52.385854 +0000 build-fedora3: OSError: [Errno 13] Permission denied: 'r3.2/current/vm/fc26/.repodata/other.xml.gz.sqlite'
2018-09-28 15:24:53.102133 +0000 build-fedora3: --> Processing repo: r3.2/current/vm/fc27...
2018-09-28 15:24:53.293995 +0000 build-fedora3: Cannot create/verify r3.2/current/vm/fc27/repodata
2018-09-28 15:24:54.031710 +0000 build-fedora3: --> Processing repo: r3.2/current/vm/fc28...
2018-09-28 15:24:54.221551 +0000 build-fedora3: Cannot create/verify r3.2/current/vm/fc28/repodata
2018-09-28 15:24:54.973870 +0000 build-fedora3: Done.
2018-09-28 15:24:55.080695 +0000 build-fedora3: --> Processing repo: r3.2/current-testing/dom0/fc20...
2018-09-28 15:24:55.270344 +0000 build-fedora3: Cannot create/verify r3.2/current-testing/dom0/fc20/repodata
2018-09-28 15:24:56.019668 +0000 build-fedora3: --> Processing repo: r3.2/current-testing/dom0/fc23...
2018-09-28 15:24:56.236242 +0000 build-fedora3: Cannot create/verify r3.2/current-testing/dom0/fc23/.repodata
2018-09-28 15:24:56.236284 +0000 build-fedora3: Traceback (most recent call last):
2018-09-28 15:24:56.236304 +0000 build-fedora3:   File "/usr/share/createrepo/genpkgmetadata.py", line 308, in <module>
2018-09-28 15:24:56.236318 +0000 build-fedora3:     main(sys.argv[1:])
2018-09-28 15:24:56.236334 +0000 build-fedora3:   File "/usr/share/createrepo/genpkgmetadata.py", line 295, in main
2018-09-28 15:24:56.236347 +0000 build-fedora3:     os.unlink(os.path.join(tmp, name))
2018-09-28 15:24:56.236364 +0000 build-fedora3: OSError: [Errno 13] Permission denied: 'r3.2/current-testing/dom0/fc23/.repodata/other.xml.gz.sqlite'
2018-09-28 15:24:56.965217 +0000 build-fedora3: --> Processing repo: r3.2/current-testing/vm/centos7...
2018-09-28 15:24:57.152679 +0000 build-fedora3: Cannot create/verify r3.2/current-testing/vm/centos7/.repodata
2018-09-28 15:24:57.152720 +0000 build-fedora3: Traceback (most recent call last):
2018-09-28 15:24:57.152756 +0000 build-fedora3:   File "/usr/share/createrepo/genpkgmetadata.py", line 308, in <module>
2018-09-28 15:24:57.152771 +0000 build-fedora3:     main(sys.argv[1:])
2018-09-28 15:24:57.152786 +0000 build-fedora3:   File "/usr/share/createrepo/genpkgmetadata.py", line 295, in main
2018-09-28 15:24:57.152799 +0000 build-fedora3:     os.unlink(os.path.join(tmp, name))
2018-09-28 15:24:57.152816 +0000 build-fedora3: OSError: [Errno 13] Permission denied: 'r3.2/current-testing/vm/centos7/.repodata/other.xml.gz.sqlite'
2018-09-28 15:24:57.872311 +0000 build-fedora3: --> Processing repo: r3.2/current-testing/vm/fc22...
2018-09-28 15:24:58.050550 +0000 build-fedora3: Cannot create/verify r3.2/current-testing/vm/fc22/.repodata
2018-09-28 15:24:58.050592 +0000 build-fedora3: Traceback (most recent call last):
2018-09-28 15:24:58.050627 +0000 build-fedora3:   File "/usr/share/createrepo/genpkgmetadata.py", line 308, in <module>
2018-09-28 15:24:58.050657 +0000 build-fedora3:     main(sys.argv[1:])
2018-09-28 15:24:58.050674 +0000 build-fedora3:   File "/usr/share/createrepo/genpkgmetadata.py", line 295, in main
2018-09-28 15:24:58.050688 +0000 build-fedora3:     os.unlink(os.path.join(tmp, name))
2018-09-28 15:24:58.050705 +0000 build-fedora3: OSError: [Errno 13] Permission denied: 'r3.2/current-testing/vm/fc22/.repodata/other.xml.gz.sqlite'
2018-09-28 15:24:58.786290 +0000 build-fedora3: --> Processing repo: r3.2/current-testing/vm/fc23...
2018-09-28 15:24:58.988981 +0000 build-fedora3: Cannot create/verify r3.2/current-testing/vm/fc23/.repodata
2018-09-28 15:24:58.989023 +0000 build-fedora3: Traceback (most recent call last):
2018-09-28 15:24:58.989043 +0000 build-fedora3:   File "/usr/share/createrepo/genpkgmetadata.py", line 308, in <module>
2018-09-28 15:24:58.989058 +0000 build-fedora3:     main(sys.argv[1:])
2018-09-28 15:24:58.989073 +0000 build-fedora3:   File "/usr/share/createrepo/genpkgmetadata.py", line 295, in main
2018-09-28 15:24:58.989086 +0000 build-fedora3:     os.unlink(os.path.join(tmp, name))
2018-09-28 15:24:58.989103 +0000 build-fedora3: OSError: [Errno 13] Permission denied: 'r3.2/current-testing/vm/fc23/.repodata/other.xml.gz.sqlite'
2018-09-28 15:24:59.707698 +0000 build-fedora3: --> Processing repo: r3.2/current-testing/vm/fc24...
2018-09-28 15:24:59.905461 +0000 build-fedora3: Cannot create/verify r3.2/current-testing/vm/fc24/.repodata
2018-09-28 15:24:59.905503 +0000 build-fedora3: Traceback (most recent call last):
2018-09-28 15:24:59.905524 +0000 build-fedora3:   File "/usr/share/createrepo/genpkgmetadata.py", line 308, in <module>
2018-09-28 15:24:59.905538 +0000 build-fedora3:     main(sys.argv[1:])
2018-09-28 15:24:59.905554 +0000 build-fedora3:   File "/usr/share/createrepo/genpkgmetadata.py", line 295, in main
2018-09-28 15:24:59.905567 +0000 build-fedora3:     os.unlink(os.path.join(tmp, name))
2018-09-28 15:24:59.905584 +0000 build-fedora3: OSError: [Errno 13] Permission denied: 'r3.2/current-testing/vm/fc24/.repodata/other.xml.gz.sqlite'
2018-09-28 15:25:00.643335 +0000 build-fedora3: --> Processing repo: r3.2/current-testing/vm/fc25...
2018-09-28 15:25:00.841059 +0000 build-fedora3: Cannot create/verify r3.2/current-testing/vm/fc25/.repodata
2018-09-28 15:25:00.841101 +0000 build-fedora3: Traceback (most recent call last):
2018-09-28 15:25:00.841120 +0000 build-fedora3:   File "/usr/share/createrepo/genpkgmetadata.py", line 308, in <module>
2018-09-28 15:25:00.841134 +0000 build-fedora3:     main(sys.argv[1:])
2018-09-28 15:25:00.841148 +0000 build-fedora3:   File "/usr/share/createrepo/genpkgmetadata.py", line 295, in main
2018-09-28 15:25:00.841485 +0000 build-fedora3:     os.unlink(os.path.join(tmp, name))
2018-09-28 15:25:00.841511 +0000 build-fedora3: OSError: [Errno 13] Permission denied: 'r3.2/current-testing/vm/fc25/.repodata/other.xml.gz.sqlite'
2018-09-28 15:25:01.556870 +0000 build-fedora3: --> Processing repo: r3.2/current-testing/vm/fc26...
2018-09-28 15:25:01.749792 +0000 build-fedora3: Cannot create/verify r3.2/current-testing/vm/fc26/.repodata
2018-09-28 15:25:01.750306 +0000 build-fedora3: Traceback (most recent call last):
2018-09-28 15:25:01.750338 +0000 build-fedora3:   File "/usr/share/createrepo/genpkgmetadata.py", line 308, in <module>
2018-09-28 15:25:01.750354 +0000 build-fedora3:     main(sys.argv[1:])
2018-09-28 15:25:01.750371 +0000 build-fedora3:   File "/usr/share/createrepo/genpkgmetadata.py", line 295, in main
2018-09-28 15:25:01.750384 +0000 build-fedora3:     os.unlink(os.path.join(tmp, name))
2018-09-28 15:25:01.750401 +0000 build-fedora3: OSError: [Errno 13] Permission denied: 'r3.2/current-testing/vm/fc26/.repodata/other.xml.gz.sqlite'
2018-09-28 15:25:02.478167 +0000 build-fedora3: --> Processing repo: r3.2/current-testing/vm/fc27...
2018-09-28 15:25:02.664301 +0000 build-fedora3: Cannot create/verify r3.2/current-testing/vm/fc27/.repodata
2018-09-28 15:25:02.664357 +0000 build-fedora3: Traceback (most recent call last):
2018-09-28 15:25:02.664379 +0000 build-fedora3:   File "/usr/share/createrepo/genpkgmetadata.py", line 308, in <module>
2018-09-28 15:25:02.664393 +0000 build-fedora3:     main(sys.argv[1:])
2018-09-28 15:25:02.664408 +0000 build-fedora3:   File "/usr/share/createrepo/genpkgmetadata.py", line 295, in main
2018-09-28 15:25:02.664421 +0000 build-fedora3:     os.unlink(os.path.join(tmp, name))
2018-09-28 15:25:02.664439 +0000 build-fedora3: OSError: [Errno 13] Permission denied: 'r3.2/current-testing/vm/fc27/.repodata/other.xml.gz.sqlite'
2018-09-28 15:25:03.379507 +0000 build-fedora3: --> Processing repo: r3.2/current-testing/vm/fc28...
2018-09-28 15:25:03.573660 +0000 build-fedora3: Cannot create/verify r3.2/current-testing/vm/fc28/.repodata
2018-09-28 15:25:03.573704 +0000 build-fedora3: Traceback (most recent call last):
2018-09-28 15:25:03.573724 +0000 build-fedora3:   File "/usr/share/createrepo/genpkgmetadata.py", line 308, in <module>
2018-09-28 15:25:03.573770 +0000 build-fedora3:     main(sys.argv[1:])
2018-09-28 15:25:03.573788 +0000 build-fedora3:   File "/usr/share/createrepo/genpkgmetadata.py", line 295, in main
2018-09-28 15:25:03.573802 +0000 build-fedora3:     os.unlink(os.path.join(tmp, name))
2018-09-28 15:25:03.573819 +0000 build-fedora3: OSError: [Errno 13] Permission denied: 'r3.2/current-testing/vm/fc28/.repodata/other.xml.gz.sqlite'
2018-09-28 15:25:04.304275 +0000 build-fedora3: Done.
2018-09-28 15:25:04.419091 +0000 build-fedora3: --> Processing repo: r3.2/security-testing/dom0/fc20...
2018-09-28 15:25:04.599589 +0000 build-fedora3: Cannot create/verify r3.2/security-testing/dom0/fc20/repodata
2018-09-28 15:25:05.333626 +0000 build-fedora3: --> Processing repo: r3.2/security-testing/dom0/fc23...
2018-09-28 15:25:05.524775 +0000 build-fedora3: Cannot create/verify r3.2/security-testing/dom0/fc23/.repodata
2018-09-28 15:25:05.524817 +0000 build-fedora3: Traceback (most recent call last):
2018-09-28 15:25:05.524838 +0000 build-fedora3:   File "/usr/share/createrepo/genpkgmetadata.py", line 308, in <module>
2018-09-28 15:25:05.525018 +0000 build-fedora3:     main(sys.argv[1:])
2018-09-28 15:25:05.525041 +0000 build-fedora3:   File "/usr/share/createrepo/genpkgmetadata.py", line 295, in main
2018-09-28 15:25:05.525056 +0000 build-fedora3:     os.unlink(os.path.join(tmp, name))
2018-09-28 15:25:05.525074 +0000 build-fedora3: OSError: [Errno 13] Permission denied: 'r3.2/security-testing/dom0/fc23/.repodata/other.xml.gz.sqlite'
2018-09-28 15:25:06.257263 +0000 build-fedora3: --> Processing repo: r3.2/security-testing/vm/centos7...
2018-09-28 15:25:06.441379 +0000 build-fedora3: Cannot create/verify r3.2/security-testing/vm/centos7/.repodata
2018-09-28 15:25:06.441420 +0000 build-fedora3: Traceback (most recent call last):
2018-09-28 15:25:06.441452 +0000 build-fedora3:   File "/usr/share/createrepo/genpkgmetadata.py", line 308, in <module>
2018-09-28 15:25:06.441616 +0000 build-fedora3:     main(sys.argv[1:])
2018-09-28 15:25:06.441640 +0000 build-fedora3:   File "/usr/share/createrepo/genpkgmetadata.py", line 295, in main
2018-09-28 15:25:06.441654 +0000 build-fedora3:     os.unlink(os.path.join(tmp, name))
2018-09-28 15:25:06.441671 +0000 build-fedora3: OSError: [Errno 13] Permission denied: 'r3.2/security-testing/vm/centos7/.repodata/other.xml.gz.sqlite'
2018-09-28 15:25:07.176083 +0000 build-fedora3: --> Processing repo: r3.2/security-testing/vm/fc22...
2018-09-28 15:25:07.348403 +0000 build-fedora3: Cannot create/verify r3.2/security-testing/vm/fc22/.repodata
2018-09-28 15:25:07.348453 +0000 build-fedora3: Traceback (most recent call last):
2018-09-28 15:25:07.348473 +0000 build-fedora3:   File "/usr/share/createrepo/genpkgmetadata.py", line 308, in <module>
2018-09-28 15:25:07.348487 +0000 build-fedora3:     main(sys.argv[1:])
2018-09-28 15:25:07.348502 +0000 build-fedora3:   File "/usr/share/createrepo/genpkgmetadata.py", line 295, in main
2018-09-28 15:25:07.348514 +0000 build-fedora3:     os.unlink(os.path.join(tmp, name))
2018-09-28 15:25:07.348544 +0000 build-fedora3: OSError: [Errno 13] Permission denied: 'r3.2/security-testing/vm/fc22/.repodata/other.xml.gz.sqlite'
2018-09-28 15:25:08.067970 +0000 build-fedora3: --> Processing repo: r3.2/security-testing/vm/fc23...
2018-09-28 15:25:08.260563 +0000 build-fedora3: Cannot create/verify r3.2/security-testing/vm/fc23/.repodata
2018-09-28 15:25:08.260601 +0000 build-fedora3: Traceback (most recent call last):
2018-09-28 15:25:08.260620 +0000 build-fedora3:   File "/usr/share/createrepo/genpkgmetadata.py", line 308, in <module>
2018-09-28 15:25:08.260634 +0000 build-fedora3:     main(sys.argv[1:])
2018-09-28 15:25:08.260664 +0000 build-fedora3:   File "/usr/share/createrepo/genpkgmetadata.py", line 295, in main
2018-09-28 15:25:08.260678 +0000 build-fedora3:     os.unlink(os.path.join(tmp, name))
2018-09-28 15:25:08.260694 +0000 build-fedora3: OSError: [Errno 13] Permission denied: 'r3.2/security-testing/vm/fc23/.repodata/other.xml.gz.sqlite'
2018-09-28 15:25:08.987472 +0000 build-fedora3: --> Processing repo: r3.2/security-testing/vm/fc24...
2018-09-28 15:25:09.175629 +0000 build-fedora3: Cannot create/verify r3.2/security-testing/vm/fc24/.repodata
2018-09-28 15:25:09.175804 +0000 build-fedora3: Traceback (most recent call last):
2018-09-28 15:25:09.175835 +0000 build-fedora3:   File "/usr/share/createrepo/genpkgmetadata.py", line 308, in <module>
2018-09-28 15:25:09.175852 +0000 build-fedora3:     main(sys.argv[1:])
2018-09-28 15:25:09.175868 +0000 build-fedora3:   File "/usr/share/createrepo/genpkgmetadata.py", line 295, in main
2018-09-28 15:25:09.175887 +0000 build-fedora3:     os.unlink(os.path.join(tmp, name))
2018-09-28 15:25:09.175905 +0000 build-fedora3: OSError: [Errno 13] Permission denied: 'r3.2/security-testing/vm/fc24/.repodata/other.xml.gz.sqlite'
2018-09-28 15:25:09.895340 +0000 build-fedora3: --> Processing repo: r3.2/security-testing/vm/fc25...
2018-09-28 15:25:10.079485 +0000 build-fedora3: Cannot create/verify r3.2/security-testing/vm/fc25/.repodata
2018-09-28 15:25:10.079525 +0000 build-fedora3: Traceback (most recent call last):
2018-09-28 15:25:10.079544 +0000 build-fedora3:   File "/usr/share/createrepo/genpkgmetadata.py", line 308, in <module>
2018-09-28 15:25:10.079558 +0000 build-fedora3:     main(sys.argv[1:])
2018-09-28 15:25:10.079573 +0000 build-fedora3:   File "/usr/share/createrepo/genpkgmetadata.py", line 295, in main
2018-09-28 15:25:10.079586 +0000 build-fedora3:     os.unlink(os.path.join(tmp, name))
2018-09-28 15:25:10.079602 +0000 build-fedora3: OSError: [Errno 13] Permission denied: 'r3.2/security-testing/vm/fc25/.repodata/other.xml.gz.sqlite'
2018-09-28 15:25:10.820474 +0000 build-fedora3: --> Processing repo: r3.2/security-testing/vm/fc26...
2018-09-28 15:25:11.012183 +0000 build-fedora3: Cannot create/verify r3.2/security-testing/vm/fc26/.repodata
2018-09-28 15:25:11.012388 +0000 build-fedora3: Traceback (most recent call last):
2018-09-28 15:25:11.012415 +0000 build-fedora3:   File "/usr/share/createrepo/genpkgmetadata.py", line 308, in <module>
2018-09-28 15:25:11.012430 +0000 build-fedora3:     main(sys.argv[1:])
2018-09-28 15:25:11.012445 +0000 build-fedora3:   File "/usr/share/createrepo/genpkgmetadata.py", line 295, in main
2018-09-28 15:25:11.012457 +0000 build-fedora3:     os.unlink(os.path.join(tmp, name))
2018-09-28 15:25:11.012480 +0000 build-fedora3: OSError: [Errno 13] Permission denied: 'r3.2/security-testing/vm/fc26/.repodata/other.xml.gz.sqlite'
2018-09-28 15:25:11.731458 +0000 build-fedora3: --> Processing repo: r3.2/security-testing/vm/fc27...
2018-09-28 15:25:11.912773 +0000 build-fedora3: Cannot create/verify r3.2/security-testing/vm/fc27/.repodata
2018-09-28 15:25:11.912813 +0000 build-fedora3: Traceback (most recent call last):
2018-09-28 15:25:11.912832 +0000 build-fedora3:   File "/usr/share/createrepo/genpkgmetadata.py", line 308, in <module>
2018-09-28 15:25:11.912845 +0000 build-fedora3:     main(sys.argv[1:])
2018-09-28 15:25:11.912860 +0000 build-fedora3:   File "/usr/share/createrepo/genpkgmetadata.py", line 295, in main
2018-09-28 15:25:11.912886 +0000 build-fedora3:     os.unlink(os.path.join(tmp, name))
2018-09-28 15:25:11.912904 +0000 build-fedora3: OSError: [Errno 13] Permission denied: 'r3.2/security-testing/vm/fc27/.repodata/other.xml.gz.sqlite'
2018-09-28 15:25:12.637774 +0000 build-fedora3: --> Processing repo: r3.2/security-testing/vm/fc28...
2018-09-28 15:25:12.824339 +0000 build-fedora3: Cannot create/verify r3.2/security-testing/vm/fc28/.repodata
2018-09-28 15:25:12.824453 +0000 build-fedora3: Traceback (most recent call last):
2018-09-28 15:25:12.824478 +0000 build-fedora3:   File "/usr/share/createrepo/genpkgmetadata.py", line 308, in <module>
2018-09-28 15:25:12.824493 +0000 build-fedora3:     main(sys.argv[1:])
2018-09-28 15:25:12.824508 +0000 build-fedora3:   File "/usr/share/createrepo/genpkgmetadata.py", line 295, in main
2018-09-28 15:25:12.824635 +0000 build-fedora3:     os.unlink(os.path.join(tmp, name))
2018-09-28 15:25:12.824659 +0000 build-fedora3: OSError: [Errno 13] Permission denied: 'r3.2/security-testing/vm/fc28/.repodata/other.xml.gz.sqlite'
2018-09-28 15:25:13.543566 +0000 build-fedora3: Done.
2018-09-28 15:25:13.544415 +0000 build-fedora3: ~/builder-r3.2-dom0/qubes-src/linux-yum
2018-09-28 15:25:13.545973 +0000 build-fedora3: Makefile:758: update target 'update-repo-current' due to: internal-update-repo-current.dom0.fc23.python-xcffib post-update-repo-current
2018-09-28 15:25:13.546007 +0000 build-fedora3: true
2018-09-28 15:25:13.549378 +0000 build-fedora3: > done
2018-09-28 15:26:13.604553 +0000 > closing log
