2018-05-07 12:29:50.682574 +0000 > starting log
2018-05-07 12:29:50.683981 +0000 build-fedora3: > starting build with log
2018-05-07 12:29:50.684023 +0000 build-fedora3: >> make args: DISTS_VM= DIST_DOM0=fc23 BUILD_LOGS_URL= antievilmaid-dom0-fc23=https://github.com/QubesOS/build-logs/tree/master/build-fedora3/log_2018-05-07_12-27-39 GIT_URL_antievilmaid=https://github.com/QubesOS/qubes-antievilmaid sign-all update-repo-current-testing
2018-05-07 12:29:50.684042 +0000 build-fedora3: >> MAKEFLAGS=
2018-05-07 12:29:50.684058 +0000 build-fedora3: >> COMPONENTS=antievilmaid
2018-05-07 12:29:50.684071 +0000 build-fedora3: >> DISTS_VM=
2018-05-07 12:29:50.684084 +0000 build-fedora3: >> DIST_DOM0=
2018-05-07 12:29:50.684100 +0000 build-fedora3: >> qubes-builder 0bc5e662e9738136d6482e44c083a8f215c58ceb
2018-05-07 12:29:50.684116 +0000 build-fedora3: >> qubes-builder/qubes-src/antievilmaid 680c59db3d0fb1608add8c8828d6268fe12cbcb8
2018-05-07 12:29:50.684131 +0000 build-fedora3: !! pkgs/fc23/anti-evil-maid.spec.list
2018-05-07 12:29:50.684145 +0000 build-fedora3: !! pkgs/fc23/tpm-extra.spec.list
2018-05-07 12:29:50.684160 +0000 build-fedora3: !! pkgs/fc23/trousers-changer.spec.list
2018-05-07 12:29:50.684175 +0000 build-fedora3: !! pkgs/fc23/x86_64/anti-evil-maid-3.0.5-1.fc23.x86_64.rpm
2018-05-07 12:29:50.684190 +0000 build-fedora3: !! pkgs/fc23/x86_64/tpm-extra-3.0.5-1.fc23.x86_64.rpm
2018-05-07 12:29:50.684205 +0000 build-fedora3: !! pkgs/fc23/x86_64/trousers-changer-3.0.5-1.fc23.x86_64.rpm
2018-05-07 12:29:50.684227 +0000 build-fedora3: c33378458c77fb7eb307052d951cd947529b58529601a4dc72d2c3d80252ede9a4a3df5ba3b65fc21c23069ca28580b72ad96f8fa7aa6e98eb27a87b2df21f99  pkgs/fc23/anti-evil-maid.spec.list
2018-05-07 12:29:50.684248 +0000 build-fedora3: 16b466ca19992a36455afc8b74bdeb7ba3508c20209aea1e4ec82a5602ab4e5eb94a157a2f15607de0afead6ef508787f886a2a8e7d118115700cab6754d9a26  pkgs/fc23/tpm-extra.spec.list
2018-05-07 12:29:50.684270 +0000 build-fedora3: 43792213c875f152d31567c9559f8a4be3574cd70118ae1c7c26c2425dc2e869c963a14d2ece407c7cf9a81756a0f495c0749dfb3dd737d967f26ef3dd22515c  pkgs/fc23/trousers-changer.spec.list
2018-05-07 12:29:50.684293 +0000 build-fedora3: 2918d72b04ff8348dfd81eeac862eae062392207c340c169cd9dbb51612c591bcf076156eff04e15ab04cf0a140715e352422599d84654d56c195d5c8996b033  pkgs/fc23/x86_64/anti-evil-maid-3.0.5-1.fc23.x86_64.rpm
2018-05-07 12:29:50.684316 +0000 build-fedora3: ea996b8bcdc4649ad7c664d3818c5c3320c166f9e89d8a5c78ece95732671c610b15d71b2d7f6c5e72ba8f645930d16f779c93733f892e46152cf32cc1304134  pkgs/fc23/x86_64/tpm-extra-3.0.5-1.fc23.x86_64.rpm
2018-05-07 12:29:50.684338 +0000 build-fedora3: 6e09a4448a8753c3bee31710284423aadd9e1d9f24d64e7a33efb4f835a9ac269e81c60fcec71eaf0f0972ed5aa3424c07591b98aedd4bfd2c2fea7fb49382fa  pkgs/fc23/x86_64/trousers-changer-3.0.5-1.fc23.x86_64.rpm
2018-05-07 12:29:50.684356 +0000 build-fedora3: ================================================================================
2018-05-07 12:29:50.684373 +0000 build-fedora3:                            B U I L D   I N F O                                  
2018-05-07 12:29:50.684389 +0000 build-fedora3: Items in red indicate it was automatically generated by configuration file(s)
2018-05-07 12:29:50.684406 +0000 build-fedora3: Items in white indicate it was automatically removed by configuration file(s)
2018-05-07 12:29:50.684422 +0000 build-fedora3: ================================================================================
2018-05-07 12:29:50.684436 +0000 build-fedora3: DISTS_VM:
2018-05-07 12:29:50.684449 +0000 build-fedora3:     
2018-05-07 12:29:50.684462 +0000 build-fedora3: DISTS_ALL:
2018-05-07 12:29:50.684474 +0000 build-fedora3:      fc23,
2018-05-07 12:29:50.684487 +0000 build-fedora3: DIST_DOM0:
2018-05-07 12:29:50.684499 +0000 build-fedora3:      fc23,
2018-05-07 12:29:50.684512 +0000 build-fedora3: BUILDER_PLUGINS:
2018-05-07 12:29:50.684526 +0000 build-fedora3:      builder-fedora, mgmt-salt, builder-github,
2018-05-07 12:29:50.684539 +0000 build-fedora3: COMPONENTS:
2018-05-07 12:29:50.693262 +0000 build-fedora3:      antievilmaid,
2018-05-07 12:29:50.693566 +0000 build-fedora3: GIT_REPOS:
2018-05-07 12:29:50.699153 +0000 build-fedora3:      qubes-src/antievilmaid,
2018-05-07 12:29:50.699595 +0000 build-fedora3: TEMPLATE:
2018-05-07 12:29:50.706940 +0000 build-fedora3:     
2018-05-07 12:29:50.707416 +0000 build-fedora3: TEMPLATE_FLAVOR_DIR:
2018-05-07 12:29:50.716394 +0000 build-fedora3:     
2018-05-07 12:29:50.716838 +0000 build-fedora3: TEMPLATE_ALIAS:
2018-05-07 12:29:50.725266 +0000 build-fedora3:      jessie:jessie+standard, jessie+gnome:jessie+gnome+standard,
2018-05-07 12:29:50.725327 +0000 build-fedora3:      jessie+minimal:jessie+minimal+no-recommends, stretch:stretch+standard, stretch+gnome:stretch+gnome+standard,
2018-05-07 12:29:50.725362 +0000 build-fedora3:      stretch+minimal:stretch+minimal+no-recommends, jessie:jessie+standard, jessie+gnome:jessie+gnome+standard,
2018-05-07 12:29:50.725395 +0000 build-fedora3:      jessie+minimal:jessie+minimal+no-recommends, stretch:stretch+standard, stretch+gnome:stretch+gnome+standard,
2018-05-07 12:29:50.725421 +0000 build-fedora3:      stretch+minimal:stretch+minimal+no-recommends,
2018-05-07 12:29:50.726226 +0000 build-fedora3: TEMPLATE_LABEL:
2018-05-07 12:29:50.733558 +0000 build-fedora3:      fc20:fedora-20 fc21:fedora-21 fc22:fedora-22 fc23:fedora-23 fc24:fedora-24 fc25:fedora-25 fc26:fedora-26
2018-05-07 12:29:50.733618 +0000 build-fedora3:      fc20+minimal:fedora-20-minimal fc21+minimal:fedora-21-minimal fc23+minimal:fedora-23-minimal
2018-05-07 12:29:50.733672 +0000 build-fedora3:      fc24+minimal:fedora-24-minimal fc25+minimal:fedora-25-minimal fc26+minimal:fedora-26-minimal
2018-05-07 12:29:50.733704 +0000 build-fedora3:      fc25+xfce:fedora-25-xfce fc26+xfce:fedora-26-xfce wheezy:debian-7 wheezy+standard:debian-7
2018-05-07 12:29:50.733735 +0000 build-fedora3:      jessie:debian-8 jessie+standard:debian-8 stretch:debian-9 stretch+standard:debian-9 centos7:centos-7
2018-05-07 12:29:50.733766 +0000 build-fedora3:      centos7+minimal:centos-7-minimal fc20:fedora-20 fc21:fedora-21 fc22:fedora-22 fc23:fedora-23 fc24:fedora-24
2018-05-07 12:29:50.733796 +0000 build-fedora3:      fc25:fedora-25 fc26:fedora-26 fc20+minimal:fedora-20-minimal fc21+minimal:fedora-21-minimal
2018-05-07 12:29:50.733826 +0000 build-fedora3:      fc23+minimal:fedora-23-minimal fc24+minimal:fedora-24-minimal fc25+minimal:fedora-25-minimal
2018-05-07 12:29:50.733857 +0000 build-fedora3:      fc26+minimal:fedora-26-minimal wheezy:debian-7 wheezy+standard:debian-7 jessie:debian-8
2018-05-07 12:29:50.733886 +0000 build-fedora3:      jessie+standard:debian-8 stretch:debian-9 stretch+standard:debian-9
2018-05-07 12:29:50.793062 +0000 build-fedora3: > running make
2018-05-07 12:29:50.834209 +0000 build-fedora3: Makefile:250: target 'sign-dom0-fc23-antievilmaid' does not exist
2018-05-07 12:29:50.834310 +0000 build-fedora3: if [ -n "antievilmaid" -a "0" -ne 0 ]; then BRANCH=release3.2; branch_var="BRANCH_antievilmaid"; [ -n "${!branch_var}" ] && BRANCH="${!branch_var}"; pushd qubes-src/antievilmaid > /dev/null; CURRENT_BRANCH=`git symbolic-ref --short HEAD 2>/dev/null || git describe --tags --exact-match HEAD`; if [ "$BRANCH" != "$CURRENT_BRANCH" ]; then echo "-> ERROR: Wrong branch $branch_var=$CURRENT_BRANCH (expected $BRANCH)"; exit 1; fi; popd > /dev/null; fi
2018-05-07 12:29:50.834349 +0000 build-fedora3: SIGN_KEY=C52261BE0A823221D94CA1D1CB11CA1D03FA5082; \
2018-05-07 12:29:50.834376 +0000 build-fedora3: sign_key_var="SIGN_KEY_fc23"; \
2018-05-07 12:29:50.834403 +0000 build-fedora3: [ -n "${!sign_key_var}" ] && SIGN_KEY="${!sign_key_var}"; \
2018-05-07 12:29:50.834430 +0000 build-fedora3: if [ -r qubes-src/antievilmaid/Makefile.builder ]; then \
2018-05-07 12:29:50.834457 +0000 build-fedora3: .make --no-print-directory -f Makefile.generic \
2018-05-07 12:29:50.834481 +0000 build-fedora3: ..DIST=fc23 \
2018-05-07 12:29:50.834504 +0000 build-fedora3: ..PACKAGE_SET=dom0 \
2018-05-07 12:29:50.834529 +0000 build-fedora3: ..COMPONENT=antievilmaid \
2018-05-07 12:29:50.834552 +0000 build-fedora3: ..SIGN_KEY=$SIGN_KEY \
2018-05-07 12:29:50.834591 +0000 build-fedora3: ..sign || exit 1; \
2018-05-07 12:29:50.834616 +0000 build-fedora3: elif [ -d qubes-src/antievilmaid/rpm ]; then \
2018-05-07 12:29:50.834663 +0000 build-fedora3: .# Old mechanism supported only for RPM
2018-05-07 12:29:50.834691 +0000 build-fedora3: FILE_LIST=""; for RPM in qubes-src/antievilmaid/rpm/*/*.rpm; do \
2018-05-07 12:29:50.834718 +0000 build-fedora3: ..if ! qubes-src/installer-qubes-os/rpm_verify $RPM > /dev/null; then \
2018-05-07 12:29:50.834741 +0000 build-fedora3: ...FILE_LIST="$FILE_LIST $RPM" ;\
2018-05-07 12:29:50.834761 +0000 build-fedora3: ..fi ;\
2018-05-07 12:29:50.834783 +0000 build-fedora3: .done ; \
2018-05-07 12:29:50.834807 +0000 build-fedora3: .if [ -n "$FILE_LIST" ]; then \
2018-05-07 12:29:50.834830 +0000 build-fedora3: ..echo "--> Signing..."; \
2018-05-07 12:29:50.834854 +0000 build-fedora3: ..RPMSIGN_OPTS=--digest-algo=sha256; \
2018-05-07 12:29:50.834876 +0000 build-fedora3: ..if [ -n "$SIGN_KEY" ]; then \
2018-05-07 12:29:50.834900 +0000 build-fedora3: ...RPMSIGN_OPTS="--key-id=$SIGN_KEY"; \
2018-05-07 12:29:50.834922 +0000 build-fedora3: ..fi; \
2018-05-07 12:29:50.834951 +0000 build-fedora3: ..setsid -w rpmsign "$RPMSIGN_OPTS" --addsign $FILE_LIST </dev/null ;\
2018-05-07 12:29:50.834972 +0000 build-fedora3: .fi; \
2018-05-07 12:29:50.834992 +0000 build-fedora3: fi
2018-05-07 12:29:50.855257 +0000 build-fedora3: + ERR_OUTPUT=/dev/stderr
2018-05-07 12:29:50.855309 +0000 build-fedora3: + '[' 2 -lt 2 ']'
2018-05-07 12:29:50.856989 +0000 build-fedora3: ++ basename qubes-src/antievilmaid/anti-evil-maid/anti-evil-maid.spec.in
2018-05-07 12:29:50.859687 +0000 build-fedora3: + [[ xanti-evil-maid.spec.in == \x\.\i\n ]]
2018-05-07 12:29:50.859782 +0000 build-fedora3: + '[' -r qubes-src/antievilmaid/anti-evil-maid/anti-evil-maid.spec.in ']'
2018-05-07 12:29:50.859821 +0000 build-fedora3: + rpm -q --qf '%{NAME}-%{VERSION}.tar.gz\n' --specfile qubes-src/antievilmaid/anti-evil-maid/anti-evil-maid.spec
2018-05-07 12:29:50.899372 +0000 build-fedora3: warning: Macro %version defined but not used within scope
2018-05-07 12:29:50.906604 +0000 build-fedora3: cat: version: No such file or directory
2018-05-07 12:29:50.907979 +0000 build-fedora3: error: line 7: Empty tag: Version:
2018-05-07 12:29:50.908032 +0000 build-fedora3: error: query of specfile qubes-src/antievilmaid/anti-evil-maid/anti-evil-maid.spec failed, can't parse
2018-05-07 12:29:50.973422 +0000 build-fedora3: /home/user/builder-r3.2-dom0/qubes-src/builder-fedora/Makefile.rpmbuilder:164: target 'sign' does not exist
2018-05-07 12:29:50.973498 +0000 build-fedora3: cd qubes-src/antievilmaid && for pkg in pkgs/fc23/x86_64/anti-evil-maid-3.0.5-1.fc23.x86_64.rpm pkgs/fc23/x86_64/tpm-extra-3.0.5-1.fc23.x86_64.rpm pkgs/fc23/x86_64/trousers-changer-3.0.5-1.fc23.x86_64.rpm ; do \
2018-05-07 12:29:50.973531 +0000 build-fedora3: .if ! rpm -K $pkg | grep -qi pgp; then \
2018-05-07 12:29:50.973568 +0000 build-fedora3: ..setsid -w rpmsign  --digest-algo=sha256 --key-id=C52261BE0A823221D94CA1D1CB11CA1D03FA5082 --addsign $pkg </dev/null || exit 1; \
2018-05-07 12:29:50.973591 +0000 build-fedora3: .fi; \
2018-05-07 12:29:50.973612 +0000 build-fedora3: done
2018-05-07 12:29:51.043418 +0000 build-fedora3: + ERR_OUTPUT=/dev/stderr
2018-05-07 12:29:51.043471 +0000 build-fedora3: + '[' 2 -lt 2 ']'
2018-05-07 12:29:51.047809 +0000 build-fedora3: ++ basename qubes-src/antievilmaid/anti-evil-maid/anti-evil-maid.spec.in
2018-05-07 12:29:51.050401 +0000 build-fedora3: + [[ xanti-evil-maid.spec.in == \x\.\i\n ]]
2018-05-07 12:29:51.050479 +0000 build-fedora3: + '[' -r qubes-src/antievilmaid/anti-evil-maid/anti-evil-maid.spec.in ']'
2018-05-07 12:29:51.050516 +0000 build-fedora3: + rpm -q --qf '%{NAME}-%{VERSION}.tar.gz\n' --specfile qubes-src/antievilmaid/anti-evil-maid/anti-evil-maid.spec
2018-05-07 12:29:51.087808 +0000 build-fedora3: warning: Macro %version defined but not used within scope
2018-05-07 12:29:51.096608 +0000 build-fedora3: cat: version: No such file or directory
2018-05-07 12:29:51.098657 +0000 build-fedora3: error: line 7: Empty tag: Version:
2018-05-07 12:29:51.098748 +0000 build-fedora3: error: query of specfile qubes-src/antievilmaid/anti-evil-maid/anti-evil-maid.spec failed, can't parse
2018-05-07 12:29:51.906661 +0000 build-fedora3: pkgs/fc23/x86_64/anti-evil-maid-3.0.5-1.fc23.x86_64.rpm:
2018-05-07 12:29:52.719154 +0000 build-fedora3: pkgs/fc23/x86_64/tpm-extra-3.0.5-1.fc23.x86_64.rpm:
2018-05-07 12:29:53.552398 +0000 build-fedora3: pkgs/fc23/x86_64/trousers-changer-3.0.5-1.fc23.x86_64.rpm:
2018-05-07 12:29:53.554793 +0000 build-fedora3: Makefile:721: target 'internal-update-repo-current-testing.dom0.fc23.antievilmaid' does not exist
2018-05-07 12:29:53.554835 +0000 build-fedora3: repo_base_var="LINUX_REPO_fc23_BASEDIR"; \
2018-05-07 12:29:53.554854 +0000 build-fedora3: if [ -n "${!repo_base_var}" ]; then \
2018-05-07 12:29:53.554870 +0000 build-fedora3: .repo_basedir="${!repo_base_var}"; \
2018-05-07 12:29:53.554884 +0000 build-fedora3: else \
2018-05-07 12:29:53.554901 +0000 build-fedora3: .repo_basedir="qubes-src/linux-yum/r3.2"; \
2018-05-07 12:29:53.554914 +0000 build-fedora3: fi; \
2018-05-07 12:29:53.554933 +0000 build-fedora3: if [ -r qubes-src/antievilmaid/Makefile.builder ]; then \
2018-05-07 12:29:53.554957 +0000 build-fedora3: .echo -n "Updating qubes-src/antievilmaid... "; \
2018-05-07 12:29:53.554981 +0000 build-fedora3: .if [ "0" -eq 1 ]; then \
2018-05-07 12:29:53.555002 +0000 build-fedora3: ..vtag=`git -C qubes-src/antievilmaid tag --points-at HEAD --list v*`; \
2018-05-07 12:29:53.555017 +0000 build-fedora3: ..if [ -z "$vtag" ]; then \
2018-05-07 12:29:53.555031 +0000 build-fedora3: ...echo "no version tag"; \
2018-05-07 12:29:53.555044 +0000 build-fedora3: ...exit 0; \
2018-05-07 12:29:53.555057 +0000 build-fedora3: ..fi; \
2018-05-07 12:29:53.555069 +0000 build-fedora3: .fi; \
2018-05-07 12:29:53.555095 +0000 build-fedora3: .component_packages=$(MAKEFLAGS= make -s -f Makefile.generic DIST=fc23 PACKAGE_SET=dom0 COMPONENT=`basename qubes-src/antievilmaid` UPDATE_REPO=/home/user/builder-r3.2-dom0/$repo_basedir/current-testing/dom0/fc23 get-var GET_VAR=PACKAGE_LIST); \
2018-05-07 12:29:53.555111 +0000 build-fedora3: .if [ -z "$component_packages" ]; then \
2018-05-07 12:29:53.555125 +0000 build-fedora3: ..echo "no packages."; \
2018-05-07 12:29:53.555138 +0000 build-fedora3: ..exit 0; \
2018-05-07 12:29:53.555150 +0000 build-fedora3: .fi; \
2018-05-07 12:29:53.555166 +0000 build-fedora3: .make -s -f Makefile.generic DIST=fc23 PACKAGE_SET=dom0 \
2018-05-07 12:29:53.555180 +0000 build-fedora3: ..COMPONENT=`basename qubes-src/antievilmaid` \
2018-05-07 12:29:53.555194 +0000 build-fedora3: ..SNAPSHOT_REPO=current-testing \
2018-05-07 12:29:53.555208 +0000 build-fedora3: ..TARGET_REPO=current-testing \
2018-05-07 12:29:53.555225 +0000 build-fedora3: ..UPDATE_REPO=/home/user/builder-r3.2-dom0/$repo_basedir/current-testing/dom0/fc23 \
2018-05-07 12:29:53.555245 +0000 build-fedora3: ..SNAPSHOT_FILE=/home/user/builder-r3.2-dom0/repo-latest-snapshot/current-testing-dom0-fc23-`basename qubes-src/antievilmaid` \
2018-05-07 12:29:53.555264 +0000 build-fedora3: ..BUILD_LOG_URL=https://github.com/QubesOS/build-logs/tree/master/build-fedora3/log_2018-05-07_12-27-39 \
2018-05-07 12:29:53.555278 +0000 build-fedora3: ..update-repo || exit 1; \
2018-05-07 12:29:53.555295 +0000 build-fedora3: elif make -C qubes-src/antievilmaid -n update-repo-current-testing >/dev/null 2>/dev/null; then \
2018-05-07 12:29:53.555311 +0000 build-fedora3: .echo "Updating qubes-src/antievilmaid... "; \
2018-05-07 12:29:53.555327 +0000 build-fedora3: .make -s -C qubes-src/antievilmaid update-repo-current-testing || exit 1; \
2018-05-07 12:29:53.555340 +0000 build-fedora3: else \
2018-05-07 12:29:53.555355 +0000 build-fedora3: .echo -n "Updating qubes-src/antievilmaid... skipping."; \
2018-05-07 12:29:53.555368 +0000 build-fedora3: fi; \
2018-05-07 12:29:53.555380 +0000 build-fedora3: echo
2018-05-07 12:29:53.586445 +0000 build-fedora3: Updating qubes-src/antievilmaid... + ERR_OUTPUT=/dev/stderr
2018-05-07 12:29:53.588965 +0000 build-fedora3: + '[' 2 -lt 2 ']'
2018-05-07 12:29:53.590995 +0000 build-fedora3: ++ basename qubes-src/antievilmaid/anti-evil-maid/anti-evil-maid.spec.in
2018-05-07 12:29:53.595072 +0000 build-fedora3: + [[ xanti-evil-maid.spec.in == \x\.\i\n ]]
2018-05-07 12:29:53.595123 +0000 build-fedora3: + '[' -r qubes-src/antievilmaid/anti-evil-maid/anti-evil-maid.spec.in ']'
2018-05-07 12:29:53.595153 +0000 build-fedora3: + rpm -q --qf '%{NAME}-%{VERSION}.tar.gz\n' --specfile qubes-src/antievilmaid/anti-evil-maid/anti-evil-maid.spec
2018-05-07 12:29:53.647869 +0000 build-fedora3: warning: Macro %version defined but not used within scope
2018-05-07 12:29:53.657384 +0000 build-fedora3: cat: version: No such file or directory
2018-05-07 12:29:53.665370 +0000 build-fedora3: error: line 7: Empty tag: Version:
2018-05-07 12:29:53.665412 +0000 build-fedora3: error: query of specfile qubes-src/antievilmaid/anti-evil-maid/anti-evil-maid.spec failed, can't parse
2018-05-07 12:29:53.679917 +0000 build-fedora3: + ERR_OUTPUT=/dev/stderr
2018-05-07 12:29:53.679976 +0000 build-fedora3: + '[' 2 -lt 2 ']'
2018-05-07 12:29:53.681884 +0000 build-fedora3: ++ basename qubes-src/antievilmaid/anti-evil-maid/anti-evil-maid.spec.in
2018-05-07 12:29:53.685836 +0000 build-fedora3: + [[ xanti-evil-maid.spec.in == \x\.\i\n ]]
2018-05-07 12:29:53.685880 +0000 build-fedora3: + '[' -r qubes-src/antievilmaid/anti-evil-maid/anti-evil-maid.spec.in ']'
2018-05-07 12:29:53.685902 +0000 build-fedora3: + rpm -q --qf '%{NAME}-%{VERSION}.tar.gz\n' --specfile qubes-src/antievilmaid/anti-evil-maid/anti-evil-maid.spec
2018-05-07 12:29:53.739041 +0000 build-fedora3: warning: Macro %version defined but not used within scope
2018-05-07 12:29:53.748236 +0000 build-fedora3: cat: version: No such file or directory
2018-05-07 12:29:53.750324 +0000 build-fedora3: error: line 7: Empty tag: Version:
2018-05-07 12:29:53.750372 +0000 build-fedora3: error: query of specfile qubes-src/antievilmaid/anti-evil-maid/anti-evil-maid.spec failed, can't parse
2018-05-07 12:29:53.798152 +0000 build-fedora3: + ERR_OUTPUT=/dev/stderr
2018-05-07 12:29:53.798216 +0000 build-fedora3: + '[' 2 -lt 2 ']'
2018-05-07 12:29:53.800277 +0000 build-fedora3: ++ basename qubes-src/antievilmaid/anti-evil-maid/anti-evil-maid.spec.in
2018-05-07 12:29:53.804357 +0000 build-fedora3: + [[ xanti-evil-maid.spec.in == \x\.\i\n ]]
2018-05-07 12:29:53.804405 +0000 build-fedora3: + '[' -r qubes-src/antievilmaid/anti-evil-maid/anti-evil-maid.spec.in ']'
2018-05-07 12:29:53.804434 +0000 build-fedora3: + rpm -q --qf '%{NAME}-%{VERSION}.tar.gz\n' --specfile qubes-src/antievilmaid/anti-evil-maid/anti-evil-maid.spec
2018-05-07 12:29:53.857707 +0000 build-fedora3: warning: Macro %version defined but not used within scope
2018-05-07 12:29:53.866946 +0000 build-fedora3: cat: version: No such file or directory
2018-05-07 12:29:53.868198 +0000 build-fedora3: error: line 7: Empty tag: Version:
2018-05-07 12:29:53.868237 +0000 build-fedora3: error: query of specfile qubes-src/antievilmaid/anti-evil-maid/anti-evil-maid.spec failed, can't parse
2018-05-07 12:29:54.003548 +0000 build-fedora3: /home/user/builder-r3.2-dom0/qubes-src/builder-fedora/Makefile.rpmbuilder:140: target 'update-repo-do' does not exist
2018-05-07 12:29:54.003613 +0000 build-fedora3: mkdir -p /home/user/builder-r3.2-dom0/qubes-src/linux-yum/r3.2/current-testing/dom0/fc23/rpm
2018-05-07 12:29:54.072986 +0000 build-fedora3: + ERR_OUTPUT=/dev/stderr
2018-05-07 12:29:54.073039 +0000 build-fedora3: + '[' 2 -lt 2 ']'
2018-05-07 12:29:54.074523 +0000 build-fedora3: ++ basename qubes-src/antievilmaid/anti-evil-maid/anti-evil-maid.spec.in
2018-05-07 12:29:54.076921 +0000 build-fedora3: + [[ xanti-evil-maid.spec.in == \x\.\i\n ]]
2018-05-07 12:29:54.076986 +0000 build-fedora3: + '[' -r qubes-src/antievilmaid/anti-evil-maid/anti-evil-maid.spec.in ']'
2018-05-07 12:29:54.077034 +0000 build-fedora3: + rpm -q --qf '%{NAME}-%{VERSION}.tar.gz\n' --specfile qubes-src/antievilmaid/anti-evil-maid/anti-evil-maid.spec
2018-05-07 12:29:54.114116 +0000 build-fedora3: warning: Macro %version defined but not used within scope
2018-05-07 12:29:54.121109 +0000 build-fedora3: cat: version: No such file or directory
2018-05-07 12:29:54.121404 +0000 build-fedora3: error: line 7: Empty tag: Version:
2018-05-07 12:29:54.121483 +0000 build-fedora3: error: query of specfile qubes-src/antievilmaid/anti-evil-maid/anti-evil-maid.spec failed, can't parse
2018-05-07 12:29:54.137407 +0000 build-fedora3: cd qubes-src/antievilmaid && ln -f pkgs/fc23/x86_64/anti-evil-maid-3.0.5-1.fc23.x86_64.rpm pkgs/fc23/x86_64/tpm-extra-3.0.5-1.fc23.x86_64.rpm pkgs/fc23/x86_64/trousers-changer-3.0.5-1.fc23.x86_64.rpm  /home/user/builder-r3.2-dom0/qubes-src/linux-yum/r3.2/current-testing/dom0/fc23/rpm/
2018-05-07 12:29:54.145809 +0000 build-fedora3: cd qubes-src/antievilmaid && echo pkgs/fc23/x86_64/anti-evil-maid-3.0.5-1.fc23.x86_64.rpm pkgs/fc23/x86_64/tpm-extra-3.0.5-1.fc23.x86_64.rpm pkgs/fc23/x86_64/trousers-changer-3.0.5-1.fc23.x86_64.rpm  > /home/user/builder-r3.2-dom0/repo-latest-snapshot/current-testing-dom0-fc23-antievilmaid
2018-05-07 12:29:54.292249 +0000 build-fedora3: /home/user/builder-r3.2-dom0/qubes-src/builder-github//Makefile.github:21: target 'notify-github' does not exist
2018-05-07 12:29:54.292321 +0000 build-fedora3: [ -z "anti-evil-maid-3.0.5-1.fc23" ] || /home/user/builder-r3.2-dom0/qubes-src/builder-github//notify-issues \
2018-05-07 12:29:54.292361 +0000 build-fedora3: .--build-log="https://github.com/QubesOS/build-logs/tree/master/build-fedora3/log_2018-05-07_12-27-39" \
2018-05-07 12:29:54.292387 +0000 build-fedora3: ."r3.2" \
2018-05-07 12:29:54.292411 +0000 build-fedora3: ."current-testing" \
2018-05-07 12:29:54.292435 +0000 build-fedora3: ."qubes-src/antievilmaid" \
2018-05-07 12:29:54.292459 +0000 build-fedora3: ."anti-evil-maid-3.0.5-1.fc23" \
2018-05-07 12:29:54.292480 +0000 build-fedora3: ."fc23" \
2018-05-07 12:29:54.292500 +0000 build-fedora3: ."dom0" \
2018-05-07 12:29:54.292528 +0000 build-fedora3: ."/home/user/github-notify-state/r3.2-antievilmaid-dom0-fc23-current-testing"
2018-05-07 12:29:54.428381 +0000 build-fedora3: + ERR_OUTPUT=/dev/stderr
2018-05-07 12:29:54.428422 +0000 build-fedora3: + '[' 2 -lt 2 ']'
2018-05-07 12:29:54.429765 +0000 build-fedora3: ++ basename qubes-src/antievilmaid/anti-evil-maid/anti-evil-maid.spec.in
2018-05-07 12:29:54.433077 +0000 build-fedora3: + [[ xanti-evil-maid.spec.in == \x\.\i\n ]]
2018-05-07 12:29:54.433134 +0000 build-fedora3: + '[' -r qubes-src/antievilmaid/anti-evil-maid/anti-evil-maid.spec.in ']'
2018-05-07 12:29:54.433171 +0000 build-fedora3: + rpm -q --qf '%{NAME}-%{VERSION}.tar.gz\n' --specfile qubes-src/antievilmaid/anti-evil-maid/anti-evil-maid.spec
2018-05-07 12:29:54.473356 +0000 build-fedora3: warning: Macro %version defined but not used within scope
2018-05-07 12:29:54.478749 +0000 build-fedora3: cat: version: No such file or directory
2018-05-07 12:29:54.481304 +0000 build-fedora3: error: line 7: Empty tag: Version:
2018-05-07 12:29:54.481363 +0000 build-fedora3: error: query of specfile qubes-src/antievilmaid/anti-evil-maid/anti-evil-maid.spec failed, can't parse
2018-05-07 12:30:01.138355 +0000 build-fedora3: WARNING: /home/user/github-notify-state/r3.2-antievilmaid-dom0-fc23-current-testing does not exist, initializing with the current state
2018-05-07 12:30:01.147072 +0000 build-fedora3: 
2018-05-07 12:30:01.147564 +0000 build-fedora3: Makefile:764: target 'post-update-repo-current-testing' does not exist
2018-05-07 12:30:01.147600 +0000 build-fedora3: for dist in fc23 ; do \
2018-05-07 12:30:01.147620 +0000 build-fedora3: .repo_base_var="LINUX_REPO_${dist}_BASEDIR"; \
2018-05-07 12:30:01.147673 +0000 build-fedora3: .if [ -n "${!repo_base_var}" ]; then \
2018-05-07 12:30:01.147694 +0000 build-fedora3: ..repo_basedir="${!repo_base_var}"; \
2018-05-07 12:30:01.147708 +0000 build-fedora3: .else \
2018-05-07 12:30:01.147725 +0000 build-fedora3: ..repo_basedir="qubes-src/linux-yum/r3.2"; \
2018-05-07 12:30:01.147738 +0000 build-fedora3: .fi; \
2018-05-07 12:30:01.147753 +0000 build-fedora3: .repos_to_update="$repos_to_update $repo_basedir"; \
2018-05-07 12:30:01.147783 +0000 build-fedora3: done; \
2018-05-07 12:30:01.147799 +0000 build-fedora3: for repo in `echo $repos_to_update|tr ' ' '\n'|sort|uniq`; do \
2018-05-07 12:30:01.147819 +0000 build-fedora3: .[ -z "$repo" ] && continue; \
2018-05-07 12:30:01.147849 +0000 build-fedora3: .(cd $repo/.. && ./update_repo-current-testing.sh `basename $repo`); \
2018-05-07 12:30:01.147872 +0000 build-fedora3: done
2018-05-07 12:30:01.178935 +0000 build-fedora3: --> Processing repo: r3.2/current-testing/dom0/fc20...
2018-05-07 12:30:01.585230 +0000 build-fedora3: --> Processing repo: r3.2/current-testing/dom0/fc23...
2018-05-07 12:30:58.402720 +0000 build-fedora3: --> Processing repo: r3.2/current-testing/vm/centos7...
2018-05-07 12:30:58.915840 +0000 build-fedora3: --> Processing repo: r3.2/current-testing/vm/fc22...
2018-05-07 12:30:59.377270 +0000 build-fedora3: --> Processing repo: r3.2/current-testing/vm/fc23...
2018-05-07 12:31:00.207988 +0000 build-fedora3: --> Processing repo: r3.2/current-testing/vm/fc24...
2018-05-07 12:31:01.050826 +0000 build-fedora3: --> Processing repo: r3.2/current-testing/vm/fc25...
2018-05-07 12:31:01.948979 +0000 build-fedora3: --> Processing repo: r3.2/current-testing/vm/fc26...
2018-05-07 12:31:02.395940 +0000 build-fedora3: Done.
2018-05-07 12:31:02.407580 +0000 build-fedora3: ~/builder-r3.2-dom0/qubes-src/linux-yum ~/builder-r3.2-dom0/qubes-src/linux-yum
2018-05-07 12:31:02.411132 +0000 build-fedora3: Syncing r3.2...
2018-05-07 12:31:02.507383 +0000 build-fedora3: sending incremental file list
2018-05-07 12:31:02.656586 +0000 build-fedora3: rsync: failed to set times on "/pub/qubes/repo/yum/r3.2/current-testing": Operation not permitted (1)
2018-05-07 12:31:02.656872 +0000 build-fedora3: rsync: failed to set times on "/pub/qubes/repo/yum/r3.2/current-testing/dom0": Operation not permitted (1)
2018-05-07 12:31:02.656976 +0000 build-fedora3: rsync: failed to set times on "/pub/qubes/repo/yum/r3.2/current-testing/dom0/fc20": Operation not permitted (1)
2018-05-07 12:31:02.657064 +0000 build-fedora3: rsync: failed to set times on "/pub/qubes/repo/yum/r3.2/current-testing/dom0/fc20/rpm": Operation not permitted (1)
2018-05-07 12:31:02.657202 +0000 build-fedora3: rsync: failed to set times on "/pub/qubes/repo/yum/r3.2/current-testing/dom0/fc23": Operation not permitted (1)
2018-05-07 12:31:02.657316 +0000 build-fedora3: rsync: failed to set times on "/pub/qubes/repo/yum/r3.2/current-testing/dom0/fc23/rpm": Operation not permitted (1)
2018-05-07 12:31:02.657414 +0000 build-fedora3: rsync: failed to set times on "/pub/qubes/repo/yum/r3.2/current-testing/vm": Operation not permitted (1)
2018-05-07 12:31:02.657550 +0000 build-fedora3: rsync: failed to set times on "/pub/qubes/repo/yum/r3.2/current-testing/vm/fc22": Operation not permitted (1)
2018-05-07 12:31:02.657741 +0000 build-fedora3: rsync: failed to set times on "/pub/qubes/repo/yum/r3.2/current-testing/vm/fc22/rpm": Operation not permitted (1)
2018-05-07 12:31:02.657829 +0000 build-fedora3: rsync: failed to set times on "/pub/qubes/repo/yum/r3.2/current-testing/vm/fc23": Operation not permitted (1)
2018-05-07 12:31:02.657935 +0000 build-fedora3: rsync: failed to set times on "/pub/qubes/repo/yum/r3.2/current-testing/vm/fc23/rpm": Operation not permitted (1)
2018-05-07 12:31:02.658084 +0000 build-fedora3: rsync: failed to set times on "/pub/qubes/repo/yum/r3.2/current-testing/vm/fc24": Operation not permitted (1)
2018-05-07 12:31:02.658174 +0000 build-fedora3: rsync: failed to set times on "/pub/qubes/repo/yum/r3.2/current-testing/vm/fc24/rpm": Operation not permitted (1)
2018-05-07 12:31:02.658253 +0000 build-fedora3: rsync: failed to set times on "/pub/qubes/repo/yum/r3.2/current-testing/vm/fc25": Operation not permitted (1)
2018-05-07 12:31:02.658314 +0000 build-fedora3: .d..t...... current-testing/
2018-05-07 12:31:02.658412 +0000 build-fedora3: .d..t...... current-testing/dom0/
2018-05-07 12:31:02.658478 +0000 build-fedora3: .d..t...... current-testing/dom0/fc20/
2018-05-07 12:31:02.658601 +0000 build-fedora3: .L..t...... current-testing/dom0/fc20/comps.xml -> ../../../comps-dom0.xml
2018-05-07 12:31:02.658834 +0000 build-fedora3: .d..t...... current-testing/dom0/fc20/rpm/
2018-05-07 12:31:02.658907 +0000 build-fedora3: .d..t...... current-testing/dom0/fc23/
2018-05-07 12:31:02.658977 +0000 build-fedora3: .L..t...... current-testing/dom0/fc23/comps.xml -> ../../../comps-dom0.xml
2018-05-07 12:31:02.672451 +0000 build-fedora3: .d..t...... current-testing/dom0/fc23/rpm/
2018-05-07 12:31:02.672706 +0000 build-fedora3: <f.st...... current-testing/dom0/fc23/rpm/anti-evil-maid-3.0.5-1.fc23.x86_64.rpm
2018-05-07 12:31:02.675771 +0000 build-fedora3: .          2,140   8%    0.00kB/s    0:00:00  .         24,322 100%   21.15MB/s    0:00:00 (xfr#1, to-chk=1165/1179)
2018-05-07 12:31:02.675947 +0000 build-fedora3: <f..t...... current-testing/dom0/fc23/rpm/qubes-core-dom0-vaio-fixes-1.6.1-1.fc23.x86_64.rpm
2018-05-07 12:31:02.676169 +0000 build-fedora3: .          2,140  29%    2.04MB/s    0:00:00  .          7,170 100%    3.42MB/s    0:00:00 (xfr#2, to-chk=992/1179)
2018-05-07 12:31:02.676570 +0000 build-fedora3: <f.st...... current-testing/dom0/fc23/rpm/tpm-extra-3.0.5-1.fc23.x86_64.rpm
2018-05-07 12:31:02.677609 +0000 build-fedora3: .          2,140  20%    1.02MB/s    0:00:00  .         10,286 100%    3.27MB/s    0:00:00 (xfr#3, to-chk=876/1179)
2018-05-07 12:31:02.677801 +0000 build-fedora3: <f.st...... current-testing/dom0/fc23/rpm/trousers-changer-3.0.5-1.fc23.x86_64.rpm
2018-05-07 12:31:02.678376 +0000 build-fedora3: .          2,140  25%  696.61kB/s    0:00:00  .          8,350 100%    1.99MB/s    0:00:00 (xfr#4, to-chk=875/1179)
2018-05-07 12:31:02.678505 +0000 build-fedora3: .d..t...... current-testing/vm/
2018-05-07 12:31:02.678593 +0000 build-fedora3: .d..t...... current-testing/vm/centos7/
2018-05-07 12:31:02.678715 +0000 build-fedora3: .L..t...... current-testing/vm/centos7/comps.xml -> ../../../comps-vm.xml
2018-05-07 12:31:02.678786 +0000 build-fedora3: .d..t...... current-testing/vm/centos7/rpm/
2018-05-07 12:31:02.678935 +0000 build-fedora3: <f..t...... current-testing/vm/centos7/rpm/.gitignore
2018-05-07 12:31:02.680083 +0000 build-fedora3: .              6 100%    1.17kB/s    0:00:00  .              6 100%    1.17kB/s    0:00:00 (xfr#5, to-chk=687/1179)
2018-05-07 12:31:02.680221 +0000 build-fedora3: .d..t...... current-testing/vm/fc22/
2018-05-07 12:31:02.680343 +0000 build-fedora3: .L..t...... current-testing/vm/fc22/comps.xml -> ../../../comps-vm.xml
2018-05-07 12:31:02.680448 +0000 build-fedora3: .d..t...... current-testing/vm/fc22/rpm/
2018-05-07 12:31:02.680550 +0000 build-fedora3: .d..t...... current-testing/vm/fc23/
2018-05-07 12:31:02.680720 +0000 build-fedora3: .L..t...... current-testing/vm/fc23/comps.xml -> ../../../comps-vm.xml
2018-05-07 12:31:02.680828 +0000 build-fedora3: .d..t...... current-testing/vm/fc23/rpm/
2018-05-07 12:31:02.680937 +0000 build-fedora3: .d..t...... current-testing/vm/fc24/
2018-05-07 12:31:02.681054 +0000 build-fedora3: .L..t...... current-testing/vm/fc24/comps.xml -> ../../../comps-vm.xml
2018-05-07 12:31:02.681168 +0000 build-fedora3: .d..t...... current-testing/vm/fc24/rpm/
2018-05-07 12:31:02.681277 +0000 build-fedora3: .d..t...... current-testing/vm/fc25/
2018-05-07 12:31:02.681391 +0000 build-fedora3: .L..t...... current-testing/vm/fc25/comps.xml -> ../../../comps-vm.xml
2018-05-07 12:31:02.682885 +0000 build-fedora3: rsync: failed to set times on "/pub/qubes/repo/yum/r3.2/current-testing/vm/fc25/rpm": Operation not permitted (1)
2018-05-07 12:31:02.683035 +0000 build-fedora3: rsync: failed to set times on "/pub/qubes/repo/yum/r3.2/current-testing/vm/fc26": Operation not permitted (1)
2018-05-07 12:31:02.683169 +0000 build-fedora3: rsync: failed to set times on "/pub/qubes/repo/yum/r3.2/current-testing/vm/fc26/comps.xml": Operation not permitted (1)
2018-05-07 12:31:02.683314 +0000 build-fedora3: rsync: failed to set times on "/pub/qubes/repo/yum/r3.2/current-testing/vm/fc26/rpm": Operation not permitted (1)
2018-05-07 12:31:02.683421 +0000 build-fedora3: rsync: failed to set times on "/pub/qubes/repo/yum/r3.2/current": Operation not permitted (1)
2018-05-07 12:31:02.683468 +0000 build-fedora3: rsync: failed to set times on "/pub/qubes/repo/yum/r3.2/current/dom0": Operation not permitted (1)
2018-05-07 12:31:02.683499 +0000 build-fedora3: rsync: failed to set times on "/pub/qubes/repo/yum/r3.2/current/dom0/fc20": Operation not permitted (1)
2018-05-07 12:31:02.683529 +0000 build-fedora3: rsync: failed to set times on "/pub/qubes/repo/yum/r3.2/current/dom0/fc20/rpm": Operation not permitted (1)
2018-05-07 12:31:02.683558 +0000 build-fedora3: rsync: failed to set times on "/pub/qubes/repo/yum/r3.2/current/dom0/fc23": Operation not permitted (1)
2018-05-07 12:31:02.683582 +0000 build-fedora3: .d..t...... current-testing/vm/fc25/rpm/
2018-05-07 12:31:02.683612 +0000 build-fedora3: .f...p..... current-testing/vm/fc25/rpm/python2-dnf-plugins-qubes-hooks-3.2.17-1.fc25.x86_64.rpm
2018-05-07 12:31:02.683662 +0000 build-fedora3: .f...p..... current-testing/vm/fc25/rpm/python3-dnf-plugins-qubes-hooks-3.2.17-1.fc25.x86_64.rpm
2018-05-07 12:31:02.683694 +0000 build-fedora3: .f...p..... current-testing/vm/fc25/rpm/qubes-core-vm-3.2.17-1.fc25.x86_64.rpm
2018-05-07 12:31:02.683726 +0000 build-fedora3: .f...p..... current-testing/vm/fc25/rpm/qubes-core-vm-debuginfo-3.2.17-1.fc25.x86_64.rpm
2018-05-07 12:31:02.683755 +0000 build-fedora3: .f...p..... current-testing/vm/fc25/rpm/qubes-core-vm-doc-3.2.17-1.noarch.rpm
2018-05-07 12:31:02.683774 +0000 build-fedora3: .f...p..... current-testing/vm/fc25/rpm/qubes-core-vm-systemd-3.2.17-1.fc25.x86_64.rpm
2018-05-07 12:31:02.683792 +0000 build-fedora3: .f...p..... current-testing/vm/fc25/rpm/qubes-core-vm-sysvinit-3.2.17-1.fc25.x86_64.rpm
2018-05-07 12:31:02.683808 +0000 build-fedora3: .f...p..... current-testing/vm/fc25/rpm/qubes-gui-vm-3.2.16-1.fc25.x86_64.rpm
2018-05-07 12:31:02.683825 +0000 build-fedora3: .f...p..... current-testing/vm/fc25/rpm/qubes-gui-vm-debuginfo-3.2.16-1.fc25.x86_64.rpm
2018-05-07 12:31:02.683844 +0000 build-fedora3: .f...p..... current-testing/vm/fc25/rpm/qubes-kernel-vm-support-3.2.4-1.fc25.x86_64.rpm
2018-05-07 12:31:02.683873 +0000 build-fedora3: .f...p..... current-testing/vm/fc25/rpm/qubes-utils-3.2.4-1.fc25.x86_64.rpm
2018-05-07 12:31:02.683898 +0000 build-fedora3: .f...p..... current-testing/vm/fc25/rpm/qubes-utils-debuginfo-3.2.4-1.fc25.x86_64.rpm
2018-05-07 12:31:02.683921 +0000 build-fedora3: .f...p..... current-testing/vm/fc25/rpm/qubes-utils-devel-3.2.4-1.fc25.x86_64.rpm
2018-05-07 12:31:02.683950 +0000 build-fedora3: .f...p..... current-testing/vm/fc25/rpm/qubes-utils-libs-3.2.4-1.fc25.x86_64.rpm
2018-05-07 12:31:02.683978 +0000 build-fedora3: .d..t...... current-testing/vm/fc26/
2018-05-07 12:31:02.684006 +0000 build-fedora3: .L..t...... current-testing/vm/fc26/comps.xml -> ../../../comps-vm.xml
2018-05-07 12:31:02.684031 +0000 build-fedora3: .d..t...... current-testing/vm/fc26/rpm/
2018-05-07 12:31:02.684056 +0000 build-fedora3: <f..t...... current-testing/vm/fc26/rpm/.gitignore
2018-05-07 12:31:02.684106 +0000 build-fedora3: .              6 100%    0.65kB/s    0:00:00  .              6 100%    0.65kB/s    0:00:00 (xfr#6, to-chk=566/1179)
2018-05-07 12:31:02.684130 +0000 build-fedora3: .d..t...... current/
2018-05-07 12:31:02.684151 +0000 build-fedora3: .d..t...... current/dom0/
2018-05-07 12:31:02.684175 +0000 build-fedora3: .d..t...... current/dom0/fc20/
2018-05-07 12:31:02.684203 +0000 build-fedora3: .L..t...... current/dom0/fc20/comps.xml -> ../../../comps-dom0.xml
2018-05-07 12:31:02.684219 +0000 build-fedora3: .d..t...... current/dom0/fc20/rpm/
2018-05-07 12:31:02.684233 +0000 build-fedora3: .d..t...... current/dom0/fc23/
2018-05-07 12:31:02.684249 +0000 build-fedora3: .L..t...... current/dom0/fc23/comps.xml -> ../../../comps-dom0.xml
2018-05-07 12:31:02.684267 +0000 build-fedora3: rsync: failed to set times on "/pub/qubes/repo/yum/r3.2/current/dom0/fc23/rpm": Operation not permitted (1)
2018-05-07 12:31:02.684285 +0000 build-fedora3: rsync: failed to set times on "/pub/qubes/repo/yum/r3.2/current/vm": Operation not permitted (1)
2018-05-07 12:31:02.684311 +0000 build-fedora3: rsync: failed to set times on "/pub/qubes/repo/yum/r3.2/current/vm/fc22": Operation not permitted (1)
2018-05-07 12:31:02.684348 +0000 build-fedora3: rsync: failed to set times on "/pub/qubes/repo/yum/r3.2/current/vm/fc22/rpm": Operation not permitted (1)
2018-05-07 12:31:02.684378 +0000 build-fedora3: rsync: failed to set times on "/pub/qubes/repo/yum/r3.2/current/vm/fc23": Operation not permitted (1)
2018-05-07 12:31:02.684411 +0000 build-fedora3: rsync: failed to set times on "/pub/qubes/repo/yum/r3.2/current/vm/fc23/rpm": Operation not permitted (1)
2018-05-07 12:31:02.684443 +0000 build-fedora3: rsync: failed to set times on "/pub/qubes/repo/yum/r3.2/current/vm/fc24": Operation not permitted (1)
2018-05-07 12:31:02.684475 +0000 build-fedora3: rsync: failed to set times on "/pub/qubes/repo/yum/r3.2/current/vm/fc24/rpm": Operation not permitted (1)
2018-05-07 12:31:02.684496 +0000 build-fedora3: rsync: failed to set times on "/pub/qubes/repo/yum/r3.2/current/vm/fc25": Operation not permitted (1)
2018-05-07 12:31:02.684515 +0000 build-fedora3: rsync: failed to set times on "/pub/qubes/repo/yum/r3.2/current/vm/fc25/rpm": Operation not permitted (1)
2018-05-07 12:31:02.684578 +0000 build-fedora3: rsync: failed to set times on "/pub/qubes/repo/yum/r3.2/current/vm/fc26": Operation not permitted (1)
2018-05-07 12:31:02.684631 +0000 build-fedora3: rsync: failed to set times on "/pub/qubes/repo/yum/r3.2/current/vm/fc26/comps.xml": Operation not permitted (1)
2018-05-07 12:31:02.684672 +0000 build-fedora3: rsync: failed to set times on "/pub/qubes/repo/yum/r3.2/current/vm/fc26/rpm": Operation not permitted (1)
2018-05-07 12:31:02.684693 +0000 build-fedora3: rsync: failed to set times on "/pub/qubes/repo/yum/r3.2/security-testing": Operation not permitted (1)
2018-05-07 12:31:02.684712 +0000 build-fedora3: rsync: failed to set times on "/pub/qubes/repo/yum/r3.2/security-testing/dom0": Operation not permitted (1)
2018-05-07 12:31:02.684731 +0000 build-fedora3: rsync: failed to set times on "/pub/qubes/repo/yum/r3.2/security-testing/dom0/fc20": Operation not permitted (1)
2018-05-07 12:31:02.684750 +0000 build-fedora3: rsync: failed to set times on "/pub/qubes/repo/yum/r3.2/security-testing/dom0/fc20/rpm": Operation not permitted (1)
2018-05-07 12:31:02.684770 +0000 build-fedora3: rsync: failed to set times on "/pub/qubes/repo/yum/r3.2/security-testing/dom0/fc23": Operation not permitted (1)
2018-05-07 12:31:02.684788 +0000 build-fedora3: rsync: failed to set times on "/pub/qubes/repo/yum/r3.2/security-testing/dom0/fc23/rpm": Operation not permitted (1)
2018-05-07 12:31:02.684803 +0000 build-fedora3: .d..t...... current/dom0/fc23/rpm/
2018-05-07 12:31:02.684817 +0000 build-fedora3: .d..t...... current/vm/
2018-05-07 12:31:02.684831 +0000 build-fedora3: .d..t...... current/vm/centos7/
2018-05-07 12:31:02.684847 +0000 build-fedora3: .L..t...... current/vm/centos7/comps.xml -> ../../../comps-vm.xml
2018-05-07 12:31:02.684861 +0000 build-fedora3: .d..t...... current/vm/centos7/rpm/
2018-05-07 12:31:02.684875 +0000 build-fedora3: <f..t...... current/vm/centos7/rpm/.gitignore
2018-05-07 12:31:02.684905 +0000 build-fedora3: .              6 100%    0.59kB/s    0:00:00  .              6 100%    0.59kB/s    0:00:00 (xfr#7, to-chk=266/1179)
2018-05-07 12:31:02.684920 +0000 build-fedora3: .d..t...... current/vm/fc22/
2018-05-07 12:31:02.684935 +0000 build-fedora3: .L..t...... current/vm/fc22/comps.xml -> ../../../comps-vm.xml
2018-05-07 12:31:02.684949 +0000 build-fedora3: .d..t...... current/vm/fc22/rpm/
2018-05-07 12:31:02.684963 +0000 build-fedora3: .d..t...... current/vm/fc23/
2018-05-07 12:31:02.684979 +0000 build-fedora3: .L..t...... current/vm/fc23/comps.xml -> ../../../comps-vm.xml
2018-05-07 12:31:02.684993 +0000 build-fedora3: .d..t...... current/vm/fc23/rpm/
2018-05-07 12:31:02.685006 +0000 build-fedora3: .d..t...... current/vm/fc24/
2018-05-07 12:31:02.685021 +0000 build-fedora3: .L..t...... current/vm/fc24/comps.xml -> ../../../comps-vm.xml
2018-05-07 12:31:02.685035 +0000 build-fedora3: .d..t...... current/vm/fc24/rpm/
2018-05-07 12:31:02.685059 +0000 build-fedora3: .d..t...... current/vm/fc25/
2018-05-07 12:31:02.685079 +0000 build-fedora3: .L..t...... current/vm/fc25/comps.xml -> ../../../comps-vm.xml
2018-05-07 12:31:02.685104 +0000 build-fedora3: .d..t...... current/vm/fc25/rpm/
2018-05-07 12:31:02.685123 +0000 build-fedora3: .d..t...... current/vm/fc26/
2018-05-07 12:31:02.685139 +0000 build-fedora3: .L..t...... current/vm/fc26/comps.xml -> ../../../comps-vm.xml
2018-05-07 12:31:02.685153 +0000 build-fedora3: .d..t...... current/vm/fc26/rpm/
2018-05-07 12:31:02.685167 +0000 build-fedora3: <f..t...... current/vm/fc26/rpm/.gitignore
2018-05-07 12:31:02.685186 +0000 build-fedora3: .              6 100%    0.59kB/s    0:00:00  .              6 100%    0.59kB/s    0:00:00 (xfr#8, to-chk=194/1179)
2018-05-07 12:31:02.685201 +0000 build-fedora3: .d..t...... security-testing/
2018-05-07 12:31:02.685215 +0000 build-fedora3: .d..t...... security-testing/dom0/
2018-05-07 12:31:02.685228 +0000 build-fedora3: .d..t...... security-testing/dom0/fc20/
2018-05-07 12:31:02.685245 +0000 build-fedora3: .L..t...... security-testing/dom0/fc20/comps.xml -> ../../../comps-dom0.xml
2018-05-07 12:31:02.685259 +0000 build-fedora3: .d..t...... security-testing/dom0/fc20/rpm/
2018-05-07 12:31:02.685274 +0000 build-fedora3: .d..t...... security-testing/dom0/fc23/
2018-05-07 12:31:02.685289 +0000 build-fedora3: .L..t...... security-testing/dom0/fc23/comps.xml -> ../../../comps-dom0.xml
2018-05-07 12:31:02.685304 +0000 build-fedora3: .d..t...... security-testing/dom0/fc23/rpm/
2018-05-07 12:31:02.716026 +0000 build-fedora3: rsync: failed to set times on "/pub/qubes/repo/yum/r3.2/security-testing/vm": Operation not permitted (1)
2018-05-07 12:31:02.716250 +0000 build-fedora3: rsync: failed to set times on "/pub/qubes/repo/yum/r3.2/security-testing/vm/fc22": Operation not permitted (1)
2018-05-07 12:31:02.716415 +0000 build-fedora3: rsync: failed to set times on "/pub/qubes/repo/yum/r3.2/security-testing/vm/fc22/rpm": Operation not permitted (1)
2018-05-07 12:31:02.716523 +0000 build-fedora3: rsync: failed to set times on "/pub/qubes/repo/yum/r3.2/security-testing/vm/fc23": Operation not permitted (1)
2018-05-07 12:31:02.716690 +0000 build-fedora3: rsync: failed to set times on "/pub/qubes/repo/yum/r3.2/security-testing/vm/fc23/rpm": Operation not permitted (1)
2018-05-07 12:31:02.716881 +0000 build-fedora3: rsync: failed to set times on "/pub/qubes/repo/yum/r3.2/security-testing/vm/fc24": Operation not permitted (1)
2018-05-07 12:31:02.717020 +0000 build-fedora3: rsync: failed to set times on "/pub/qubes/repo/yum/r3.2/security-testing/vm/fc24/rpm": Operation not permitted (1)
2018-05-07 12:31:02.717157 +0000 build-fedora3: rsync: failed to set times on "/pub/qubes/repo/yum/r3.2/security-testing/vm/fc25": Operation not permitted (1)
2018-05-07 12:31:02.717297 +0000 build-fedora3: rsync: failed to set times on "/pub/qubes/repo/yum/r3.2/security-testing/vm/fc25/rpm": Operation not permitted (1)
2018-05-07 12:31:02.717435 +0000 build-fedora3: rsync: failed to set times on "/pub/qubes/repo/yum/r3.2/security-testing/vm/fc26": Operation not permitted (1)
2018-05-07 12:31:02.717561 +0000 build-fedora3: rsync: failed to set times on "/pub/qubes/repo/yum/r3.2/security-testing/vm/fc26/comps.xml": Operation not permitted (1)
2018-05-07 12:31:02.717699 +0000 build-fedora3: rsync: failed to set times on "/pub/qubes/repo/yum/r3.2/security-testing/vm/fc26/rpm": Operation not permitted (1)
2018-05-07 12:31:02.717768 +0000 build-fedora3: .d..t...... security-testing/vm/
2018-05-07 12:31:02.717830 +0000 build-fedora3: .d..t...... security-testing/vm/centos7/
2018-05-07 12:31:02.717921 +0000 build-fedora3: .L..t...... security-testing/vm/centos7/comps.xml -> ../../../comps-vm.xml
2018-05-07 12:31:02.718031 +0000 build-fedora3: .d..t...... security-testing/vm/centos7/rpm/
2018-05-07 12:31:02.718139 +0000 build-fedora3: <f..t...... security-testing/vm/centos7/rpm/.gitignore
2018-05-07 12:31:02.718226 +0000 build-fedora3: .              6 100%    0.14kB/s    0:00:00  .              6 100%    0.14kB/s    0:00:00 (xfr#9, to-chk=48/1179)
2018-05-07 12:31:02.718334 +0000 build-fedora3: .d..t...... security-testing/vm/fc22/
2018-05-07 12:31:02.718405 +0000 build-fedora3: .L..t...... security-testing/vm/fc22/comps.xml -> ../../../comps-vm.xml
2018-05-07 12:31:02.718466 +0000 build-fedora3: .d..t...... security-testing/vm/fc22/rpm/
2018-05-07 12:31:02.718526 +0000 build-fedora3: .d..t...... security-testing/vm/fc23/
2018-05-07 12:31:02.718681 +0000 build-fedora3: .L..t...... security-testing/vm/fc23/comps.xml -> ../../../comps-vm.xml
2018-05-07 12:31:02.718791 +0000 build-fedora3: .d..t...... security-testing/vm/fc23/rpm/
2018-05-07 12:31:02.718897 +0000 build-fedora3: .d..t...... security-testing/vm/fc24/
2018-05-07 12:31:02.719017 +0000 build-fedora3: .L..t...... security-testing/vm/fc24/comps.xml -> ../../../comps-vm.xml
2018-05-07 12:31:02.719123 +0000 build-fedora3: .d..t...... security-testing/vm/fc24/rpm/
2018-05-07 12:31:02.719229 +0000 build-fedora3: .d..t...... security-testing/vm/fc25/
2018-05-07 12:31:02.719344 +0000 build-fedora3: .L..t...... security-testing/vm/fc25/comps.xml -> ../../../comps-vm.xml
2018-05-07 12:31:02.719440 +0000 build-fedora3: .d..t...... security-testing/vm/fc25/rpm/
2018-05-07 12:31:02.719504 +0000 build-fedora3: .d..t...... security-testing/vm/fc26/
2018-05-07 12:31:02.719572 +0000 build-fedora3: .L..t...... security-testing/vm/fc26/comps.xml -> ../../../comps-vm.xml
2018-05-07 12:31:02.719667 +0000 build-fedora3: .d..t...... security-testing/vm/fc26/rpm/
2018-05-07 12:31:02.719736 +0000 build-fedora3: <f..t...... security-testing/vm/fc26/rpm/.gitignore
2018-05-07 12:31:02.719848 +0000 build-fedora3: .              6 100%    0.13kB/s    0:00:00  .              6 100%    0.13kB/s    0:00:00 (xfr#10, to-chk=0/1179)
2018-05-07 12:31:02.719944 +0000 build-fedora3: hf..t...... current/dom0/fc23/rpm/qubes-core-dom0-vaio-fixes-1.6.1-1.fc23.x86_64.rpm => current-testing/dom0/fc23/rpm/qubes-core-dom0-vaio-fixes-1.6.1-1.fc23.x86_64.rpm
2018-05-07 12:31:02.720039 +0000 build-fedora3: hf          security-testing/dom0/fc23/rpm/qubes-core-dom0-vaio-fixes-1.6.1-1.fc23.x86_64.rpm => current-testing/dom0/fc23/rpm/qubes-core-dom0-vaio-fixes-1.6.1-1.fc23.x86_64.rpm
2018-05-07 12:31:02.951202 +0000 build-fedora3: rsync error: some files/attrs were not transferred (see previous errors) (code 23) at main.c(1189) [sender=3.1.3]
2018-05-07 12:31:03.425993 +0000 build-fedora3: --> Processing repo: /pub/qubes/repo/yum/r3.2/current/dom0/fc20...
2018-05-07 12:31:03.520803 +0000 build-fedora3: Warning: Requested more delta workers than workers. This is insane. Limiting.
2018-05-07 12:31:04.022166 +0000 build-fedora3: --> Processing repo: /pub/qubes/repo/yum/r3.2/current/dom0/fc23...
2018-05-07 12:31:04.123740 +0000 build-fedora3: Warning: Requested more delta workers than workers. This is insane. Limiting.
2018-05-07 12:32:20.917143 +0000 build-fedora3: --> Processing repo: /pub/qubes/repo/yum/r3.2/current/vm/centos7...
2018-05-07 12:32:21.255807 +0000 build-fedora3: Warning: Requested more delta workers than workers. This is insane. Limiting.
2018-05-07 12:32:21.514200 +0000 build-fedora3: --> Processing repo: /pub/qubes/repo/yum/r3.2/current/vm/fc22...
2018-05-07 12:32:21.609308 +0000 build-fedora3: Warning: Requested more delta workers than workers. This is insane. Limiting.
2018-05-07 12:32:22.069124 +0000 build-fedora3: --> Processing repo: /pub/qubes/repo/yum/r3.2/current/vm/fc23...
2018-05-07 12:32:22.168283 +0000 build-fedora3: Warning: Requested more delta workers than workers. This is insane. Limiting.
2018-05-07 12:32:43.073653 +0000 build-fedora3: --> Processing repo: /pub/qubes/repo/yum/r3.2/current/vm/fc24...
2018-05-07 12:32:43.171542 +0000 build-fedora3: Warning: Requested more delta workers than workers. This is insane. Limiting.
2018-05-07 12:33:04.041283 +0000 build-fedora3: --> Processing repo: /pub/qubes/repo/yum/r3.2/current/vm/fc25...
2018-05-07 12:33:04.139657 +0000 build-fedora3: Warning: Requested more delta workers than workers. This is insane. Limiting.
2018-05-07 12:33:18.440254 +0000 build-fedora3: --> Processing repo: /pub/qubes/repo/yum/r3.2/current/vm/fc26...
2018-05-07 12:33:18.536306 +0000 build-fedora3: Warning: Requested more delta workers than workers. This is insane. Limiting.
2018-05-07 12:33:22.523009 +0000 build-fedora3: --> Processing repo: /pub/qubes/repo/yum/r3.2/current/vm/fc27...
2018-05-07 12:33:22.619760 +0000 build-fedora3: Warning: Requested more delta workers than workers. This is insane. Limiting.
2018-05-07 12:33:23.129233 +0000 build-fedora3: --> Processing repo: /pub/qubes/repo/yum/r3.2/current/vm/fc28...
2018-05-07 12:33:23.223907 +0000 build-fedora3: Warning: Requested more delta workers than workers. This is insane. Limiting.
2018-05-07 12:33:23.691828 +0000 build-fedora3: Done.
2018-05-07 12:33:23.874628 +0000 build-fedora3: --> Processing repo: /pub/qubes/repo/yum/r3.2/current-testing/dom0/fc20...
2018-05-07 12:33:23.970524 +0000 build-fedora3: Warning: Requested more delta workers than workers. This is insane. Limiting.
2018-05-07 12:33:24.487148 +0000 build-fedora3: --> Processing repo: /pub/qubes/repo/yum/r3.2/current-testing/dom0/fc23...
2018-05-07 12:33:24.593125 +0000 build-fedora3: Warning: Requested more delta workers than workers. This is insane. Limiting.
2018-05-07 12:36:13.035028 +0000 build-fedora3: --> Processing repo: /pub/qubes/repo/yum/r3.2/current-testing/vm/centos7...
2018-05-07 12:36:13.130684 +0000 build-fedora3: Warning: Requested more delta workers than workers. This is insane. Limiting.
2018-05-07 12:36:17.126820 +0000 build-fedora3: --> Processing repo: /pub/qubes/repo/yum/r3.2/current-testing/vm/fc22...
2018-05-07 12:36:17.221491 +0000 build-fedora3: Warning: Requested more delta workers than workers. This is insane. Limiting.
2018-05-07 12:36:17.678134 +0000 build-fedora3: --> Processing repo: /pub/qubes/repo/yum/r3.2/current-testing/vm/fc23...
2018-05-07 12:36:17.780407 +0000 build-fedora3: Warning: Requested more delta workers than workers. This is insane. Limiting.
2018-05-07 12:36:56.165467 +0000 build-fedora3: --> Processing repo: /pub/qubes/repo/yum/r3.2/current-testing/vm/fc24...
2018-05-07 12:36:56.267584 +0000 build-fedora3: Warning: Requested more delta workers than workers. This is insane. Limiting.
2018-05-07 12:37:31.961510 +0000 build-fedora3: --> Processing repo: /pub/qubes/repo/yum/r3.2/current-testing/vm/fc25...
2018-05-07 12:37:32.015416 +0000 build-fedora3: Warning: Requested more delta workers than workers. This is insane. Limiting.
2018-05-07 12:37:54.984023 +0000 build-fedora3: --> Processing repo: /pub/qubes/repo/yum/r3.2/current-testing/vm/fc26...
2018-05-07 12:37:55.081217 +0000 build-fedora3: Warning: Requested more delta workers than workers. This is insane. Limiting.
2018-05-07 12:38:03.613033 +0000 build-fedora3: --> Processing repo: /pub/qubes/repo/yum/r3.2/current-testing/vm/fc27...
2018-05-07 12:38:03.709155 +0000 build-fedora3: Warning: Requested more delta workers than workers. This is insane. Limiting.
2018-05-07 12:38:06.037057 +0000 build-fedora3: --> Processing repo: /pub/qubes/repo/yum/r3.2/current-testing/vm/fc28...
2018-05-07 12:38:06.118796 +0000 build-fedora3: Warning: Requested more delta workers than workers. This is insane. Limiting.
2018-05-07 12:38:08.332875 +0000 build-fedora3: Done.
2018-05-07 12:38:08.520429 +0000 build-fedora3: --> Processing repo: /pub/qubes/repo/yum/r3.2/security-testing/dom0/fc20...
2018-05-07 12:38:08.614794 +0000 build-fedora3: Warning: Requested more delta workers than workers. This is insane. Limiting.
2018-05-07 12:38:09.113327 +0000 build-fedora3: --> Processing repo: /pub/qubes/repo/yum/r3.2/security-testing/dom0/fc23...
2018-05-07 12:38:09.209593 +0000 build-fedora3: Warning: Requested more delta workers than workers. This is insane. Limiting.
2018-05-07 12:38:30.092853 +0000 build-fedora3: --> Processing repo: /pub/qubes/repo/yum/r3.2/security-testing/vm/centos7...
2018-05-07 12:38:30.187434 +0000 build-fedora3: Warning: Requested more delta workers than workers. This is insane. Limiting.
2018-05-07 12:38:30.656384 +0000 build-fedora3: --> Processing repo: /pub/qubes/repo/yum/r3.2/security-testing/vm/fc22...
2018-05-07 12:38:30.750816 +0000 build-fedora3: Warning: Requested more delta workers than workers. This is insane. Limiting.
2018-05-07 12:38:31.215957 +0000 build-fedora3: --> Processing repo: /pub/qubes/repo/yum/r3.2/security-testing/vm/fc23...
2018-05-07 12:38:31.318661 +0000 build-fedora3: Warning: Requested more delta workers than workers. This is insane. Limiting.
2018-05-07 12:38:42.361605 +0000 build-fedora3: --> Processing repo: /pub/qubes/repo/yum/r3.2/security-testing/vm/fc24...
2018-05-07 12:38:42.457670 +0000 build-fedora3: Warning: Requested more delta workers than workers. This is insane. Limiting.
2018-05-07 12:38:53.369829 +0000 build-fedora3: --> Processing repo: /pub/qubes/repo/yum/r3.2/security-testing/vm/fc25...
2018-05-07 12:38:53.465312 +0000 build-fedora3: Warning: Requested more delta workers than workers. This is insane. Limiting.
2018-05-07 12:39:04.393327 +0000 build-fedora3: --> Processing repo: /pub/qubes/repo/yum/r3.2/security-testing/vm/fc26...
2018-05-07 12:39:04.489211 +0000 build-fedora3: Warning: Requested more delta workers than workers. This is insane. Limiting.
2018-05-07 12:39:09.228508 +0000 build-fedora3: --> Processing repo: /pub/qubes/repo/yum/r3.2/security-testing/vm/fc27...
2018-05-07 12:39:09.323806 +0000 build-fedora3: Warning: Requested more delta workers than workers. This is insane. Limiting.
2018-05-07 12:39:09.819500 +0000 build-fedora3: --> Processing repo: /pub/qubes/repo/yum/r3.2/security-testing/vm/fc28...
2018-05-07 12:39:09.914627 +0000 build-fedora3: Warning: Requested more delta workers than workers. This is insane. Limiting.
2018-05-07 12:39:10.380608 +0000 build-fedora3: Done.
2018-05-07 12:39:10.382128 +0000 build-fedora3: ~/builder-r3.2-dom0/qubes-src/linux-yum
2018-05-07 12:39:10.384398 +0000 build-fedora3: Makefile:689: update target 'update-repo-current-testing' due to: internal-update-repo-current-testing.dom0.fc23.antievilmaid post-update-repo-current-testing
2018-05-07 12:39:10.384438 +0000 build-fedora3: true
2018-05-07 12:39:10.389321 +0000 build-fedora3: > done
2018-05-07 12:39:10.389998 +0000 > closing log
