2020-02-22 02:05:11.862780 +0000 > starting log
2020-02-22 02:05:11.863074 +0000 build-debian4: > starting build with log
2020-02-22 02:05:11.863088 +0000 build-debian4: >> make args: update-repo-current
2020-02-22 02:05:11.863097 +0000 build-debian4: >> MAKEFLAGS=
2020-02-22 02:05:11.863105 +0000 build-debian4: >> COMPONENTS=app-linux-img-converter
2020-02-22 02:05:11.863113 +0000 build-debian4: >> DISTS_VM=stretch buster bullseye
2020-02-22 02:05:11.863120 +0000 build-debian4: >> DIST_DOM0=
2020-02-22 02:05:11.863129 +0000 build-debian4: >> qubes-builder 4464cf19403577fe429383eaf004715f646ae69b
2020-02-22 02:05:11.863136 +0000 build-debian4: ?? rpmdb/Basenames
2020-02-22 02:05:11.863142 +0000 build-debian4: ?? rpmdb/Conflictname
2020-02-22 02:05:11.863149 +0000 build-debian4: ?? rpmdb/Dirnames
2020-02-22 02:05:11.863156 +0000 build-debian4: ?? rpmdb/Enhancename
2020-02-22 02:05:11.863163 +0000 build-debian4: ?? rpmdb/Filetriggername
2020-02-22 02:05:11.863170 +0000 build-debian4: ?? rpmdb/Group
2020-02-22 02:05:11.863177 +0000 build-debian4: ?? rpmdb/Installtid
2020-02-22 02:05:11.863183 +0000 build-debian4: ?? rpmdb/Name
2020-02-22 02:05:11.863190 +0000 build-debian4: ?? rpmdb/Obsoletename
2020-02-22 02:05:11.863197 +0000 build-debian4: ?? rpmdb/Packages
2020-02-22 02:05:11.863204 +0000 build-debian4: ?? rpmdb/Providename
2020-02-22 02:05:11.863211 +0000 build-debian4: ?? rpmdb/Recommendname
2020-02-22 02:05:11.863218 +0000 build-debian4: ?? rpmdb/Requirename
2020-02-22 02:05:11.863224 +0000 build-debian4: ?? rpmdb/Sha1header
2020-02-22 02:05:11.863231 +0000 build-debian4: ?? rpmdb/Sigmd5
2020-02-22 02:05:11.863238 +0000 build-debian4: ?? rpmdb/Suggestname
2020-02-22 02:05:11.863245 +0000 build-debian4: ?? rpmdb/Supplementname
2020-02-22 02:05:11.863252 +0000 build-debian4: ?? rpmdb/Transfiletriggername
2020-02-22 02:05:11.863259 +0000 build-debian4: ?? rpmdb/Triggername
2020-02-22 02:05:11.863266 +0000 build-debian4: ?? rpmdb/__db.001
2020-02-22 02:05:11.863272 +0000 build-debian4: ?? rpmdb/__db.002
2020-02-22 02:05:11.863279 +0000 build-debian4: ?? rpmdb/__db.003
2020-02-22 02:05:11.863292 +0000 build-debian4: cff35fce8f5cfbc00390291ade07bafccdfb62eca60f94d10f138680a08af08e3e6f2ba334848ecd5915104466fd3faab090227da8a3e038c9ff1ef6f2f6d8d9  rpmdb/Basenames
2020-02-22 02:05:11.863306 +0000 build-debian4: 9abba56e01d26ba25bc7176f8d544ee17658cb97cea4b06bc337f4aa968cd7e3a27197354ff28d8b9a155e9865df0938face2a33c460c72c754d304cdc547dbf  rpmdb/Conflictname
2020-02-22 02:05:11.863319 +0000 build-debian4: a851c9f3609e28dc16f60dcb51effe890a99fb49603103bed0f20c3ac93a794ab22721897bfa9259b24cb532654f63fd7db112c89c9dadb4f26e31d0730478b5  rpmdb/Dirnames
2020-02-22 02:05:11.863332 +0000 build-debian4: 91c34df76153fd0d8b074ad63af09218bfc8b972a402373d8f916e2672c6e71b00757d8da9ee4b2f5adf4227d03f06f6ceaba0c127b5c7af6703fc6184f5a603  rpmdb/Enhancename
2020-02-22 02:05:11.863345 +0000 build-debian4: da8ccb9717df1d6f24edd370a280ce816f879f4117ae03241ddd250f4dd74c94484cfee31037fb49a71cb4112c9fed7742d5bc5943538971aef03b2e3da218ae  rpmdb/Filetriggername
2020-02-22 02:05:11.863358 +0000 build-debian4: 7300f317899eb30adeec7e0c239e55b7d126e9d1d32053f31705e3814b523535984923485e14e6467d04de345d63fb0d1ca4fb1b28263b9bb762cd8340dc722f  rpmdb/Group
2020-02-22 02:05:11.863371 +0000 build-debian4: 08b269da63ce678411235e53ee54ab375ba60181138b17531f8b06afea4a5948d36077ab36397ca8f74d6f10aa7530df818d029d8d8ffe6e28cce2f37459ee80  rpmdb/Installtid
2020-02-22 02:05:11.863384 +0000 build-debian4: f3d167ce5dd5095647b21fff0024539708de45a57ddfc5da800cc5805fc37d7439ddc636b9ecd75459d6103330723ccf70ca53360fe3ac7b258875c5021d4a4c  rpmdb/Name
2020-02-22 02:05:11.863397 +0000 build-debian4: efa92d26ee53fec47e4c7a344932ef1fa9ff152c355e982c79efc162a3d8db3a102ff211887467dfb0d02dd471f7d3253739fc1d6fc398f0aab6bd757bf020e4  rpmdb/Obsoletename
2020-02-22 02:05:11.863410 +0000 build-debian4: 1dccbe52bab76f87c72343ef4bea1efa8edd4e7656f5e6bad13945a9a22bfcc43858906583dc2f52485616ca9a4e47c9beae5308d9c49ee4082d3dae5af2c9a5  rpmdb/Packages
2020-02-22 02:05:11.863423 +0000 build-debian4: 18d63ad3b2e468e8e4dc535a6ac495da306f3e86e6b8d1acc2f5b96ef8948821c3b13ad0ceae00ef66688265df86827c5418a52f78b20a5018f68ad8d35f495c  rpmdb/Providename
2020-02-22 02:05:11.863441 +0000 build-debian4: 0f7e20775dff284958ab37d22230e028e2cbb7bac14ca0a18c4f9dcf851af6c659b7b361c90745fb604ff2f9bc8073f43acb802a9e0fe77c518078579aaa1a77  rpmdb/Recommendname
2020-02-22 02:05:11.863455 +0000 build-debian4: 99caf69f7632e4972aaf5df642adde853737ebfe8c1d27d08377d4bfd2a0250b8e7dc4386a2fb9128183b31f39ebfc0672372fd7358361c7a7fd9a56ad3d4ff3  rpmdb/Requirename
2020-02-22 02:05:11.863468 +0000 build-debian4: 2205bb42662a209547fce7b8db8c8fd6ffbbf1d5dec17929d5078f34436ff39c6afebc3333a1a9c5f4032ccd9db35460d61f7d8c1fd948fb43f005af0e9b29a6  rpmdb/Sha1header
2020-02-22 02:05:11.863481 +0000 build-debian4: 73e58c825d7a3b94f8a6e70e577ea7706032604813c6c51842449beab93f00fdc5bb291b15053919c114553c302676520b5e96376720dbc4db1f8e55ff1bf8bf  rpmdb/Sigmd5
2020-02-22 02:05:11.863494 +0000 build-debian4: 3a553cace72ea2d82ffc7b8c09ef8db0ceababdcc7b20aa2798f3e39be7bb23122831c51430c3e3bbf4870eabf3c98d66a41003d41f1718a7ae0bdfe31360331  rpmdb/Suggestname
2020-02-22 02:05:11.863507 +0000 build-debian4: 30cfca733536946e75f55c1244344063b95ec694bb48d2b836e5b78a759fff65118bbea9138027f1f8f88edfc09b1b1e1e2faf13eb1d18feed03a61b615fc8b9  rpmdb/Supplementname
2020-02-22 02:05:11.863520 +0000 build-debian4: 8612faad7fd4e8766cdb350361e18c6dafcf6ede4b8b2919b8212bfb8140705bf777225291588a43d4afc96b65f8337264587da270457239e1e17d8084ae3d36  rpmdb/Transfiletriggername
2020-02-22 02:05:11.863533 +0000 build-debian4: 1c707af8aadf0b67e79c5917f947f67eed43f7e34e1830bac6fd7ac4c496336225d80ad01dc1b130448571ade3376aa2e89306a1537c0a3c0537bd67be4f9544  rpmdb/Triggername
2020-02-22 02:05:11.863546 +0000 build-debian4: 38041ba56d9b6ea8545eed639ec46946fe7687782b1442c5d00a319b0f247e22a833474f289f817c4c67e69a7abc68d3943af6337fff6c1b18193d1ce9fcada1  rpmdb/__db.001
2020-02-22 02:05:11.863559 +0000 build-debian4: 60831b37731b9aab2d84facf0456d6ae16283a2bb951c318222aebbbf916755585cb1f2425519744998deb12d85e34bd74ba4a71327d449053d3d58c236ad934  rpmdb/__db.002
2020-02-22 02:05:11.863572 +0000 build-debian4: 0c8c8843cebb3415418bf6791d0cc934cc66b72c317b42a22b241ed8f6c04479700f2d710a7c9a3f506bc442c25c7f4a203c32da5594c542389442019aaac741  rpmdb/__db.003
2020-02-22 02:05:11.863582 +0000 build-debian4: >> qubes-builder/qubes-src/app-linux-img-converter 0c6e5c3ee2208a093cdc04855c86559011cff0cb
2020-02-22 02:05:11.863592 +0000 build-debian4: !! pkgs/vm-bullseye/qubes-img-converter_1.2.6-1+deb11u1.debian.tar.xz
2020-02-22 02:05:11.863610 +0000 build-debian4: !! pkgs/vm-bullseye/qubes-img-converter_1.2.6-1+deb11u1.dsc
2020-02-22 02:05:11.863620 +0000 build-debian4: !! pkgs/vm-bullseye/qubes-img-converter_1.2.6-1+deb11u1_amd64.buildinfo
2020-02-22 02:05:11.863630 +0000 build-debian4: !! pkgs/vm-bullseye/qubes-img-converter_1.2.6-1+deb11u1_amd64.changes
2020-02-22 02:05:11.863639 +0000 build-debian4: !! pkgs/vm-bullseye/qubes-img-converter_1.2.6-1+deb11u1_amd64.deb
2020-02-22 02:05:11.863647 +0000 build-debian4: !! pkgs/vm-bullseye/qubes-img-converter_1.2.6.orig.tar.xz
2020-02-22 02:05:11.863656 +0000 build-debian4: !! pkgs/vm-buster/qubes-img-converter_1.2.6-1+deb10u1.debian.tar.xz
2020-02-22 02:05:11.863665 +0000 build-debian4: !! pkgs/vm-buster/qubes-img-converter_1.2.6-1+deb10u1.dsc
2020-02-22 02:05:11.863674 +0000 build-debian4: !! pkgs/vm-buster/qubes-img-converter_1.2.6-1+deb10u1_amd64.buildinfo
2020-02-22 02:05:11.863684 +0000 build-debian4: !! pkgs/vm-buster/qubes-img-converter_1.2.6-1+deb10u1_amd64.changes
2020-02-22 02:05:11.863693 +0000 build-debian4: !! pkgs/vm-buster/qubes-img-converter_1.2.6-1+deb10u1_amd64.deb
2020-02-22 02:05:11.863701 +0000 build-debian4: !! pkgs/vm-buster/qubes-img-converter_1.2.6.orig.tar.xz
2020-02-22 02:05:11.863710 +0000 build-debian4: !! pkgs/vm-stretch/qubes-img-converter_1.2.6-1+deb9u1.debian.tar.xz
2020-02-22 02:05:11.863719 +0000 build-debian4: !! pkgs/vm-stretch/qubes-img-converter_1.2.6-1+deb9u1.dsc
2020-02-22 02:05:11.863728 +0000 build-debian4: !! pkgs/vm-stretch/qubes-img-converter_1.2.6-1+deb9u1_amd64.buildinfo
2020-02-22 02:05:11.863742 +0000 build-debian4: !! pkgs/vm-stretch/qubes-img-converter_1.2.6-1+deb9u1_amd64.changes
2020-02-22 02:05:11.863751 +0000 build-debian4: !! pkgs/vm-stretch/qubes-img-converter_1.2.6-1+deb9u1_amd64.deb
2020-02-22 02:05:11.863776 +0000 build-debian4: !! pkgs/vm-stretch/qubes-img-converter_1.2.6.orig.tar.xz
2020-02-22 02:05:11.863793 +0000 build-debian4: e3f9212fcd0f52f267b2750b463ccc1127b4b305fed2da391cb3e8b2e631567ca0a509020a5c5677cbe3b5f0ea6eb4df9c6bfb647ea08f4b6ecb4f151e6f8d84  pkgs/vm-bullseye/qubes-img-converter_1.2.6-1+deb11u1.debian.tar.xz
2020-02-22 02:05:11.863809 +0000 build-debian4: 3e8c42495199561ddba4ef1fa94345467b8bde9dd89aad61474f18bd2a58459e6b4ad98fc1681c6ca6b95b9f960e44f80ce620952ffbc1e756ccbf77db451fb1  pkgs/vm-bullseye/qubes-img-converter_1.2.6-1+deb11u1.dsc
2020-02-22 02:05:11.863825 +0000 build-debian4: 66b0076ec9e6d445913de113a45aa5e9c082c35dbe8b8ee64f5f2efb0e230d560a749af6084cafab898d6dff02b767618c39bb7ff8a8cd6d9866903d9bb545eb  pkgs/vm-bullseye/qubes-img-converter_1.2.6-1+deb11u1_amd64.buildinfo
2020-02-22 02:05:11.863841 +0000 build-debian4: bb1c33ca84664044370d11771963c596e47cbf7653590a9c6d84fd76d2408d986091e6aa75647bbc1bd3d37804f006a7201af82c6850ae3944700ffb14ee2bac  pkgs/vm-bullseye/qubes-img-converter_1.2.6-1+deb11u1_amd64.changes
2020-02-22 02:05:11.863856 +0000 build-debian4: 77623f4c004af227f2f1c5b3574ec4838fd8829ab8ba98ffba32b04820ed9cab07abb1b509616d73740333532f8786b78833661e264dbe09e01801f10f350e56  pkgs/vm-bullseye/qubes-img-converter_1.2.6-1+deb11u1_amd64.deb
2020-02-22 02:05:11.863871 +0000 build-debian4: e05946ebab10cc4fbf9f6d2f000b9d50281ae9bb461a6138f913214816c80c78ecb2f5d3da24c906742459220205573ad990d262f8a051846fe66ac8d2f79749  pkgs/vm-bullseye/qubes-img-converter_1.2.6.orig.tar.xz
2020-02-22 02:05:11.863887 +0000 build-debian4: f23bf4edf076de10dc0caa7a9dbc2dfd419e18131465a64dd882dbf0f7c30c4722a8b4d35a6b10df6db4e8d4d65ab9244b902e77737d295b672af6b1509be710  pkgs/vm-buster/qubes-img-converter_1.2.6-1+deb10u1.debian.tar.xz
2020-02-22 02:05:11.863902 +0000 build-debian4: 515a096301da308e1089e835d8d9c2a87a850072ecabcbd79692716afb1a2eefec3169d0c9064ee1f172e7e4aceb8120cfc3401ee046e58fb0355c966d94c254  pkgs/vm-buster/qubes-img-converter_1.2.6-1+deb10u1.dsc
2020-02-22 02:05:11.863917 +0000 build-debian4: 1cccf0d215694ac3f0a5dfa47c44d1c9f39dcf7a5443c77e7dc903d4172b97199f3f76ccb61186fe825e37bfa7a4a700535008356c9730ac2602d0104fe604d3  pkgs/vm-buster/qubes-img-converter_1.2.6-1+deb10u1_amd64.buildinfo
2020-02-22 02:05:11.863933 +0000 build-debian4: 58f33b024f1ae5588bc2144047a74bebee8d0ae6197af693b6e247184e547c1f98fad2e7853e7b6cdb68732f50a027445be4b7a9ec1b81968db083b38d847cd1  pkgs/vm-buster/qubes-img-converter_1.2.6-1+deb10u1_amd64.changes
2020-02-22 02:05:11.863948 +0000 build-debian4: 0d20afd879f3b33d37eddd76505cf55220667174f19e2458263568e9d7719d971415516ce3274016f11d3a7ecb62ffacf9fa83b83b9fad140512438bf25e96b7  pkgs/vm-buster/qubes-img-converter_1.2.6-1+deb10u1_amd64.deb
2020-02-22 02:05:11.863963 +0000 build-debian4: e05946ebab10cc4fbf9f6d2f000b9d50281ae9bb461a6138f913214816c80c78ecb2f5d3da24c906742459220205573ad990d262f8a051846fe66ac8d2f79749  pkgs/vm-buster/qubes-img-converter_1.2.6.orig.tar.xz
2020-02-22 02:05:11.863979 +0000 build-debian4: 731d0083c821cb60ce8d89545bf39c0c502ff619c8dec87b2f12a66ff4d61f9a6ffb5a624dd6e65e0d683c8ccbd033eddd859b54109ba96f008cd070b1265dfb  pkgs/vm-stretch/qubes-img-converter_1.2.6-1+deb9u1.debian.tar.xz
2020-02-22 02:05:11.863994 +0000 build-debian4: f6199ebd98523bd6b29edd552d76daef75b342d6fbcb2e558b2a5fd52baaaaad655623b4407371e9b0e542cc6ac78fdd10ed944a324a7f9e40acb14c997731da  pkgs/vm-stretch/qubes-img-converter_1.2.6-1+deb9u1.dsc
2020-02-22 02:05:11.864009 +0000 build-debian4: 34af390f7ba37e5aa9c278edd464cc990078173178ca3e2c5dad17cd0bfc89541b3796770bb66f4cc978e666d4f335854c28d6a41452c00f8dbf4471a1121e65  pkgs/vm-stretch/qubes-img-converter_1.2.6-1+deb9u1_amd64.buildinfo
2020-02-22 02:05:11.864028 +0000 build-debian4: 70764b12b106e9adfc5e30d80e44dfc44e3e6eeb17d4d4ae86b90539f81a524a586e26e74c5888129a757771eb59d5cd9e09e7e1b6dbca6ac8f1d307bd8089fe  pkgs/vm-stretch/qubes-img-converter_1.2.6-1+deb9u1_amd64.changes
2020-02-22 02:05:11.864048 +0000 build-debian4: 65ce7a23de5e6f5fb6ee1cfc79eef65e9dfa3788be7c4b36b8ffd544783d0bf98d08f0969ce6ec12e32746c1dce4ad4dc90056e50bb9afcd0e217b495a980ff4  pkgs/vm-stretch/qubes-img-converter_1.2.6-1+deb9u1_amd64.deb
2020-02-22 02:05:11.864063 +0000 build-debian4: e05946ebab10cc4fbf9f6d2f000b9d50281ae9bb461a6138f913214816c80c78ecb2f5d3da24c906742459220205573ad990d262f8a051846fe66ac8d2f79749  pkgs/vm-stretch/qubes-img-converter_1.2.6.orig.tar.xz
2020-02-22 02:05:11.901430 +0000 build-debian4: ================================================================================
2020-02-22 02:05:11.901475 +0000 build-debian4:                            B U I L D   I N F O                                  
2020-02-22 02:05:11.901489 +0000 build-debian4: Items in red indicate it was automatically generated by configuration file(s)
2020-02-22 02:05:11.901500 +0000 build-debian4: Items in white indicate it was automatically removed by configuration file(s)
2020-02-22 02:05:11.901510 +0000 build-debian4: ================================================================================
2020-02-22 02:05:11.901517 +0000 build-debian4: DISTS_VM:
2020-02-22 02:05:11.904745 +0000 build-debian4:      stretch+standard, buster+standard, bullseye+standard, stretch buster bullseye
2020-02-22 02:05:11.920274 +0000 build-debian4: DISTS_ALL:
2020-02-22 02:05:11.920976 +0000 build-debian4:      vm-bullseye, vm-buster, vm-stretch,
2020-02-22 02:05:11.922810 +0000 build-debian4: DIST_DOM0:
2020-02-22 02:05:11.925322 +0000 build-debian4:     
2020-02-22 02:05:11.925360 +0000 build-debian4: BUILDER_PLUGINS:
2020-02-22 02:05:11.927430 +0000 build-debian4:      builder-debian, mgmt-salt, release-configs, linux-deb, builder-github,
2020-02-22 02:05:11.930755 +0000 build-debian4: COMPONENTS:
2020-02-22 02:05:11.930797 +0000 build-debian4:      app-linux-img-converter,
2020-02-22 02:05:11.934177 +0000 build-debian4: GIT_REPOS:
2020-02-22 02:05:11.934216 +0000 build-debian4:      qubes-src/app-linux-img-converter,
2020-02-22 02:05:11.936395 +0000 build-debian4: TEMPLATE:
2020-02-22 02:05:11.940472 +0000 build-debian4:     
2020-02-22 02:05:11.942966 +0000 build-debian4: TEMPLATE_FLAVOR_DIR:
2020-02-22 02:05:11.944465 +0000 build-debian4:     
2020-02-22 02:05:11.947890 +0000 build-debian4: TEMPLATE_ALIAS:
2020-02-22 02:05:11.947931 +0000 build-debian4:      stretch:stretch+standard, stretch+gnome:stretch+gnome+standard,
2020-02-22 02:05:11.947945 +0000 build-debian4:      stretch+minimal:stretch+minimal+no-recommends, buster:buster+standard, buster+gnome:buster+gnome+standard,
2020-02-22 02:05:11.947956 +0000 build-debian4:      buster+minimal:buster+minimal+no-recommends, bullseye:bullseye+standard,
2020-02-22 02:05:11.947968 +0000 build-debian4:      bullseye+gnome:bullseye+gnome+standard, bullseye+minimal:bullseye+minimal+no-recommends,
2020-02-22 02:05:11.947978 +0000 build-debian4:      whonix-gateway-14:stretch+whonix-gateway+minimal+no-recommends,
2020-02-22 02:05:11.947988 +0000 build-debian4:      whonix-workstation-14:stretch+whonix-workstation+minimal+no-recommends,
2020-02-22 02:05:11.947997 +0000 build-debian4:      whonix-gateway-15:buster+whonix-gateway+minimal+no-recommends,
2020-02-22 02:05:11.948007 +0000 build-debian4:      whonix-workstation-15:buster+whonix-workstation+minimal+no-recommends,
2020-02-22 02:05:11.951481 +0000 build-debian4: TEMPLATE_LABEL:
2020-02-22 02:05:11.951525 +0000 build-debian4:      stretch+standard:debian-9, buster+standard:debian-10, bullseye+standard:bullseye-11,
2020-02-22 02:05:11.951540 +0000 build-debian4:      stretch+standard:stretch, buster+standard:buster, bullseye+standard:bullseye, fc29:fedora-29 fc30:fedora-30
2020-02-22 02:05:11.951553 +0000 build-debian4:      fc31:fedora-31 fc29+minimal:fedora-29-minimal fc30+minimal:fedora-30-minimal fc31+minimal:fedora-31-minimal
2020-02-22 02:05:11.951578 +0000 build-debian4:      fc29+xfce:fedora-29-xfce fc30+xfce:fedora-30-xfce fc31+xfce:fedora-31-xfce stretch:debian-9
2020-02-22 02:05:11.951590 +0000 build-debian4:      buster:debian-10 bullseye:debian-11 stretch+whonix-gateway+minimal+no-recommends:whonix-gw-14
2020-02-22 02:05:11.951599 +0000 build-debian4:      stretch+whonix-workstation+minimal+no-recommends:whonix-ws-14
2020-02-22 02:05:11.951608 +0000 build-debian4:      buster+whonix-gateway+minimal+no-recommends:whonix-gw-15
2020-02-22 02:05:11.951618 +0000 build-debian4:      buster+whonix-workstation+minimal+no-recommends:whonix-ws-15 centos7:centos-7
2020-02-22 02:05:11.951628 +0000 build-debian4:      centos7+minimal:centos-7-minimal centos7+xfce:centos-7-xfce
2020-02-22 02:05:11.991818 +0000 build-debian4: > running make
2020-02-22 02:05:12.038988 +0000 build-debian4: Makefile:812: target 'internal-update-repo-current.vm.bullseye.app-linux-img-converter' does not exist
2020-02-22 02:05:12.039037 +0000 build-debian4: repo_base_var="LINUX_REPO_bullseye_BASEDIR"; \
2020-02-22 02:05:12.039050 +0000 build-debian4: if [ "app-linux-img-converter" = linux-template-builder ]; then \
2020-02-22 02:05:12.039061 +0000 build-debian4: .# templates belongs to dom0 repository, even though PACKAGE_SET=vm
2020-02-22 02:05:12.039070 +0000 build-debian4: repo_base_var="LINUX_REPO__BASEDIR"; \
2020-02-22 02:05:12.039077 +0000 build-debian4: fi; \
2020-02-22 02:05:12.039085 +0000 build-debian4: if [ -n "${!repo_base_var}" ]; then \
2020-02-22 02:05:12.039093 +0000 build-debian4: .repo_basedir="${!repo_base_var}"; \
2020-02-22 02:05:12.039099 +0000 build-debian4: else \
2020-02-22 02:05:12.039107 +0000 build-debian4: .repo_basedir="qubes-src/linux-deb/r4.1"; \
2020-02-22 02:05:12.039114 +0000 build-debian4: fi; \
2020-02-22 02:05:12.039123 +0000 build-debian4: if [ -r qubes-src/app-linux-img-converter/Makefile.builder ]; then \
2020-02-22 02:05:12.039132 +0000 build-debian4: .echo -n "Updating qubes-src/app-linux-img-converter... "; \
2020-02-22 02:05:12.039139 +0000 build-debian4: .if [ "0" -eq 1 ]; then \
2020-02-22 02:05:12.039150 +0000 build-debian4: ..vtag=`git -C qubes-src/app-linux-img-converter tag --points-at HEAD --list v*`; \
2020-02-22 02:05:12.039158 +0000 build-debian4: ..if [ -z "$vtag" ]; then \
2020-02-22 02:05:12.039165 +0000 build-debian4: ...echo "no version tag"; \
2020-02-22 02:05:12.039172 +0000 build-debian4: ...exit 0; \
2020-02-22 02:05:12.039178 +0000 build-debian4: ..fi; \
2020-02-22 02:05:12.039185 +0000 build-debian4: .fi; \
2020-02-22 02:05:12.039194 +0000 build-debian4: .if [ "app-linux-img-converter" = linux-template-builder ]; then
2020-02-22 02:05:12.039205 +0000 build-debian4: export TEMPLATE_NAME=$(MAKEFLAGS= make -s -C qubes-src/linux-template-builder DIST=bullseye template-name)
2020-02-22 02:05:12.039211 +0000 build-debian4: fi
2020-02-22 02:05:12.039233 +0000 build-debian4: component_packages=$(MAKEFLAGS= make -s -f Makefile.generic DIST=bullseye PACKAGE_SET=vm COMPONENT=`basename qubes-src/app-linux-img-converter` UPDATE_REPO=/home/user/builder-r4.1/$repo_basedir/current/vm/bullseye get-var GET_VAR=PACKAGE_LIST); \
2020-02-22 02:05:12.039243 +0000 build-debian4: .if [ -z "$component_packages" ]; then \
2020-02-22 02:05:12.039251 +0000 build-debian4: ..echo "no packages."; \
2020-02-22 02:05:12.039258 +0000 build-debian4: ..exit 0; \
2020-02-22 02:05:12.039264 +0000 build-debian4: .fi; \
2020-02-22 02:05:12.039273 +0000 build-debian4: .make -s -f Makefile.generic DIST=bullseye PACKAGE_SET=vm \
2020-02-22 02:05:12.039282 +0000 build-debian4: ..COMPONENT=`basename qubes-src/app-linux-img-converter` \
2020-02-22 02:05:12.039289 +0000 build-debian4: ..SNAPSHOT_REPO=current-testing \
2020-02-22 02:05:12.039297 +0000 build-debian4: ..TARGET_REPO=current \
2020-02-22 02:05:12.039306 +0000 build-debian4: ..UPDATE_REPO=/home/user/builder-r4.1/$repo_basedir/current/vm/bullseye \
2020-02-22 02:05:12.039338 +0000 build-debian4: ..SNAPSHOT_FILE=/home/user/builder-r4.1/repo-latest-snapshot/current-testing-vm-bullseye-`basename qubes-src/app-linux-img-converter` \
2020-02-22 02:05:12.039346 +0000 build-debian4: ..BUILD_LOG_URL= \
2020-02-22 02:05:12.039354 +0000 build-debian4: ..update-repo-from-snapshot || exit 1; \
2020-02-22 02:05:12.039365 +0000 build-debian4: elif make -C qubes-src/app-linux-img-converter -n update-repo-current >/dev/null 2>/dev/null; then \
2020-02-22 02:05:12.039374 +0000 build-debian4: .echo "Updating qubes-src/app-linux-img-converter... "; \
2020-02-22 02:05:12.039384 +0000 build-debian4: .DIST=bullseye UPDATE_REPO=/home/user/builder-r4.1/$repo_basedir/current/vm/bullseye \
2020-02-22 02:05:12.039394 +0000 build-debian4: .make -s -C qubes-src/app-linux-img-converter update-repo-current || exit 1; \
2020-02-22 02:05:12.039401 +0000 build-debian4: else \
2020-02-22 02:05:12.039410 +0000 build-debian4: .echo -n "Updating qubes-src/app-linux-img-converter... skipping."; \
2020-02-22 02:05:12.039416 +0000 build-debian4: fi; \
2020-02-22 02:05:12.039423 +0000 build-debian4: echo
2020-02-22 02:05:12.446329 +0000 build-debian4: Updating qubes-src/app-linux-img-converter... Makefile.generic:212: target 'update-repo-date-check' does not exist
2020-02-22 02:05:12.446382 +0000 build-debian4: if ! [ -r /home/user/builder-r4.1/repo-latest-snapshot/current-testing-vm-bullseye-app-linux-img-converter ]; then \
2020-02-22 02:05:12.446396 +0000 build-debian4: .echo "`tput bold`*** Packages weren't uploaded to current-testing! ***`tput sgr0`"; \
2020-02-22 02:05:12.446405 +0000 build-debian4: .exit 1; \
2020-02-22 02:05:12.446412 +0000 build-debian4: fi
2020-02-22 02:05:12.646757 +0000 build-debian4: touch -t `date -d "7 days ago" +%Y%m%d%H%M` /tmp/age-compare-file
2020-02-22 02:05:12.646836 +0000 build-debian4: if ! [ /home/user/builder-r4.1/repo-latest-snapshot/current-testing-vm-bullseye-app-linux-img-converter -ot /tmp/age-compare-file ]; then \
2020-02-22 02:05:12.646854 +0000 build-debian4: .echo "`tput bold`*** Packages weren't in current-testing for at least 7 days! ***`tput sgr0`"; \
2020-02-22 02:05:12.646862 +0000 build-debian4: .exit 1; \
2020-02-22 02:05:12.646869 +0000 build-debian4: fi
2020-02-22 02:05:12.646877 +0000 build-debian4: rm -f /tmp/age-compare-file
2020-02-22 02:05:12.646889 +0000 build-debian4: /home/user/builder-r4.1/qubes-src/builder-debian/Makefile.debian:230: target 'update-repo-prepare' does not exist
2020-02-22 02:05:12.646899 +0000 build-debian4: mkdir -p /home/user/builder-r4.1/qubes-src/linux-deb/r4.1/current/vm/bullseye/conf
2020-02-22 02:05:12.799960 +0000 build-debian4: if [ ! -e /home/user/builder-r4.1/qubes-src/linux-deb/r4.1/current/vm/bullseye/conf/distributions ]; then \
2020-02-22 02:05:12.800019 +0000 build-debian4: .touch /home/user/builder-r4.1/qubes-src/linux-deb/r4.1/current/vm/bullseye/conf/distributions; \
2020-02-22 02:05:12.800030 +0000 build-debian4: fi
2020-02-22 02:05:12.800044 +0000 build-debian4: grep bullseye /home/user/builder-r4.1/qubes-src/linux-deb/r4.1/current/vm/bullseye/conf/distributions > /dev/null; \
2020-02-22 02:05:12.800052 +0000 build-debian4: if [ $? -ne 0 ]; then \
2020-02-22 02:05:12.800064 +0000 build-debian4: .echo "$aptdistributions" >> /home/user/builder-r4.1/qubes-src/linux-deb/r4.1/current/vm/bullseye/conf/distributions; \
2020-02-22 02:05:12.800070 +0000 build-debian4: fi
2020-02-22 02:05:12.800082 +0000 build-debian4: /home/user/builder-r4.1/qubes-src/builder-debian/Makefile.debian:261: target 'update-repo-from-snapshot-do' does not exist
2020-02-22 02:05:12.800099 +0000 build-debian4: /usr/bin/reprepro --ignore=surprisingbinary -b /home/user/builder-r4.1/qubes-src/linux-deb/r4.1/current/vm/bullseye copyfilter bullseye bullseye-testing '$Source (== qubes-img-converter), Version (== 1.2.6-1+deb11u1)'
2020-02-22 02:05:13.145762 +0000 build-debian4: Exporting indices...
2020-02-22 02:05:13.193131 +0000 build-debian4: /home/user/builder-r4.1/qubes-src/builder-github//Makefile.github:18: target 'notify-github' does not exist
2020-02-22 02:05:13.193194 +0000 build-debian4: [ -z "qubes-img-converter_1.2.6-1+deb11u1" ] || /home/user/builder-r4.1/qubes-src/builder-github//notify-issues \
2020-02-22 02:05:13.193206 +0000 build-debian4: .--build-log="" \
2020-02-22 02:05:13.193214 +0000 build-debian4: .upload \
2020-02-22 02:05:13.193221 +0000 build-debian4: ."r4.1" \
2020-02-22 02:05:13.193229 +0000 build-debian4: ."qubes-src/app-linux-img-converter" \
2020-02-22 02:05:13.193237 +0000 build-debian4: ."qubes-img-converter_1.2.6-1+deb11u1" \
2020-02-22 02:05:13.193244 +0000 build-debian4: ."bullseye" \
2020-02-22 02:05:13.193250 +0000 build-debian4: ."vm" \
2020-02-22 02:05:13.193257 +0000 build-debian4: ."current" \
2020-02-22 02:05:13.193267 +0000 build-debian4: ."/home/user/github-notify-state/r4.1-app-linux-img-converter-vm-bullseye-current" \
2020-02-22 02:05:13.193277 +0000 build-debian4: ."/home/user/github-notify-state/r4.1-app-linux-img-converter-vm-bullseye-current"
2020-02-22 02:05:19.801934 +0000 build-debian4: WARNING: /home/user/github-notify-state/r4.1-app-linux-img-converter-vm-bullseye-current does not exist, initializing with the current state
2020-02-22 02:05:19.817620 +0000 build-debian4: 
2020-02-22 02:05:19.817669 +0000 build-debian4: Makefile:785: update target 'internal-update-repo-current.vm.bullseye' due to: internal-update-repo-current.vm.bullseye.app-linux-img-converter
2020-02-22 02:05:19.817679 +0000 build-debian4: true
2020-02-22 02:05:19.818990 +0000 build-debian4: Makefile:812: target 'internal-update-repo-current.vm.buster.app-linux-img-converter' does not exist
2020-02-22 02:05:19.819029 +0000 build-debian4: repo_base_var="LINUX_REPO_buster_BASEDIR"; \
2020-02-22 02:05:19.819041 +0000 build-debian4: if [ "app-linux-img-converter" = linux-template-builder ]; then \
2020-02-22 02:05:19.819051 +0000 build-debian4: .# templates belongs to dom0 repository, even though PACKAGE_SET=vm
2020-02-22 02:05:19.819060 +0000 build-debian4: repo_base_var="LINUX_REPO__BASEDIR"; \
2020-02-22 02:05:19.819066 +0000 build-debian4: fi; \
2020-02-22 02:05:19.819074 +0000 build-debian4: if [ -n "${!repo_base_var}" ]; then \
2020-02-22 02:05:19.819082 +0000 build-debian4: .repo_basedir="${!repo_base_var}"; \
2020-02-22 02:05:19.819088 +0000 build-debian4: else \
2020-02-22 02:05:19.819096 +0000 build-debian4: .repo_basedir="qubes-src/linux-deb/r4.1"; \
2020-02-22 02:05:19.819102 +0000 build-debian4: fi; \
2020-02-22 02:05:19.819112 +0000 build-debian4: if [ -r qubes-src/app-linux-img-converter/Makefile.builder ]; then \
2020-02-22 02:05:19.819121 +0000 build-debian4: .echo -n "Updating qubes-src/app-linux-img-converter... "; \
2020-02-22 02:05:19.819128 +0000 build-debian4: .if [ "0" -eq 1 ]; then \
2020-02-22 02:05:19.819138 +0000 build-debian4: ..vtag=`git -C qubes-src/app-linux-img-converter tag --points-at HEAD --list v*`; \
2020-02-22 02:05:19.819146 +0000 build-debian4: ..if [ -z "$vtag" ]; then \
2020-02-22 02:05:19.819154 +0000 build-debian4: ...echo "no version tag"; \
2020-02-22 02:05:19.819160 +0000 build-debian4: ...exit 0; \
2020-02-22 02:05:19.819167 +0000 build-debian4: ..fi; \
2020-02-22 02:05:19.819173 +0000 build-debian4: .fi; \
2020-02-22 02:05:19.819182 +0000 build-debian4: .if [ "app-linux-img-converter" = linux-template-builder ]; then
2020-02-22 02:05:19.819193 +0000 build-debian4: export TEMPLATE_NAME=$(MAKEFLAGS= make -s -C qubes-src/linux-template-builder DIST=buster template-name)
2020-02-22 02:05:19.819200 +0000 build-debian4: fi
2020-02-22 02:05:19.819218 +0000 build-debian4: component_packages=$(MAKEFLAGS= make -s -f Makefile.generic DIST=buster PACKAGE_SET=vm COMPONENT=`basename qubes-src/app-linux-img-converter` UPDATE_REPO=/home/user/builder-r4.1/$repo_basedir/current/vm/buster get-var GET_VAR=PACKAGE_LIST); \
2020-02-22 02:05:19.819228 +0000 build-debian4: .if [ -z "$component_packages" ]; then \
2020-02-22 02:05:19.819235 +0000 build-debian4: ..echo "no packages."; \
2020-02-22 02:05:19.819256 +0000 build-debian4: ..exit 0; \
2020-02-22 02:05:19.819263 +0000 build-debian4: .fi; \
2020-02-22 02:05:19.819272 +0000 build-debian4: .make -s -f Makefile.generic DIST=buster PACKAGE_SET=vm \
2020-02-22 02:05:19.819281 +0000 build-debian4: ..COMPONENT=`basename qubes-src/app-linux-img-converter` \
2020-02-22 02:05:19.819288 +0000 build-debian4: ..SNAPSHOT_REPO=current-testing \
2020-02-22 02:05:19.819296 +0000 build-debian4: ..TARGET_REPO=current \
2020-02-22 02:05:19.819305 +0000 build-debian4: ..UPDATE_REPO=/home/user/builder-r4.1/$repo_basedir/current/vm/buster \
2020-02-22 02:05:19.819317 +0000 build-debian4: ..SNAPSHOT_FILE=/home/user/builder-r4.1/repo-latest-snapshot/current-testing-vm-buster-`basename qubes-src/app-linux-img-converter` \
2020-02-22 02:05:19.819324 +0000 build-debian4: ..BUILD_LOG_URL= \
2020-02-22 02:05:19.819332 +0000 build-debian4: ..update-repo-from-snapshot || exit 1; \
2020-02-22 02:05:19.819343 +0000 build-debian4: elif make -C qubes-src/app-linux-img-converter -n update-repo-current >/dev/null 2>/dev/null; then \
2020-02-22 02:05:19.819352 +0000 build-debian4: .echo "Updating qubes-src/app-linux-img-converter... "; \
2020-02-22 02:05:19.819362 +0000 build-debian4: .DIST=buster UPDATE_REPO=/home/user/builder-r4.1/$repo_basedir/current/vm/buster \
2020-02-22 02:05:19.819372 +0000 build-debian4: .make -s -C qubes-src/app-linux-img-converter update-repo-current || exit 1; \
2020-02-22 02:05:19.819379 +0000 build-debian4: else \
2020-02-22 02:05:19.819388 +0000 build-debian4: .echo -n "Updating qubes-src/app-linux-img-converter... skipping."; \
2020-02-22 02:05:19.819394 +0000 build-debian4: fi; \
2020-02-22 02:05:19.819400 +0000 build-debian4: echo
2020-02-22 02:05:19.947998 +0000 build-debian4: Updating qubes-src/app-linux-img-converter... Makefile.generic:212: target 'update-repo-date-check' does not exist
2020-02-22 02:05:19.948050 +0000 build-debian4: if ! [ -r /home/user/builder-r4.1/repo-latest-snapshot/current-testing-vm-buster-app-linux-img-converter ]; then \
2020-02-22 02:05:19.948065 +0000 build-debian4: .echo "`tput bold`*** Packages weren't uploaded to current-testing! ***`tput sgr0`"; \
2020-02-22 02:05:19.948073 +0000 build-debian4: .exit 1; \
2020-02-22 02:05:19.948080 +0000 build-debian4: fi
2020-02-22 02:05:20.024515 +0000 build-debian4: touch -t `date -d "7 days ago" +%Y%m%d%H%M` /tmp/age-compare-file
2020-02-22 02:05:20.029648 +0000 build-debian4: if ! [ /home/user/builder-r4.1/repo-latest-snapshot/current-testing-vm-buster-app-linux-img-converter -ot /tmp/age-compare-file ]; then \
2020-02-22 02:05:20.029691 +0000 build-debian4: .echo "`tput bold`*** Packages weren't in current-testing for at least 7 days! ***`tput sgr0`"; \
2020-02-22 02:05:20.029702 +0000 build-debian4: .exit 1; \
2020-02-22 02:05:20.029710 +0000 build-debian4: fi
2020-02-22 02:05:20.032638 +0000 build-debian4: rm -f /tmp/age-compare-file
2020-02-22 02:05:20.035651 +0000 build-debian4: /home/user/builder-r4.1/qubes-src/builder-debian/Makefile.debian:230: target 'update-repo-prepare' does not exist
2020-02-22 02:05:20.035692 +0000 build-debian4: mkdir -p /home/user/builder-r4.1/qubes-src/linux-deb/r4.1/current/vm/buster/conf
2020-02-22 02:05:20.128850 +0000 build-debian4: if [ ! -e /home/user/builder-r4.1/qubes-src/linux-deb/r4.1/current/vm/buster/conf/distributions ]; then \
2020-02-22 02:05:20.128903 +0000 build-debian4: .touch /home/user/builder-r4.1/qubes-src/linux-deb/r4.1/current/vm/buster/conf/distributions; \
2020-02-22 02:05:20.128912 +0000 build-debian4: fi
2020-02-22 02:05:20.130075 +0000 build-debian4: grep buster /home/user/builder-r4.1/qubes-src/linux-deb/r4.1/current/vm/buster/conf/distributions > /dev/null; \
2020-02-22 02:05:20.130113 +0000 build-debian4: if [ $? -ne 0 ]; then \
2020-02-22 02:05:20.130128 +0000 build-debian4: .echo "$aptdistributions" >> /home/user/builder-r4.1/qubes-src/linux-deb/r4.1/current/vm/buster/conf/distributions; \
2020-02-22 02:05:20.130135 +0000 build-debian4: fi
2020-02-22 02:05:20.133984 +0000 build-debian4: /home/user/builder-r4.1/qubes-src/builder-debian/Makefile.debian:261: target 'update-repo-from-snapshot-do' does not exist
2020-02-22 02:05:20.134031 +0000 build-debian4: /usr/bin/reprepro --ignore=surprisingbinary -b /home/user/builder-r4.1/qubes-src/linux-deb/r4.1/current/vm/buster copyfilter buster buster-testing '$Source (== qubes-img-converter), Version (== 1.2.6-1+deb10u1)'
2020-02-22 02:05:20.238585 +0000 build-debian4: Warning: replacing 'qubes-img-converter' version '1.2.6-1+deb10u1' with equal version '1.2.6-1+deb10u1' in 'buster|main|amd64'!
2020-02-22 02:05:20.242603 +0000 build-debian4: Warning: replacing 'qubes-img-converter' version '1.2.6-1+deb10u1' with equal version '1.2.6-1+deb10u1' in 'buster|main|source'!
2020-02-22 02:05:20.263646 +0000 build-debian4: Exporting indices...
2020-02-22 02:05:20.300991 +0000 build-debian4: /home/user/builder-r4.1/qubes-src/builder-github//Makefile.github:18: target 'notify-github' does not exist
2020-02-22 02:05:20.301047 +0000 build-debian4: [ -z "qubes-img-converter_1.2.6-1+deb10u1" ] || /home/user/builder-r4.1/qubes-src/builder-github//notify-issues \
2020-02-22 02:05:20.301058 +0000 build-debian4: .--build-log="" \
2020-02-22 02:05:20.301066 +0000 build-debian4: .upload \
2020-02-22 02:05:20.301073 +0000 build-debian4: ."r4.1" \
2020-02-22 02:05:20.301081 +0000 build-debian4: ."qubes-src/app-linux-img-converter" \
2020-02-22 02:05:20.301089 +0000 build-debian4: ."qubes-img-converter_1.2.6-1+deb10u1" \
2020-02-22 02:05:20.301096 +0000 build-debian4: ."buster" \
2020-02-22 02:05:20.301102 +0000 build-debian4: ."vm" \
2020-02-22 02:05:20.301108 +0000 build-debian4: ."current" \
2020-02-22 02:05:20.301118 +0000 build-debian4: ."/home/user/github-notify-state/r4.1-app-linux-img-converter-vm-buster-current" \
2020-02-22 02:05:20.301129 +0000 build-debian4: ."/home/user/github-notify-state/r4.1-app-linux-img-converter-vm-buster-current"
2020-02-22 02:05:26.945391 +0000 build-debian4: WARNING: message template /home/user/builder-r4.1/qubes-src/builder-github/templates/message-stable-vm doesn't exist, not adding comments
2020-02-22 02:05:26.945473 +0000 build-debian4: 
2020-02-22 02:05:26.945497 +0000 build-debian4: Makefile:785: update target 'internal-update-repo-current.vm.buster' due to: internal-update-repo-current.vm.buster.app-linux-img-converter
2020-02-22 02:05:26.945506 +0000 build-debian4: true
2020-02-22 02:05:26.946926 +0000 build-debian4: Makefile:812: target 'internal-update-repo-current.vm.stretch.app-linux-img-converter' does not exist
2020-02-22 02:05:26.946965 +0000 build-debian4: repo_base_var="LINUX_REPO_stretch_BASEDIR"; \
2020-02-22 02:05:26.946977 +0000 build-debian4: if [ "app-linux-img-converter" = linux-template-builder ]; then \
2020-02-22 02:05:26.946988 +0000 build-debian4: .# templates belongs to dom0 repository, even though PACKAGE_SET=vm
2020-02-22 02:05:26.946996 +0000 build-debian4: repo_base_var="LINUX_REPO__BASEDIR"; \
2020-02-22 02:05:26.947003 +0000 build-debian4: fi; \
2020-02-22 02:05:26.947011 +0000 build-debian4: if [ -n "${!repo_base_var}" ]; then \
2020-02-22 02:05:26.947019 +0000 build-debian4: .repo_basedir="${!repo_base_var}"; \
2020-02-22 02:05:26.947026 +0000 build-debian4: else \
2020-02-22 02:05:26.947034 +0000 build-debian4: .repo_basedir="qubes-src/linux-deb/r4.1"; \
2020-02-22 02:05:26.947040 +0000 build-debian4: fi; \
2020-02-22 02:05:26.947050 +0000 build-debian4: if [ -r qubes-src/app-linux-img-converter/Makefile.builder ]; then \
2020-02-22 02:05:26.947059 +0000 build-debian4: .echo -n "Updating qubes-src/app-linux-img-converter... "; \
2020-02-22 02:05:26.947066 +0000 build-debian4: .if [ "0" -eq 1 ]; then \
2020-02-22 02:05:26.947077 +0000 build-debian4: ..vtag=`git -C qubes-src/app-linux-img-converter tag --points-at HEAD --list v*`; \
2020-02-22 02:05:26.947085 +0000 build-debian4: ..if [ -z "$vtag" ]; then \
2020-02-22 02:05:26.947092 +0000 build-debian4: ...echo "no version tag"; \
2020-02-22 02:05:26.947099 +0000 build-debian4: ...exit 0; \
2020-02-22 02:05:26.947121 +0000 build-debian4: ..fi; \
2020-02-22 02:05:26.947128 +0000 build-debian4: .fi; \
2020-02-22 02:05:26.947138 +0000 build-debian4: .if [ "app-linux-img-converter" = linux-template-builder ]; then
2020-02-22 02:05:26.947149 +0000 build-debian4: export TEMPLATE_NAME=$(MAKEFLAGS= make -s -C qubes-src/linux-template-builder DIST=stretch template-name)
2020-02-22 02:05:26.947156 +0000 build-debian4: fi
2020-02-22 02:05:26.947175 +0000 build-debian4: component_packages=$(MAKEFLAGS= make -s -f Makefile.generic DIST=stretch PACKAGE_SET=vm COMPONENT=`basename qubes-src/app-linux-img-converter` UPDATE_REPO=/home/user/builder-r4.1/$repo_basedir/current/vm/stretch get-var GET_VAR=PACKAGE_LIST); \
2020-02-22 02:05:26.947184 +0000 build-debian4: .if [ -z "$component_packages" ]; then \
2020-02-22 02:05:26.947191 +0000 build-debian4: ..echo "no packages."; \
2020-02-22 02:05:26.947198 +0000 build-debian4: ..exit 0; \
2020-02-22 02:05:26.947205 +0000 build-debian4: .fi; \
2020-02-22 02:05:26.947214 +0000 build-debian4: .make -s -f Makefile.generic DIST=stretch PACKAGE_SET=vm \
2020-02-22 02:05:26.947222 +0000 build-debian4: ..COMPONENT=`basename qubes-src/app-linux-img-converter` \
2020-02-22 02:05:26.947230 +0000 build-debian4: ..SNAPSHOT_REPO=current-testing \
2020-02-22 02:05:26.947237 +0000 build-debian4: ..TARGET_REPO=current \
2020-02-22 02:05:26.947247 +0000 build-debian4: ..UPDATE_REPO=/home/user/builder-r4.1/$repo_basedir/current/vm/stretch \
2020-02-22 02:05:26.947260 +0000 build-debian4: ..SNAPSHOT_FILE=/home/user/builder-r4.1/repo-latest-snapshot/current-testing-vm-stretch-`basename qubes-src/app-linux-img-converter` \
2020-02-22 02:05:26.947267 +0000 build-debian4: ..BUILD_LOG_URL= \
2020-02-22 02:05:26.947275 +0000 build-debian4: ..update-repo-from-snapshot || exit 1; \
2020-02-22 02:05:26.947286 +0000 build-debian4: elif make -C qubes-src/app-linux-img-converter -n update-repo-current >/dev/null 2>/dev/null; then \
2020-02-22 02:05:26.947295 +0000 build-debian4: .echo "Updating qubes-src/app-linux-img-converter... "; \
2020-02-22 02:05:26.947305 +0000 build-debian4: .DIST=stretch UPDATE_REPO=/home/user/builder-r4.1/$repo_basedir/current/vm/stretch \
2020-02-22 02:05:26.947315 +0000 build-debian4: .make -s -C qubes-src/app-linux-img-converter update-repo-current || exit 1; \
2020-02-22 02:05:26.947321 +0000 build-debian4: else \
2020-02-22 02:05:26.947331 +0000 build-debian4: .echo -n "Updating qubes-src/app-linux-img-converter... skipping."; \
2020-02-22 02:05:26.947337 +0000 build-debian4: fi; \
2020-02-22 02:05:26.947343 +0000 build-debian4: echo
2020-02-22 02:05:27.097195 +0000 build-debian4: Updating qubes-src/app-linux-img-converter... Makefile.generic:212: target 'update-repo-date-check' does not exist
2020-02-22 02:05:27.097247 +0000 build-debian4: if ! [ -r /home/user/builder-r4.1/repo-latest-snapshot/current-testing-vm-stretch-app-linux-img-converter ]; then \
2020-02-22 02:05:27.097262 +0000 build-debian4: .echo "`tput bold`*** Packages weren't uploaded to current-testing! ***`tput sgr0`"; \
2020-02-22 02:05:27.097270 +0000 build-debian4: .exit 1; \
2020-02-22 02:05:27.097277 +0000 build-debian4: fi
2020-02-22 02:05:27.163861 +0000 build-debian4: touch -t `date -d "7 days ago" +%Y%m%d%H%M` /tmp/age-compare-file
2020-02-22 02:05:27.169565 +0000 build-debian4: if ! [ /home/user/builder-r4.1/repo-latest-snapshot/current-testing-vm-stretch-app-linux-img-converter -ot /tmp/age-compare-file ]; then \
2020-02-22 02:05:27.169609 +0000 build-debian4: .echo "`tput bold`*** Packages weren't in current-testing for at least 7 days! ***`tput sgr0`"; \
2020-02-22 02:05:27.169619 +0000 build-debian4: .exit 1; \
2020-02-22 02:05:27.169626 +0000 build-debian4: fi
2020-02-22 02:05:27.169634 +0000 build-debian4: rm -f /tmp/age-compare-file
2020-02-22 02:05:27.169646 +0000 build-debian4: /home/user/builder-r4.1/qubes-src/builder-debian/Makefile.debian:230: target 'update-repo-prepare' does not exist
2020-02-22 02:05:27.169657 +0000 build-debian4: mkdir -p /home/user/builder-r4.1/qubes-src/linux-deb/r4.1/current/vm/stretch/conf
2020-02-22 02:05:27.213666 +0000 build-debian4: if [ ! -e /home/user/builder-r4.1/qubes-src/linux-deb/r4.1/current/vm/stretch/conf/distributions ]; then \
2020-02-22 02:05:27.213714 +0000 build-debian4: .touch /home/user/builder-r4.1/qubes-src/linux-deb/r4.1/current/vm/stretch/conf/distributions; \
2020-02-22 02:05:27.213724 +0000 build-debian4: fi
2020-02-22 02:05:27.215152 +0000 build-debian4: grep stretch /home/user/builder-r4.1/qubes-src/linux-deb/r4.1/current/vm/stretch/conf/distributions > /dev/null; \
2020-02-22 02:05:27.215185 +0000 build-debian4: if [ $? -ne 0 ]; then \
2020-02-22 02:05:27.215200 +0000 build-debian4: .echo "$aptdistributions" >> /home/user/builder-r4.1/qubes-src/linux-deb/r4.1/current/vm/stretch/conf/distributions; \
2020-02-22 02:05:27.215206 +0000 build-debian4: fi
2020-02-22 02:05:27.217946 +0000 build-debian4: /home/user/builder-r4.1/qubes-src/builder-debian/Makefile.debian:261: target 'update-repo-from-snapshot-do' does not exist
2020-02-22 02:05:27.217988 +0000 build-debian4: /usr/bin/reprepro --ignore=surprisingbinary -b /home/user/builder-r4.1/qubes-src/linux-deb/r4.1/current/vm/stretch copyfilter stretch stretch-testing '$Source (== qubes-img-converter), Version (== 1.2.6-1+deb9u1)'
2020-02-22 02:05:27.303129 +0000 build-debian4: Warning: replacing 'qubes-img-converter' version '1.2.6-1+deb9u1' with equal version '1.2.6-1+deb9u1' in 'stretch|main|amd64'!
2020-02-22 02:05:27.307921 +0000 build-debian4: Warning: replacing 'qubes-img-converter' version '1.2.6-1+deb9u1' with equal version '1.2.6-1+deb9u1' in 'stretch|main|source'!
2020-02-22 02:05:27.317243 +0000 build-debian4: Exporting indices...
2020-02-22 02:05:27.324059 +0000 build-debian4: /home/user/builder-r4.1/qubes-src/builder-github//Makefile.github:18: target 'notify-github' does not exist
2020-02-22 02:05:27.324104 +0000 build-debian4: [ -z "qubes-img-converter_1.2.6-1+deb9u1" ] || /home/user/builder-r4.1/qubes-src/builder-github//notify-issues \
2020-02-22 02:05:27.324116 +0000 build-debian4: .--build-log="" \
2020-02-22 02:05:27.324124 +0000 build-debian4: .upload \
2020-02-22 02:05:27.324131 +0000 build-debian4: ."r4.1" \
2020-02-22 02:05:27.324139 +0000 build-debian4: ."qubes-src/app-linux-img-converter" \
2020-02-22 02:05:27.324147 +0000 build-debian4: ."qubes-img-converter_1.2.6-1+deb9u1" \
2020-02-22 02:05:27.324154 +0000 build-debian4: ."stretch" \
2020-02-22 02:05:27.324160 +0000 build-debian4: ."vm" \
2020-02-22 02:05:27.324167 +0000 build-debian4: ."current" \
2020-02-22 02:05:27.324177 +0000 build-debian4: ."/home/user/github-notify-state/r4.1-app-linux-img-converter-vm-stretch-current" \
2020-02-22 02:05:27.324187 +0000 build-debian4: ."/home/user/github-notify-state/r4.1-app-linux-img-converter-vm-stretch-current"
2020-02-22 02:05:44.909336 +0000 build-debian4: Traceback (most recent call last):
2020-02-22 02:05:44.909392 +0000 build-debian4:   File "/usr/lib/python3.7/site-packages/urllib3/connectionpool.py", line 672, in urlopen
2020-02-22 02:05:44.909404 +0000 build-debian4:     chunked=chunked,
2020-02-22 02:05:44.909417 +0000 build-debian4:   File "/usr/lib/python3.7/site-packages/urllib3/connectionpool.py", line 421, in _make_request
2020-02-22 02:05:44.909426 +0000 build-debian4:     six.raise_from(e, None)
2020-02-22 02:05:44.909435 +0000 build-debian4:   File "<string>", line 3, in raise_from
2020-02-22 02:05:44.909446 +0000 build-debian4:   File "/usr/lib/python3.7/site-packages/urllib3/connectionpool.py", line 416, in _make_request
2020-02-22 02:05:44.909455 +0000 build-debian4:     httplib_response = conn.getresponse()
2020-02-22 02:05:44.909465 +0000 build-debian4:   File "/usr/lib64/python3.7/http/client.py", line 1344, in getresponse
2020-02-22 02:05:44.909472 +0000 build-debian4:     response.begin()
2020-02-22 02:05:44.909481 +0000 build-debian4:   File "/usr/lib64/python3.7/http/client.py", line 306, in begin
2020-02-22 02:05:44.909490 +0000 build-debian4:     version, status, reason = self._read_status()
2020-02-22 02:05:44.909516 +0000 build-debian4:   File "/usr/lib64/python3.7/http/client.py", line 275, in _read_status
2020-02-22 02:05:44.909527 +0000 build-debian4:     raise RemoteDisconnected("Remote end closed connection without"
2020-02-22 02:05:44.909536 +0000 build-debian4: http.client.RemoteDisconnected: Remote end closed connection without response
2020-02-22 02:05:44.909543 +0000 build-debian4: 
2020-02-22 02:05:44.909552 +0000 build-debian4: During handling of the above exception, another exception occurred:
2020-02-22 02:05:44.909558 +0000 build-debian4: 
2020-02-22 02:05:44.909566 +0000 build-debian4: Traceback (most recent call last):
2020-02-22 02:05:44.909576 +0000 build-debian4:   File "/usr/lib/python3.7/site-packages/requests/adapters.py", line 449, in send
2020-02-22 02:05:44.909583 +0000 build-debian4:     timeout=timeout
2020-02-22 02:05:44.909593 +0000 build-debian4:   File "/usr/lib/python3.7/site-packages/urllib3/connectionpool.py", line 720, in urlopen
2020-02-22 02:05:44.909602 +0000 build-debian4:     method, url, error=e, _pool=self, _stacktrace=sys.exc_info()[2]
2020-02-22 02:05:44.909613 +0000 build-debian4:   File "/usr/lib/python3.7/site-packages/urllib3/util/retry.py", line 400, in increment
2020-02-22 02:05:44.909621 +0000 build-debian4:     raise six.reraise(type(error), error, _stacktrace)
2020-02-22 02:05:44.909632 +0000 build-debian4:   File "/usr/lib/python3.7/site-packages/urllib3/packages/six.py", line 692, in reraise
2020-02-22 02:05:44.909639 +0000 build-debian4:     raise value.with_traceback(tb)
2020-02-22 02:05:44.909650 +0000 build-debian4:   File "/usr/lib/python3.7/site-packages/urllib3/connectionpool.py", line 672, in urlopen
2020-02-22 02:05:44.909657 +0000 build-debian4:     chunked=chunked,
2020-02-22 02:05:44.909667 +0000 build-debian4:   File "/usr/lib/python3.7/site-packages/urllib3/connectionpool.py", line 421, in _make_request
2020-02-22 02:05:44.909674 +0000 build-debian4:     six.raise_from(e, None)
2020-02-22 02:05:44.909682 +0000 build-debian4:   File "<string>", line 3, in raise_from
2020-02-22 02:05:44.909693 +0000 build-debian4:   File "/usr/lib/python3.7/site-packages/urllib3/connectionpool.py", line 416, in _make_request
2020-02-22 02:05:44.909701 +0000 build-debian4:     httplib_response = conn.getresponse()
2020-02-22 02:05:44.909710 +0000 build-debian4:   File "/usr/lib64/python3.7/http/client.py", line 1344, in getresponse
2020-02-22 02:05:44.909717 +0000 build-debian4:     response.begin()
2020-02-22 02:05:44.909726 +0000 build-debian4:   File "/usr/lib64/python3.7/http/client.py", line 306, in begin
2020-02-22 02:05:44.909734 +0000 build-debian4:     version, status, reason = self._read_status()
2020-02-22 02:05:44.909744 +0000 build-debian4:   File "/usr/lib64/python3.7/http/client.py", line 275, in _read_status
2020-02-22 02:05:44.909753 +0000 build-debian4:     raise RemoteDisconnected("Remote end closed connection without"
2020-02-22 02:05:44.909814 +0000 build-debian4: urllib3.exceptions.ProtocolError: ('Connection aborted.', RemoteDisconnected('Remote end closed connection without response'))
2020-02-22 02:05:44.909824 +0000 build-debian4: 
2020-02-22 02:05:44.909833 +0000 build-debian4: During handling of the above exception, another exception occurred:
2020-02-22 02:05:44.909839 +0000 build-debian4: 
2020-02-22 02:05:44.909847 +0000 build-debian4: Traceback (most recent call last):
2020-02-22 02:05:44.909857 +0000 build-debian4:   File "/home/user/builder-r4.1/qubes-src/builder-github//notify-issues", line 532, in <module>
2020-02-22 02:05:44.909864 +0000 build-debian4:     main()
2020-02-22 02:05:44.909875 +0000 build-debian4:   File "/home/user/builder-r4.1/qubes-src/builder-github//notify-issues", line 529, in main
2020-02-22 02:05:44.909884 +0000 build-debian4:     previous_stable_commit_sha=previous_stable_commit)
2020-02-22 02:05:44.909894 +0000 build-debian4:   File "/home/user/builder-r4.1/qubes-src/builder-github//notify-issues", line 398, in notify_build_report
2020-02-22 02:05:44.909909 +0000 build-debian4:     add_labels, delete_labels, github_repo=github_report_repo)
2020-02-22 02:05:44.909920 +0000 build-debian4:   File "/home/user/builder-r4.1/qubes-src/builder-github//notify-issues", line 67, in comment_issue
2020-02-22 02:05:44.909928 +0000 build-debian4:     headers=auth_headers)
2020-02-22 02:05:44.909938 +0000 build-debian4:   File "/usr/lib/python3.7/site-packages/requests/api.py", line 158, in delete
2020-02-22 02:05:44.909946 +0000 build-debian4:     return request('delete', url, **kwargs)
2020-02-22 02:05:44.909955 +0000 build-debian4:   File "/usr/lib/python3.7/site-packages/requests/api.py", line 60, in request
2020-02-22 02:05:44.909964 +0000 build-debian4:     return session.request(method=method, url=url, **kwargs)
2020-02-22 02:05:44.909974 +0000 build-debian4:   File "/usr/lib/python3.7/site-packages/requests/sessions.py", line 533, in request
2020-02-22 02:05:44.909982 +0000 build-debian4:     resp = self.send(prep, **send_kwargs)
2020-02-22 02:05:44.909992 +0000 build-debian4:   File "/usr/lib/python3.7/site-packages/requests/sessions.py", line 646, in send
2020-02-22 02:05:44.910000 +0000 build-debian4:     r = adapter.send(request, **kwargs)
2020-02-22 02:05:44.910010 +0000 build-debian4:   File "/usr/lib/python3.7/site-packages/requests/adapters.py", line 498, in send
2020-02-22 02:05:44.910018 +0000 build-debian4:     raise ConnectionError(err, request=request)
2020-02-22 02:05:44.910030 +0000 build-debian4: requests.exceptions.ConnectionError: ('Connection aborted.', RemoteDisconnected('Remote end closed connection without response'))
2020-02-22 02:05:44.922318 +0000 build-debian4: make[1]: *** [/home/user/builder-r4.1/qubes-src/builder-github//Makefile.github:18: notify-github] Error 1
2020-02-22 02:05:44.922423 +0000 build-debian4: make: *** [Makefile:812: internal-update-repo-current.vm.stretch.app-linux-img-converter] Error 1
2020-02-22 02:05:44.922766 +0000 > closing log
