2018-05-01 10:45:58.946809 +0000 > starting log
2018-05-01 10:45:58.948127 +0000 build-centos: > starting build with log
2018-05-01 10:45:58.948170 +0000 build-centos: >> make args: DISTS_VM= centos7 DIST_DOM0= BUILD_LOGS_URL= app-linux-pdf-converter-vm-centos7=https://github.com/QubesOS/build-logs/tree/master/build-centos/log_2018-05-01_10-45-30 GIT_URL_app_linux_pdf_converter=https://github.com/QubesOS/qubes-app-linux-pdf-converter sign-all update-repo-current-testing
2018-05-01 10:45:58.948190 +0000 build-centos: >> MAKEFLAGS=
2018-05-01 10:45:58.948205 +0000 build-centos: >> COMPONENTS=app-linux-pdf-converter
2018-05-01 10:45:58.948219 +0000 build-centos: >> DISTS_VM=
2018-05-01 10:45:58.948232 +0000 build-centos: >> DIST_DOM0=
2018-05-01 10:45:58.948247 +0000 build-centos: >> qubes-builder 0bc5e662e9738136d6482e44c083a8f215c58ceb
2018-05-01 10:45:58.948265 +0000 build-centos: >> qubes-builder/qubes-src/app-linux-pdf-converter d1378a7ae79c176ddf655ed84102ade112468a83
2018-05-01 10:45:58.948280 +0000 build-centos: !! pkgs/centos7/qpdf-converter.spec.list
2018-05-01 10:45:58.948296 +0000 build-centos: !! pkgs/centos7/x86_64/qubes-pdf-converter-2.1.3-1.centos7.x86_64.rpm
2018-05-01 10:45:58.948318 +0000 build-centos: 6245d7357536fffc2782f88e33edeac7ab5a7768e8a7ff9908ce15402f0776c9e7e8d476b52037a23fe5be3d8ede57c20ee6783836f194cfb722e5ab953e77d2  pkgs/centos7/qpdf-converter.spec.list
2018-05-01 10:45:58.948341 +0000 build-centos: ad336472e351e6070e07247b38803cea4b1c73c3baf5f0d48b1f951806a41612a6ca5df1e6f76f649483e226510fab47ad9ff9a6cfe3ff803ab4bfcd74a7b9bc  pkgs/centos7/x86_64/qubes-pdf-converter-2.1.3-1.centos7.x86_64.rpm
2018-05-01 10:45:58.948359 +0000 build-centos: ================================================================================
2018-05-01 10:45:58.948376 +0000 build-centos:                            B U I L D   I N F O                                  
2018-05-01 10:45:58.948392 +0000 build-centos: Items in red indicate it was automatically generated by configuration file(s)
2018-05-01 10:45:58.948460 +0000 build-centos: Items in white indicate it was automatically removed by configuration file(s)
2018-05-01 10:45:58.948477 +0000 build-centos: ================================================================================
2018-05-01 10:45:58.948491 +0000 build-centos: DISTS_VM:
2018-05-01 10:45:58.948504 +0000 build-centos:      centos7,
2018-05-01 10:45:58.948517 +0000 build-centos: DISTS_ALL:
2018-05-01 10:45:58.948530 +0000 build-centos:      centos7,
2018-05-01 10:45:58.948543 +0000 build-centos: DIST_DOM0:
2018-05-01 10:45:58.948555 +0000 build-centos:     
2018-05-01 10:45:58.948568 +0000 build-centos: BUILDER_PLUGINS:
2018-05-01 10:45:58.948584 +0000 build-centos:      builder-rpm, mgmt-salt, mgmt-salt, builder-github,
2018-05-01 10:45:58.948597 +0000 build-centos: COMPONENTS:
2018-05-01 10:45:58.948611 +0000 build-centos:      app-linux-pdf-converter,
2018-05-01 10:45:58.948623 +0000 build-centos: GIT_REPOS:
2018-05-01 10:45:58.948638 +0000 build-centos:      qubes-src/app-linux-pdf-converter,
2018-05-01 10:45:58.948650 +0000 build-centos: TEMPLATE:
2018-05-01 10:45:58.948663 +0000 build-centos:     
2018-05-01 10:45:58.948676 +0000 build-centos: TEMPLATE_FLAVOR_DIR:
2018-05-01 10:45:58.948688 +0000 build-centos:     
2018-05-01 10:45:58.948701 +0000 build-centos: TEMPLATE_ALIAS:
2018-05-01 10:45:58.948719 +0000 build-centos:      jessie:jessie+standard, jessie+gnome:jessie+gnome+standard, jessie+minimal:jessie+minimal+no-recommends,
2018-05-01 10:45:58.948736 +0000 build-centos:      stretch:stretch+standard, stretch+gnome:stretch+gnome+standard,
2018-05-01 10:45:58.948751 +0000 build-centos:      stretch+minimal:stretch+minimal+no-recommends,
2018-05-01 10:45:58.948764 +0000 build-centos: TEMPLATE_LABEL:
2018-05-01 10:45:58.948782 +0000 build-centos:      centos7:centos-7, fc20:fedora-20 fc21:fedora-21 fc22:fedora-22 fc23:fedora-23 fc24:fedora-24 fc25:fedora-25
2018-05-01 10:45:58.948800 +0000 build-centos:      fc26:fedora-26 fc20+minimal:fedora-20-minimal fc21+minimal:fedora-21-minimal fc23+minimal:fedora-23-minimal
2018-05-01 10:45:58.948828 +0000 build-centos:      fc24+minimal:fedora-24-minimal fc25+minimal:fedora-25-minimal fc26+minimal:fedora-26-minimal
2018-05-01 10:45:58.948847 +0000 build-centos:      fc25+xfce:fedora-25-xfce fc26+xfce:fedora-26-xfce wheezy:debian-7 wheezy+standard:debian-7 jessie:debian-8
2018-05-01 10:45:58.948866 +0000 build-centos:      jessie+standard:debian-8 stretch:debian-9 stretch+standard:debian-9 centos7+minimal:centos-7-minimal
2018-05-01 10:45:58.977817 +0000 build-centos: > running make
2018-05-01 10:45:59.014280 +0000 build-centos: Makefile:250: target 'sign-vm-centos7-app-linux-pdf-converter' does not exist
2018-05-01 10:45:59.014362 +0000 build-centos: if [ -n "app-linux-pdf-converter" -a "0" -ne 0 ]; then BRANCH=release3.2; branch_var="BRANCH_app_linux_pdf_converter"; [ -n "${!branch_var}" ] && BRANCH="${!branch_var}"; pushd qubes-src/app-linux-pdf-converter > /dev/null; CURRENT_BRANCH=`git symbolic-ref --short HEAD 2>/dev/null || git describe --tags --exact-match HEAD`; if [ "$BRANCH" != "$CURRENT_BRANCH" ]; then echo "-> ERROR: Wrong branch $branch_var=$CURRENT_BRANCH (expected $BRANCH)"; exit 1; fi; popd > /dev/null; fi
2018-05-01 10:45:59.014387 +0000 build-centos: SIGN_KEY=7771FEAD4528AAC462E67DCA919E9536E37D7327; \
2018-05-01 10:45:59.014422 +0000 build-centos: sign_key_var="SIGN_KEY_centos7"; \
2018-05-01 10:45:59.014439 +0000 build-centos: [ -n "${!sign_key_var}" ] && SIGN_KEY="${!sign_key_var}"; \
2018-05-01 10:45:59.014456 +0000 build-centos: if [ -r qubes-src/app-linux-pdf-converter/Makefile.builder ]; then \
2018-05-01 10:45:59.014472 +0000 build-centos: .make --no-print-directory -f Makefile.generic \
2018-05-01 10:45:59.014487 +0000 build-centos: ..DIST=centos7 \
2018-05-01 10:45:59.014500 +0000 build-centos: ..PACKAGE_SET=vm \
2018-05-01 10:45:59.014514 +0000 build-centos: ..COMPONENT=app-linux-pdf-converter \
2018-05-01 10:45:59.014529 +0000 build-centos: ..SIGN_KEY=$SIGN_KEY \
2018-05-01 10:45:59.014542 +0000 build-centos: ..sign || exit 1; \
2018-05-01 10:45:59.014556 +0000 build-centos: elif [ -d qubes-src/app-linux-pdf-converter/rpm ]; then \
2018-05-01 10:45:59.014571 +0000 build-centos: .# Old mechanism supported only for RPM
2018-05-01 10:45:59.014587 +0000 build-centos: FILE_LIST=""; for RPM in qubes-src/app-linux-pdf-converter/rpm/*/*.rpm; do \
2018-05-01 10:45:59.014603 +0000 build-centos: ..if ! qubes-src/installer-qubes-os/rpm_verify $RPM > /dev/null; then \
2018-05-01 10:45:59.014617 +0000 build-centos: ...FILE_LIST="$FILE_LIST $RPM" ;\
2018-05-01 10:45:59.014630 +0000 build-centos: ..fi ;\
2018-05-01 10:45:59.014644 +0000 build-centos: .done ; \
2018-05-01 10:45:59.014658 +0000 build-centos: .if [ -n "$FILE_LIST" ]; then \
2018-05-01 10:45:59.014672 +0000 build-centos: ..echo "--> Signing..."; \
2018-05-01 10:45:59.014686 +0000 build-centos: ..RPMSIGN_OPTS=--digest-algo=sha256; \
2018-05-01 10:45:59.014705 +0000 build-centos: ..if [ -n "$SIGN_KEY" ]; then \
2018-05-01 10:45:59.014724 +0000 build-centos: ...RPMSIGN_OPTS="--key-id=$SIGN_KEY"; \
2018-05-01 10:45:59.014738 +0000 build-centos: ..fi; \
2018-05-01 10:45:59.014755 +0000 build-centos: ..setsid -w rpmsign "$RPMSIGN_OPTS" --addsign $FILE_LIST </dev/null ;\
2018-05-01 10:45:59.014768 +0000 build-centos: .fi; \
2018-05-01 10:45:59.014781 +0000 build-centos: fi
2018-05-01 10:45:59.030806 +0000 build-centos: + ERR_OUTPUT=/dev/stderr
2018-05-01 10:45:59.030847 +0000 build-centos: + '[' 2 -lt 2 ']'
2018-05-01 10:45:59.032147 +0000 build-centos: ++ basename qubes-src/app-linux-pdf-converter/rpm_spec/qpdf-converter.spec.in
2018-05-01 10:45:59.034328 +0000 build-centos: + [[ xqpdf-converter.spec.in == \x\.\i\n ]]
2018-05-01 10:45:59.034383 +0000 build-centos: + '[' -r qubes-src/app-linux-pdf-converter/rpm_spec/qpdf-converter.spec.in ']'
2018-05-01 10:45:59.034445 +0000 build-centos: + rpm -q --qf '%{NAME}-%{VERSION}.tar.gz\n' --specfile qubes-src/app-linux-pdf-converter/rpm_spec/qpdf-converter.spec
2018-05-01 10:45:59.070244 +0000 build-centos: warning: Macro %version defined but not used within scope
2018-05-01 10:45:59.076881 +0000 build-centos: cat: version: No such file or directory
2018-05-01 10:45:59.077137 +0000 build-centos: error: line 28: Empty tag: Version:
2018-05-01 10:45:59.077264 +0000 build-centos: error: query of specfile qubes-src/app-linux-pdf-converter/rpm_spec/qpdf-converter.spec failed, can't parse
2018-05-01 10:45:59.100281 +0000 build-centos: /home/user/builder-r3.2/qubes-src/builder-rpm/Makefile.rpmbuilder:164: target 'sign' does not exist
2018-05-01 10:45:59.100347 +0000 build-centos: cd qubes-src/app-linux-pdf-converter && for pkg in pkgs/centos7/x86_64/qubes-pdf-converter-2.1.3-1.centos7.x86_64.rpm ; do \
2018-05-01 10:45:59.100380 +0000 build-centos: .if ! rpm -K $pkg | grep -qi pgp; then \
2018-05-01 10:45:59.100453 +0000 build-centos: ..setsid -w rpmsign  --digest-algo=sha256 --key-id=7771FEAD4528AAC462E67DCA919E9536E37D7327 --addsign $pkg </dev/null || exit 1; \
2018-05-01 10:45:59.100478 +0000 build-centos: .fi; \
2018-05-01 10:45:59.100501 +0000 build-centos: done
2018-05-01 10:45:59.128396 +0000 build-centos: + ERR_OUTPUT=/dev/stderr
2018-05-01 10:45:59.128437 +0000 build-centos: + '[' 2 -lt 2 ']'
2018-05-01 10:45:59.129755 +0000 build-centos: ++ basename qubes-src/app-linux-pdf-converter/rpm_spec/qpdf-converter.spec.in
2018-05-01 10:45:59.132088 +0000 build-centos: + [[ xqpdf-converter.spec.in == \x\.\i\n ]]
2018-05-01 10:45:59.132147 +0000 build-centos: + '[' -r qubes-src/app-linux-pdf-converter/rpm_spec/qpdf-converter.spec.in ']'
2018-05-01 10:45:59.132266 +0000 build-centos: + rpm -q --qf '%{NAME}-%{VERSION}.tar.gz\n' --specfile qubes-src/app-linux-pdf-converter/rpm_spec/qpdf-converter.spec
2018-05-01 10:45:59.168149 +0000 build-centos: warning: Macro %version defined but not used within scope
2018-05-01 10:45:59.174736 +0000 build-centos: cat: version: No such file or directory
2018-05-01 10:45:59.175056 +0000 build-centos: error: line 28: Empty tag: Version:
2018-05-01 10:45:59.175186 +0000 build-centos: error: query of specfile qubes-src/app-linux-pdf-converter/rpm_spec/qpdf-converter.spec failed, can't parse
2018-05-01 10:45:59.936009 +0000 build-centos: pkgs/centos7/x86_64/qubes-pdf-converter-2.1.3-1.centos7.x86_64.rpm:
2018-05-01 10:45:59.938689 +0000 build-centos: Makefile:721: target 'internal-update-repo-current-testing.vm.centos7.app-linux-pdf-converter' does not exist
2018-05-01 10:45:59.938761 +0000 build-centos: repo_base_var="LINUX_REPO_centos7_BASEDIR"; \
2018-05-01 10:45:59.938799 +0000 build-centos: if [ -n "${!repo_base_var}" ]; then \
2018-05-01 10:45:59.938830 +0000 build-centos: .repo_basedir="${!repo_base_var}"; \
2018-05-01 10:45:59.938853 +0000 build-centos: else \
2018-05-01 10:45:59.938880 +0000 build-centos: .repo_basedir="qubes-src/linux-yum/r3.2"; \
2018-05-01 10:45:59.938902 +0000 build-centos: fi; \
2018-05-01 10:45:59.938929 +0000 build-centos: if [ -r qubes-src/app-linux-pdf-converter/Makefile.builder ]; then \
2018-05-01 10:45:59.938955 +0000 build-centos: .echo -n "Updating qubes-src/app-linux-pdf-converter... "; \
2018-05-01 10:45:59.938979 +0000 build-centos: .if [ "0" -eq 1 ]; then \
2018-05-01 10:45:59.939008 +0000 build-centos: ..vtag=`git -C qubes-src/app-linux-pdf-converter tag --points-at HEAD --list v*`; \
2018-05-01 10:45:59.939035 +0000 build-centos: ..if [ -z "$vtag" ]; then \
2018-05-01 10:45:59.939062 +0000 build-centos: ...echo ".[1m.[31mno version tag.(B.[m"; \
2018-05-01 10:45:59.939085 +0000 build-centos: ...exit 0; \
2018-05-01 10:45:59.939107 +0000 build-centos: ..fi; \
2018-05-01 10:45:59.939127 +0000 build-centos: .fi; \
2018-05-01 10:45:59.939171 +0000 build-centos: .component_packages=$(MAKEFLAGS= make -s -f Makefile.generic DIST=centos7 PACKAGE_SET=vm COMPONENT=`basename qubes-src/app-linux-pdf-converter` UPDATE_REPO=/home/user/builder-r3.2/$repo_basedir/current-testing/vm/centos7 get-var GET_VAR=PACKAGE_LIST); \
2018-05-01 10:45:59.939197 +0000 build-centos: .if [ -z "$component_packages" ]; then \
2018-05-01 10:45:59.939221 +0000 build-centos: ..echo "no packages."; \
2018-05-01 10:45:59.939242 +0000 build-centos: ..exit 0; \
2018-05-01 10:45:59.939282 +0000 build-centos: .fi; \
2018-05-01 10:45:59.939308 +0000 build-centos: .make -s -f Makefile.generic DIST=centos7 PACKAGE_SET=vm \
2018-05-01 10:45:59.939335 +0000 build-centos: ..COMPONENT=`basename qubes-src/app-linux-pdf-converter` \
2018-05-01 10:45:59.939360 +0000 build-centos: ..SNAPSHOT_REPO=current-testing \
2018-05-01 10:45:59.939382 +0000 build-centos: ..TARGET_REPO=current-testing \
2018-05-01 10:45:59.939466 +0000 build-centos: ..UPDATE_REPO=/home/user/builder-r3.2/$repo_basedir/current-testing/vm/centos7 \
2018-05-01 10:45:59.939502 +0000 build-centos: ..SNAPSHOT_FILE=/home/user/builder-r3.2/repo-latest-snapshot/current-testing-vm-centos7-`basename qubes-src/app-linux-pdf-converter` \
2018-05-01 10:45:59.939532 +0000 build-centos: ..BUILD_LOG_URL=https://github.com/QubesOS/build-logs/tree/master/build-centos/log_2018-05-01_10-45-30 \
2018-05-01 10:45:59.939556 +0000 build-centos: ..update-repo || exit 1; \
2018-05-01 10:45:59.939584 +0000 build-centos: elif make -C qubes-src/app-linux-pdf-converter -n update-repo-current-testing >/dev/null 2>/dev/null; then \
2018-05-01 10:45:59.939610 +0000 build-centos: .echo "Updating qubes-src/app-linux-pdf-converter... "; \
2018-05-01 10:45:59.939638 +0000 build-centos: .make -s -C qubes-src/app-linux-pdf-converter update-repo-current-testing || exit 1; \
2018-05-01 10:45:59.939659 +0000 build-centos: else \
2018-05-01 10:45:59.939684 +0000 build-centos: .echo -n "Updating qubes-src/app-linux-pdf-converter... skipping."; \
2018-05-01 10:45:59.939705 +0000 build-centos: fi; \
2018-05-01 10:45:59.939726 +0000 build-centos: echo
2018-05-01 10:45:59.962234 +0000 build-centos: Updating qubes-src/app-linux-pdf-converter... + ERR_OUTPUT=/dev/stderr
2018-05-01 10:45:59.962284 +0000 build-centos: + '[' 2 -lt 2 ']'
2018-05-01 10:45:59.963810 +0000 build-centos: ++ basename qubes-src/app-linux-pdf-converter/rpm_spec/qpdf-converter.spec.in
2018-05-01 10:45:59.965885 +0000 build-centos: + [[ xqpdf-converter.spec.in == \x\.\i\n ]]
2018-05-01 10:45:59.965974 +0000 build-centos: + '[' -r qubes-src/app-linux-pdf-converter/rpm_spec/qpdf-converter.spec.in ']'
2018-05-01 10:45:59.966023 +0000 build-centos: + rpm -q --qf '%{NAME}-%{VERSION}.tar.gz\n' --specfile qubes-src/app-linux-pdf-converter/rpm_spec/qpdf-converter.spec
2018-05-01 10:46:00.002225 +0000 build-centos: warning: Macro %version defined but not used within scope
2018-05-01 10:46:00.008705 +0000 build-centos: cat: version: No such file or directory
2018-05-01 10:46:00.008936 +0000 build-centos: error: line 28: Empty tag: Version:
2018-05-01 10:46:00.009065 +0000 build-centos: error: query of specfile qubes-src/app-linux-pdf-converter/rpm_spec/qpdf-converter.spec failed, can't parse
2018-05-01 10:46:00.024461 +0000 build-centos: + ERR_OUTPUT=/dev/stderr
2018-05-01 10:46:00.024502 +0000 build-centos: + '[' 2 -lt 2 ']'
2018-05-01 10:46:00.025854 +0000 build-centos: ++ basename qubes-src/app-linux-pdf-converter/rpm_spec/qpdf-converter.spec.in
2018-05-01 10:46:00.028128 +0000 build-centos: + [[ xqpdf-converter.spec.in == \x\.\i\n ]]
2018-05-01 10:46:00.028187 +0000 build-centos: + '[' -r qubes-src/app-linux-pdf-converter/rpm_spec/qpdf-converter.spec.in ']'
2018-05-01 10:46:00.028224 +0000 build-centos: + rpm -q --qf '%{NAME}-%{VERSION}.tar.gz\n' --specfile qubes-src/app-linux-pdf-converter/rpm_spec/qpdf-converter.spec
2018-05-01 10:46:00.064044 +0000 build-centos: warning: Macro %version defined but not used within scope
2018-05-01 10:46:00.070654 +0000 build-centos: cat: version: No such file or directory
2018-05-01 10:46:00.070920 +0000 build-centos: error: line 28: Empty tag: Version:
2018-05-01 10:46:00.071036 +0000 build-centos: error: query of specfile qubes-src/app-linux-pdf-converter/rpm_spec/qpdf-converter.spec failed, can't parse
2018-05-01 10:46:00.103305 +0000 build-centos: + ERR_OUTPUT=/dev/stderr
2018-05-01 10:46:00.103360 +0000 build-centos: + '[' 2 -lt 2 ']'
2018-05-01 10:46:00.104682 +0000 build-centos: ++ basename qubes-src/app-linux-pdf-converter/rpm_spec/qpdf-converter.spec.in
2018-05-01 10:46:00.106998 +0000 build-centos: + [[ xqpdf-converter.spec.in == \x\.\i\n ]]
2018-05-01 10:46:00.107088 +0000 build-centos: + '[' -r qubes-src/app-linux-pdf-converter/rpm_spec/qpdf-converter.spec.in ']'
2018-05-01 10:46:00.107154 +0000 build-centos: + rpm -q --qf '%{NAME}-%{VERSION}.tar.gz\n' --specfile qubes-src/app-linux-pdf-converter/rpm_spec/qpdf-converter.spec
2018-05-01 10:46:00.143180 +0000 build-centos: warning: Macro %version defined but not used within scope
2018-05-01 10:46:00.149787 +0000 build-centos: cat: version: No such file or directory
2018-05-01 10:46:00.150085 +0000 build-centos: error: line 28: Empty tag: Version:
2018-05-01 10:46:00.150233 +0000 build-centos: error: query of specfile qubes-src/app-linux-pdf-converter/rpm_spec/qpdf-converter.spec failed, can't parse
2018-05-01 10:46:00.191068 +0000 build-centos: /home/user/builder-r3.2/qubes-src/builder-rpm/Makefile.rpmbuilder:140: target 'update-repo-do' does not exist
2018-05-01 10:46:00.191130 +0000 build-centos: mkdir -p /home/user/builder-r3.2/qubes-src/linux-yum/r3.2/current-testing/vm/centos7/rpm
2018-05-01 10:46:00.219326 +0000 build-centos: + ERR_OUTPUT=/dev/stderr
2018-05-01 10:46:00.219368 +0000 build-centos: + '[' 2 -lt 2 ']'
2018-05-01 10:46:00.220731 +0000 build-centos: ++ basename qubes-src/app-linux-pdf-converter/rpm_spec/qpdf-converter.spec.in
2018-05-01 10:46:00.222948 +0000 build-centos: + [[ xqpdf-converter.spec.in == \x\.\i\n ]]
2018-05-01 10:46:00.223040 +0000 build-centos: + '[' -r qubes-src/app-linux-pdf-converter/rpm_spec/qpdf-converter.spec.in ']'
2018-05-01 10:46:00.223095 +0000 build-centos: + rpm -q --qf '%{NAME}-%{VERSION}.tar.gz\n' --specfile qubes-src/app-linux-pdf-converter/rpm_spec/qpdf-converter.spec
2018-05-01 10:46:00.258818 +0000 build-centos: warning: Macro %version defined but not used within scope
2018-05-01 10:46:00.265311 +0000 build-centos: cat: version: No such file or directory
2018-05-01 10:46:00.265525 +0000 build-centos: error: line 28: Empty tag: Version:
2018-05-01 10:46:00.265650 +0000 build-centos: error: query of specfile qubes-src/app-linux-pdf-converter/rpm_spec/qpdf-converter.spec failed, can't parse
2018-05-01 10:46:00.277625 +0000 build-centos: cd qubes-src/app-linux-pdf-converter && ln -f pkgs/centos7/x86_64/qubes-pdf-converter-2.1.3-1.centos7.x86_64.rpm  /home/user/builder-r3.2/qubes-src/linux-yum/r3.2/current-testing/vm/centos7/rpm/
2018-05-01 10:46:00.282859 +0000 build-centos: cd qubes-src/app-linux-pdf-converter && echo pkgs/centos7/x86_64/qubes-pdf-converter-2.1.3-1.centos7.x86_64.rpm  > /home/user/builder-r3.2/repo-latest-snapshot/current-testing-vm-centos7-app-linux-pdf-converter
2018-05-01 10:46:00.344432 +0000 build-centos: /home/user/builder-r3.2/qubes-src/builder-github//Makefile.github:21: target 'notify-github' does not exist
2018-05-01 10:46:00.344494 +0000 build-centos: [ -z "qubes-pdf-converter-2.1.3-1.centos7" ] || /home/user/builder-r3.2/qubes-src/builder-github//notify-issues \
2018-05-01 10:46:00.344520 +0000 build-centos: .--build-log="https://github.com/QubesOS/build-logs/tree/master/build-centos/log_2018-05-01_10-45-30" \
2018-05-01 10:46:00.344536 +0000 build-centos: ."r3.2" \
2018-05-01 10:46:00.344551 +0000 build-centos: ."current-testing" \
2018-05-01 10:46:00.344567 +0000 build-centos: ."qubes-src/app-linux-pdf-converter" \
2018-05-01 10:46:00.344583 +0000 build-centos: ."qubes-pdf-converter-2.1.3-1.centos7" \
2018-05-01 10:46:00.344596 +0000 build-centos: ."centos7" \
2018-05-01 10:46:00.344609 +0000 build-centos: ."vm" \
2018-05-01 10:46:00.344626 +0000 build-centos: ."/home/user/github-notify-state/r3.2-app-linux-pdf-converter-vm-centos7-current-testing"
2018-05-01 10:46:00.396454 +0000 build-centos: + ERR_OUTPUT=/dev/stderr
2018-05-01 10:46:00.396495 +0000 build-centos: + '[' 2 -lt 2 ']'
2018-05-01 10:46:00.397841 +0000 build-centos: ++ basename qubes-src/app-linux-pdf-converter/rpm_spec/qpdf-converter.spec.in
2018-05-01 10:46:00.400176 +0000 build-centos: + [[ xqpdf-converter.spec.in == \x\.\i\n ]]
2018-05-01 10:46:00.400257 +0000 build-centos: + '[' -r qubes-src/app-linux-pdf-converter/rpm_spec/qpdf-converter.spec.in ']'
2018-05-01 10:46:00.400299 +0000 build-centos: + rpm -q --qf '%{NAME}-%{VERSION}.tar.gz\n' --specfile qubes-src/app-linux-pdf-converter/rpm_spec/qpdf-converter.spec
2018-05-01 10:46:00.436262 +0000 build-centos: warning: Macro %version defined but not used within scope
2018-05-01 10:46:00.442788 +0000 build-centos: cat: version: No such file or directory
2018-05-01 10:46:00.443074 +0000 build-centos: error: line 28: Empty tag: Version:
2018-05-01 10:46:00.443181 +0000 build-centos: error: query of specfile qubes-src/app-linux-pdf-converter/rpm_spec/qpdf-converter.spec failed, can't parse
2018-05-01 10:46:05.139248 +0000 build-centos: WARNING: /home/user/github-notify-state/r3.2-app-linux-pdf-converter-vm-centos7-current-testing does not exist, initializing with the current state
2018-05-01 10:46:05.143522 +0000 build-centos: 
2018-05-01 10:46:05.143874 +0000 build-centos: Makefile:702: update target 'internal-update-repo-current-testing.vm.centos7' due to: internal-update-repo-current-testing.vm.centos7.app-linux-pdf-converter
2018-05-01 10:46:05.143909 +0000 build-centos: true
2018-05-01 10:46:05.147287 +0000 build-centos: Makefile:764: target 'post-update-repo-current-testing' does not exist
2018-05-01 10:46:05.147324 +0000 build-centos: for dist in  centos7; do \
2018-05-01 10:46:05.147354 +0000 build-centos: .repo_base_var="LINUX_REPO_${dist}_BASEDIR"; \
2018-05-01 10:46:05.147374 +0000 build-centos: .if [ -n "${!repo_base_var}" ]; then \
2018-05-01 10:46:05.147390 +0000 build-centos: ..repo_basedir="${!repo_base_var}"; \
2018-05-01 10:46:05.147435 +0000 build-centos: .else \
2018-05-01 10:46:05.147451 +0000 build-centos: ..repo_basedir="qubes-src/linux-yum/r3.2"; \
2018-05-01 10:46:05.147465 +0000 build-centos: .fi; \
2018-05-01 10:46:05.147480 +0000 build-centos: .repos_to_update="$repos_to_update $repo_basedir"; \
2018-05-01 10:46:05.147493 +0000 build-centos: done; \
2018-05-01 10:46:05.147508 +0000 build-centos: for repo in `echo $repos_to_update|tr ' ' '\n'|sort|uniq`; do \
2018-05-01 10:46:05.147522 +0000 build-centos: .[ -z "$repo" ] && continue; \
2018-05-01 10:46:05.147538 +0000 build-centos: .(cd $repo/.. && ./update_repo-current-testing.sh `basename $repo`); \
2018-05-01 10:46:05.147550 +0000 build-centos: done
2018-05-01 10:46:05.172343 +0000 build-centos: --> Processing repo: r3.2/current-testing/dom0/fc20...
2018-05-01 10:46:05.681932 +0000 build-centos: --> Processing repo: r3.2/current-testing/dom0/fc23...
2018-05-01 10:46:06.140333 +0000 build-centos: --> Processing repo: r3.2/current-testing/vm/centos7...
2018-05-01 10:46:07.328418 +0000 build-centos: --> Processing repo: r3.2/current-testing/vm/fc22...
2018-05-01 10:46:07.798574 +0000 build-centos: --> Processing repo: r3.2/current-testing/vm/fc23...
2018-05-01 10:46:08.216603 +0000 build-centos: --> Processing repo: r3.2/current-testing/vm/fc24...
2018-05-01 10:46:08.677585 +0000 build-centos: --> Processing repo: r3.2/current-testing/vm/fc25...
2018-05-01 10:46:09.119267 +0000 build-centos: --> Processing repo: r3.2/current-testing/vm/fc26...
2018-05-01 10:46:09.539585 +0000 build-centos: Done.
2018-05-01 10:46:09.550269 +0000 build-centos: ~/builder-r3.2/qubes-src/linux-yum ~/builder-r3.2/qubes-src/linux-yum
2018-05-01 10:46:09.553799 +0000 build-centos: Syncing r3.2...
2018-05-01 10:46:10.643892 +0000 build-centos: sending incremental file list
2018-05-01 10:46:10.719540 +0000 build-centos: rsync: failed to set times on "/pub/qubes/repo/yum/r3.2/current-testing": Operation not permitted (1)
2018-05-01 10:46:10.719794 +0000 build-centos: rsync: failed to set times on "/pub/qubes/repo/yum/r3.2/current-testing/dom0": Operation not permitted (1)
2018-05-01 10:46:10.719945 +0000 build-centos: rsync: failed to set times on "/pub/qubes/repo/yum/r3.2/current-testing/dom0/fc20": Operation not permitted (1)
2018-05-01 10:46:10.721193 +0000 build-centos: rsync: failed to set times on "/pub/qubes/repo/yum/r3.2/current-testing/dom0/fc20/rpm": Operation not permitted (1)
2018-05-01 10:46:10.721474 +0000 build-centos: rsync: failed to set times on "/pub/qubes/repo/yum/r3.2/current-testing/dom0/fc23": Operation not permitted (1)
2018-05-01 10:46:10.721634 +0000 build-centos: rsync: failed to set times on "/pub/qubes/repo/yum/r3.2/current-testing/dom0/fc23/rpm": Operation not permitted (1)
2018-05-01 10:46:10.721774 +0000 build-centos: rsync: failed to set times on "/pub/qubes/repo/yum/r3.2/current-testing/vm": Operation not permitted (1)
2018-05-01 10:46:10.721922 +0000 build-centos: rsync: failed to set times on "/pub/qubes/repo/yum/r3.2/current-testing/vm/fc22": Operation not permitted (1)
2018-05-01 10:46:10.722072 +0000 build-centos: rsync: failed to set times on "/pub/qubes/repo/yum/r3.2/current-testing/vm/fc22/rpm": Operation not permitted (1)
2018-05-01 10:46:10.722210 +0000 build-centos: rsync: failed to set times on "/pub/qubes/repo/yum/r3.2/current-testing/vm/fc23": Operation not permitted (1)
2018-05-01 10:46:10.722341 +0000 build-centos: rsync: failed to set times on "/pub/qubes/repo/yum/r3.2/current-testing/vm/fc23/rpm": Operation not permitted (1)
2018-05-01 10:46:10.722556 +0000 build-centos: rsync: failed to set times on "/pub/qubes/repo/yum/r3.2/current-testing/vm/fc24": Operation not permitted (1)
2018-05-01 10:46:10.722695 +0000 build-centos: rsync: failed to set times on "/pub/qubes/repo/yum/r3.2/current-testing/vm/fc24/rpm": Operation not permitted (1)
2018-05-01 10:46:10.722834 +0000 build-centos: rsync: failed to set times on "/pub/qubes/repo/yum/r3.2/current-testing/vm/fc25": Operation not permitted (1)
2018-05-01 10:46:10.722976 +0000 build-centos: rsync: failed to set times on "/pub/qubes/repo/yum/r3.2/current-testing/vm/fc25/rpm": Operation not permitted (1)
2018-05-01 10:46:10.723107 +0000 build-centos: rsync: failed to set times on "/pub/qubes/repo/yum/r3.2/current-testing/vm/fc26": Operation not permitted (1)
2018-05-01 10:46:10.723262 +0000 build-centos: rsync: failed to set times on "/pub/qubes/repo/yum/r3.2/current-testing/vm/fc26/comps.xml": Operation not permitted (1)
2018-05-01 10:46:10.723445 +0000 build-centos: rsync: failed to set times on "/pub/qubes/repo/yum/r3.2/current-testing/vm/fc26/rpm": Operation not permitted (1)
2018-05-01 10:46:10.723587 +0000 build-centos: rsync: failed to set times on "/pub/qubes/repo/yum/r3.2/current": Operation not permitted (1)
2018-05-01 10:46:10.723728 +0000 build-centos: rsync: failed to set times on "/pub/qubes/repo/yum/r3.2/current/dom0": Operation not permitted (1)
2018-05-01 10:46:10.723867 +0000 build-centos: rsync: failed to set times on "/pub/qubes/repo/yum/r3.2/current/dom0/fc20": Operation not permitted (1)
2018-05-01 10:46:10.724003 +0000 build-centos: rsync: failed to set times on "/pub/qubes/repo/yum/r3.2/current/dom0/fc20/rpm": Operation not permitted (1)
2018-05-01 10:46:10.724142 +0000 build-centos: rsync: failed to set times on "/pub/qubes/repo/yum/r3.2/current/dom0/fc23": Operation not permitted (1)
2018-05-01 10:46:10.724274 +0000 build-centos: rsync: failed to set times on "/pub/qubes/repo/yum/r3.2/current/dom0/fc23/rpm": Operation not permitted (1)
2018-05-01 10:46:10.724443 +0000 build-centos: rsync: failed to set times on "/pub/qubes/repo/yum/r3.2/current/vm": Operation not permitted (1)
2018-05-01 10:46:10.724934 +0000 build-centos: rsync: failed to set times on "/pub/qubes/repo/yum/r3.2/current/vm/fc22": Operation not permitted (1)
2018-05-01 10:46:10.725071 +0000 build-centos: rsync: failed to set times on "/pub/qubes/repo/yum/r3.2/current/vm/fc22/rpm": Operation not permitted (1)
2018-05-01 10:46:10.725205 +0000 build-centos: rsync: failed to set times on "/pub/qubes/repo/yum/r3.2/current/vm/fc23": Operation not permitted (1)
2018-05-01 10:46:10.725362 +0000 build-centos: rsync: failed to set times on "/pub/qubes/repo/yum/r3.2/current/vm/fc23/rpm": Operation not permitted (1)
2018-05-01 10:46:10.725575 +0000 build-centos: rsync: failed to set times on "/pub/qubes/repo/yum/r3.2/current/vm/fc24": Operation not permitted (1)
2018-05-01 10:46:10.725718 +0000 build-centos: rsync: failed to set times on "/pub/qubes/repo/yum/r3.2/current/vm/fc24/rpm": Operation not permitted (1)
2018-05-01 10:46:10.725911 +0000 build-centos: rsync: failed to set times on "/pub/qubes/repo/yum/r3.2/current/vm/fc25": Operation not permitted (1)
2018-05-01 10:46:10.725999 +0000 build-centos: rsync: failed to set times on "/pub/qubes/repo/yum/r3.2/current/vm/fc25/rpm": Operation not permitted (1)
2018-05-01 10:46:10.726075 +0000 build-centos: rsync: failed to set times on "/pub/qubes/repo/yum/r3.2/current/vm/fc26": Operation not permitted (1)
2018-05-01 10:46:10.726151 +0000 build-centos: rsync: failed to set times on "/pub/qubes/repo/yum/r3.2/current/vm/fc26/comps.xml": Operation not permitted (1)
2018-05-01 10:46:10.726226 +0000 build-centos: rsync: failed to set times on "/pub/qubes/repo/yum/r3.2/current/vm/fc26/rpm": Operation not permitted (1)
2018-05-01 10:46:10.726300 +0000 build-centos: rsync: failed to set times on "/pub/qubes/repo/yum/r3.2/security-testing": Operation not permitted (1)
2018-05-01 10:46:10.726464 +0000 build-centos: rsync: failed to set times on "/pub/qubes/repo/yum/r3.2/security-testing/dom0": Operation not permitted (1)
2018-05-01 10:46:10.726609 +0000 build-centos: rsync: failed to set times on "/pub/qubes/repo/yum/r3.2/security-testing/dom0/fc20": Operation not permitted (1)
2018-05-01 10:46:10.726703 +0000 build-centos: rsync: failed to set times on "/pub/qubes/repo/yum/r3.2/security-testing/dom0/fc20/rpm": Operation not permitted (1)
2018-05-01 10:46:10.726835 +0000 build-centos: rsync: failed to set times on "/pub/qubes/repo/yum/r3.2/security-testing/dom0/fc23": Operation not permitted (1)
2018-05-01 10:46:10.726938 +0000 build-centos: rsync: failed to set times on "/pub/qubes/repo/yum/r3.2/security-testing/dom0/fc23/rpm": Operation not permitted (1)
2018-05-01 10:46:10.727018 +0000 build-centos: rsync: failed to set times on "/pub/qubes/repo/yum/r3.2/security-testing/vm": Operation not permitted (1)
2018-05-01 10:46:10.727143 +0000 build-centos: rsync: failed to set times on "/pub/qubes/repo/yum/r3.2/security-testing/vm/fc22": Operation not permitted (1)
2018-05-01 10:46:10.727280 +0000 build-centos: rsync: failed to set times on "/pub/qubes/repo/yum/r3.2/security-testing/vm/fc22/rpm": Operation not permitted (1)
2018-05-01 10:46:10.727392 +0000 build-centos: rsync: failed to set times on "/pub/qubes/repo/yum/r3.2/security-testing/vm/fc23": Operation not permitted (1)
2018-05-01 10:46:10.727501 +0000 build-centos: .d..t...... current-testing/
2018-05-01 10:46:10.727565 +0000 build-centos: .d..t...... current-testing/dom0/
2018-05-01 10:46:10.727626 +0000 build-centos: .d..t...... current-testing/dom0/fc20/
2018-05-01 10:46:10.727689 +0000 build-centos: .d..t...... current-testing/dom0/fc20/rpm/
2018-05-01 10:46:10.727750 +0000 build-centos: .d..t...... current-testing/dom0/fc23/
2018-05-01 10:46:10.727811 +0000 build-centos: .d..t...... current-testing/dom0/fc23/rpm/
2018-05-01 10:46:10.727868 +0000 build-centos: .d..t...... current-testing/vm/
2018-05-01 10:46:10.727928 +0000 build-centos: .d..t...... current-testing/vm/centos7/
2018-05-01 10:46:10.727989 +0000 build-centos: .d..t...... current-testing/vm/centos7/rpm/
2018-05-01 10:46:10.728059 +0000 build-centos: <f+++++++++ current-testing/vm/centos7/rpm/qubes-pdf-converter-2.1.3-1.centos7.x86_64.rpm
2018-05-01 10:46:10.728140 +0000 build-centos: .         10,532 100%    0.00kB/s    0:00:00  .         10,532 100%    0.00kB/s    0:00:00 (xfr#1, to-chk=111/162)
2018-05-01 10:46:10.728202 +0000 build-centos: .d..t...... current-testing/vm/fc22/
2018-05-01 10:46:10.728262 +0000 build-centos: .d..t...... current-testing/vm/fc22/rpm/
2018-05-01 10:46:10.728321 +0000 build-centos: .d..t...... current-testing/vm/fc23/
2018-05-01 10:46:10.728379 +0000 build-centos: .d..t...... current-testing/vm/fc23/rpm/
2018-05-01 10:46:10.728481 +0000 build-centos: .d..t...... current-testing/vm/fc24/
2018-05-01 10:46:10.728542 +0000 build-centos: .d..t...... current-testing/vm/fc24/rpm/
2018-05-01 10:46:10.728601 +0000 build-centos: .d..t...... current-testing/vm/fc25/
2018-05-01 10:46:10.728692 +0000 build-centos: .d..t...... current-testing/vm/fc25/rpm/
2018-05-01 10:46:10.728795 +0000 build-centos: .d..t...... current-testing/vm/fc26/
2018-05-01 10:46:10.728884 +0000 build-centos: .L..t...... current-testing/vm/fc26/comps.xml -> ../../../comps-vm.xml
2018-05-01 10:46:10.728948 +0000 build-centos: .d..t...... current-testing/vm/fc26/rpm/
2018-05-01 10:46:10.729004 +0000 build-centos: .d..t...... current/
2018-05-01 10:46:10.729060 +0000 build-centos: .d..t...... current/dom0/
2018-05-01 10:46:10.729117 +0000 build-centos: .d..t...... current/dom0/fc20/
2018-05-01 10:46:10.729175 +0000 build-centos: .d..t...... current/dom0/fc20/rpm/
2018-05-01 10:46:10.729232 +0000 build-centos: .d..t...... current/dom0/fc23/
2018-05-01 10:46:10.729289 +0000 build-centos: .d..t...... current/dom0/fc23/rpm/
2018-05-01 10:46:10.729344 +0000 build-centos: .d..t...... current/vm/
2018-05-01 10:46:10.729438 +0000 build-centos: .d..t...... current/vm/centos7/
2018-05-01 10:46:10.729503 +0000 build-centos: .d..t...... current/vm/fc22/
2018-05-01 10:46:10.729561 +0000 build-centos: .d..t...... current/vm/fc22/rpm/
2018-05-01 10:46:10.729618 +0000 build-centos: .d..t...... current/vm/fc23/
2018-05-01 10:46:10.729674 +0000 build-centos: .d..t...... current/vm/fc23/rpm/
2018-05-01 10:46:10.729756 +0000 build-centos: .d..t...... current/vm/fc24/
2018-05-01 10:46:10.729824 +0000 build-centos: .d..t...... current/vm/fc24/rpm/
2018-05-01 10:46:10.729881 +0000 build-centos: .d..t...... current/vm/fc25/
2018-05-01 10:46:10.729938 +0000 build-centos: .d..t...... current/vm/fc25/rpm/
2018-05-01 10:46:10.729993 +0000 build-centos: .d..t...... current/vm/fc26/
2018-05-01 10:46:10.730056 +0000 build-centos: .L..t...... current/vm/fc26/comps.xml -> ../../../comps-vm.xml
2018-05-01 10:46:10.730114 +0000 build-centos: .d..t...... current/vm/fc26/rpm/
2018-05-01 10:46:10.730171 +0000 build-centos: .d..t...... security-testing/
2018-05-01 10:46:10.730228 +0000 build-centos: .d..t...... security-testing/dom0/
2018-05-01 10:46:10.730286 +0000 build-centos: .d..t...... security-testing/dom0/fc20/
2018-05-01 10:46:10.730346 +0000 build-centos: .d..t...... security-testing/dom0/fc20/rpm/
2018-05-01 10:46:10.730443 +0000 build-centos: .d..t...... security-testing/dom0/fc23/
2018-05-01 10:46:10.730509 +0000 build-centos: .d..t...... security-testing/dom0/fc23/rpm/
2018-05-01 10:46:10.730568 +0000 build-centos: .d..t...... security-testing/vm/
2018-05-01 10:46:10.730627 +0000 build-centos: .d..t...... security-testing/vm/centos7/
2018-05-01 10:46:10.730685 +0000 build-centos: .d..t...... security-testing/vm/fc22/
2018-05-01 10:46:10.730744 +0000 build-centos: .d..t...... security-testing/vm/fc22/rpm/
2018-05-01 10:46:10.730803 +0000 build-centos: .d..t...... security-testing/vm/fc23/
2018-05-01 10:46:10.730879 +0000 build-centos: rsync: failed to set times on "/pub/qubes/repo/yum/r3.2/security-testing/vm/fc23/rpm": Operation not permitted (1)
2018-05-01 10:46:10.730955 +0000 build-centos: rsync: failed to set times on "/pub/qubes/repo/yum/r3.2/security-testing/vm/fc24": Operation not permitted (1)
2018-05-01 10:46:10.731082 +0000 build-centos: rsync: failed to set times on "/pub/qubes/repo/yum/r3.2/security-testing/vm/fc24/rpm": Operation not permitted (1)
2018-05-01 10:46:10.731169 +0000 build-centos: rsync: failed to set times on "/pub/qubes/repo/yum/r3.2/security-testing/vm/fc25": Operation not permitted (1)
2018-05-01 10:46:10.731248 +0000 build-centos: rsync: failed to set times on "/pub/qubes/repo/yum/r3.2/security-testing/vm/fc25/rpm": Operation not permitted (1)
2018-05-01 10:46:10.731324 +0000 build-centos: rsync: failed to set times on "/pub/qubes/repo/yum/r3.2/security-testing/vm/fc26": Operation not permitted (1)
2018-05-01 10:46:10.731443 +0000 build-centos: rsync: failed to set times on "/pub/qubes/repo/yum/r3.2/security-testing/vm/fc26/comps.xml": Operation not permitted (1)
2018-05-01 10:46:10.731527 +0000 build-centos: rsync: failed to set times on "/pub/qubes/repo/yum/r3.2/security-testing/vm/fc26/rpm": Operation not permitted (1)
2018-05-01 10:46:10.731619 +0000 build-centos: .d..t...... security-testing/vm/fc23/rpm/
2018-05-01 10:46:10.731681 +0000 build-centos: .d..t...... security-testing/vm/fc24/
2018-05-01 10:46:10.731741 +0000 build-centos: .d..t...... security-testing/vm/fc24/rpm/
2018-05-01 10:46:10.731800 +0000 build-centos: .d..t...... security-testing/vm/fc25/
2018-05-01 10:46:10.731904 +0000 build-centos: .d..t...... security-testing/vm/fc25/rpm/
2018-05-01 10:46:10.732008 +0000 build-centos: .d..t...... security-testing/vm/fc26/
2018-05-01 10:46:10.732127 +0000 build-centos: .L..t...... security-testing/vm/fc26/comps.xml -> ../../../comps-vm.xml
2018-05-01 10:46:10.732234 +0000 build-centos: .d..t...... security-testing/vm/fc26/rpm/
2018-05-01 10:46:10.852671 +0000 build-centos: rsync error: some files/attrs were not transferred (see previous errors) (code 23) at main.c(1189) [sender=3.1.3]
2018-05-01 10:46:11.329256 +0000 build-centos: --> Processing repo: /pub/qubes/repo/yum/r3.2/current/dom0/fc20...
2018-05-01 10:46:11.534930 +0000 build-centos: Warning: Requested more delta workers than workers. This is insane. Limiting.
2018-05-01 10:46:12.104597 +0000 build-centos: --> Processing repo: /pub/qubes/repo/yum/r3.2/current/dom0/fc23...
2018-05-01 10:46:12.210221 +0000 build-centos: Warning: Requested more delta workers than workers. This is insane. Limiting.
2018-05-01 10:47:28.409588 +0000 build-centos: --> Processing repo: /pub/qubes/repo/yum/r3.2/current/vm/centos7...
2018-05-01 10:47:28.505523 +0000 build-centos: Warning: Requested more delta workers than workers. This is insane. Limiting.
2018-05-01 10:47:28.991953 +0000 build-centos: --> Processing repo: /pub/qubes/repo/yum/r3.2/current/vm/fc22...
2018-05-01 10:47:29.089667 +0000 build-centos: Warning: Requested more delta workers than workers. This is insane. Limiting.
2018-05-01 10:47:29.577892 +0000 build-centos: --> Processing repo: /pub/qubes/repo/yum/r3.2/current/vm/fc23...
2018-05-01 10:47:29.685276 +0000 build-centos: Warning: Requested more delta workers than workers. This is insane. Limiting.
2018-05-01 10:47:50.688817 +0000 build-centos: --> Processing repo: /pub/qubes/repo/yum/r3.2/current/vm/fc24...
2018-05-01 10:47:50.795468 +0000 build-centos: Warning: Requested more delta workers than workers. This is insane. Limiting.
2018-05-01 10:48:11.798859 +0000 build-centos: --> Processing repo: /pub/qubes/repo/yum/r3.2/current/vm/fc25...
2018-05-01 10:48:11.901009 +0000 build-centos: Warning: Requested more delta workers than workers. This is insane. Limiting.
2018-05-01 10:48:26.332592 +0000 build-centos: --> Processing repo: /pub/qubes/repo/yum/r3.2/current/vm/fc26...
2018-05-01 10:48:26.674862 +0000 build-centos: Warning: Requested more delta workers than workers. This is insane. Limiting.
2018-05-01 10:48:30.610604 +0000 build-centos: Done.
2018-05-01 10:48:30.795577 +0000 build-centos: --> Processing repo: /pub/qubes/repo/yum/r3.2/current-testing/dom0/fc20...
2018-05-01 10:48:30.895911 +0000 build-centos: Warning: Requested more delta workers than workers. This is insane. Limiting.
2018-05-01 10:48:31.426170 +0000 build-centos: --> Processing repo: /pub/qubes/repo/yum/r3.2/current-testing/dom0/fc23...
2018-05-01 10:48:31.536622 +0000 build-centos: Warning: Requested more delta workers than workers. This is insane. Limiting.
2018-05-01 10:51:20.183840 +0000 build-centos: --> Processing repo: /pub/qubes/repo/yum/r3.2/current-testing/vm/centos7...
2018-05-01 10:51:20.356451 +0000 build-centos: Warning: Requested more delta workers than workers. This is insane. Limiting.
2018-05-01 10:51:24.039544 +0000 build-centos: --> Processing repo: /pub/qubes/repo/yum/r3.2/current-testing/vm/fc22...
2018-05-01 10:51:24.153268 +0000 build-centos: Warning: Requested more delta workers than workers. This is insane. Limiting.
2018-05-01 10:51:24.715023 +0000 build-centos: --> Processing repo: /pub/qubes/repo/yum/r3.2/current-testing/vm/fc23...
2018-05-01 10:51:24.967016 +0000 build-centos: Warning: Requested more delta workers than workers. This is insane. Limiting.
2018-05-01 10:52:03.808021 +0000 build-centos: --> Processing repo: /pub/qubes/repo/yum/r3.2/current-testing/vm/fc24...
2018-05-01 10:52:04.056000 +0000 build-centos: Warning: Requested more delta workers than workers. This is insane. Limiting.
2018-05-01 10:52:40.709799 +0000 build-centos: --> Processing repo: /pub/qubes/repo/yum/r3.2/current-testing/vm/fc25...
2018-05-01 10:52:40.876901 +0000 build-centos: Warning: Requested more delta workers than workers. This is insane. Limiting.
2018-05-01 10:53:02.878547 +0000 build-centos: --> Processing repo: /pub/qubes/repo/yum/r3.2/current-testing/vm/fc26...
2018-05-01 10:53:03.020838 +0000 build-centos: Warning: Requested more delta workers than workers. This is insane. Limiting.
2018-05-01 10:53:10.451542 +0000 build-centos: Done.
2018-05-01 10:53:10.663546 +0000 build-centos: --> Processing repo: /pub/qubes/repo/yum/r3.2/security-testing/dom0/fc20...
2018-05-01 10:53:10.758802 +0000 build-centos: Warning: Requested more delta workers than workers. This is insane. Limiting.
2018-05-01 10:53:11.258987 +0000 build-centos: --> Processing repo: /pub/qubes/repo/yum/r3.2/security-testing/dom0/fc23...
2018-05-01 10:53:11.361879 +0000 build-centos: Warning: Requested more delta workers than workers. This is insane. Limiting.
2018-05-01 10:53:32.462798 +0000 build-centos: --> Processing repo: /pub/qubes/repo/yum/r3.2/security-testing/vm/centos7...
2018-05-01 10:53:32.565750 +0000 build-centos: Warning: Requested more delta workers than workers. This is insane. Limiting.
2018-05-01 10:53:33.075140 +0000 build-centos: --> Processing repo: /pub/qubes/repo/yum/r3.2/security-testing/vm/fc22...
2018-05-01 10:53:33.171024 +0000 build-centos: Warning: Requested more delta workers than workers. This is insane. Limiting.
2018-05-01 10:53:34.231627 +0000 build-centos: --> Processing repo: /pub/qubes/repo/yum/r3.2/security-testing/vm/fc23...
2018-05-01 10:53:34.360675 +0000 build-centos: Warning: Requested more delta workers than workers. This is insane. Limiting.
2018-05-01 10:53:45.394598 +0000 build-centos: --> Processing repo: /pub/qubes/repo/yum/r3.2/security-testing/vm/fc24...
2018-05-01 10:53:45.497326 +0000 build-centos: Warning: Requested more delta workers than workers. This is insane. Limiting.
2018-05-01 10:53:56.590771 +0000 build-centos: --> Processing repo: /pub/qubes/repo/yum/r3.2/security-testing/vm/fc25...
2018-05-01 10:53:56.695797 +0000 build-centos: Warning: Requested more delta workers than workers. This is insane. Limiting.
2018-05-01 10:54:07.806233 +0000 build-centos: --> Processing repo: /pub/qubes/repo/yum/r3.2/security-testing/vm/fc26...
2018-05-01 10:54:07.923810 +0000 build-centos: Warning: Requested more delta workers than workers. This is insane. Limiting.
2018-05-01 10:54:12.734540 +0000 build-centos: Done.
2018-05-01 10:54:12.740776 +0000 build-centos: ~/builder-r3.2/qubes-src/linux-yum
2018-05-01 10:54:12.746946 +0000 build-centos: Makefile:689: update target 'update-repo-current-testing' due to: internal-update-repo-current-testing.vm.centos7 post-update-repo-current-testing
2018-05-01 10:54:12.747085 +0000 build-centos: true
2018-05-01 10:54:12.763013 +0000 build-centos: > done
2018-05-01 10:55:12.742492 +0000 > closing log
