2018-05-01 11:16:01.689761 +0000 > starting log
2018-05-01 11:16:01.691077 +0000 build-centos: > starting build with log
2018-05-01 11:16:01.691119 +0000 build-centos: >> make args: DISTS_VM= centos7 DIST_DOM0= BUILD_LOGS_URL= app-linux-usb-proxy-vm-centos7=https://github.com/QubesOS/build-logs/tree/master/build-centos/log_2018-05-01_11-15-31 GIT_URL_app_linux_usb_proxy=https://github.com/QubesOS/qubes-app-linux-usb-proxy sign-all update-repo-current-testing
2018-05-01 11:16:01.691139 +0000 build-centos: >> MAKEFLAGS=
2018-05-01 11:16:01.691155 +0000 build-centos: >> COMPONENTS=app-linux-usb-proxy
2018-05-01 11:16:01.691169 +0000 build-centos: >> DISTS_VM=
2018-05-01 11:16:01.691182 +0000 build-centos: >> DIST_DOM0=
2018-05-01 11:16:01.691197 +0000 build-centos: >> qubes-builder 0bc5e662e9738136d6482e44c083a8f215c58ceb
2018-05-01 11:16:01.691214 +0000 build-centos: >> qubes-builder/qubes-src/app-linux-usb-proxy 8ed6397f6ed176b63dff7412ce0a366ab0e09c60
2018-05-01 11:16:01.691230 +0000 build-centos: !! pkgs/centos7/noarch/qubes-usb-proxy-1.0.17-1.centos7.noarch.rpm
2018-05-01 11:16:01.691245 +0000 build-centos: !! pkgs/centos7/qubes-usb-proxy.spec.list
2018-05-01 11:16:01.691268 +0000 build-centos: c12bb10e1dd28c1543e3a40df78a49018f4803807af29f921254191f66daf25c1d86bfa14a5c3be8046516aa09483b3a48feae25db2c6accc02d828d9e8c9d75  pkgs/centos7/noarch/qubes-usb-proxy-1.0.17-1.centos7.noarch.rpm
2018-05-01 11:16:01.691291 +0000 build-centos: 661991f0c6a25f77924c7740e0d605a8a3b7508494b6b37ee8510974adb1b59cd4c440c7bf2630a9cad8f5cb25399d0dcb9e98cee99cc072f6aaa9e890b844fb  pkgs/centos7/qubes-usb-proxy.spec.list
2018-05-01 11:16:01.691308 +0000 build-centos: ================================================================================
2018-05-01 11:16:01.691325 +0000 build-centos:                            B U I L D   I N F O                                  
2018-05-01 11:16:01.691341 +0000 build-centos: Items in red indicate it was automatically generated by configuration file(s)
2018-05-01 11:16:01.691357 +0000 build-centos: Items in white indicate it was automatically removed by configuration file(s)
2018-05-01 11:16:01.691374 +0000 build-centos: ================================================================================
2018-05-01 11:16:01.691387 +0000 build-centos: DISTS_VM:
2018-05-01 11:16:01.691452 +0000 build-centos:      centos7,
2018-05-01 11:16:01.691466 +0000 build-centos: DISTS_ALL:
2018-05-01 11:16:01.691480 +0000 build-centos:      centos7,
2018-05-01 11:16:01.691493 +0000 build-centos: DIST_DOM0:
2018-05-01 11:16:01.691505 +0000 build-centos:     
2018-05-01 11:16:01.691518 +0000 build-centos: BUILDER_PLUGINS:
2018-05-01 11:16:01.691533 +0000 build-centos:      builder-rpm, mgmt-salt, mgmt-salt, builder-github,
2018-05-01 11:16:01.691547 +0000 build-centos: COMPONENTS:
2018-05-01 11:16:01.691560 +0000 build-centos:      app-linux-usb-proxy,
2018-05-01 11:16:01.691573 +0000 build-centos: GIT_REPOS:
2018-05-01 11:16:01.691587 +0000 build-centos:      qubes-src/app-linux-usb-proxy,
2018-05-01 11:16:01.691600 +0000 build-centos: TEMPLATE:
2018-05-01 11:16:01.691613 +0000 build-centos:     
2018-05-01 11:16:01.691626 +0000 build-centos: TEMPLATE_FLAVOR_DIR:
2018-05-01 11:16:01.691638 +0000 build-centos:     
2018-05-01 11:16:01.691651 +0000 build-centos: TEMPLATE_ALIAS:
2018-05-01 11:16:01.691669 +0000 build-centos:      jessie:jessie+standard, jessie+gnome:jessie+gnome+standard, jessie+minimal:jessie+minimal+no-recommends,
2018-05-01 11:16:01.691685 +0000 build-centos:      stretch:stretch+standard, stretch+gnome:stretch+gnome+standard,
2018-05-01 11:16:01.691702 +0000 build-centos:      stretch+minimal:stretch+minimal+no-recommends,
2018-05-01 11:16:01.691716 +0000 build-centos: TEMPLATE_LABEL:
2018-05-01 11:16:01.691734 +0000 build-centos:      centos7:centos-7, fc20:fedora-20 fc21:fedora-21 fc22:fedora-22 fc23:fedora-23 fc24:fedora-24 fc25:fedora-25
2018-05-01 11:16:01.691752 +0000 build-centos:      fc26:fedora-26 fc20+minimal:fedora-20-minimal fc21+minimal:fedora-21-minimal fc23+minimal:fedora-23-minimal
2018-05-01 11:16:01.691770 +0000 build-centos:      fc24+minimal:fedora-24-minimal fc25+minimal:fedora-25-minimal fc26+minimal:fedora-26-minimal
2018-05-01 11:16:01.691799 +0000 build-centos:      fc25+xfce:fedora-25-xfce fc26+xfce:fedora-26-xfce wheezy:debian-7 wheezy+standard:debian-7 jessie:debian-8
2018-05-01 11:16:01.691818 +0000 build-centos:      jessie+standard:debian-8 stretch:debian-9 stretch+standard:debian-9 centos7+minimal:centos-7-minimal
2018-05-01 11:16:01.722209 +0000 build-centos: > running make
2018-05-01 11:16:01.758458 +0000 build-centos: Makefile:250: target 'sign-vm-centos7-app-linux-usb-proxy' does not exist
2018-05-01 11:16:01.758526 +0000 build-centos: if [ -n "app-linux-usb-proxy" -a "0" -ne 0 ]; then BRANCH=release3.2; branch_var="BRANCH_app_linux_usb_proxy"; [ -n "${!branch_var}" ] && BRANCH="${!branch_var}"; pushd qubes-src/app-linux-usb-proxy > /dev/null; CURRENT_BRANCH=`git symbolic-ref --short HEAD 2>/dev/null || git describe --tags --exact-match HEAD`; if [ "$BRANCH" != "$CURRENT_BRANCH" ]; then echo "-> ERROR: Wrong branch $branch_var=$CURRENT_BRANCH (expected $BRANCH)"; exit 1; fi; popd > /dev/null; fi
2018-05-01 11:16:01.758550 +0000 build-centos: SIGN_KEY=7771FEAD4528AAC462E67DCA919E9536E37D7327; \
2018-05-01 11:16:01.758567 +0000 build-centos: sign_key_var="SIGN_KEY_centos7"; \
2018-05-01 11:16:01.758583 +0000 build-centos: [ -n "${!sign_key_var}" ] && SIGN_KEY="${!sign_key_var}"; \
2018-05-01 11:16:01.758600 +0000 build-centos: if [ -r qubes-src/app-linux-usb-proxy/Makefile.builder ]; then \
2018-05-01 11:16:01.758616 +0000 build-centos: .make --no-print-directory -f Makefile.generic \
2018-05-01 11:16:01.758629 +0000 build-centos: ..DIST=centos7 \
2018-05-01 11:16:01.758643 +0000 build-centos: ..PACKAGE_SET=vm \
2018-05-01 11:16:01.758657 +0000 build-centos: ..COMPONENT=app-linux-usb-proxy \
2018-05-01 11:16:01.758671 +0000 build-centos: ..SIGN_KEY=$SIGN_KEY \
2018-05-01 11:16:01.758684 +0000 build-centos: ..sign || exit 1; \
2018-05-01 11:16:01.758701 +0000 build-centos: elif [ -d qubes-src/app-linux-usb-proxy/rpm ]; then \
2018-05-01 11:16:01.758717 +0000 build-centos: .# Old mechanism supported only for RPM
2018-05-01 11:16:01.758733 +0000 build-centos: FILE_LIST=""; for RPM in qubes-src/app-linux-usb-proxy/rpm/*/*.rpm; do \
2018-05-01 11:16:01.758749 +0000 build-centos: ..if ! qubes-src/installer-qubes-os/rpm_verify $RPM > /dev/null; then \
2018-05-01 11:16:01.758764 +0000 build-centos: ...FILE_LIST="$FILE_LIST $RPM" ;\
2018-05-01 11:16:01.758777 +0000 build-centos: ..fi ;\
2018-05-01 11:16:01.758790 +0000 build-centos: .done ; \
2018-05-01 11:16:01.758805 +0000 build-centos: .if [ -n "$FILE_LIST" ]; then \
2018-05-01 11:16:01.758819 +0000 build-centos: ..echo "--> Signing..."; \
2018-05-01 11:16:01.758834 +0000 build-centos: ..RPMSIGN_OPTS=--digest-algo=sha256; \
2018-05-01 11:16:01.758848 +0000 build-centos: ..if [ -n "$SIGN_KEY" ]; then \
2018-05-01 11:16:01.758862 +0000 build-centos: ...RPMSIGN_OPTS="--key-id=$SIGN_KEY"; \
2018-05-01 11:16:01.758875 +0000 build-centos: ..fi; \
2018-05-01 11:16:01.758892 +0000 build-centos: ..setsid -w rpmsign "$RPMSIGN_OPTS" --addsign $FILE_LIST </dev/null ;\
2018-05-01 11:16:01.758904 +0000 build-centos: .fi; \
2018-05-01 11:16:01.758917 +0000 build-centos: fi
2018-05-01 11:16:01.775899 +0000 build-centos: + ERR_OUTPUT=/dev/stderr
2018-05-01 11:16:01.775940 +0000 build-centos: + '[' 2 -lt 2 ']'
2018-05-01 11:16:01.777250 +0000 build-centos: ++ basename qubes-src/app-linux-usb-proxy/rpm_spec/qubes-usb-proxy.spec.in
2018-05-01 11:16:01.779505 +0000 build-centos: + [[ xqubes-usb-proxy.spec.in == \x\.\i\n ]]
2018-05-01 11:16:01.779580 +0000 build-centos: + '[' -r qubes-src/app-linux-usb-proxy/rpm_spec/qubes-usb-proxy.spec.in ']'
2018-05-01 11:16:01.779642 +0000 build-centos: + rpm -q --qf '%{NAME}-%{VERSION}.tar.gz\n' --specfile qubes-src/app-linux-usb-proxy/rpm_spec/qubes-usb-proxy.spec
2018-05-01 11:16:01.815409 +0000 build-centos: warning: Macro %version defined but not used within scope
2018-05-01 11:16:01.821915 +0000 build-centos: cat: version: No such file or directory
2018-05-01 11:16:01.822182 +0000 build-centos: error: line 7: Empty tag: Version:
2018-05-01 11:16:01.822274 +0000 build-centos: error: query of specfile qubes-src/app-linux-usb-proxy/rpm_spec/qubes-usb-proxy.spec failed, can't parse
2018-05-01 11:16:01.844797 +0000 build-centos: /home/user/builder-r3.2/qubes-src/builder-rpm/Makefile.rpmbuilder:164: target 'sign' does not exist
2018-05-01 11:16:01.844845 +0000 build-centos: cd qubes-src/app-linux-usb-proxy && for pkg in pkgs/centos7/noarch/qubes-usb-proxy-1.0.17-1.centos7.noarch.rpm ; do \
2018-05-01 11:16:01.844866 +0000 build-centos: .if ! rpm -K $pkg | grep -qi pgp; then \
2018-05-01 11:16:01.844888 +0000 build-centos: ..setsid -w rpmsign  --digest-algo=sha256 --key-id=7771FEAD4528AAC462E67DCA919E9536E37D7327 --addsign $pkg </dev/null || exit 1; \
2018-05-01 11:16:01.844904 +0000 build-centos: .fi; \
2018-05-01 11:16:01.844918 +0000 build-centos: done
2018-05-01 11:16:01.873019 +0000 build-centos: + ERR_OUTPUT=/dev/stderr
2018-05-01 11:16:01.873072 +0000 build-centos: + '[' 2 -lt 2 ']'
2018-05-01 11:16:01.874394 +0000 build-centos: ++ basename qubes-src/app-linux-usb-proxy/rpm_spec/qubes-usb-proxy.spec.in
2018-05-01 11:16:01.876587 +0000 build-centos: + [[ xqubes-usb-proxy.spec.in == \x\.\i\n ]]
2018-05-01 11:16:01.876691 +0000 build-centos: + '[' -r qubes-src/app-linux-usb-proxy/rpm_spec/qubes-usb-proxy.spec.in ']'
2018-05-01 11:16:01.876740 +0000 build-centos: + rpm -q --qf '%{NAME}-%{VERSION}.tar.gz\n' --specfile qubes-src/app-linux-usb-proxy/rpm_spec/qubes-usb-proxy.spec
2018-05-01 11:16:01.912471 +0000 build-centos: warning: Macro %version defined but not used within scope
2018-05-01 11:16:01.919121 +0000 build-centos: cat: version: No such file or directory
2018-05-01 11:16:01.919443 +0000 build-centos: error: line 7: Empty tag: Version:
2018-05-01 11:16:01.919521 +0000 build-centos: error: query of specfile qubes-src/app-linux-usb-proxy/rpm_spec/qubes-usb-proxy.spec failed, can't parse
2018-05-01 11:16:02.652134 +0000 build-centos: pkgs/centos7/noarch/qubes-usb-proxy-1.0.17-1.centos7.noarch.rpm:
2018-05-01 11:16:02.655221 +0000 build-centos: Makefile:721: target 'internal-update-repo-current-testing.vm.centos7.app-linux-usb-proxy' does not exist
2018-05-01 11:16:02.655281 +0000 build-centos: repo_base_var="LINUX_REPO_centos7_BASEDIR"; \
2018-05-01 11:16:02.655312 +0000 build-centos: if [ -n "${!repo_base_var}" ]; then \
2018-05-01 11:16:02.655338 +0000 build-centos: .repo_basedir="${!repo_base_var}"; \
2018-05-01 11:16:02.655361 +0000 build-centos: else \
2018-05-01 11:16:02.655388 +0000 build-centos: .repo_basedir="qubes-src/linux-yum/r3.2"; \
2018-05-01 11:16:02.655435 +0000 build-centos: fi; \
2018-05-01 11:16:02.655465 +0000 build-centos: if [ -r qubes-src/app-linux-usb-proxy/Makefile.builder ]; then \
2018-05-01 11:16:02.655493 +0000 build-centos: .echo -n "Updating qubes-src/app-linux-usb-proxy... "; \
2018-05-01 11:16:02.655522 +0000 build-centos: .if [ "0" -eq 1 ]; then \
2018-05-01 11:16:02.655549 +0000 build-centos: ..vtag=`git -C qubes-src/app-linux-usb-proxy tag --points-at HEAD --list v*`; \
2018-05-01 11:16:02.655573 +0000 build-centos: ..if [ -z "$vtag" ]; then \
2018-05-01 11:16:02.655598 +0000 build-centos: ...echo ".[1m.[31mno version tag.(B.[m"; \
2018-05-01 11:16:02.655619 +0000 build-centos: ...exit 0; \
2018-05-01 11:16:02.655639 +0000 build-centos: ..fi; \
2018-05-01 11:16:02.655660 +0000 build-centos: .fi; \
2018-05-01 11:16:02.655702 +0000 build-centos: .component_packages=$(MAKEFLAGS= make -s -f Makefile.generic DIST=centos7 PACKAGE_SET=vm COMPONENT=`basename qubes-src/app-linux-usb-proxy` UPDATE_REPO=/home/user/builder-r3.2/$repo_basedir/current-testing/vm/centos7 get-var GET_VAR=PACKAGE_LIST); \
2018-05-01 11:16:02.655728 +0000 build-centos: .if [ -z "$component_packages" ]; then \
2018-05-01 11:16:02.655752 +0000 build-centos: ..echo "no packages."; \
2018-05-01 11:16:02.655775 +0000 build-centos: ..exit 0; \
2018-05-01 11:16:02.655795 +0000 build-centos: .fi; \
2018-05-01 11:16:02.655821 +0000 build-centos: .make -s -f Makefile.generic DIST=centos7 PACKAGE_SET=vm \
2018-05-01 11:16:02.655865 +0000 build-centos: ..COMPONENT=`basename qubes-src/app-linux-usb-proxy` \
2018-05-01 11:16:02.655892 +0000 build-centos: ..SNAPSHOT_REPO=current-testing \
2018-05-01 11:16:02.655917 +0000 build-centos: ..TARGET_REPO=current-testing \
2018-05-01 11:16:02.655946 +0000 build-centos: ..UPDATE_REPO=/home/user/builder-r3.2/$repo_basedir/current-testing/vm/centos7 \
2018-05-01 11:16:02.655979 +0000 build-centos: ..SNAPSHOT_FILE=/home/user/builder-r3.2/repo-latest-snapshot/current-testing-vm-centos7-`basename qubes-src/app-linux-usb-proxy` \
2018-05-01 11:16:02.656010 +0000 build-centos: ..BUILD_LOG_URL=https://github.com/QubesOS/build-logs/tree/master/build-centos/log_2018-05-01_11-15-31 \
2018-05-01 11:16:02.656036 +0000 build-centos: ..update-repo || exit 1; \
2018-05-01 11:16:02.656067 +0000 build-centos: elif make -C qubes-src/app-linux-usb-proxy -n update-repo-current-testing >/dev/null 2>/dev/null; then \
2018-05-01 11:16:02.656094 +0000 build-centos: .echo "Updating qubes-src/app-linux-usb-proxy... "; \
2018-05-01 11:16:02.656125 +0000 build-centos: .make -s -C qubes-src/app-linux-usb-proxy update-repo-current-testing || exit 1; \
2018-05-01 11:16:02.656147 +0000 build-centos: else \
2018-05-01 11:16:02.656175 +0000 build-centos: .echo -n "Updating qubes-src/app-linux-usb-proxy... skipping."; \
2018-05-01 11:16:02.656195 +0000 build-centos: fi; \
2018-05-01 11:16:02.656215 +0000 build-centos: echo
2018-05-01 11:16:02.678046 +0000 build-centos: Updating qubes-src/app-linux-usb-proxy... + ERR_OUTPUT=/dev/stderr
2018-05-01 11:16:02.678087 +0000 build-centos: + '[' 2 -lt 2 ']'
2018-05-01 11:16:02.679426 +0000 build-centos: ++ basename qubes-src/app-linux-usb-proxy/rpm_spec/qubes-usb-proxy.spec.in
2018-05-01 11:16:02.681667 +0000 build-centos: + [[ xqubes-usb-proxy.spec.in == \x\.\i\n ]]
2018-05-01 11:16:02.681782 +0000 build-centos: + '[' -r qubes-src/app-linux-usb-proxy/rpm_spec/qubes-usb-proxy.spec.in ']'
2018-05-01 11:16:02.681806 +0000 build-centos: + rpm -q --qf '%{NAME}-%{VERSION}.tar.gz\n' --specfile qubes-src/app-linux-usb-proxy/rpm_spec/qubes-usb-proxy.spec
2018-05-01 11:16:02.719554 +0000 build-centos: warning: Macro %version defined but not used within scope
2018-05-01 11:16:02.726071 +0000 build-centos: cat: version: No such file or directory
2018-05-01 11:16:02.726347 +0000 build-centos: error: line 7: Empty tag: Version:
2018-05-01 11:16:02.726441 +0000 build-centos: error: query of specfile qubes-src/app-linux-usb-proxy/rpm_spec/qubes-usb-proxy.spec failed, can't parse
2018-05-01 11:16:02.741802 +0000 build-centos: + ERR_OUTPUT=/dev/stderr
2018-05-01 11:16:02.741855 +0000 build-centos: + '[' 2 -lt 2 ']'
2018-05-01 11:16:02.743184 +0000 build-centos: ++ basename qubes-src/app-linux-usb-proxy/rpm_spec/qubes-usb-proxy.spec.in
2018-05-01 11:16:02.745452 +0000 build-centos: + [[ xqubes-usb-proxy.spec.in == \x\.\i\n ]]
2018-05-01 11:16:02.745528 +0000 build-centos: + '[' -r qubes-src/app-linux-usb-proxy/rpm_spec/qubes-usb-proxy.spec.in ']'
2018-05-01 11:16:02.745555 +0000 build-centos: + rpm -q --qf '%{NAME}-%{VERSION}.tar.gz\n' --specfile qubes-src/app-linux-usb-proxy/rpm_spec/qubes-usb-proxy.spec
2018-05-01 11:16:02.781404 +0000 build-centos: warning: Macro %version defined but not used within scope
2018-05-01 11:16:02.788054 +0000 build-centos: cat: version: No such file or directory
2018-05-01 11:16:02.788368 +0000 build-centos: error: line 7: Empty tag: Version:
2018-05-01 11:16:02.788458 +0000 build-centos: error: query of specfile qubes-src/app-linux-usb-proxy/rpm_spec/qubes-usb-proxy.spec failed, can't parse
2018-05-01 11:16:02.820523 +0000 build-centos: + ERR_OUTPUT=/dev/stderr
2018-05-01 11:16:02.820575 +0000 build-centos: + '[' 2 -lt 2 ']'
2018-05-01 11:16:02.821907 +0000 build-centos: ++ basename qubes-src/app-linux-usb-proxy/rpm_spec/qubes-usb-proxy.spec.in
2018-05-01 11:16:02.824166 +0000 build-centos: + [[ xqubes-usb-proxy.spec.in == \x\.\i\n ]]
2018-05-01 11:16:02.824238 +0000 build-centos: + '[' -r qubes-src/app-linux-usb-proxy/rpm_spec/qubes-usb-proxy.spec.in ']'
2018-05-01 11:16:02.824294 +0000 build-centos: + rpm -q --qf '%{NAME}-%{VERSION}.tar.gz\n' --specfile qubes-src/app-linux-usb-proxy/rpm_spec/qubes-usb-proxy.spec
2018-05-01 11:16:02.859992 +0000 build-centos: warning: Macro %version defined but not used within scope
2018-05-01 11:16:02.866699 +0000 build-centos: cat: version: No such file or directory
2018-05-01 11:16:02.867016 +0000 build-centos: error: line 7: Empty tag: Version:
2018-05-01 11:16:02.867101 +0000 build-centos: error: query of specfile qubes-src/app-linux-usb-proxy/rpm_spec/qubes-usb-proxy.spec failed, can't parse
2018-05-01 11:16:02.907444 +0000 build-centos: /home/user/builder-r3.2/qubes-src/builder-rpm/Makefile.rpmbuilder:140: target 'update-repo-do' does not exist
2018-05-01 11:16:02.907514 +0000 build-centos: mkdir -p /home/user/builder-r3.2/qubes-src/linux-yum/r3.2/current-testing/vm/centos7/rpm
2018-05-01 11:16:02.935298 +0000 build-centos: + ERR_OUTPUT=/dev/stderr
2018-05-01 11:16:02.935350 +0000 build-centos: + '[' 2 -lt 2 ']'
2018-05-01 11:16:02.936697 +0000 build-centos: ++ basename qubes-src/app-linux-usb-proxy/rpm_spec/qubes-usb-proxy.spec.in
2018-05-01 11:16:02.938944 +0000 build-centos: + [[ xqubes-usb-proxy.spec.in == \x\.\i\n ]]
2018-05-01 11:16:02.939012 +0000 build-centos: + '[' -r qubes-src/app-linux-usb-proxy/rpm_spec/qubes-usb-proxy.spec.in ']'
2018-05-01 11:16:02.939041 +0000 build-centos: + rpm -q --qf '%{NAME}-%{VERSION}.tar.gz\n' --specfile qubes-src/app-linux-usb-proxy/rpm_spec/qubes-usb-proxy.spec
2018-05-01 11:16:02.974716 +0000 build-centos: warning: Macro %version defined but not used within scope
2018-05-01 11:16:02.981386 +0000 build-centos: cat: version: No such file or directory
2018-05-01 11:16:02.981665 +0000 build-centos: error: line 7: Empty tag: Version:
2018-05-01 11:16:02.981800 +0000 build-centos: error: query of specfile qubes-src/app-linux-usb-proxy/rpm_spec/qubes-usb-proxy.spec failed, can't parse
2018-05-01 11:16:02.994058 +0000 build-centos: cd qubes-src/app-linux-usb-proxy && ln -f pkgs/centos7/noarch/qubes-usb-proxy-1.0.17-1.centos7.noarch.rpm  /home/user/builder-r3.2/qubes-src/linux-yum/r3.2/current-testing/vm/centos7/rpm/
2018-05-01 11:16:02.999228 +0000 build-centos: cd qubes-src/app-linux-usb-proxy && echo pkgs/centos7/noarch/qubes-usb-proxy-1.0.17-1.centos7.noarch.rpm  > /home/user/builder-r3.2/repo-latest-snapshot/current-testing-vm-centos7-app-linux-usb-proxy
2018-05-01 11:16:03.058797 +0000 build-centos: /home/user/builder-r3.2/qubes-src/builder-github//Makefile.github:21: target 'notify-github' does not exist
2018-05-01 11:16:03.058844 +0000 build-centos: [ -z "qubes-usb-proxy-1.0.17-1.centos7" ] || /home/user/builder-r3.2/qubes-src/builder-github//notify-issues \
2018-05-01 11:16:03.058867 +0000 build-centos: .--build-log="https://github.com/QubesOS/build-logs/tree/master/build-centos/log_2018-05-01_11-15-31" \
2018-05-01 11:16:03.058883 +0000 build-centos: ."r3.2" \
2018-05-01 11:16:03.058898 +0000 build-centos: ."current-testing" \
2018-05-01 11:16:03.058914 +0000 build-centos: ."qubes-src/app-linux-usb-proxy" \
2018-05-01 11:16:03.058929 +0000 build-centos: ."qubes-usb-proxy-1.0.17-1.centos7" \
2018-05-01 11:16:03.058943 +0000 build-centos: ."centos7" \
2018-05-01 11:16:03.058956 +0000 build-centos: ."vm" \
2018-05-01 11:16:03.058973 +0000 build-centos: ."/home/user/github-notify-state/r3.2-app-linux-usb-proxy-vm-centos7-current-testing"
2018-05-01 11:16:03.111082 +0000 build-centos: + ERR_OUTPUT=/dev/stderr
2018-05-01 11:16:03.111123 +0000 build-centos: + '[' 2 -lt 2 ']'
2018-05-01 11:16:03.112436 +0000 build-centos: ++ basename qubes-src/app-linux-usb-proxy/rpm_spec/qubes-usb-proxy.spec.in
2018-05-01 11:16:03.114735 +0000 build-centos: + [[ xqubes-usb-proxy.spec.in == \x\.\i\n ]]
2018-05-01 11:16:03.114837 +0000 build-centos: + '[' -r qubes-src/app-linux-usb-proxy/rpm_spec/qubes-usb-proxy.spec.in ']'
2018-05-01 11:16:03.114864 +0000 build-centos: + rpm -q --qf '%{NAME}-%{VERSION}.tar.gz\n' --specfile qubes-src/app-linux-usb-proxy/rpm_spec/qubes-usb-proxy.spec
2018-05-01 11:16:03.150701 +0000 build-centos: warning: Macro %version defined but not used within scope
2018-05-01 11:16:03.157262 +0000 build-centos: cat: version: No such file or directory
2018-05-01 11:16:03.157596 +0000 build-centos: error: line 7: Empty tag: Version:
2018-05-01 11:16:03.157655 +0000 build-centos: error: query of specfile qubes-src/app-linux-usb-proxy/rpm_spec/qubes-usb-proxy.spec failed, can't parse
2018-05-01 11:16:11.721640 +0000 build-centos: WARNING: /home/user/github-notify-state/r3.2-app-linux-usb-proxy-vm-centos7-current-testing does not exist, initializing with the current state
2018-05-01 11:16:11.725991 +0000 build-centos: 
2018-05-01 11:16:11.726350 +0000 build-centos: Makefile:702: update target 'internal-update-repo-current-testing.vm.centos7' due to: internal-update-repo-current-testing.vm.centos7.app-linux-usb-proxy
2018-05-01 11:16:11.726387 +0000 build-centos: true
2018-05-01 11:16:11.729722 +0000 build-centos: Makefile:764: target 'post-update-repo-current-testing' does not exist
2018-05-01 11:16:11.729760 +0000 build-centos: for dist in  centos7; do \
2018-05-01 11:16:11.729789 +0000 build-centos: .repo_base_var="LINUX_REPO_${dist}_BASEDIR"; \
2018-05-01 11:16:11.729811 +0000 build-centos: .if [ -n "${!repo_base_var}" ]; then \
2018-05-01 11:16:11.729827 +0000 build-centos: ..repo_basedir="${!repo_base_var}"; \
2018-05-01 11:16:11.729841 +0000 build-centos: .else \
2018-05-01 11:16:11.729857 +0000 build-centos: ..repo_basedir="qubes-src/linux-yum/r3.2"; \
2018-05-01 11:16:11.729871 +0000 build-centos: .fi; \
2018-05-01 11:16:11.729886 +0000 build-centos: .repos_to_update="$repos_to_update $repo_basedir"; \
2018-05-01 11:16:11.729899 +0000 build-centos: done; \
2018-05-01 11:16:11.729915 +0000 build-centos: for repo in `echo $repos_to_update|tr ' ' '\n'|sort|uniq`; do \
2018-05-01 11:16:11.729929 +0000 build-centos: .[ -z "$repo" ] && continue; \
2018-05-01 11:16:11.729946 +0000 build-centos: .(cd $repo/.. && ./update_repo-current-testing.sh `basename $repo`); \
2018-05-01 11:16:11.729958 +0000 build-centos: done
2018-05-01 11:16:11.754843 +0000 build-centos: --> Processing repo: r3.2/current-testing/dom0/fc20...
2018-05-01 11:16:12.135145 +0000 build-centos: --> Processing repo: r3.2/current-testing/dom0/fc23...
2018-05-01 11:16:12.540380 +0000 build-centos: --> Processing repo: r3.2/current-testing/vm/centos7...
2018-05-01 11:16:13.827729 +0000 build-centos: --> Processing repo: r3.2/current-testing/vm/fc22...
2018-05-01 11:16:14.198937 +0000 build-centos: --> Processing repo: r3.2/current-testing/vm/fc23...
2018-05-01 11:16:14.697903 +0000 build-centos: --> Processing repo: r3.2/current-testing/vm/fc24...
2018-05-01 11:16:15.136939 +0000 build-centos: --> Processing repo: r3.2/current-testing/vm/fc25...
2018-05-01 11:16:15.577341 +0000 build-centos: --> Processing repo: r3.2/current-testing/vm/fc26...
2018-05-01 11:16:15.997805 +0000 build-centos: Done.
2018-05-01 11:16:16.008364 +0000 build-centos: ~/builder-r3.2/qubes-src/linux-yum ~/builder-r3.2/qubes-src/linux-yum
2018-05-01 11:16:16.011879 +0000 build-centos: Syncing r3.2...
2018-05-01 11:16:17.088842 +0000 build-centos: sending incremental file list
2018-05-01 11:16:17.164797 +0000 build-centos: rsync: failed to set times on "/pub/qubes/repo/yum/r3.2/current-testing": Operation not permitted (1)
2018-05-01 11:16:17.165010 +0000 build-centos: rsync: failed to set times on "/pub/qubes/repo/yum/r3.2/current-testing/dom0": Operation not permitted (1)
2018-05-01 11:16:17.165160 +0000 build-centos: rsync: failed to set times on "/pub/qubes/repo/yum/r3.2/current-testing/dom0/fc20": Operation not permitted (1)
2018-05-01 11:16:17.165303 +0000 build-centos: rsync: failed to set times on "/pub/qubes/repo/yum/r3.2/current-testing/dom0/fc20/rpm": Operation not permitted (1)
2018-05-01 11:16:17.165497 +0000 build-centos: rsync: failed to set times on "/pub/qubes/repo/yum/r3.2/current-testing/dom0/fc23": Operation not permitted (1)
2018-05-01 11:16:17.165643 +0000 build-centos: rsync: failed to set times on "/pub/qubes/repo/yum/r3.2/current-testing/dom0/fc23/rpm": Operation not permitted (1)
2018-05-01 11:16:17.165798 +0000 build-centos: rsync: failed to set times on "/pub/qubes/repo/yum/r3.2/current-testing/vm": Operation not permitted (1)
2018-05-01 11:16:17.165883 +0000 build-centos: rsync: failed to set times on "/pub/qubes/repo/yum/r3.2/current-testing/vm/fc22": Operation not permitted (1)
2018-05-01 11:16:17.165983 +0000 build-centos: rsync: failed to set times on "/pub/qubes/repo/yum/r3.2/current-testing/vm/fc22/rpm": Operation not permitted (1)
2018-05-01 11:16:17.166113 +0000 build-centos: rsync: failed to set times on "/pub/qubes/repo/yum/r3.2/current-testing/vm/fc23": Operation not permitted (1)
2018-05-01 11:16:17.166232 +0000 build-centos: rsync: failed to set times on "/pub/qubes/repo/yum/r3.2/current-testing/vm/fc23/rpm": Operation not permitted (1)
2018-05-01 11:16:17.166319 +0000 build-centos: rsync: failed to set times on "/pub/qubes/repo/yum/r3.2/current-testing/vm/fc24": Operation not permitted (1)
2018-05-01 11:16:17.166449 +0000 build-centos: rsync: failed to set times on "/pub/qubes/repo/yum/r3.2/current-testing/vm/fc24/rpm": Operation not permitted (1)
2018-05-01 11:16:17.166543 +0000 build-centos: rsync: failed to set times on "/pub/qubes/repo/yum/r3.2/current-testing/vm/fc25": Operation not permitted (1)
2018-05-01 11:16:17.166623 +0000 build-centos: rsync: failed to set times on "/pub/qubes/repo/yum/r3.2/current-testing/vm/fc25/rpm": Operation not permitted (1)
2018-05-01 11:16:17.166700 +0000 build-centos: rsync: failed to set times on "/pub/qubes/repo/yum/r3.2/current-testing/vm/fc26": Operation not permitted (1)
2018-05-01 11:16:17.166779 +0000 build-centos: rsync: failed to set times on "/pub/qubes/repo/yum/r3.2/current-testing/vm/fc26/comps.xml": Operation not permitted (1)
2018-05-01 11:16:17.166877 +0000 build-centos: rsync: failed to set times on "/pub/qubes/repo/yum/r3.2/current-testing/vm/fc26/rpm": Operation not permitted (1)
2018-05-01 11:16:17.167004 +0000 build-centos: rsync: failed to set times on "/pub/qubes/repo/yum/r3.2/current": Operation not permitted (1)
2018-05-01 11:16:17.167109 +0000 build-centos: rsync: failed to set times on "/pub/qubes/repo/yum/r3.2/current/dom0": Operation not permitted (1)
2018-05-01 11:16:17.167187 +0000 build-centos: rsync: failed to set times on "/pub/qubes/repo/yum/r3.2/current/dom0/fc20": Operation not permitted (1)
2018-05-01 11:16:17.167264 +0000 build-centos: rsync: failed to set times on "/pub/qubes/repo/yum/r3.2/current/dom0/fc20/rpm": Operation not permitted (1)
2018-05-01 11:16:17.167340 +0000 build-centos: rsync: failed to set times on "/pub/qubes/repo/yum/r3.2/current/dom0/fc23": Operation not permitted (1)
2018-05-01 11:16:17.167477 +0000 build-centos: rsync: failed to set times on "/pub/qubes/repo/yum/r3.2/current/dom0/fc23/rpm": Operation not permitted (1)
2018-05-01 11:16:17.167558 +0000 build-centos: rsync: failed to set times on "/pub/qubes/repo/yum/r3.2/current/vm": Operation not permitted (1)
2018-05-01 11:16:17.167635 +0000 build-centos: rsync: failed to set times on "/pub/qubes/repo/yum/r3.2/current/vm/fc22": Operation not permitted (1)
2018-05-01 11:16:17.167712 +0000 build-centos: rsync: failed to set times on "/pub/qubes/repo/yum/r3.2/current/vm/fc22/rpm": Operation not permitted (1)
2018-05-01 11:16:17.167786 +0000 build-centos: rsync: failed to set times on "/pub/qubes/repo/yum/r3.2/current/vm/fc23": Operation not permitted (1)
2018-05-01 11:16:17.167878 +0000 build-centos: rsync: failed to set times on "/pub/qubes/repo/yum/r3.2/current/vm/fc23/rpm": Operation not permitted (1)
2018-05-01 11:16:17.168004 +0000 build-centos: rsync: failed to set times on "/pub/qubes/repo/yum/r3.2/current/vm/fc24": Operation not permitted (1)
2018-05-01 11:16:17.168108 +0000 build-centos: rsync: failed to set times on "/pub/qubes/repo/yum/r3.2/current/vm/fc24/rpm": Operation not permitted (1)
2018-05-01 11:16:17.168209 +0000 build-centos: rsync: failed to set times on "/pub/qubes/repo/yum/r3.2/current/vm/fc25": Operation not permitted (1)
2018-05-01 11:16:17.168340 +0000 build-centos: rsync: failed to set times on "/pub/qubes/repo/yum/r3.2/current/vm/fc25/rpm": Operation not permitted (1)
2018-05-01 11:16:17.168568 +0000 build-centos: rsync: failed to set times on "/pub/qubes/repo/yum/r3.2/current/vm/fc26": Operation not permitted (1)
2018-05-01 11:16:17.168666 +0000 build-centos: rsync: failed to set times on "/pub/qubes/repo/yum/r3.2/current/vm/fc26/comps.xml": Operation not permitted (1)
2018-05-01 11:16:17.168815 +0000 build-centos: rsync: failed to set times on "/pub/qubes/repo/yum/r3.2/current/vm/fc26/rpm": Operation not permitted (1)
2018-05-01 11:16:17.168944 +0000 build-centos: rsync: failed to set times on "/pub/qubes/repo/yum/r3.2/security-testing": Operation not permitted (1)
2018-05-01 11:16:17.169026 +0000 build-centos: rsync: failed to set times on "/pub/qubes/repo/yum/r3.2/security-testing/dom0": Operation not permitted (1)
2018-05-01 11:16:17.169153 +0000 build-centos: rsync: failed to set times on "/pub/qubes/repo/yum/r3.2/security-testing/dom0/fc20": Operation not permitted (1)
2018-05-01 11:16:17.169235 +0000 build-centos: rsync: failed to set times on "/pub/qubes/repo/yum/r3.2/security-testing/dom0/fc20/rpm": Operation not permitted (1)
2018-05-01 11:16:17.169316 +0000 build-centos: rsync: failed to set times on "/pub/qubes/repo/yum/r3.2/security-testing/dom0/fc23": Operation not permitted (1)
2018-05-01 11:16:17.169439 +0000 build-centos: rsync: failed to set times on "/pub/qubes/repo/yum/r3.2/security-testing/dom0/fc23/rpm": Operation not permitted (1)
2018-05-01 11:16:17.169596 +0000 build-centos: rsync: failed to set times on "/pub/qubes/repo/yum/r3.2/security-testing/vm": Operation not permitted (1)
2018-05-01 11:16:17.169730 +0000 build-centos: rsync: failed to set times on "/pub/qubes/repo/yum/r3.2/security-testing/vm/fc22": Operation not permitted (1)
2018-05-01 11:16:17.169836 +0000 build-centos: .d..t...... current-testing/
2018-05-01 11:16:17.169922 +0000 build-centos: .d..t...... current-testing/dom0/
2018-05-01 11:16:17.169985 +0000 build-centos: .d..t...... current-testing/dom0/fc20/
2018-05-01 11:16:17.170048 +0000 build-centos: .d..t...... current-testing/dom0/fc20/rpm/
2018-05-01 11:16:17.170109 +0000 build-centos: .d..t...... current-testing/dom0/fc23/
2018-05-01 11:16:17.170169 +0000 build-centos: .d..t...... current-testing/dom0/fc23/rpm/
2018-05-01 11:16:17.170227 +0000 build-centos: .d..t...... current-testing/vm/
2018-05-01 11:16:17.170287 +0000 build-centos: .d..t...... current-testing/vm/centos7/
2018-05-01 11:16:17.170348 +0000 build-centos: .d..t...... current-testing/vm/centos7/rpm/
2018-05-01 11:16:17.170511 +0000 build-centos: <f+++++++++ current-testing/vm/centos7/rpm/qubes-usb-proxy-1.0.17-1.centos7.noarch.rpm
2018-05-01 11:16:17.170600 +0000 build-centos: .          7,116 100%    0.00kB/s    0:00:00  .          7,116 100%    0.00kB/s    0:00:00 (xfr#1, to-chk=111/167)
2018-05-01 11:16:17.170662 +0000 build-centos: .d..t...... current-testing/vm/fc22/
2018-05-01 11:16:17.170727 +0000 build-centos: .d..t...... current-testing/vm/fc22/rpm/
2018-05-01 11:16:17.170788 +0000 build-centos: .d..t...... current-testing/vm/fc23/
2018-05-01 11:16:17.170883 +0000 build-centos: .d..t...... current-testing/vm/fc23/rpm/
2018-05-01 11:16:17.170983 +0000 build-centos: .d..t...... current-testing/vm/fc24/
2018-05-01 11:16:17.171068 +0000 build-centos: .d..t...... current-testing/vm/fc24/rpm/
2018-05-01 11:16:17.171130 +0000 build-centos: .d..t...... current-testing/vm/fc25/
2018-05-01 11:16:17.171190 +0000 build-centos: .d..t...... current-testing/vm/fc25/rpm/
2018-05-01 11:16:17.171250 +0000 build-centos: .d..t...... current-testing/vm/fc26/
2018-05-01 11:16:17.171317 +0000 build-centos: .L..t...... current-testing/vm/fc26/comps.xml -> ../../../comps-vm.xml
2018-05-01 11:16:17.171378 +0000 build-centos: .d..t...... current-testing/vm/fc26/rpm/
2018-05-01 11:16:17.171477 +0000 build-centos: .d..t...... current/
2018-05-01 11:16:17.171536 +0000 build-centos: .d..t...... current/dom0/
2018-05-01 11:16:17.171595 +0000 build-centos: .d..t...... current/dom0/fc20/
2018-05-01 11:16:17.171689 +0000 build-centos: .d..t...... current/dom0/fc20/rpm/
2018-05-01 11:16:17.171751 +0000 build-centos: .d..t...... current/dom0/fc23/
2018-05-01 11:16:17.171810 +0000 build-centos: .d..t...... current/dom0/fc23/rpm/
2018-05-01 11:16:17.171866 +0000 build-centos: .d..t...... current/vm/
2018-05-01 11:16:17.171925 +0000 build-centos: .d..t...... current/vm/centos7/
2018-05-01 11:16:17.171983 +0000 build-centos: .d..t...... current/vm/fc22/
2018-05-01 11:16:17.172041 +0000 build-centos: .d..t...... current/vm/fc22/rpm/
2018-05-01 11:16:17.172098 +0000 build-centos: .d..t...... current/vm/fc23/
2018-05-01 11:16:17.172155 +0000 build-centos: .d..t...... current/vm/fc23/rpm/
2018-05-01 11:16:17.172211 +0000 build-centos: .d..t...... current/vm/fc24/
2018-05-01 11:16:17.172268 +0000 build-centos: .d..t...... current/vm/fc24/rpm/
2018-05-01 11:16:17.172325 +0000 build-centos: .d..t...... current/vm/fc25/
2018-05-01 11:16:17.172383 +0000 build-centos: .d..t...... current/vm/fc25/rpm/
2018-05-01 11:16:17.172477 +0000 build-centos: .d..t...... current/vm/fc26/
2018-05-01 11:16:17.172543 +0000 build-centos: .L..t...... current/vm/fc26/comps.xml -> ../../../comps-vm.xml
2018-05-01 11:16:17.172602 +0000 build-centos: .d..t...... current/vm/fc26/rpm/
2018-05-01 11:16:17.172658 +0000 build-centos: .d..t...... security-testing/
2018-05-01 11:16:17.172717 +0000 build-centos: .d..t...... security-testing/dom0/
2018-05-01 11:16:17.172777 +0000 build-centos: .d..t...... security-testing/dom0/fc20/
2018-05-01 11:16:17.172873 +0000 build-centos: .d..t...... security-testing/dom0/fc20/rpm/
2018-05-01 11:16:17.172977 +0000 build-centos: .d..t...... security-testing/dom0/fc23/
2018-05-01 11:16:17.173082 +0000 build-centos: .d..t...... security-testing/dom0/fc23/rpm/
2018-05-01 11:16:17.173195 +0000 build-centos: .d..t...... security-testing/vm/
2018-05-01 11:16:17.173293 +0000 build-centos: .d..t...... security-testing/vm/centos7/
2018-05-01 11:16:17.173357 +0000 build-centos: .d..t...... security-testing/vm/fc22/
2018-05-01 11:16:17.173477 +0000 build-centos: rsync: failed to set times on "/pub/qubes/repo/yum/r3.2/security-testing/vm/fc22/rpm": Operation not permitted (1)
2018-05-01 11:16:17.173559 +0000 build-centos: rsync: failed to set times on "/pub/qubes/repo/yum/r3.2/security-testing/vm/fc23": Operation not permitted (1)
2018-05-01 11:16:17.173639 +0000 build-centos: rsync: failed to set times on "/pub/qubes/repo/yum/r3.2/security-testing/vm/fc23/rpm": Operation not permitted (1)
2018-05-01 11:16:17.173718 +0000 build-centos: rsync: failed to set times on "/pub/qubes/repo/yum/r3.2/security-testing/vm/fc24": Operation not permitted (1)
2018-05-01 11:16:17.173796 +0000 build-centos: rsync: failed to set times on "/pub/qubes/repo/yum/r3.2/security-testing/vm/fc24/rpm": Operation not permitted (1)
2018-05-01 11:16:17.173873 +0000 build-centos: rsync: failed to set times on "/pub/qubes/repo/yum/r3.2/security-testing/vm/fc25": Operation not permitted (1)
2018-05-01 11:16:17.173951 +0000 build-centos: rsync: failed to set times on "/pub/qubes/repo/yum/r3.2/security-testing/vm/fc25/rpm": Operation not permitted (1)
2018-05-01 11:16:17.174028 +0000 build-centos: rsync: failed to set times on "/pub/qubes/repo/yum/r3.2/security-testing/vm/fc26": Operation not permitted (1)
2018-05-01 11:16:17.174109 +0000 build-centos: rsync: failed to set times on "/pub/qubes/repo/yum/r3.2/security-testing/vm/fc26/comps.xml": Operation not permitted (1)
2018-05-01 11:16:17.174189 +0000 build-centos: rsync: failed to set times on "/pub/qubes/repo/yum/r3.2/security-testing/vm/fc26/rpm": Operation not permitted (1)
2018-05-01 11:16:17.174253 +0000 build-centos: .d..t...... security-testing/vm/fc22/rpm/
2018-05-01 11:16:17.174313 +0000 build-centos: .d..t...... security-testing/vm/fc23/
2018-05-01 11:16:17.174374 +0000 build-centos: .d..t...... security-testing/vm/fc23/rpm/
2018-05-01 11:16:17.174472 +0000 build-centos: .d..t...... security-testing/vm/fc24/
2018-05-01 11:16:17.174534 +0000 build-centos: .d..t...... security-testing/vm/fc24/rpm/
2018-05-01 11:16:17.174625 +0000 build-centos: .d..t...... security-testing/vm/fc25/
2018-05-01 11:16:17.174689 +0000 build-centos: .d..t...... security-testing/vm/fc25/rpm/
2018-05-01 11:16:17.174749 +0000 build-centos: .d..t...... security-testing/vm/fc26/
2018-05-01 11:16:17.174849 +0000 build-centos: .L..t...... security-testing/vm/fc26/comps.xml -> ../../../comps-vm.xml
2018-05-01 11:16:17.174913 +0000 build-centos: .d..t...... security-testing/vm/fc26/rpm/
2018-05-01 11:16:17.265878 +0000 build-centos: rsync error: some files/attrs were not transferred (see previous errors) (code 23) at main.c(1189) [sender=3.1.3]
2018-05-01 11:16:17.733455 +0000 build-centos: --> Processing repo: /pub/qubes/repo/yum/r3.2/current/dom0/fc20...
2018-05-01 11:16:17.834340 +0000 build-centos: Warning: Requested more delta workers than workers. This is insane. Limiting.
2018-05-01 11:16:18.330717 +0000 build-centos: --> Processing repo: /pub/qubes/repo/yum/r3.2/current/dom0/fc23...
2018-05-01 11:16:18.437920 +0000 build-centos: Warning: Requested more delta workers than workers. This is insane. Limiting.
2018-05-01 11:17:34.959981 +0000 build-centos: --> Processing repo: /pub/qubes/repo/yum/r3.2/current/vm/centos7...
2018-05-01 11:17:35.054977 +0000 build-centos: Warning: Requested more delta workers than workers. This is insane. Limiting.
2018-05-01 11:17:35.533904 +0000 build-centos: --> Processing repo: /pub/qubes/repo/yum/r3.2/current/vm/fc22...
2018-05-01 11:17:35.628233 +0000 build-centos: Warning: Requested more delta workers than workers. This is insane. Limiting.
2018-05-01 11:17:36.136986 +0000 build-centos: --> Processing repo: /pub/qubes/repo/yum/r3.2/current/vm/fc23...
2018-05-01 11:17:36.244213 +0000 build-centos: Warning: Requested more delta workers than workers. This is insane. Limiting.
2018-05-01 11:17:57.306536 +0000 build-centos: --> Processing repo: /pub/qubes/repo/yum/r3.2/current/vm/fc24...
2018-05-01 11:17:57.411804 +0000 build-centos: Warning: Requested more delta workers than workers. This is insane. Limiting.
2018-05-01 11:18:18.274623 +0000 build-centos: --> Processing repo: /pub/qubes/repo/yum/r3.2/current/vm/fc25...
2018-05-01 11:18:18.377733 +0000 build-centos: Warning: Requested more delta workers than workers. This is insane. Limiting.
2018-05-01 11:18:33.101597 +0000 build-centos: --> Processing repo: /pub/qubes/repo/yum/r3.2/current/vm/fc26...
2018-05-01 11:18:33.201924 +0000 build-centos: Warning: Requested more delta workers than workers. This is insane. Limiting.
2018-05-01 11:18:37.616881 +0000 build-centos: Done.
2018-05-01 11:18:37.804170 +0000 build-centos: --> Processing repo: /pub/qubes/repo/yum/r3.2/current-testing/dom0/fc20...
2018-05-01 11:18:37.903341 +0000 build-centos: Warning: Requested more delta workers than workers. This is insane. Limiting.
2018-05-01 11:18:38.399969 +0000 build-centos: --> Processing repo: /pub/qubes/repo/yum/r3.2/current-testing/dom0/fc23...
2018-05-01 11:18:38.511623 +0000 build-centos: Warning: Requested more delta workers than workers. This is insane. Limiting.
2018-05-01 11:21:26.265001 +0000 build-centos: --> Processing repo: /pub/qubes/repo/yum/r3.2/current-testing/vm/centos7...
2018-05-01 11:21:26.365069 +0000 build-centos: Warning: Requested more delta workers than workers. This is insane. Limiting.
2018-05-01 11:21:29.360902 +0000 build-centos: --> Processing repo: /pub/qubes/repo/yum/r3.2/current-testing/vm/fc22...
2018-05-01 11:21:29.463813 +0000 build-centos: Warning: Requested more delta workers than workers. This is insane. Limiting.
2018-05-01 11:21:30.043891 +0000 build-centos: --> Processing repo: /pub/qubes/repo/yum/r3.2/current-testing/vm/fc23...
2018-05-01 11:21:30.151371 +0000 build-centos: Warning: Requested more delta workers than workers. This is insane. Limiting.
2018-05-01 11:22:08.636963 +0000 build-centos: --> Processing repo: /pub/qubes/repo/yum/r3.2/current-testing/vm/fc24...
2018-05-01 11:22:08.973250 +0000 build-centos: Warning: Requested more delta workers than workers. This is insane. Limiting.
2018-05-01 11:22:44.499232 +0000 build-centos: --> Processing repo: /pub/qubes/repo/yum/r3.2/current-testing/vm/fc25...
2018-05-01 11:22:44.604936 +0000 build-centos: Warning: Requested more delta workers than workers. This is insane. Limiting.
2018-05-01 11:23:06.477219 +0000 build-centos: --> Processing repo: /pub/qubes/repo/yum/r3.2/current-testing/vm/fc26...
2018-05-01 11:23:06.579134 +0000 build-centos: Warning: Requested more delta workers than workers. This is insane. Limiting.
2018-05-01 11:23:13.990200 +0000 build-centos: Done.
2018-05-01 11:23:14.178617 +0000 build-centos: --> Processing repo: /pub/qubes/repo/yum/r3.2/security-testing/dom0/fc20...
2018-05-01 11:23:14.274094 +0000 build-centos: Warning: Requested more delta workers than workers. This is insane. Limiting.
2018-05-01 11:23:15.067598 +0000 build-centos: --> Processing repo: /pub/qubes/repo/yum/r3.2/security-testing/dom0/fc23...
2018-05-01 11:23:15.168966 +0000 build-centos: Warning: Requested more delta workers than workers. This is insane. Limiting.
2018-05-01 11:23:36.168321 +0000 build-centos: --> Processing repo: /pub/qubes/repo/yum/r3.2/security-testing/vm/centos7...
2018-05-01 11:23:36.261083 +0000 build-centos: Warning: Requested more delta workers than workers. This is insane. Limiting.
2018-05-01 11:23:36.757896 +0000 build-centos: --> Processing repo: /pub/qubes/repo/yum/r3.2/security-testing/vm/fc22...
2018-05-01 11:23:36.853241 +0000 build-centos: Warning: Requested more delta workers than workers. This is insane. Limiting.
2018-05-01 11:23:37.386696 +0000 build-centos: --> Processing repo: /pub/qubes/repo/yum/r3.2/security-testing/vm/fc23...
2018-05-01 11:23:37.489909 +0000 build-centos: Warning: Requested more delta workers than workers. This is insane. Limiting.
2018-05-01 11:23:48.732092 +0000 build-centos: --> Processing repo: /pub/qubes/repo/yum/r3.2/security-testing/vm/fc24...
2018-05-01 11:23:48.833901 +0000 build-centos: Warning: Requested more delta workers than workers. This is insane. Limiting.
2018-05-01 11:23:59.968613 +0000 build-centos: --> Processing repo: /pub/qubes/repo/yum/r3.2/security-testing/vm/fc25...
2018-05-01 11:24:00.071622 +0000 build-centos: Warning: Requested more delta workers than workers. This is insane. Limiting.
2018-05-01 11:24:11.153126 +0000 build-centos: --> Processing repo: /pub/qubes/repo/yum/r3.2/security-testing/vm/fc26...
2018-05-01 11:24:11.254186 +0000 build-centos: Warning: Requested more delta workers than workers. This is insane. Limiting.
2018-05-01 11:24:16.033943 +0000 build-centos: Done.
2018-05-01 11:24:16.039747 +0000 build-centos: ~/builder-r3.2/qubes-src/linux-yum
2018-05-01 11:24:16.045818 +0000 build-centos: Makefile:689: update target 'update-repo-current-testing' due to: internal-update-repo-current-testing.vm.centos7 post-update-repo-current-testing
2018-05-01 11:24:16.045968 +0000 build-centos: true
2018-05-01 11:24:16.062623 +0000 build-centos: > done
2018-05-01 11:25:16.061870 +0000 > closing log
