2018-05-01 18:21:57.132420 +0000 > starting log
2018-05-01 18:21:57.133778 +0000 build-fedora4: > starting build with log
2018-05-01 18:21:57.133821 +0000 build-fedora4: >> make args: DISTS_VM= fc27 DIST_DOM0= BUILD_LOGS_URL= app-linux-pdf-converter-vm-fc27=https://github.com/QubesOS/build-logs/tree/master/build-fedora4/log_2018-05-01_18-21-39 GIT_URL_app_linux_pdf_converter=https://github.com/QubesOS/qubes-app-linux-pdf-converter sign-all update-repo-current-testing
2018-05-01 18:21:57.133841 +0000 build-fedora4: >> MAKEFLAGS=
2018-05-01 18:21:57.133858 +0000 build-fedora4: >> COMPONENTS=app-linux-pdf-converter
2018-05-01 18:21:57.133872 +0000 build-fedora4: >> DISTS_VM=
2018-05-01 18:21:57.133885 +0000 build-fedora4: >> DIST_DOM0=
2018-05-01 18:21:57.133900 +0000 build-fedora4: >> qubes-builder 0bc5e662e9738136d6482e44c083a8f215c58ceb
2018-05-01 18:21:57.133918 +0000 build-fedora4: >> qubes-builder/qubes-src/app-linux-pdf-converter d1378a7ae79c176ddf655ed84102ade112468a83
2018-05-01 18:21:57.133933 +0000 build-fedora4: !! pkgs/fc24/qpdf-converter.spec.list
2018-05-01 18:21:57.133948 +0000 build-fedora4: !! pkgs/fc24/x86_64/qubes-pdf-converter-2.1.2-1.fc24.x86_64.rpm
2018-05-01 18:21:57.133964 +0000 build-fedora4: !! pkgs/fc24/x86_64/qubes-pdf-converter-2.1.3-1.fc24.x86_64.rpm
2018-05-01 18:21:57.133978 +0000 build-fedora4: !! pkgs/fc25/qpdf-converter-dom0.spec.list
2018-05-01 18:21:57.133992 +0000 build-fedora4: !! pkgs/fc25/qpdf-converter.spec.list
2018-05-01 18:21:57.134007 +0000 build-fedora4: !! pkgs/fc25/x86_64/qubes-pdf-converter-2.1.2-1.fc25.x86_64.rpm
2018-05-01 18:21:57.134023 +0000 build-fedora4: !! pkgs/fc25/x86_64/qubes-pdf-converter-2.1.3-1.fc25.x86_64.rpm
2018-05-01 18:21:57.134038 +0000 build-fedora4: !! pkgs/fc25/x86_64/qubes-pdf-converter-dom0-2.1.2-1.fc25.x86_64.rpm
2018-05-01 18:21:57.134052 +0000 build-fedora4: !! pkgs/fc26/qpdf-converter.spec.list
2018-05-01 18:21:57.134068 +0000 build-fedora4: !! pkgs/fc26/x86_64/qubes-pdf-converter-2.1.2-1.fc26.x86_64.rpm
2018-05-01 18:21:57.134083 +0000 build-fedora4: !! pkgs/fc26/x86_64/qubes-pdf-converter-2.1.3-1.fc26.x86_64.rpm
2018-05-01 18:21:57.134097 +0000 build-fedora4: !! pkgs/fc27/qpdf-converter.spec.list
2018-05-01 18:21:57.134112 +0000 build-fedora4: !! pkgs/fc27/x86_64/qubes-pdf-converter-2.1.3-1.fc27.x86_64.rpm
2018-05-01 18:21:57.134133 +0000 build-fedora4: 817bd772dd325509fa0e88daa9938f2edd370a8d18913daf5daae1138895d8a4ab26a709d2d531ab01709b52198a7fbbab11ccdf5f798acba9e34c2b94fa9f84  pkgs/fc24/qpdf-converter.spec.list
2018-05-01 18:21:57.134156 +0000 build-fedora4: e2a2fe3285a5e5ab9298a25d32f2ece4570ae43349541495462ef6ce5a36c1259e583d60aab31df5eb8efa8f58d4c880c63a2c089d68b4658c258b1fe9800f23  pkgs/fc24/x86_64/qubes-pdf-converter-2.1.2-1.fc24.x86_64.rpm
2018-05-01 18:21:57.134178 +0000 build-fedora4: f67f92a39c91b34b692fa43f74b1821e7c836cdefe37e89d55caf720a6f070180788e6e43a12ba78eec6fa717a7b01870462fa7a0edef544c1b12a2114ee3618  pkgs/fc24/x86_64/qubes-pdf-converter-2.1.3-1.fc24.x86_64.rpm
2018-05-01 18:21:57.134200 +0000 build-fedora4: 9e847424f6118d59f4d559688c6349cb6047d69cf1532229905e975fd0d7d410aae4b1c3ec58b8e71dde3cb141bd194cc9972fff0ff3b3b21d60194434715b20  pkgs/fc25/qpdf-converter-dom0.spec.list
2018-05-01 18:21:57.134222 +0000 build-fedora4: 256cada7adce8090c1665ab77117a60447b2faede8f6ab072514b6a186b5a008544f03f4af64fbcb04107fc9c663a87e1b7d7e5d4a1a8eeddf71b41ccf7c5663  pkgs/fc25/qpdf-converter.spec.list
2018-05-01 18:21:57.134245 +0000 build-fedora4: 8f79826a081ad8280f977f6fc0e0cde5aea77fda421c452199335fcf2a1a8213014ebbdb814f88a3a615b1dd0b2ed6bab4e79816efa5a3fe8175152332e60b31  pkgs/fc25/x86_64/qubes-pdf-converter-2.1.2-1.fc25.x86_64.rpm
2018-05-01 18:21:57.134267 +0000 build-fedora4: 12f6f46a847db647a0dcc9f8416aa9951279ff53c6d4970d7c681dbfcd11132b29b3a28f25f60053c5b35dce71ff023ee833b04ba675d452b8ae7de4c8bb9d61  pkgs/fc25/x86_64/qubes-pdf-converter-2.1.3-1.fc25.x86_64.rpm
2018-05-01 18:21:57.134290 +0000 build-fedora4: 2a5a4e1d484de1a4a4df7e66eb891cdbeb8b905b56d0f03cfae569aa7124109c3ded0aafefc4afdae568c458402641a21b69d1f6b853e01f1d7b644073b4859e  pkgs/fc25/x86_64/qubes-pdf-converter-dom0-2.1.2-1.fc25.x86_64.rpm
2018-05-01 18:21:57.134321 +0000 build-fedora4: 4688b36451d82c094da8eda4c2f313f39eb11b0c6925008d93ccce47f7bee3a8feacd6ad9f3af7716a13bd7ac47c31c4e7dbad022ac148c3af0a83d2de437c9c  pkgs/fc26/qpdf-converter.spec.list
2018-05-01 18:21:57.134344 +0000 build-fedora4: 5ff1e1a8392986416af4bf3c5d175ff02dd0c91c603866d2a8b20575c0c27b9c1ce29466dd1890918eddcf6b266f22357bbc8bc457f59d87cc51cd08ae62c7c7  pkgs/fc26/x86_64/qubes-pdf-converter-2.1.2-1.fc26.x86_64.rpm
2018-05-01 18:21:57.134367 +0000 build-fedora4: fcac78197d2f77e00ed10af0baa7f0002d7ff831bc55dd5c24258fb23620475b12387db82395ff7df5d519bb3fea4f25b5f3d48f332a3cf45661e6b1d6771884  pkgs/fc26/x86_64/qubes-pdf-converter-2.1.3-1.fc26.x86_64.rpm
2018-05-01 18:21:57.134389 +0000 build-fedora4: 8adb7f81c7fdc553d09a782dcd631d3620eb01ad5dfa71b64eca5ed584b3d4f089b145cee620ab2e7cd5e0818ca0db4abd39dd290c03fa49b3fd0af91c68e64e  pkgs/fc27/qpdf-converter.spec.list
2018-05-01 18:21:57.134425 +0000 build-fedora4: 268859e603bdd697b8ee9ada3e6362ec184e5f296a31fd8f6ad2c600f75dada4e467115ccddc1e88bd3c08477fca88957f7904f46040483b8b209a662959187f  pkgs/fc27/x86_64/qubes-pdf-converter-2.1.3-1.fc27.x86_64.rpm
2018-05-01 18:21:57.134444 +0000 build-fedora4: ================================================================================
2018-05-01 18:21:57.134461 +0000 build-fedora4:                            B U I L D   I N F O                                  
2018-05-01 18:21:57.134477 +0000 build-fedora4: Items in red indicate it was automatically generated by configuration file(s)
2018-05-01 18:21:57.134494 +0000 build-fedora4: Items in white indicate it was automatically removed by configuration file(s)
2018-05-01 18:21:57.134510 +0000 build-fedora4: ================================================================================
2018-05-01 18:21:57.134523 +0000 build-fedora4: DISTS_VM:
2018-05-01 18:21:57.134537 +0000 build-fedora4:      fc26, fc27,
2018-05-01 18:21:57.134550 +0000 build-fedora4: DISTS_ALL:
2018-05-01 18:21:57.134563 +0000 build-fedora4:      fc26, fc27,
2018-05-01 18:21:57.134591 +0000 build-fedora4: DIST_DOM0:
2018-05-01 18:21:57.134605 +0000 build-fedora4:     
2018-05-01 18:21:57.134619 +0000 build-fedora4: BUILDER_PLUGINS:
2018-05-01 18:21:57.134634 +0000 build-fedora4:      builder-rpm, mgmt-salt, linux-yum, builder-github,
2018-05-01 18:21:57.134647 +0000 build-fedora4: COMPONENTS:
2018-05-01 18:21:57.134661 +0000 build-fedora4:      app-linux-pdf-converter,
2018-05-01 18:21:57.134674 +0000 build-fedora4: GIT_REPOS:
2018-05-01 18:21:57.134688 +0000 build-fedora4:      qubes-src/app-linux-pdf-converter,
2018-05-01 18:21:57.134701 +0000 build-fedora4: TEMPLATE:
2018-05-01 18:21:57.134713 +0000 build-fedora4:     
2018-05-01 18:21:57.134726 +0000 build-fedora4: TEMPLATE_FLAVOR_DIR:
2018-05-01 18:21:57.134739 +0000 build-fedora4:     
2018-05-01 18:21:57.134752 +0000 build-fedora4: TEMPLATE_ALIAS:
2018-05-01 18:21:57.134770 +0000 build-fedora4:      jessie:jessie+standard, jessie+gnome:jessie+gnome+standard, jessie+minimal:jessie+minimal+no-recommends,
2018-05-01 18:21:57.134786 +0000 build-fedora4:      stretch:stretch+standard, stretch+gnome:stretch+gnome+standard,
2018-05-01 18:21:57.134801 +0000 build-fedora4:      stretch+minimal:stretch+minimal+no-recommends,
2018-05-01 18:21:57.134814 +0000 build-fedora4: TEMPLATE_LABEL:
2018-05-01 18:21:57.134831 +0000 build-fedora4:      fc26:fedora-26, fc20:fedora-20 fc21:fedora-21 fc22:fedora-22 fc23:fedora-23 fc24:fedora-24 fc25:fedora-25
2018-05-01 18:21:57.134849 +0000 build-fedora4:      fc20+minimal:fedora-20-minimal fc21+minimal:fedora-21-minimal fc23+minimal:fedora-23-minimal
2018-05-01 18:21:57.134867 +0000 build-fedora4:      fc24+minimal:fedora-24-minimal fc25+minimal:fedora-25-minimal fc26+minimal:fedora-26-minimal
2018-05-01 18:21:57.134884 +0000 build-fedora4:      fc25+xfce:fedora-25-xfce fc26+xfce:fedora-26-xfce wheezy:debian-7 wheezy+standard:debian-7
2018-05-01 18:21:57.134902 +0000 build-fedora4:      jessie:debian-8 jessie+standard:debian-8 stretch:debian-9 stretch+standard:debian-9 centos7:centos-7
2018-05-01 18:21:57.134925 +0000 build-fedora4:      centos7+minimal:centos-7-minimal
2018-05-01 18:21:57.164971 +0000 build-fedora4: > running make
2018-05-01 18:21:57.202305 +0000 build-fedora4: Makefile:250: target 'sign-vm-fc27-app-linux-pdf-converter' does not exist
2018-05-01 18:21:57.202374 +0000 build-fedora4: if [ -n "app-linux-pdf-converter" -a "0" -ne 0 ]; then BRANCH=release4.0; branch_var="BRANCH_app_linux_pdf_converter"; [ -n "${!branch_var}" ] && BRANCH="${!branch_var}"; pushd qubes-src/app-linux-pdf-converter > /dev/null; CURRENT_BRANCH=`git symbolic-ref --short HEAD 2>/dev/null || git describe --tags --exact-match HEAD`; if [ "$BRANCH" != "$CURRENT_BRANCH" ]; then echo "-> ERROR: Wrong branch $branch_var=$CURRENT_BRANCH (expected $BRANCH)"; exit 1; fi; popd > /dev/null; fi
2018-05-01 18:21:57.202415 +0000 build-fedora4: SIGN_KEY=5817A43B283DE5A9181A522E1848792F9E2795E9; \
2018-05-01 18:21:57.202434 +0000 build-fedora4: sign_key_var="SIGN_KEY_fc27"; \
2018-05-01 18:21:57.202451 +0000 build-fedora4: [ -n "${!sign_key_var}" ] && SIGN_KEY="${!sign_key_var}"; \
2018-05-01 18:21:57.202468 +0000 build-fedora4: if [ -r qubes-src/app-linux-pdf-converter/Makefile.builder ]; then \
2018-05-01 18:21:57.202484 +0000 build-fedora4: .make --no-print-directory -f Makefile.generic \
2018-05-01 18:21:57.202498 +0000 build-fedora4: ..DIST=fc27 \
2018-05-01 18:21:57.202512 +0000 build-fedora4: ..PACKAGE_SET=vm \
2018-05-01 18:21:57.202526 +0000 build-fedora4: ..COMPONENT=app-linux-pdf-converter \
2018-05-01 18:21:57.202540 +0000 build-fedora4: ..SIGN_KEY=$SIGN_KEY \
2018-05-01 18:21:57.202554 +0000 build-fedora4: ..sign || exit 1; \
2018-05-01 18:21:57.202569 +0000 build-fedora4: elif [ -d qubes-src/app-linux-pdf-converter/rpm ]; then \
2018-05-01 18:21:57.202584 +0000 build-fedora4: .# Old mechanism supported only for RPM
2018-05-01 18:21:57.202600 +0000 build-fedora4: FILE_LIST=""; for RPM in qubes-src/app-linux-pdf-converter/rpm/*/*.rpm; do \
2018-05-01 18:21:57.202617 +0000 build-fedora4: ..if ! qubes-src/installer-qubes-os/rpm_verify $RPM > /dev/null; then \
2018-05-01 18:21:57.202631 +0000 build-fedora4: ...FILE_LIST="$FILE_LIST $RPM" ;\
2018-05-01 18:21:57.202644 +0000 build-fedora4: ..fi ;\
2018-05-01 18:21:57.202658 +0000 build-fedora4: .done ; \
2018-05-01 18:21:57.202672 +0000 build-fedora4: .if [ -n "$FILE_LIST" ]; then \
2018-05-01 18:21:57.202686 +0000 build-fedora4: ..echo "--> Signing..."; \
2018-05-01 18:21:57.202701 +0000 build-fedora4: ..RPMSIGN_OPTS=--digest-algo=sha256; \
2018-05-01 18:21:57.202715 +0000 build-fedora4: ..if [ -n "$SIGN_KEY" ]; then \
2018-05-01 18:21:57.202729 +0000 build-fedora4: ...RPMSIGN_OPTS="--key-id=$SIGN_KEY"; \
2018-05-01 18:21:57.202742 +0000 build-fedora4: ..fi; \
2018-05-01 18:21:57.202758 +0000 build-fedora4: ..setsid -w rpmsign "$RPMSIGN_OPTS" --addsign $FILE_LIST </dev/null ;\
2018-05-01 18:21:57.202770 +0000 build-fedora4: .fi; \
2018-05-01 18:21:57.202783 +0000 build-fedora4: fi
2018-05-01 18:21:57.219876 +0000 build-fedora4: + ERR_OUTPUT=/dev/stderr
2018-05-01 18:21:57.219917 +0000 build-fedora4: + '[' 2 -lt 2 ']'
2018-05-01 18:21:57.221261 +0000 build-fedora4: ++ basename qubes-src/app-linux-pdf-converter/rpm_spec/qpdf-converter.spec.in
2018-05-01 18:21:57.223549 +0000 build-fedora4: + [[ xqpdf-converter.spec.in == \x\.\i\n ]]
2018-05-01 18:21:57.223609 +0000 build-fedora4: + '[' -r qubes-src/app-linux-pdf-converter/rpm_spec/qpdf-converter.spec.in ']'
2018-05-01 18:21:57.223780 +0000 build-fedora4: + rpm -q --qf '%{NAME}-%{VERSION}.tar.gz\n' --specfile qubes-src/app-linux-pdf-converter/rpm_spec/qpdf-converter.spec
2018-05-01 18:21:57.259757 +0000 build-fedora4: warning: Macro %version defined but not used within scope
2018-05-01 18:21:57.266528 +0000 build-fedora4: cat: version: No such file or directory
2018-05-01 18:21:57.266779 +0000 build-fedora4: error: line 28: Empty tag: Version:
2018-05-01 18:21:57.266937 +0000 build-fedora4: error: query of specfile qubes-src/app-linux-pdf-converter/rpm_spec/qpdf-converter.spec failed, can't parse
2018-05-01 18:21:57.290888 +0000 build-fedora4: /home/user/builder-r4.0/qubes-src/builder-rpm/Makefile.rpmbuilder:164: target 'sign' does not exist
2018-05-01 18:21:57.290941 +0000 build-fedora4: cd qubes-src/app-linux-pdf-converter && for pkg in pkgs/fc27/x86_64/qubes-pdf-converter-2.1.3-1.fc27.x86_64.rpm ; do \
2018-05-01 18:21:57.290962 +0000 build-fedora4: .if ! rpm -K $pkg | grep -qi pgp; then \
2018-05-01 18:21:57.290984 +0000 build-fedora4: ..setsid -w rpmsign  --digest-algo=sha256 --key-id=5817A43B283DE5A9181A522E1848792F9E2795E9 --addsign $pkg </dev/null || exit 1; \
2018-05-01 18:21:57.290999 +0000 build-fedora4: .fi; \
2018-05-01 18:21:57.291013 +0000 build-fedora4: done
2018-05-01 18:21:57.330052 +0000 build-fedora4: + ERR_OUTPUT=/dev/stderr
2018-05-01 18:21:57.330131 +0000 build-fedora4: + '[' 2 -lt 2 ']'
2018-05-01 18:21:57.332569 +0000 build-fedora4: ++ basename qubes-src/app-linux-pdf-converter/rpm_spec/qpdf-converter.spec.in
2018-05-01 18:21:57.336098 +0000 build-fedora4: + [[ xqpdf-converter.spec.in == \x\.\i\n ]]
2018-05-01 18:21:57.336212 +0000 build-fedora4: + '[' -r qubes-src/app-linux-pdf-converter/rpm_spec/qpdf-converter.spec.in ']'
2018-05-01 18:21:57.336373 +0000 build-fedora4: + rpm -q --qf '%{NAME}-%{VERSION}.tar.gz\n' --specfile qubes-src/app-linux-pdf-converter/rpm_spec/qpdf-converter.spec
2018-05-01 18:21:57.375243 +0000 build-fedora4: warning: Macro %version defined but not used within scope
2018-05-01 18:21:57.381986 +0000 build-fedora4: cat: version: No such file or directory
2018-05-01 18:21:57.382246 +0000 build-fedora4: error: line 28: Empty tag: Version:
2018-05-01 18:21:57.382342 +0000 build-fedora4: error: query of specfile qubes-src/app-linux-pdf-converter/rpm_spec/qpdf-converter.spec failed, can't parse
2018-05-01 18:21:58.137865 +0000 build-fedora4: pkgs/fc27/x86_64/qubes-pdf-converter-2.1.3-1.fc27.x86_64.rpm:
2018-05-01 18:21:58.140995 +0000 build-fedora4: Makefile:721: target 'internal-update-repo-current-testing.vm.fc27.app-linux-pdf-converter' does not exist
2018-05-01 18:21:58.141055 +0000 build-fedora4: repo_base_var="LINUX_REPO_fc27_BASEDIR"; \
2018-05-01 18:21:58.141084 +0000 build-fedora4: if [ -n "${!repo_base_var}" ]; then \
2018-05-01 18:21:58.141109 +0000 build-fedora4: .repo_basedir="${!repo_base_var}"; \
2018-05-01 18:21:58.141130 +0000 build-fedora4: else \
2018-05-01 18:21:58.141159 +0000 build-fedora4: .repo_basedir="qubes-src/linux-yum/r4.0"; \
2018-05-01 18:21:58.141180 +0000 build-fedora4: fi; \
2018-05-01 18:21:58.141206 +0000 build-fedora4: if [ -r qubes-src/app-linux-pdf-converter/Makefile.builder ]; then \
2018-05-01 18:21:58.141232 +0000 build-fedora4: .echo -n "Updating qubes-src/app-linux-pdf-converter... "; \
2018-05-01 18:21:58.141254 +0000 build-fedora4: .if [ "0" -eq 1 ]; then \
2018-05-01 18:21:58.141282 +0000 build-fedora4: ..vtag=`git -C qubes-src/app-linux-pdf-converter tag --points-at HEAD --list v*`; \
2018-05-01 18:21:58.141305 +0000 build-fedora4: ..if [ -z "$vtag" ]; then \
2018-05-01 18:21:58.141327 +0000 build-fedora4: ...echo "no version tag"; \
2018-05-01 18:21:58.141348 +0000 build-fedora4: ...exit 0; \
2018-05-01 18:21:58.141367 +0000 build-fedora4: ..fi; \
2018-05-01 18:21:58.141387 +0000 build-fedora4: .fi; \
2018-05-01 18:21:58.141452 +0000 build-fedora4: .component_packages=$(MAKEFLAGS= make -s -f Makefile.generic DIST=fc27 PACKAGE_SET=vm COMPONENT=`basename qubes-src/app-linux-pdf-converter` UPDATE_REPO=/home/user/builder-r4.0/$repo_basedir/current-testing/vm/fc27 get-var GET_VAR=PACKAGE_LIST); \
2018-05-01 18:21:58.141478 +0000 build-fedora4: .if [ -z "$component_packages" ]; then \
2018-05-01 18:21:58.141501 +0000 build-fedora4: ..echo "no packages."; \
2018-05-01 18:21:58.141524 +0000 build-fedora4: ..exit 0; \
2018-05-01 18:21:58.141545 +0000 build-fedora4: .fi; \
2018-05-01 18:21:58.141570 +0000 build-fedora4: .make -s -f Makefile.generic DIST=fc27 PACKAGE_SET=vm \
2018-05-01 18:21:58.141598 +0000 build-fedora4: ..COMPONENT=`basename qubes-src/app-linux-pdf-converter` \
2018-05-01 18:21:58.141620 +0000 build-fedora4: ..SNAPSHOT_REPO=current-testing \
2018-05-01 18:21:58.141651 +0000 build-fedora4: ..TARGET_REPO=current-testing \
2018-05-01 18:21:58.141669 +0000 build-fedora4: ..UPDATE_REPO=/home/user/builder-r4.0/$repo_basedir/current-testing/vm/fc27 \
2018-05-01 18:21:58.141689 +0000 build-fedora4: ..SNAPSHOT_FILE=/home/user/builder-r4.0/repo-latest-snapshot/current-testing-vm-fc27-`basename qubes-src/app-linux-pdf-converter` \
2018-05-01 18:21:58.141708 +0000 build-fedora4: ..BUILD_LOG_URL=https://github.com/QubesOS/build-logs/tree/master/build-fedora4/log_2018-05-01_18-21-39 \
2018-05-01 18:21:58.141723 +0000 build-fedora4: ..update-repo || exit 1; \
2018-05-01 18:21:58.141741 +0000 build-fedora4: elif make -C qubes-src/app-linux-pdf-converter -n update-repo-current-testing >/dev/null 2>/dev/null; then \
2018-05-01 18:21:58.141757 +0000 build-fedora4: .echo "Updating qubes-src/app-linux-pdf-converter... "; \
2018-05-01 18:21:58.141774 +0000 build-fedora4: .make -s -C qubes-src/app-linux-pdf-converter update-repo-current-testing || exit 1; \
2018-05-01 18:21:58.141787 +0000 build-fedora4: else \
2018-05-01 18:21:58.141803 +0000 build-fedora4: .echo -n "Updating qubes-src/app-linux-pdf-converter... skipping."; \
2018-05-01 18:21:58.141816 +0000 build-fedora4: fi; \
2018-05-01 18:21:58.141828 +0000 build-fedora4: echo
2018-05-01 18:21:58.163902 +0000 build-fedora4: Updating qubes-src/app-linux-pdf-converter... + ERR_OUTPUT=/dev/stderr
2018-05-01 18:21:58.163944 +0000 build-fedora4: + '[' 2 -lt 2 ']'
2018-05-01 18:21:58.165309 +0000 build-fedora4: ++ basename qubes-src/app-linux-pdf-converter/rpm_spec/qpdf-converter.spec.in
2018-05-01 18:21:58.167517 +0000 build-fedora4: + [[ xqpdf-converter.spec.in == \x\.\i\n ]]
2018-05-01 18:21:58.167592 +0000 build-fedora4: + '[' -r qubes-src/app-linux-pdf-converter/rpm_spec/qpdf-converter.spec.in ']'
2018-05-01 18:21:58.167637 +0000 build-fedora4: + rpm -q --qf '%{NAME}-%{VERSION}.tar.gz\n' --specfile qubes-src/app-linux-pdf-converter/rpm_spec/qpdf-converter.spec
2018-05-01 18:21:58.203708 +0000 build-fedora4: warning: Macro %version defined but not used within scope
2018-05-01 18:21:58.210414 +0000 build-fedora4: cat: version: No such file or directory
2018-05-01 18:21:58.210693 +0000 build-fedora4: error: line 28: Empty tag: Version:
2018-05-01 18:21:58.210799 +0000 build-fedora4: error: query of specfile qubes-src/app-linux-pdf-converter/rpm_spec/qpdf-converter.spec failed, can't parse
2018-05-01 18:21:58.226907 +0000 build-fedora4: + ERR_OUTPUT=/dev/stderr
2018-05-01 18:21:58.226949 +0000 build-fedora4: + '[' 2 -lt 2 ']'
2018-05-01 18:21:58.228319 +0000 build-fedora4: ++ basename qubes-src/app-linux-pdf-converter/rpm_spec/qpdf-converter.spec.in
2018-05-01 18:21:58.230532 +0000 build-fedora4: + [[ xqpdf-converter.spec.in == \x\.\i\n ]]
2018-05-01 18:21:58.230592 +0000 build-fedora4: + '[' -r qubes-src/app-linux-pdf-converter/rpm_spec/qpdf-converter.spec.in ']'
2018-05-01 18:21:58.230679 +0000 build-fedora4: + rpm -q --qf '%{NAME}-%{VERSION}.tar.gz\n' --specfile qubes-src/app-linux-pdf-converter/rpm_spec/qpdf-converter.spec
2018-05-01 18:21:58.266815 +0000 build-fedora4: warning: Macro %version defined but not used within scope
2018-05-01 18:21:58.273532 +0000 build-fedora4: cat: version: No such file or directory
2018-05-01 18:21:58.273794 +0000 build-fedora4: error: line 28: Empty tag: Version:
2018-05-01 18:21:58.273940 +0000 build-fedora4: error: query of specfile qubes-src/app-linux-pdf-converter/rpm_spec/qpdf-converter.spec failed, can't parse
2018-05-01 18:21:58.307164 +0000 build-fedora4: + ERR_OUTPUT=/dev/stderr
2018-05-01 18:21:58.307206 +0000 build-fedora4: + '[' 2 -lt 2 ']'
2018-05-01 18:21:58.308558 +0000 build-fedora4: ++ basename qubes-src/app-linux-pdf-converter/rpm_spec/qpdf-converter.spec.in
2018-05-01 18:21:58.310822 +0000 build-fedora4: + [[ xqpdf-converter.spec.in == \x\.\i\n ]]
2018-05-01 18:21:58.310881 +0000 build-fedora4: + '[' -r qubes-src/app-linux-pdf-converter/rpm_spec/qpdf-converter.spec.in ']'
2018-05-01 18:21:58.310958 +0000 build-fedora4: + rpm -q --qf '%{NAME}-%{VERSION}.tar.gz\n' --specfile qubes-src/app-linux-pdf-converter/rpm_spec/qpdf-converter.spec
2018-05-01 18:21:58.347263 +0000 build-fedora4: warning: Macro %version defined but not used within scope
2018-05-01 18:21:58.354087 +0000 build-fedora4: cat: version: No such file or directory
2018-05-01 18:21:58.354372 +0000 build-fedora4: error: line 28: Empty tag: Version:
2018-05-01 18:21:58.354489 +0000 build-fedora4: error: query of specfile qubes-src/app-linux-pdf-converter/rpm_spec/qpdf-converter.spec failed, can't parse
2018-05-01 18:21:58.397490 +0000 build-fedora4: /home/user/builder-r4.0/qubes-src/builder-rpm/Makefile.rpmbuilder:140: target 'update-repo-do' does not exist
2018-05-01 18:21:58.397557 +0000 build-fedora4: mkdir -p /home/user/builder-r4.0/qubes-src/linux-yum/r4.0/current-testing/vm/fc27/rpm
2018-05-01 18:21:58.427317 +0000 build-fedora4: + ERR_OUTPUT=/dev/stderr
2018-05-01 18:21:58.427362 +0000 build-fedora4: + '[' 2 -lt 2 ']'
2018-05-01 18:21:58.428875 +0000 build-fedora4: ++ basename qubes-src/app-linux-pdf-converter/rpm_spec/qpdf-converter.spec.in
2018-05-01 18:21:58.431470 +0000 build-fedora4: + [[ xqpdf-converter.spec.in == \x\.\i\n ]]
2018-05-01 18:21:58.431535 +0000 build-fedora4: + '[' -r qubes-src/app-linux-pdf-converter/rpm_spec/qpdf-converter.spec.in ']'
2018-05-01 18:21:58.431619 +0000 build-fedora4: + rpm -q --qf '%{NAME}-%{VERSION}.tar.gz\n' --specfile qubes-src/app-linux-pdf-converter/rpm_spec/qpdf-converter.spec
2018-05-01 18:21:58.468772 +0000 build-fedora4: warning: Macro %version defined but not used within scope
2018-05-01 18:21:58.475552 +0000 build-fedora4: cat: version: No such file or directory
2018-05-01 18:21:58.475892 +0000 build-fedora4: error: line 28: Empty tag: Version:
2018-05-01 18:21:58.476026 +0000 build-fedora4: error: query of specfile qubes-src/app-linux-pdf-converter/rpm_spec/qpdf-converter.spec failed, can't parse
2018-05-01 18:21:58.488516 +0000 build-fedora4: cd qubes-src/app-linux-pdf-converter && ln -f pkgs/fc27/x86_64/qubes-pdf-converter-2.1.3-1.fc27.x86_64.rpm  /home/user/builder-r4.0/qubes-src/linux-yum/r4.0/current-testing/vm/fc27/rpm/
2018-05-01 18:21:58.493800 +0000 build-fedora4: cd qubes-src/app-linux-pdf-converter && echo pkgs/fc27/x86_64/qubes-pdf-converter-2.1.3-1.fc27.x86_64.rpm  > /home/user/builder-r4.0/repo-latest-snapshot/current-testing-vm-fc27-app-linux-pdf-converter
2018-05-01 18:21:58.554059 +0000 build-fedora4: /home/user/builder-r4.0/qubes-src/builder-github//Makefile.github:21: target 'notify-github' does not exist
2018-05-01 18:21:58.554107 +0000 build-fedora4: [ -z "qubes-pdf-converter-2.1.3-1.fc27" ] || /home/user/builder-r4.0/qubes-src/builder-github//notify-issues \
2018-05-01 18:21:58.554130 +0000 build-fedora4: .--build-log="https://github.com/QubesOS/build-logs/tree/master/build-fedora4/log_2018-05-01_18-21-39" \
2018-05-01 18:21:58.554146 +0000 build-fedora4: ."r4.0" \
2018-05-01 18:21:58.554162 +0000 build-fedora4: ."current-testing" \
2018-05-01 18:21:58.554178 +0000 build-fedora4: ."qubes-src/app-linux-pdf-converter" \
2018-05-01 18:21:58.554193 +0000 build-fedora4: ."qubes-pdf-converter-2.1.3-1.fc27" \
2018-05-01 18:21:58.554206 +0000 build-fedora4: ."fc27" \
2018-05-01 18:21:58.554219 +0000 build-fedora4: ."vm" \
2018-05-01 18:21:58.554236 +0000 build-fedora4: ."/home/user/github-notify-state/r4.0-app-linux-pdf-converter-vm-fc27-current-testing"
2018-05-01 18:21:58.606349 +0000 build-fedora4: + ERR_OUTPUT=/dev/stderr
2018-05-01 18:21:58.606390 +0000 build-fedora4: + '[' 2 -lt 2 ']'
2018-05-01 18:21:58.607782 +0000 build-fedora4: ++ basename qubes-src/app-linux-pdf-converter/rpm_spec/qpdf-converter.spec.in
2018-05-01 18:21:58.610087 +0000 build-fedora4: + [[ xqpdf-converter.spec.in == \x\.\i\n ]]
2018-05-01 18:21:58.610161 +0000 build-fedora4: + '[' -r qubes-src/app-linux-pdf-converter/rpm_spec/qpdf-converter.spec.in ']'
2018-05-01 18:21:58.610208 +0000 build-fedora4: + rpm -q --qf '%{NAME}-%{VERSION}.tar.gz\n' --specfile qubes-src/app-linux-pdf-converter/rpm_spec/qpdf-converter.spec
2018-05-01 18:21:58.646221 +0000 build-fedora4: warning: Macro %version defined but not used within scope
2018-05-01 18:21:58.653034 +0000 build-fedora4: cat: version: No such file or directory
2018-05-01 18:21:58.653286 +0000 build-fedora4: error: line 28: Empty tag: Version:
2018-05-01 18:21:58.653417 +0000 build-fedora4: error: query of specfile qubes-src/app-linux-pdf-converter/rpm_spec/qpdf-converter.spec failed, can't parse
2018-05-01 18:22:01.557839 +0000 build-fedora4: WARNING: /home/user/github-notify-state/r4.0-app-linux-pdf-converter-vm-fc27-current-testing does not exist, initializing with the current state
2018-05-01 18:22:01.562250 +0000 build-fedora4: 
2018-05-01 18:22:01.562621 +0000 build-fedora4: Makefile:702: update target 'internal-update-repo-current-testing.vm.fc27' due to: internal-update-repo-current-testing.vm.fc27.app-linux-pdf-converter
2018-05-01 18:22:01.562660 +0000 build-fedora4: true
2018-05-01 18:22:01.566096 +0000 build-fedora4: Makefile:764: target 'post-update-repo-current-testing' does not exist
2018-05-01 18:22:01.566147 +0000 build-fedora4: for dist in  fc27; do \
2018-05-01 18:22:01.566178 +0000 build-fedora4: .repo_base_var="LINUX_REPO_${dist}_BASEDIR"; \
2018-05-01 18:22:01.566205 +0000 build-fedora4: .if [ -n "${!repo_base_var}" ]; then \
2018-05-01 18:22:01.566230 +0000 build-fedora4: ..repo_basedir="${!repo_base_var}"; \
2018-05-01 18:22:01.566254 +0000 build-fedora4: .else \
2018-05-01 18:22:01.566282 +0000 build-fedora4: ..repo_basedir="qubes-src/linux-yum/r4.0"; \
2018-05-01 18:22:01.566305 +0000 build-fedora4: .fi; \
2018-05-01 18:22:01.566332 +0000 build-fedora4: .repos_to_update="$repos_to_update $repo_basedir"; \
2018-05-01 18:22:01.566354 +0000 build-fedora4: done; \
2018-05-01 18:22:01.566379 +0000 build-fedora4: for repo in `echo $repos_to_update|tr ' ' '\n'|sort|uniq`; do \
2018-05-01 18:22:01.566441 +0000 build-fedora4: .[ -z "$repo" ] && continue; \
2018-05-01 18:22:01.566469 +0000 build-fedora4: .(cd $repo/.. && ./update_repo-current-testing.sh `basename $repo`); \
2018-05-01 18:22:01.566490 +0000 build-fedora4: done
2018-05-01 18:22:01.611528 +0000 build-fedora4: --> Processing repo: r4.0/current-testing/dom0/fc25...
2018-05-01 18:22:02.764318 +0000 build-fedora4: --> Processing repo: r4.0/current-testing/vm/centos7...
2018-05-01 18:22:03.529208 +0000 build-fedora4: --> Processing repo: r4.0/current-testing/vm/fc20...
2018-05-01 18:22:04.324276 +0000 build-fedora4: --> Processing repo: r4.0/current-testing/vm/fc21...
2018-05-01 18:22:05.106690 +0000 build-fedora4: --> Processing repo: r4.0/current-testing/vm/fc22...
2018-05-01 18:22:05.806862 +0000 build-fedora4: --> Processing repo: r4.0/current-testing/vm/fc23...
2018-05-01 18:22:06.608902 +0000 build-fedora4: --> Processing repo: r4.0/current-testing/vm/fc24...
2018-05-01 18:22:14.869652 +0000 build-fedora4: --> Processing repo: r4.0/current-testing/vm/fc25...
2018-05-01 18:22:23.288704 +0000 build-fedora4: --> Processing repo: r4.0/current-testing/vm/fc26...
2018-05-01 18:22:29.875275 +0000 build-fedora4: --> Processing repo: r4.0/current-testing/vm/fc27...
2018-05-01 18:22:31.257073 +0000 build-fedora4: --> Processing repo: r4.0/current-testing/vm/fc28...
2018-05-01 18:22:32.047661 +0000 build-fedora4: Done.
2018-05-01 18:22:32.068543 +0000 build-fedora4: ~/builder-r4.0/qubes-src/linux-yum ~/builder-r4.0/qubes-src/linux-yum
2018-05-01 18:22:32.073295 +0000 build-fedora4: Syncing r4.0...
2018-05-01 18:22:33.234328 +0000 build-fedora4: sending incremental file list
2018-05-01 18:22:33.407688 +0000 build-fedora4: rsync: failed to set times on "/pub/qubes/repo/yum/r4.0/current-testing/dom0/fc25/comps.xml": Operation not permitted (1)
2018-05-01 18:22:33.407912 +0000 build-fedora4: rsync: failed to set times on "/pub/qubes/repo/yum/r4.0/current-testing/vm/fc24/comps.xml": Operation not permitted (1)
2018-05-01 18:22:33.408092 +0000 build-fedora4: rsync: failed to set times on "/pub/qubes/repo/yum/r4.0/current-testing/vm/fc25/comps.xml": Operation not permitted (1)
2018-05-01 18:22:33.408253 +0000 build-fedora4: .d..t...... current-testing/dom0/fc25/
2018-05-01 18:22:33.408494 +0000 build-fedora4: .L..t...... current-testing/dom0/fc25/comps.xml -> ../../../comps-dom0.xml
2018-05-01 18:22:33.408614 +0000 build-fedora4: .d..t...... current-testing/vm/centos7/
2018-05-01 18:22:33.408726 +0000 build-fedora4: .d..t...... current-testing/vm/fc20/
2018-05-01 18:22:33.408874 +0000 build-fedora4: .d..t...... current-testing/vm/fc21/
2018-05-01 18:22:33.408985 +0000 build-fedora4: .d..t...... current-testing/vm/fc22/
2018-05-01 18:22:33.409095 +0000 build-fedora4: .d..t...... current-testing/vm/fc23/
2018-05-01 18:22:33.409169 +0000 build-fedora4: .d..t...... current-testing/vm/fc24/
2018-05-01 18:22:33.409269 +0000 build-fedora4: .L..t...... current-testing/vm/fc24/comps.xml -> ../../../comps-vm.xml
2018-05-01 18:22:33.422492 +0000 build-fedora4: .d..t...... current-testing/vm/fc25/
2018-05-01 18:22:33.422620 +0000 build-fedora4: .L..t...... current-testing/vm/fc25/comps.xml -> ../../../comps-vm.xml
2018-05-01 18:22:33.458182 +0000 build-fedora4: rsync: failed to set times on "/pub/qubes/repo/yum/r4.0/current-testing/vm/fc26": Operation not permitted (1)
2018-05-01 18:22:33.458236 +0000 build-fedora4: rsync: failed to set times on "/pub/qubes/repo/yum/r4.0/current-testing/vm/fc26/comps.xml": Operation not permitted (1)
2018-05-01 18:22:33.458257 +0000 build-fedora4: .d..t...... current-testing/vm/fc26/
2018-05-01 18:22:33.458276 +0000 build-fedora4: .L..t...... current-testing/vm/fc26/comps.xml -> ../../../comps-vm.xml
2018-05-01 18:22:33.465177 +0000 build-fedora4: rsync: failed to set times on "/pub/qubes/repo/yum/r4.0/current-testing/vm/fc26/rpm": Operation not permitted (1)
2018-05-01 18:22:33.488344 +0000 build-fedora4: .d..t...... current-testing/vm/fc26/rpm/
2018-05-01 18:22:33.488423 +0000 build-fedora4: .d..t...... current-testing/vm/fc27/
2018-05-01 18:22:33.530194 +0000 build-fedora4: rsync: failed to set times on "/pub/qubes/repo/yum/r4.0/current/dom0/fc25/comps.xml": Operation not permitted (1)
2018-05-01 18:22:33.530478 +0000 build-fedora4: rsync: failed to set times on "/pub/qubes/repo/yum/r4.0/current/vm/fc24/comps.xml": Operation not permitted (1)
2018-05-01 18:22:33.530639 +0000 build-fedora4: rsync: failed to set times on "/pub/qubes/repo/yum/r4.0/current/vm/fc25": Operation not permitted (1)
2018-05-01 18:22:33.530794 +0000 build-fedora4: rsync: failed to set times on "/pub/qubes/repo/yum/r4.0/current/vm/fc25/comps.xml": Operation not permitted (1)
2018-05-01 18:22:33.530936 +0000 build-fedora4: rsync: failed to set times on "/pub/qubes/repo/yum/r4.0/current/vm/fc25/rpm": Operation not permitted (1)
2018-05-01 18:22:33.531075 +0000 build-fedora4: rsync: failed to set times on "/pub/qubes/repo/yum/r4.0/current/vm/fc26": Operation not permitted (1)
2018-05-01 18:22:33.531220 +0000 build-fedora4: rsync: failed to set times on "/pub/qubes/repo/yum/r4.0/current/vm/fc26/comps.xml": Operation not permitted (1)
2018-05-01 18:22:33.531382 +0000 build-fedora4: .d..t...... current-testing/vm/fc27/rpm/
2018-05-01 18:22:33.531573 +0000 build-fedora4: <f+++++++++ current-testing/vm/fc27/rpm/qubes-pdf-converter-2.1.3-1.fc27.x86_64.rpm
2018-05-01 18:22:33.531723 +0000 build-fedora4: .         13,848 100%    0.00kB/s    0:00:00  .         13,848 100%    0.00kB/s    0:00:00 (xfr#1, ir-chk=1023/3559)
2018-05-01 18:22:33.534736 +0000 build-fedora4: .d..t...... current-testing/vm/fc28/
2018-05-01 18:22:33.534905 +0000 build-fedora4: .d..t...... current/dom0/fc25/
2018-05-01 18:22:33.535025 +0000 build-fedora4: .L..t...... current/dom0/fc25/comps.xml -> ../../../comps-dom0.xml
2018-05-01 18:22:33.535096 +0000 build-fedora4: .d..t...... current/vm/centos7/
2018-05-01 18:22:33.535157 +0000 build-fedora4: .d..t...... current/vm/fc17/
2018-05-01 18:22:33.535229 +0000 build-fedora4: .d..t...... current/vm/fc20/
2018-05-01 18:22:33.535344 +0000 build-fedora4: .d..t...... current/vm/fc21/
2018-05-01 18:22:33.535509 +0000 build-fedora4: .d..t...... current/vm/fc22/
2018-05-01 18:22:33.535636 +0000 build-fedora4: .d..t...... current/vm/fc23/
2018-05-01 18:22:33.535789 +0000 build-fedora4: .d..t...... current/vm/fc24/
2018-05-01 18:22:33.535973 +0000 build-fedora4: .L..t...... current/vm/fc24/comps.xml -> ../../../comps-vm.xml
2018-05-01 18:22:33.537476 +0000 build-fedora4: .d..t...... current/vm/fc25/
2018-05-01 18:22:33.537624 +0000 build-fedora4: .L..t...... current/vm/fc25/comps.xml -> ../../../comps-vm.xml
2018-05-01 18:22:33.537759 +0000 build-fedora4: .d..t...... current/vm/fc25/rpm/
2018-05-01 18:22:33.537865 +0000 build-fedora4: .d..t...... current/vm/fc26/
2018-05-01 18:22:33.537978 +0000 build-fedora4: .L..t...... current/vm/fc26/comps.xml -> ../../../comps-vm.xml
2018-05-01 18:22:33.538157 +0000 build-fedora4: rsync: failed to set times on "/pub/qubes/repo/yum/r4.0/current/vm/fc26/rpm": Operation not permitted (1)
2018-05-01 18:22:33.538272 +0000 build-fedora4: .d..t...... current/vm/fc26/rpm/
2018-05-01 18:22:33.539284 +0000 build-fedora4: .d..t...... current/vm/fc27/
2018-05-01 18:22:33.539559 +0000 build-fedora4: .d..t...... current/vm/fc28/
2018-05-01 18:22:33.539704 +0000 build-fedora4: .d..t...... security-testing/dom0/fc21/
2018-05-01 18:22:33.539820 +0000 build-fedora4: .d..t...... security-testing/dom0/fc25/
2018-05-01 18:22:33.539926 +0000 build-fedora4: .d..t...... security-testing/vm/centos7/
2018-05-01 18:22:33.540038 +0000 build-fedora4: .d..t...... security-testing/vm/fc20/
2018-05-01 18:22:33.540157 +0000 build-fedora4: .d..t...... security-testing/vm/fc21/
2018-05-01 18:22:33.540221 +0000 build-fedora4: .d..t...... security-testing/vm/fc22/
2018-05-01 18:22:33.540282 +0000 build-fedora4: .d..t...... security-testing/vm/fc23/
2018-05-01 18:22:33.540342 +0000 build-fedora4: .d..t...... security-testing/vm/fc24/
2018-05-01 18:22:33.540445 +0000 build-fedora4: .d..t...... security-testing/vm/fc25/
2018-05-01 18:22:33.593046 +0000 build-fedora4: rsync: failed to set times on "/pub/qubes/repo/yum/r4.0/security-testing/vm/fc26": Operation not permitted (1)
2018-05-01 18:22:33.593271 +0000 build-fedora4: rsync: failed to set times on "/pub/qubes/repo/yum/r4.0/security-testing/vm/fc26/rpm": Operation not permitted (1)
2018-05-01 18:22:33.593369 +0000 build-fedora4: .d..t...... security-testing/vm/fc26/
2018-05-01 18:22:33.593539 +0000 build-fedora4: .d..t...... security-testing/vm/fc26/rpm/
2018-05-01 18:22:33.593652 +0000 build-fedora4: .d..t...... security-testing/vm/fc27/
2018-05-01 18:22:33.593755 +0000 build-fedora4: .d..t...... security-testing/vm/fc28/
2018-05-01 18:22:33.775900 +0000 build-fedora4: rsync error: some files/attrs were not transferred (see previous errors) (code 23) at main.c(1189) [sender=3.1.3]
2018-05-01 18:22:34.267776 +0000 build-fedora4: --> Processing repo: r4.0/current/dom0/fc20...
2018-05-01 18:22:34.364770 +0000 build-fedora4: Warning: Requested more delta workers than workers. This is insane. Limiting.
2018-05-01 18:22:35.075306 +0000 build-fedora4: --> Processing repo: r4.0/current/dom0/fc25...
2018-05-01 18:22:35.181381 +0000 build-fedora4: Warning: Requested more delta workers than workers. This is insane. Limiting.
2018-05-01 18:23:35.752763 +0000 build-fedora4: --> Processing repo: r4.0/current/vm/centos7...
2018-05-01 18:23:35.854945 +0000 build-fedora4: Warning: Requested more delta workers than workers. This is insane. Limiting.
2018-05-01 18:23:39.969834 +0000 build-fedora4: --> Processing repo: r4.0/current/vm/fc17...
2018-05-01 18:23:40.063370 +0000 build-fedora4: Warning: Requested more delta workers than workers. This is insane. Limiting.
2018-05-01 18:23:40.705821 +0000 build-fedora4: --> Processing repo: r4.0/current/vm/fc20...
2018-05-01 18:23:40.799964 +0000 build-fedora4: Warning: Requested more delta workers than workers. This is insane. Limiting.
2018-05-01 18:23:41.441111 +0000 build-fedora4: --> Processing repo: r4.0/current/vm/fc21...
2018-05-01 18:23:41.534839 +0000 build-fedora4: Warning: Requested more delta workers than workers. This is insane. Limiting.
2018-05-01 18:23:42.169847 +0000 build-fedora4: --> Processing repo: r4.0/current/vm/fc22...
2018-05-01 18:23:42.264970 +0000 build-fedora4: Warning: Requested more delta workers than workers. This is insane. Limiting.
2018-05-01 18:23:42.897566 +0000 build-fedora4: --> Processing repo: r4.0/current/vm/fc23...
2018-05-01 18:23:42.992911 +0000 build-fedora4: Warning: Requested more delta workers than workers. This is insane. Limiting.
2018-05-01 18:23:43.882844 +0000 build-fedora4: --> Processing repo: r4.0/current/vm/fc24...
2018-05-01 18:23:43.985178 +0000 build-fedora4: Warning: Requested more delta workers than workers. This is insane. Limiting.
2018-05-01 18:23:49.684810 +0000 build-fedora4: --> Processing repo: r4.0/current/vm/fc25...
2018-05-01 18:23:49.780235 +0000 build-fedora4: Warning: Requested more delta workers than workers. This is insane. Limiting.
2018-05-01 18:23:54.836082 +0000 build-fedora4: --> Processing repo: r4.0/current/vm/fc26...
2018-05-01 18:23:54.938142 +0000 build-fedora4: Warning: Requested more delta workers than workers. This is insane. Limiting.
2018-05-01 18:23:58.905800 +0000 build-fedora4: --> Processing repo: r4.0/current/vm/fc27...
2018-05-01 18:23:59.000821 +0000 build-fedora4: Warning: Requested more delta workers than workers. This is insane. Limiting.
2018-05-01 18:23:59.664754 +0000 build-fedora4: --> Processing repo: r4.0/current/vm/fc28...
2018-05-01 18:23:59.758712 +0000 build-fedora4: Warning: Requested more delta workers than workers. This is insane. Limiting.
2018-05-01 18:24:00.394869 +0000 build-fedora4: Done.
2018-05-01 18:24:00.581043 +0000 build-fedora4: --> Processing repo: r4.0/current-testing/dom0/fc20...
2018-05-01 18:24:00.677980 +0000 build-fedora4: Warning: Requested more delta workers than workers. This is insane. Limiting.
2018-05-01 18:24:01.309785 +0000 build-fedora4: --> Processing repo: r4.0/current-testing/dom0/fc25...
2018-05-01 18:24:01.421024 +0000 build-fedora4: Warning: Requested more delta workers than workers. This is insane. Limiting.
2018-05-01 18:26:18.438932 +0000 build-fedora4: --> Processing repo: r4.0/current-testing/vm/centos7...
2018-05-01 18:26:18.543851 +0000 build-fedora4: Warning: Requested more delta workers than workers. This is insane. Limiting.
2018-05-01 18:26:32.961335 +0000 build-fedora4: --> Processing repo: r4.0/current-testing/vm/fc20...
2018-05-01 18:26:33.058860 +0000 build-fedora4: Warning: Requested more delta workers than workers. This is insane. Limiting.
2018-05-01 18:26:33.700709 +0000 build-fedora4: --> Processing repo: r4.0/current-testing/vm/fc21...
2018-05-01 18:26:33.794482 +0000 build-fedora4: Warning: Requested more delta workers than workers. This is insane. Limiting.
2018-05-01 18:26:34.434566 +0000 build-fedora4: --> Processing repo: r4.0/current-testing/vm/fc22...
2018-05-01 18:26:34.529085 +0000 build-fedora4: Warning: Requested more delta workers than workers. This is insane. Limiting.
2018-05-01 18:26:35.171068 +0000 build-fedora4: --> Processing repo: r4.0/current-testing/vm/fc23...
2018-05-01 18:26:35.265672 +0000 build-fedora4: Warning: Requested more delta workers than workers. This is insane. Limiting.
2018-05-01 18:26:35.931843 +0000 build-fedora4: --> Processing repo: r4.0/current-testing/vm/fc24...
2018-05-01 18:26:36.039458 +0000 build-fedora4: Warning: Requested more delta workers than workers. This is insane. Limiting.
2018-05-01 18:27:02.142264 +0000 build-fedora4: --> Processing repo: r4.0/current-testing/vm/fc25...
2018-05-01 18:27:02.250513 +0000 build-fedora4: Warning: Requested more delta workers than workers. This is insane. Limiting.
2018-05-01 18:27:28.242701 +0000 build-fedora4: --> Processing repo: r4.0/current-testing/vm/fc26...
2018-05-01 18:27:28.348951 +0000 build-fedora4: Warning: Requested more delta workers than workers. This is insane. Limiting.
2018-05-01 18:27:46.629529 +0000 build-fedora4: --> Processing repo: r4.0/current-testing/vm/fc27...
2018-05-01 18:27:46.729637 +0000 build-fedora4: Warning: Requested more delta workers than workers. This is insane. Limiting.
2018-05-01 18:27:47.905509 +0000 build-fedora4: --> Processing repo: r4.0/current-testing/vm/fc28...
2018-05-01 18:27:48.000106 +0000 build-fedora4: Warning: Requested more delta workers than workers. This is insane. Limiting.
2018-05-01 18:27:49.116504 +0000 build-fedora4: Done.
2018-05-01 18:27:49.313090 +0000 build-fedora4: --> Processing repo: r4.0/security-testing/dom0/fc20...
2018-05-01 18:27:49.404507 +0000 build-fedora4: Warning: Requested more delta workers than workers. This is insane. Limiting.
2018-05-01 18:27:50.052995 +0000 build-fedora4: --> Processing repo: r4.0/security-testing/dom0/fc21...
2018-05-01 18:27:50.147265 +0000 build-fedora4: Warning: Requested more delta workers than workers. This is insane. Limiting.
2018-05-01 18:27:50.786815 +0000 build-fedora4: --> Processing repo: r4.0/security-testing/dom0/fc25...
2018-05-01 18:27:50.886236 +0000 build-fedora4: Warning: Requested more delta workers than workers. This is insane. Limiting.
2018-05-01 18:28:05.386864 +0000 build-fedora4: --> Processing repo: r4.0/security-testing/vm/centos7...
2018-05-01 18:28:05.488056 +0000 build-fedora4: Warning: Requested more delta workers than workers. This is insane. Limiting.
2018-05-01 18:28:11.073786 +0000 build-fedora4: --> Processing repo: r4.0/security-testing/vm/fc20...
2018-05-01 18:28:11.168530 +0000 build-fedora4: Warning: Requested more delta workers than workers. This is insane. Limiting.
2018-05-01 18:28:11.808188 +0000 build-fedora4: --> Processing repo: r4.0/security-testing/vm/fc21...
2018-05-01 18:28:11.902801 +0000 build-fedora4: Warning: Requested more delta workers than workers. This is insane. Limiting.
2018-05-01 18:28:12.557573 +0000 build-fedora4: --> Processing repo: r4.0/security-testing/vm/fc22...
2018-05-01 18:28:12.651572 +0000 build-fedora4: Warning: Requested more delta workers than workers. This is insane. Limiting.
2018-05-01 18:28:13.407601 +0000 build-fedora4: --> Processing repo: r4.0/security-testing/vm/fc23...
2018-05-01 18:28:13.507005 +0000 build-fedora4: Warning: Requested more delta workers than workers. This is insane. Limiting.
2018-05-01 18:28:14.191740 +0000 build-fedora4: --> Processing repo: r4.0/security-testing/vm/fc24...
2018-05-01 18:28:14.291539 +0000 build-fedora4: Warning: Requested more delta workers than workers. This is insane. Limiting.
2018-05-01 18:28:22.164818 +0000 build-fedora4: --> Processing repo: r4.0/security-testing/vm/fc25...
2018-05-01 18:28:22.264374 +0000 build-fedora4: Warning: Requested more delta workers than workers. This is insane. Limiting.
2018-05-01 18:28:30.203559 +0000 build-fedora4: --> Processing repo: r4.0/security-testing/vm/fc26...
2018-05-01 18:28:30.225277 +0000 build-fedora4: Warning: Requested more delta workers than workers. This is insane. Limiting.
2018-05-01 18:28:36.951015 +0000 build-fedora4: --> Processing repo: r4.0/security-testing/vm/fc27...
2018-05-01 18:28:37.046735 +0000 build-fedora4: Warning: Requested more delta workers than workers. This is insane. Limiting.
2018-05-01 18:28:37.732279 +0000 build-fedora4: --> Processing repo: r4.0/security-testing/vm/fc28...
2018-05-01 18:28:37.835786 +0000 build-fedora4: Warning: Requested more delta workers than workers. This is insane. Limiting.
2018-05-01 18:28:39.022977 +0000 build-fedora4: Done.
2018-05-01 18:28:39.028759 +0000 build-fedora4: ~/builder-r4.0/qubes-src/linux-yum
2018-05-01 18:28:39.035348 +0000 build-fedora4: Makefile:689: update target 'update-repo-current-testing' due to: internal-update-repo-current-testing.vm.fc27 post-update-repo-current-testing
2018-05-01 18:28:39.035671 +0000 build-fedora4: true
2018-05-01 18:28:39.054793 +0000 build-fedora4: > done
2018-05-01 18:29:39.044954 +0000 > closing log
