2017-03-07 03:08:47.822588 +0000 > starting log
2017-03-07 03:08:47.825248 +0000 build-debian3: > starting build with log
2017-03-07 03:08:47.825296 +0000 build-debian3: >> make args: DISTS_VM=stretch DIST_DOM0= qubes
2017-03-07 03:08:47.825323 +0000 build-debian3: >> MAKEFLAGS=
2017-03-07 03:08:47.825348 +0000 build-debian3: >> COMPONENTS=app-linux-pdf-converter
2017-03-07 03:08:47.825368 +0000 build-debian3: >> DISTS_VM=
2017-03-07 03:08:47.825388 +0000 build-debian3: >> DIST_DOM0=
2017-03-07 03:08:47.825413 +0000 build-debian3: >> qubes-builder b1e932af98a3a38ea51bdfef46aa7144b5ff8600
2017-03-07 03:08:47.825443 +0000 build-debian3: >> qubes-builder/qubes-src/app-linux-pdf-converter b1eec19d4cfb9ea1ef01c10a9fb6671c7c7f8b9d
2017-03-07 03:08:47.825471 +0000 build-debian3: !! pkgs/jessie/qubes-pdf-converter_2.1.2-1+deb8u1.debian.tar.xz
2017-03-07 03:08:47.825497 +0000 build-debian3: !! pkgs/jessie/qubes-pdf-converter_2.1.2-1+deb8u1.dsc
2017-03-07 03:08:47.825523 +0000 build-debian3: !! pkgs/jessie/qubes-pdf-converter_2.1.2-1+deb8u1_amd64.changes
2017-03-07 03:08:47.825549 +0000 build-debian3: !! pkgs/jessie/qubes-pdf-converter_2.1.2-1+deb8u1_amd64.deb
2017-03-07 03:08:47.825574 +0000 build-debian3: !! pkgs/jessie/qubes-pdf-converter_2.1.2.orig.tar.gz
2017-03-07 03:08:47.825611 +0000 build-debian3: e97e1a04d536089ad5489f8a46882ae77922b76bc1c7292c8fd024864207f4b3f14cccd6c83d60b4b2253ceaf38046dfa15495b937ee01faf8b8a0840dafe820  pkgs/jessie/qubes-pdf-converter_2.1.2-1+deb8u1.debian.tar.xz
2017-03-07 03:08:47.825651 +0000 build-debian3: 67e7e37bb529a78126422161df2c12be076e51af104a42692c3fef9e2a46923e96a64cab2a52c6a22ea4088a9619195efedd3d073d7cb5fda3031d3ec12c298f  pkgs/jessie/qubes-pdf-converter_2.1.2-1+deb8u1.dsc
2017-03-07 03:08:47.825694 +0000 build-debian3: fe1c7ea119c05436567322ec12e6e9d80d379d7f47eb71fc73f6f14b7727beeaf232fd879b26a0997a42e823327491fd6ff911d6a3f087e18acd194fb929d472  pkgs/jessie/qubes-pdf-converter_2.1.2-1+deb8u1_amd64.changes
2017-03-07 03:08:47.825736 +0000 build-debian3: 468f9fa6fbf23b598a6272f209cf608bc7680bb96b2609603169535251a6b46df406ee7660d6b4a0b42bd1e1f6ec395d305eae8f60916fd45c0ee65aa7ea6474  pkgs/jessie/qubes-pdf-converter_2.1.2-1+deb8u1_amd64.deb
2017-03-07 03:08:47.825776 +0000 build-debian3: 53fdd58e05580bc27bff85bbdf53e864ef48bb8619bbe84de45f3e0c8b8d1959cd2c9e1f215858c831b4f30fc7fb839da374ebec328fea427f7a61f664a70507  pkgs/jessie/qubes-pdf-converter_2.1.2.orig.tar.gz
2017-03-07 03:08:47.825806 +0000 build-debian3: ================================================================================
2017-03-07 03:08:47.825834 +0000 build-debian3:                            B U I L D   I N F O                                  
2017-03-07 03:08:47.825863 +0000 build-debian3: Items in red indicate it was automatically generated by configuration file(s)
2017-03-07 03:08:47.825891 +0000 build-debian3: Items in white indicate it was automatically removed by configuration file(s)
2017-03-07 03:08:47.825918 +0000 build-debian3: ================================================================================
2017-03-07 03:08:47.825939 +0000 build-debian3: DISTS_VM:
2017-03-07 03:08:47.825962 +0000 build-debian3:      jessie+standard, stretch, jessie
2017-03-07 03:08:47.825982 +0000 build-debian3: DISTS_ALL:
2017-03-07 03:08:47.826003 +0000 build-debian3:      jessie, stretch,
2017-03-07 03:08:47.826024 +0000 build-debian3: DIST_DOM0:
2017-03-07 03:08:47.826043 +0000 build-debian3:     
2017-03-07 03:08:47.826063 +0000 build-debian3: BUILDER_PLUGINS:
2017-03-07 03:08:47.826104 +0000 build-debian3:      builder-debian, mgmt-salt, builder-github,
2017-03-07 03:08:47.826125 +0000 build-debian3: COMPONENTS:
2017-03-07 03:08:47.826147 +0000 build-debian3:      app-linux-pdf-converter,
2017-03-07 03:08:47.826167 +0000 build-debian3: GIT_REPOS:
2017-03-07 03:08:47.826192 +0000 build-debian3:      qubes-src/app-linux-pdf-converter,
2017-03-07 03:08:47.826214 +0000 build-debian3: TEMPLATE:
2017-03-07 03:08:47.826235 +0000 build-debian3:     
2017-03-07 03:08:47.826257 +0000 build-debian3: TEMPLATE_FLAVOR_DIR:
2017-03-07 03:08:47.826278 +0000 build-debian3:     
2017-03-07 03:08:47.826313 +0000 build-debian3: TEMPLATE_ALIAS:
2017-03-07 03:08:47.826359 +0000 build-debian3:      jessie:jessie+standard, jessie+gnome:jessie+gnome+standard, jessie+minimal:jessie+minimal+no-recommends,
2017-03-07 03:08:47.826851 +0000 build-debian3: TEMPLATE_LABEL:
2017-03-07 03:08:47.831687 +0000 build-debian3:      jessie+standard:debian-8, jessie+standard:jessie, fc20:fedora-20 fc21:fedora-21 fc22:fedora-22
2017-03-07 03:08:47.831771 +0000 build-debian3:      fc23:fedora-23 fc24:fedora-24 fc20+minimal:fedora-20-minimal fc21+minimal:fedora-21-minimal
2017-03-07 03:08:47.831821 +0000 build-debian3:      fc23+minimal:fedora-23-minimal wheezy:debian-7 wheezy+standard:debian-7 jessie:debian-8
2017-03-07 03:08:47.833375 +0000 build-debian3: > running make
2017-03-07 03:08:47.861358 +0000 build-debian3: Makefile:808: target 'build-info' does not exist
2017-03-07 03:08:47.861497 +0000 build-debian3: echo "================================================================================"
2017-03-07 03:08:47.861547 +0000 build-debian3: echo "                           B U I L D   I N F O                                  "
2017-03-07 03:08:47.861585 +0000 build-debian3: echo -e "Items in .[31mred.(B.[m indicate it was automatically generated by configuration file(s)"
2017-03-07 03:08:47.861619 +0000 build-debian3: echo -e "Items in .[37mwhite.(B.[m indicate it was automatically removed by configuration file(s)"
2017-03-07 03:08:47.861650 +0000 build-debian3: echo "================================================================================"
2017-03-07 03:08:47.861675 +0000 build-debian3: # (1): Item Color, (2): Label, (3): Item, (4): Original item used to compare if changed
2017-03-07 03:08:47.861704 +0000 build-debian3: echo -e ".[1m.[34mDISTS_VM:.(B.[m"; echo -e " .(B.[m.(B.[mstretch.(B.[m," | fmt -w110  | sed -e 's/^/    /'
2017-03-07 03:08:47.861745 +0000 build-debian3: echo -e ".[1m.[34mDISTS_ALL:.(B.[m"; echo -e " .(B.[m.[31mstretch.(B.[m," | fmt -w110  | sed -e 's/^/    /'
2017-03-07 03:08:47.861776 +0000 build-debian3: echo -e ".[1m.[34mDIST_DOM0:.(B.[m"; echo -e " .(B.[m" | fmt -w110  | sed -e 's/^/    /'
2017-03-07 03:08:47.861818 +0000 build-debian3: echo -e ".[1m.[34mBUILDER_PLUGINS:.(B.[m"; echo -e " .(B.[m.(B.[mbuilder-debian.(B.[m, .(B.[mmgmt-salt.(B.[m, .(B.[mbuilder-github.(B.[m," | fmt -w110  | sed -e 's/^/    /'
2017-03-07 03:08:47.861853 +0000 build-debian3: echo -e ".[1m.[34mCOMPONENTS:.(B.[m"; echo -e " .(B.[m.(B.[mapp-linux-pdf-converter.(B.[m," | fmt -w110  | sed -e 's/^/    /'
2017-03-07 03:08:47.861890 +0000 build-debian3: echo -e ".[1m.[34mGIT_REPOS:.(B.[m"; echo -e " .(B.[m.(B.[mqubes-src/app-linux-pdf-converter.(B.[m," | fmt -w110  | sed -e 's/^/    /'
2017-03-07 03:08:47.861921 +0000 build-debian3: echo -e ".[1m.[34mTEMPLATE:.(B.[m"; echo -e " .(B.[m" | fmt -w110  | sed -e 's/^/    /'
2017-03-07 03:08:47.861952 +0000 build-debian3: echo -e ".[1m.[34mTEMPLATE_FLAVOR_DIR:.(B.[m"; echo -e " .(B.[m" | fmt -w110  | sed -e 's/^/    /'
2017-03-07 03:08:47.861996 +0000 build-debian3: echo -e ".[1m.[34mTEMPLATE_ALIAS:.(B.[m"; echo -e " .(B.[m.(B.[mjessie:jessie+standard.(B.[m, .(B.[mjessie+gnome:jessie+gnome+standard.(B.[m, .(B.[mjessie+minimal:jessie+minimal+no-recommends.(B.[m," | fmt -w110  | sed -e 's/^/    /'
2017-03-07 03:08:47.862067 +0000 build-debian3: echo -e ".[1m.[34mTEMPLATE_LABEL:.(B.[m"; echo -e " .(B.[m.[37mfc20:fedora-20.(B.[m .[37mfc21:fedora-21.(B.[m .[37mfc22:fedora-22.(B.[m .[37mfc23:fedora-23.(B.[m .[37mfc24:fedora-24.(B.[m .[37mfc20+minimal:fedora-20-minimal.(B.[m .[37mfc21+minimal:fedora-21-minimal.(B.[m .[37mfc23+minimal:fedora-23-minimal.(B.[m .[37mwheezy:debian-7.(B.[m .[37mwheezy+standard:debian-7.(B.[m .[37mjessie:debian-8.(B.[m .[37mjessie+standard:debian-8.(B.[m" | fmt -w110  | sed -e 's/^/    /'
2017-03-07 03:08:47.864775 +0000 build-debian3: ================================================================================
2017-03-07 03:08:47.864843 +0000 build-debian3:                            B U I L D   I N F O                                  
2017-03-07 03:08:47.864973 +0000 build-debian3: Items in .[31mred.(B.[m indicate it was automatically generated by configuration file(s)
2017-03-07 03:08:47.865019 +0000 build-debian3: Items in .[37mwhite.(B.[m indicate it was automatically removed by configuration file(s)
2017-03-07 03:08:47.865050 +0000 build-debian3: ================================================================================
2017-03-07 03:08:47.865150 +0000 build-debian3: .[1m.[34mDISTS_VM:.(B.[m
2017-03-07 03:08:47.870990 +0000 build-debian3:      .(B.[m.(B.[mstretch.(B.[m,
2017-03-07 03:08:47.871937 +0000 build-debian3: .[1m.[34mDISTS_ALL:.(B.[m
2017-03-07 03:08:47.877051 +0000 build-debian3:      .(B.[m.[31mstretch.(B.[m,
2017-03-07 03:08:47.878430 +0000 build-debian3: .[1m.[34mDIST_DOM0:.(B.[m
2017-03-07 03:08:47.883121 +0000 build-debian3:      .(B.[m
2017-03-07 03:08:47.884548 +0000 build-debian3: .[1m.[34mBUILDER_PLUGINS:.(B.[m
2017-03-07 03:08:47.889295 +0000 build-debian3:      .(B.[m.(B.[mbuilder-debian.(B.[m, .(B.[mmgmt-salt.(B.[m, .(B.[mbuilder-github.(B.[m,
2017-03-07 03:08:47.890493 +0000 build-debian3: .[1m.[34mCOMPONENTS:.(B.[m
2017-03-07 03:08:47.893681 +0000 build-debian3:      .(B.[m.(B.[mapp-linux-pdf-converter.(B.[m,
2017-03-07 03:08:47.894093 +0000 build-debian3: .[1m.[34mGIT_REPOS:.(B.[m
2017-03-07 03:08:47.897974 +0000 build-debian3:      .(B.[m.(B.[mqubes-src/app-linux-pdf-converter.(B.[m,
2017-03-07 03:08:47.898995 +0000 build-debian3: .[1m.[34mTEMPLATE:.(B.[m
2017-03-07 03:08:47.901358 +0000 build-debian3:      .(B.[m
2017-03-07 03:08:47.901902 +0000 build-debian3: .[1m.[34mTEMPLATE_FLAVOR_DIR:.(B.[m
2017-03-07 03:08:47.905559 +0000 build-debian3:      .(B.[m
2017-03-07 03:08:47.906597 +0000 build-debian3: .[1m.[34mTEMPLATE_ALIAS:.(B.[m
2017-03-07 03:08:47.909875 +0000 build-debian3:      .(B.[m.(B.[mjessie:jessie+standard.(B.[m, .(B.[mjessie+gnome:jessie+gnome+standard.(B.[m,
2017-03-07 03:08:47.909945 +0000 build-debian3:      .(B.[mjessie+minimal:jessie+minimal+no-recommends.(B.[m,
2017-03-07 03:08:47.910907 +0000 build-debian3: .[1m.[34mTEMPLATE_LABEL:.(B.[m
2017-03-07 03:08:47.914266 +0000 build-debian3:      .(B.[m.[37mfc20:fedora-20.(B.[m .[37mfc21:fedora-21.(B.[m .[37mfc22:fedora-22.(B.[m
2017-03-07 03:08:47.914342 +0000 build-debian3:      .[37mfc23:fedora-23.(B.[m .[37mfc24:fedora-24.(B.[m .[37mfc20+minimal:fedora-20-minimal.(B.[m
2017-03-07 03:08:47.914384 +0000 build-debian3:      .[37mfc21+minimal:fedora-21-minimal.(B.[m .[37mfc23+minimal:fedora-23-minimal.(B.[m
2017-03-07 03:08:47.914419 +0000 build-debian3:      .[37mwheezy:debian-7.(B.[m .[37mwheezy+standard:debian-7.(B.[m .[37mjessie:debian-8.(B.[m
2017-03-07 03:08:47.914447 +0000 build-debian3:      .[37mjessie+standard:debian-8.(B.[m
2017-03-07 03:08:47.916683 +0000 build-debian3: Makefile:199: target 'check-depend.rpm' does not exist
2017-03-07 03:08:47.916762 +0000 build-debian3: echo "Currently installed dependencies:" && rpm -q git rpmdevtools rpm-build createrepo python-sh wget rpm-sign dpkg-dev debootstrap PyYAML || \
2017-03-07 03:08:47.916808 +0000 build-debian3: .{ echo "ERROR: call 'make install-deps' to install missing dependencies"; exit 1; }
2017-03-07 03:08:47.918407 +0000 build-debian3: Currently installed dependencies:
2017-03-07 03:08:47.950940 +0000 build-debian3: git-2.7.4-3.fc24.x86_64
2017-03-07 03:08:47.952270 +0000 build-debian3: rpmdevtools-8.9-1.fc24.noarch
2017-03-07 03:08:47.954358 +0000 build-debian3: rpm-build-4.13.0.1-1.fc24.x86_64
2017-03-07 03:08:47.955310 +0000 build-debian3: createrepo-0.10.3-3.fc21.noarch
2017-03-07 03:08:47.955997 +0000 build-debian3: python-sh-1.11-1.fc24.noarch
2017-03-07 03:08:47.957090 +0000 build-debian3: wget-1.18-1.fc24.x86_64
2017-03-07 03:08:47.958738 +0000 build-debian3: rpm-sign-4.13.0.1-1.fc24.x86_64
2017-03-07 03:08:47.963205 +0000 build-debian3: dpkg-dev-1.17.27-1.fc24.noarch
2017-03-07 03:08:47.965358 +0000 build-debian3: debootstrap-1.0.87-1.fc24.noarch
2017-03-07 03:08:47.966935 +0000 build-debian3: PyYAML-3.11-12.fc24.x86_64
2017-03-07 03:08:47.969414 +0000 build-debian3: Makefile:221: update target 'app-linux-pdf-converter-dom0' due to: check-depend
2017-03-07 03:08:47.969506 +0000 build-debian3: if [ -n "app-linux-pdf-converter" -a "0" -ne 0 ]; then BRANCH=release3.2; branch_var="BRANCH_app_linux_pdf_converter"; [ -n "${!branch_var}" ] && BRANCH="${!branch_var}"; pushd qubes-src/app-linux-pdf-converter > /dev/null; CURRENT_BRANCH=`git symbolic-ref --short HEAD 2>/dev/null || git describe --tags --exact-match HEAD`; if [ "$BRANCH" != "$CURRENT_BRANCH" ]; then echo "-> ERROR: Wrong branch $CURRENT_BRANCH (expected $BRANCH)"; exit 1; fi; popd > /dev/null; fi
2017-03-07 03:08:47.972967 +0000 build-debian3: Makefile:209: update target 'app-linux-pdf-converter-vm' due to: check-depend
2017-03-07 03:08:47.973104 +0000 build-debian3: if [ -n "app-linux-pdf-converter" -a "0" -ne 0 ]; then BRANCH=release3.2; branch_var="BRANCH_app_linux_pdf_converter"; [ -n "${!branch_var}" ] && BRANCH="${!branch_var}"; pushd qubes-src/app-linux-pdf-converter > /dev/null; CURRENT_BRANCH=`git symbolic-ref --short HEAD 2>/dev/null || git describe --tags --exact-match HEAD`; if [ "$BRANCH" != "$CURRENT_BRANCH" ]; then echo "-> ERROR: Wrong branch $CURRENT_BRANCH (expected $BRANCH)"; exit 1; fi; popd > /dev/null; fi
2017-03-07 03:08:47.973152 +0000 build-debian3: if [ -r qubes-src/app-linux-pdf-converter/Makefile.builder ]; then \
2017-03-07 03:08:47.973184 +0000 build-debian3: .for DIST in stretch; do \
2017-03-07 03:08:47.973222 +0000 build-debian3: ..make --no-print-directory DIST=$DIST PACKAGE_SET=vm COMPONENT=app-linux-pdf-converter -f Makefile.generic all || exit 1; \
2017-03-07 03:08:47.973247 +0000 build-debian3: .done; \
2017-03-07 03:08:47.973281 +0000 build-debian3: elif [ -n "`make -n -s -C qubes-src/app-linux-pdf-converter rpms-vm 2> /dev/null`" ]; then \
2017-03-07 03:08:47.973306 +0000 build-debian3:     for DIST in stretch; do \
2017-03-07 03:08:47.973336 +0000 build-debian3:         MAKE_TARGET="rpms-vm" ./scripts/build $DIST app-linux-pdf-converter || exit 1; \
2017-03-07 03:08:47.973358 +0000 build-debian3:     done; \
2017-03-07 03:08:47.973378 +0000 build-debian3: fi
2017-03-07 03:08:47.983587 +0000 build-debian3: Makefile.generic:126: target 'generic-prepare-chroot' does not exist
2017-03-07 03:08:47.983650 +0000 build-debian3: mkdir -p "/home/user/builder-r3.2/cache/stretch"
2017-03-07 03:08:48.060795 +0000 build-debian3: /home/user/builder-r3.2/qubes-src/builder-debian/Makefile.debian:155: update target '/home/user/builder-r3.2/chroot-stretch/home/user/.prepared_base' due to: /home/user/builder-r3.2/qubes-src/builder-debian//prepare-chroot-debian
2017-03-07 03:08:48.060865 +0000 build-debian3: # Make sure repo directory exists
2017-03-07 03:08:48.134581 +0000 build-debian3: if ! [ -d "/home/user/builder-r3.2/qubes-packages-mirror-repo/stretch/dists" ]; then\
2017-03-07 03:08:48.134657 +0000 build-debian3:     mkdir -p "/home/user/builder-r3.2/qubes-packages-mirror-repo/stretch/dists";\
2017-03-07 03:08:48.134692 +0000 build-debian3: fi
2017-03-07 03:08:48.140615 +0000 build-debian3: echo "-> Preparing stretch build environment"
2017-03-07 03:08:48.142974 +0000 build-debian3: -> Preparing stretch build environment
2017-03-07 03:08:48.143917 +0000 build-debian3: sudo -E /home/user/builder-r3.2/qubes-src/builder-debian//prepare-chroot-debian /home/user/builder-r3.2/chroot-stretch stretch
2017-03-07 03:08:48.162953 +0000 build-debian3: + DIR=/home/user/builder-r3.2/chroot-stretch
2017-03-07 03:08:48.163005 +0000 build-debian3: + DISTRO=stretch
2017-03-07 03:08:48.163091 +0000 build-debian3: + set -e
2017-03-07 03:08:48.163123 +0000 build-debian3: + required_tools_list='debootstrap mount'
2017-03-07 03:08:48.163200 +0000 build-debian3: + for required_tool in '$required_tools_list'
2017-03-07 03:08:48.163273 +0000 build-debian3: + command -v debootstrap
2017-03-07 03:08:48.163376 +0000 build-debian3: + for required_tool in '$required_tools_list'
2017-03-07 03:08:48.163447 +0000 build-debian3: + command -v mount
2017-03-07 03:08:48.163613 +0000 build-debian3: + BUILDPACKAGES='reprepro build-essential devscripts git git-buildpackage debhelper quilt python libtool automake'
2017-03-07 03:08:48.163700 +0000 build-debian3: + '[' 0 -gt 0 ']'
2017-03-07 03:08:48.163773 +0000 build-debian3: + APT_GET_OPTIONS+=' -o Acquire::Retries=3'
2017-03-07 03:08:48.163884 +0000 build-debian3: + '[' -n '' ']'
2017-03-07 03:08:48.164311 +0000 build-debian3: + '[' -d /home/user/builder-r3.2/chroot-stretch/home/user ']'
2017-03-07 03:08:48.164393 +0000 build-debian3: + mkdir -p /home/user/builder-r3.2/chroot-stretch
2017-03-07 03:08:48.167985 +0000 build-debian3: + echo '-> Installing debian build chroot...'
2017-03-07 03:08:48.168043 +0000 build-debian3: -> Installing debian build chroot...
2017-03-07 03:08:48.168080 +0000 build-debian3: + COMPONENTS=
2017-03-07 03:08:48.168161 +0000 build-debian3: + debootstrap --arch=amd64 --include=ncurses-term,debian-keyring, --keyring=/home/user/builder-r3.2/qubes-src/builder-debian/keys/stretch-debian-archive-keyring.gpg stretch /home/user/builder-r3.2/chroot-stretch http://http.debian.net/debian
2017-03-07 03:08:48.291678 +0000 build-debian3: I: Retrieving InRelease 
2017-03-07 03:08:49.412604 +0000 build-debian3: I: Checking Release signature
2017-03-07 03:08:49.432013 +0000 build-debian3: I: Valid Release signature (key id A1BD8E9D78F7FE5C3E65D8AF8B48AD6246925553)
2017-03-07 03:08:50.217555 +0000 build-debian3: I: Retrieving Packages 
2017-03-07 03:08:55.136471 +0000 build-debian3: I: Validating Packages 
2017-03-07 03:08:55.165090 +0000 build-debian3: W: Retrying failed download of http://http.debian.net/debian/dists/stretch/main/binary-amd64/Packages.xz
2017-03-07 03:08:55.165195 +0000 build-debian3: I: Retrieving Packages 
2017-03-07 03:08:59.848135 +0000 build-debian3: I: Validating Packages 
2017-03-07 03:08:59.881320 +0000 build-debian3: W: Retrying failed download of http://http.debian.net/debian/dists/stretch/main/binary-amd64/Packages.xz
2017-03-07 03:08:59.881386 +0000 build-debian3: I: Retrieving Packages 
2017-03-07 03:09:05.484998 +0000 build-debian3: I: Validating Packages 
2017-03-07 03:09:05.515448 +0000 build-debian3: W: Retrying failed download of http://http.debian.net/debian/dists/stretch/main/binary-amd64/Packages.xz
2017-03-07 03:09:05.515511 +0000 build-debian3: I: Retrieving Packages 
2017-03-07 03:09:10.735038 +0000 build-debian3: I: Validating Packages 
2017-03-07 03:09:10.779151 +0000 build-debian3: W: Retrying failed download of http://http.debian.net/debian/dists/stretch/main/binary-amd64/Packages.xz
2017-03-07 03:09:10.779204 +0000 build-debian3: I: Retrieving Packages 
2017-03-07 03:09:16.017961 +0000 build-debian3: I: Validating Packages 
2017-03-07 03:09:16.055357 +0000 build-debian3: W: Retrying failed download of http://http.debian.net/debian/dists/stretch/main/binary-amd64/Packages.xz
2017-03-07 03:09:16.055436 +0000 build-debian3: I: Retrieving Packages 
2017-03-07 03:09:21.308318 +0000 build-debian3: I: Validating Packages 
2017-03-07 03:09:21.358753 +0000 build-debian3: W: Retrying failed download of http://http.debian.net/debian/dists/stretch/main/binary-amd64/Packages.xz
2017-03-07 03:09:21.358819 +0000 build-debian3: I: Retrieving Packages 
2017-03-07 03:09:26.551951 +0000 build-debian3: I: Validating Packages 
2017-03-07 03:09:26.580074 +0000 build-debian3: W: Retrying failed download of http://http.debian.net/debian/dists/stretch/main/binary-amd64/Packages.xz
2017-03-07 03:09:26.580157 +0000 build-debian3: I: Retrieving Packages 
2017-03-07 03:09:32.001059 +0000 build-debian3: I: Validating Packages 
2017-03-07 03:09:32.036175 +0000 build-debian3: W: Retrying failed download of http://http.debian.net/debian/dists/stretch/main/binary-amd64/Packages.xz
2017-03-07 03:09:32.036249 +0000 build-debian3: I: Retrieving Packages 
2017-03-07 03:09:37.009128 +0000 build-debian3: I: Validating Packages 
2017-03-07 03:09:37.045760 +0000 build-debian3: W: Retrying failed download of http://http.debian.net/debian/dists/stretch/main/binary-amd64/Packages.xz
2017-03-07 03:09:37.046013 +0000 build-debian3: I: Retrieving Packages 
2017-03-07 03:09:42.359783 +0000 build-debian3: I: Validating Packages 
2017-03-07 03:09:42.400136 +0000 build-debian3: W: Retrying failed download of http://http.debian.net/debian/dists/stretch/main/binary-amd64/Packages.xz
2017-03-07 03:09:42.400247 +0000 build-debian3: W: http://http.debian.net/debian/dists/stretch/main/binary-amd64/Packages.xz was corrupt
2017-03-07 03:09:42.403854 +0000 build-debian3: I: Retrieving Packages 
2017-03-07 03:09:48.896198 +0000 build-debian3: I: Validating Packages 
2017-03-07 03:09:48.936012 +0000 build-debian3: W: Retrying failed download of http://http.debian.net/debian/dists/stretch/main/binary-amd64/Packages.gz
2017-03-07 03:09:48.936204 +0000 build-debian3: I: Retrieving Packages 
2017-03-07 03:09:55.404980 +0000 build-debian3: I: Validating Packages 
2017-03-07 03:09:55.442668 +0000 build-debian3: W: Retrying failed download of http://http.debian.net/debian/dists/stretch/main/binary-amd64/Packages.gz
2017-03-07 03:09:55.442741 +0000 build-debian3: I: Retrieving Packages 
2017-03-07 03:10:01.745665 +0000 build-debian3: I: Validating Packages 
2017-03-07 03:10:01.789785 +0000 build-debian3: W: Retrying failed download of http://http.debian.net/debian/dists/stretch/main/binary-amd64/Packages.gz
2017-03-07 03:10:01.789863 +0000 build-debian3: I: Retrieving Packages 
2017-03-07 03:10:08.318199 +0000 build-debian3: I: Validating Packages 
2017-03-07 03:10:08.356052 +0000 build-debian3: W: Retrying failed download of http://http.debian.net/debian/dists/stretch/main/binary-amd64/Packages.gz
2017-03-07 03:10:08.356154 +0000 build-debian3: I: Retrieving Packages 
2017-03-07 03:10:14.304865 +0000 build-debian3: I: Validating Packages 
2017-03-07 03:10:14.346567 +0000 build-debian3: W: Retrying failed download of http://http.debian.net/debian/dists/stretch/main/binary-amd64/Packages.gz
2017-03-07 03:10:14.346639 +0000 build-debian3: I: Retrieving Packages 
2017-03-07 03:10:20.099900 +0000 build-debian3: I: Validating Packages 
2017-03-07 03:10:20.136037 +0000 build-debian3: W: Retrying failed download of http://http.debian.net/debian/dists/stretch/main/binary-amd64/Packages.gz
2017-03-07 03:10:20.136129 +0000 build-debian3: I: Retrieving Packages 
2017-03-07 03:10:25.795756 +0000 build-debian3: I: Validating Packages 
2017-03-07 03:10:25.833398 +0000 build-debian3: W: Retrying failed download of http://http.debian.net/debian/dists/stretch/main/binary-amd64/Packages.gz
2017-03-07 03:10:25.833484 +0000 build-debian3: I: Retrieving Packages 
2017-03-07 03:10:32.092634 +0000 build-debian3: I: Validating Packages 
2017-03-07 03:10:32.134692 +0000 build-debian3: W: Retrying failed download of http://http.debian.net/debian/dists/stretch/main/binary-amd64/Packages.gz
2017-03-07 03:10:32.134773 +0000 build-debian3: I: Retrieving Packages 
2017-03-07 03:10:38.431408 +0000 build-debian3: I: Validating Packages 
2017-03-07 03:10:38.471760 +0000 build-debian3: W: Retrying failed download of http://http.debian.net/debian/dists/stretch/main/binary-amd64/Packages.gz
2017-03-07 03:10:38.471842 +0000 build-debian3: I: Retrieving Packages 
2017-03-07 03:10:44.421461 +0000 build-debian3: I: Validating Packages 
2017-03-07 03:10:44.460400 +0000 build-debian3: W: Retrying failed download of http://http.debian.net/debian/dists/stretch/main/binary-amd64/Packages.gz
2017-03-07 03:10:44.460470 +0000 build-debian3: W: http://http.debian.net/debian/dists/stretch/main/binary-amd64/Packages.gz was corrupt
2017-03-07 03:10:44.465071 +0000 build-debian3: I: Retrieving Packages 
2017-03-07 03:10:45.173570 +0000 build-debian3: E: Couldn't download dists/stretch/main/binary-amd64/Packages
2017-03-07 03:10:45.174609 +0000 build-debian3: + echo 'Error in debootstrap'
2017-03-07 03:10:45.174671 +0000 build-debian3: Error in debootstrap
2017-03-07 03:10:45.174696 +0000 build-debian3: + exit 1
2017-03-07 03:10:45.176903 +0000 build-debian3: /home/user/builder-r3.2/qubes-src/builder-debian/Makefile.debian:155: recipe for target '/home/user/builder-r3.2/chroot-stretch/home/user/.prepared_base' failed
2017-03-07 03:10:45.176957 +0000 build-debian3: make[1]: *** [/home/user/builder-r3.2/chroot-stretch/home/user/.prepared_base] Error 1
2017-03-07 03:10:45.177920 +0000 build-debian3: Makefile:209: recipe for target 'app-linux-pdf-converter-vm' failed
2017-03-07 03:10:45.177958 +0000 build-debian3: make: *** [app-linux-pdf-converter-vm] Error 1
2017-03-07 03:10:45.178641 +0000 > closing log
